<?xml version="1.0" encoding="UTF-8"?>
<TestRun id="a65e37dd-194b-46ac-9b26-a88a25e84a8d" name="André@ANDRÉ-PC 2011-06-02 23:57:21" runUser="André-PC\André" xmlns="http://microsoft.com/schemas/VisualStudio/TeamTest/2010">
  <TestSettings name="Local" id="34c90c0c-7cf7-4a65-ad1c-99e51f398dd8">
    <Description>These are default test settings for a local test run.</Description>
    <Deployment enabled="false" runDeploymentRoot="André_ANDRÉ-PC 2011-06-02 23_57_21">
      <DeploymentItem filename="C:\Users\André\Documents\SePraktikum\SEPraktikum\Base\bin\Debug\Base.dll" />
      <DeploymentItem filename="C:\Users\André\Documents\SePraktikum\SEPraktikum\Cinema\bin\Debug\Cinema.dll" />
      <DeploymentItem filename="C:\Users\André\Documents\SePraktikum\SEPraktikum\TicketOperations\bin\Debug\Kinokarten.dll" />
      <DeploymentItem filename="C:\Users\André\Documents\SePraktikum\SEPraktikum\Users\bin\Debug\Users.dll" />
      <DeploymentItem filename="C:\Users\André\Documents\SePraktikum\SEPraktikum\Database\bin\Debug\Database.dll" />
      <DeploymentItem filename="C:\Users\André\Documents\SePraktikum\SEPraktikum\SystemAdministration\bin\Debug\SystemAdministration.dll" />
      <DeploymentItem filename="C:\Users\André\Documents\SePraktikum\SEPraktikum\Anwendungskern\bin\Debug\Fassade.dll" />
    </Deployment>
    <Execution>
      <TestTypeSpecific />
      <AgentRule name="Execution Agents">
      </AgentRule>
    </Execution>
  </TestSettings>
  <Times creation="2011-06-02T23:57:21.6685046+02:00" queuing="2011-06-02T23:57:21.7075069+02:00" start="2011-06-02T23:57:21.7195076+02:00" finish="2011-06-02T23:57:23.1975921+02:00" />
  <ResultSummary outcome="Failed">
    <Counters total="8" executed="8" error="0" failed="8" timeout="0" aborted="0" inconclusive="0" passedButRunAborted="0" notRunnable="0" notExecuted="0" disconnected="0" warning="0" passed="0" completed="0" inProgress="0" pending="0" />
  </ResultSummary>
  <TestDefinitions>
    <UnitTest name="ÜberprüfeVerfügbarkeitVonSitzplatzTest" storage="c:\users\andré\documents\sepraktikum\sepraktikum\testanwendungskern\bin\debug\testanwendungskern.dll" id="36719f29-756a-96b5-0369-b384c1ccdcdb">
      <Execution id="da03abd9-0776-4b37-bf70-742cedb2e025" />
      <TestMethod codeBase="C:/Users/André/Documents/SePraktikum/SEPraktikum/TestAnwendungskern/bin/Debug/TestAnwendungskern.DLL" adapterTypeName="Microsoft.VisualStudio.TestTools.TestTypes.Unit.UnitTestAdapter, Microsoft.VisualStudio.QualityTools.Tips.UnitTest.Adapter, Version=10.0.0.0, Culture=neutral, PublicKeyToken=b03f5f7f11d50a3a" className="TestAnwendungskern.IBesucherTest, TestAnwendungskern, Version=1.0.0.0, Culture=neutral, PublicKeyToken=null" name="ÜberprüfeVerfügbarkeitVonSitzplatzTest" />
    </UnitTest>
    <UnitTest name="GetVerfügbareSitzplätzeFürVorstellungTest" storage="c:\users\andré\documents\sepraktikum\sepraktikum\testanwendungskern\bin\debug\testanwendungskern.dll" id="c198eafe-a4ed-d557-9046-342453b9c13e">
      <Execution id="84d9a669-1d13-4500-97c2-b915f4a4d1a1" />
      <TestMethod codeBase="C:/Users/André/Documents/SePraktikum/SEPraktikum/TestAnwendungskern/bin/Debug/TestAnwendungskern.DLL" adapterTypeName="Microsoft.VisualStudio.TestTools.TestTypes.Unit.UnitTestAdapter, Microsoft.VisualStudio.QualityTools.Tips.UnitTest.Adapter, Version=10.0.0.0, Culture=neutral, PublicKeyToken=b03f5f7f11d50a3a" className="TestAnwendungskern.IBesucherTest, TestAnwendungskern, Version=1.0.0.0, Culture=neutral, PublicKeyToken=null" name="GetVerfügbareSitzplätzeFürVorstellungTest" />
    </UnitTest>
    <UnitTest name="BlockiereSitzplatzTest" storage="c:\users\andré\documents\sepraktikum\sepraktikum\testanwendungskern\bin\debug\testanwendungskern.dll" id="4254608d-0f37-676d-9886-204339feb876">
      <Execution id="719b331d-57f1-4eaa-9a96-f88f3e250152" />
      <TestMethod codeBase="C:/Users/André/Documents/SePraktikum/SEPraktikum/TestAnwendungskern/bin/Debug/TestAnwendungskern.DLL" adapterTypeName="Microsoft.VisualStudio.TestTools.TestTypes.Unit.UnitTestAdapter, Microsoft.VisualStudio.QualityTools.Tips.UnitTest.Adapter, Version=10.0.0.0, Culture=neutral, PublicKeyToken=b03f5f7f11d50a3a" className="TestAnwendungskern.IBesucherTest, TestAnwendungskern, Version=1.0.0.0, Culture=neutral, PublicKeyToken=null" name="BlockiereSitzplatzTest" />
    </UnitTest>
    <UnitTest name="SendeEmailMitReservierungsnummerTest" storage="c:\users\andré\documents\sepraktikum\sepraktikum\testanwendungskern\bin\debug\testanwendungskern.dll" id="4a7b68ff-3e8b-604f-c2e8-36fe15739554">
      <Execution id="0ded33e1-eab4-49c7-a58d-cb16f23d68ca" />
      <TestMethod codeBase="C:/Users/André/Documents/SePraktikum/SEPraktikum/TestAnwendungskern/bin/Debug/TestAnwendungskern.DLL" adapterTypeName="Microsoft.VisualStudio.TestTools.TestTypes.Unit.UnitTestAdapter, Microsoft.VisualStudio.QualityTools.Tips.UnitTest.Adapter, Version=10.0.0.0, Culture=neutral, PublicKeyToken=b03f5f7f11d50a3a" className="TestAnwendungskern.IBesucherTest, TestAnwendungskern, Version=1.0.0.0, Culture=neutral, PublicKeyToken=null" name="SendeEmailMitReservierungsnummerTest" />
    </UnitTest>
    <UnitTest name="PrüfeAltersfreigabeTest" storage="c:\users\andré\documents\sepraktikum\sepraktikum\testanwendungskern\bin\debug\testanwendungskern.dll" id="52185796-2002-4825-0b6e-8e610f86417b">
      <Execution id="11b8d98d-2e4b-4d56-9bc7-74cd518993ba" />
      <TestMethod codeBase="C:/Users/André/Documents/SePraktikum/SEPraktikum/TestAnwendungskern/bin/Debug/TestAnwendungskern.DLL" adapterTypeName="Microsoft.VisualStudio.TestTools.TestTypes.Unit.UnitTestAdapter, Microsoft.VisualStudio.QualityTools.Tips.UnitTest.Adapter, Version=10.0.0.0, Culture=neutral, PublicKeyToken=b03f5f7f11d50a3a" className="TestAnwendungskern.IBesucherTest, TestAnwendungskern, Version=1.0.0.0, Culture=neutral, PublicKeyToken=null" name="PrüfeAltersfreigabeTest" />
    </UnitTest>
    <UnitTest name="BlockierungFürSitzplatzAufhebenTest" storage="c:\users\andré\documents\sepraktikum\sepraktikum\testanwendungskern\bin\debug\testanwendungskern.dll" id="7a1b28bd-84d3-0261-67dc-3e8c3cac9985">
      <Execution id="82822ee3-9f53-43a5-822a-afa24d6c1350" />
      <TestMethod codeBase="C:/Users/André/Documents/SePraktikum/SEPraktikum/TestAnwendungskern/bin/Debug/TestAnwendungskern.DLL" adapterTypeName="Microsoft.VisualStudio.TestTools.TestTypes.Unit.UnitTestAdapter, Microsoft.VisualStudio.QualityTools.Tips.UnitTest.Adapter, Version=10.0.0.0, Culture=neutral, PublicKeyToken=b03f5f7f11d50a3a" className="TestAnwendungskern.IBesucherTest, TestAnwendungskern, Version=1.0.0.0, Culture=neutral, PublicKeyToken=null" name="BlockierungFürSitzplatzAufhebenTest" />
    </UnitTest>
    <UnitTest name="GetPreisFürKinokarteTest" storage="c:\users\andré\documents\sepraktikum\sepraktikum\testanwendungskern\bin\debug\testanwendungskern.dll" id="07667d6f-9584-b31f-7054-5d8d3aa89b45">
      <Execution id="c5deb0be-702a-4a7a-aff4-26447e557a4d" />
      <TestMethod codeBase="C:/Users/André/Documents/SePraktikum/SEPraktikum/TestAnwendungskern/bin/Debug/TestAnwendungskern.DLL" adapterTypeName="Microsoft.VisualStudio.TestTools.TestTypes.Unit.UnitTestAdapter, Microsoft.VisualStudio.QualityTools.Tips.UnitTest.Adapter, Version=10.0.0.0, Culture=neutral, PublicKeyToken=b03f5f7f11d50a3a" className="TestAnwendungskern.IBesucherTest, TestAnwendungskern, Version=1.0.0.0, Culture=neutral, PublicKeyToken=null" name="GetPreisFürKinokarteTest" />
    </UnitTest>
    <UnitTest name="KinokarteReservierenTest" storage="c:\users\andré\documents\sepraktikum\sepraktikum\testanwendungskern\bin\debug\testanwendungskern.dll" id="518cfcbf-c066-45d2-d0c8-3e54839daf71">
      <Execution id="bded9fd4-e528-4214-8d86-796efcaba340" />
      <TestMethod codeBase="C:/Users/André/Documents/SePraktikum/SEPraktikum/TestAnwendungskern/bin/Debug/TestAnwendungskern.DLL" adapterTypeName="Microsoft.VisualStudio.TestTools.TestTypes.Unit.UnitTestAdapter, Microsoft.VisualStudio.QualityTools.Tips.UnitTest.Adapter, Version=10.0.0.0, Culture=neutral, PublicKeyToken=b03f5f7f11d50a3a" className="TestAnwendungskern.IBesucherTest, TestAnwendungskern, Version=1.0.0.0, Culture=neutral, PublicKeyToken=null" name="KinokarteReservierenTest" />
    </UnitTest>
  </TestDefinitions>
  <TestLists>
    <TestList name="Nicht in einer Liste enthaltene Ergebnisse" id="8c84fa94-04c1-424b-9868-57a2d4851a1d" />
    <TestList name="Alle geladenen Ergebnisse" id="19431567-8539-422a-85d7-44ee4e166bda" />
  </TestLists>
  <TestEntries>
    <TestEntry testId="07667d6f-9584-b31f-7054-5d8d3aa89b45" executionId="c5deb0be-702a-4a7a-aff4-26447e557a4d" testListId="8c84fa94-04c1-424b-9868-57a2d4851a1d" />
    <TestEntry testId="36719f29-756a-96b5-0369-b384c1ccdcdb" executionId="da03abd9-0776-4b37-bf70-742cedb2e025" testListId="8c84fa94-04c1-424b-9868-57a2d4851a1d" />
    <TestEntry testId="4254608d-0f37-676d-9886-204339feb876" executionId="719b331d-57f1-4eaa-9a96-f88f3e250152" testListId="8c84fa94-04c1-424b-9868-57a2d4851a1d" />
    <TestEntry testId="4a7b68ff-3e8b-604f-c2e8-36fe15739554" executionId="0ded33e1-eab4-49c7-a58d-cb16f23d68ca" testListId="8c84fa94-04c1-424b-9868-57a2d4851a1d" />
    <TestEntry testId="518cfcbf-c066-45d2-d0c8-3e54839daf71" executionId="bded9fd4-e528-4214-8d86-796efcaba340" testListId="8c84fa94-04c1-424b-9868-57a2d4851a1d" />
    <TestEntry testId="52185796-2002-4825-0b6e-8e610f86417b" executionId="11b8d98d-2e4b-4d56-9bc7-74cd518993ba" testListId="8c84fa94-04c1-424b-9868-57a2d4851a1d" />
    <TestEntry testId="7a1b28bd-84d3-0261-67dc-3e8c3cac9985" executionId="82822ee3-9f53-43a5-822a-afa24d6c1350" testListId="8c84fa94-04c1-424b-9868-57a2d4851a1d" />
    <TestEntry testId="c198eafe-a4ed-d557-9046-342453b9c13e" executionId="84d9a669-1d13-4500-97c2-b915f4a4d1a1" testListId="8c84fa94-04c1-424b-9868-57a2d4851a1d" />
  </TestEntries>
  <Results>
    <UnitTestResult executionId="c5deb0be-702a-4a7a-aff4-26447e557a4d" testId="07667d6f-9584-b31f-7054-5d8d3aa89b45" testName="GetPreisFürKinokarteTest" computerName="ANDRÉ-PC" duration="00:00:00.0932453" startTime="2011-06-02T23:57:21.9845227+02:00" endTime="2011-06-02T23:57:22.4225478+02:00" testType="13cdc9d9-ddb5-4fa4-a97d-d965ccfc6d4b" outcome="Failed" testListId="8c84fa94-04c1-424b-9868-57a2d4851a1d" relativeResultsDirectory="c5deb0be-702a-4a7a-aff4-26447e557a4d">
      <Output>
        <StdOut>Observer notified!
Observer notified!
Observer notified!
Observer notified!
Observer notified!
Observer notified!
Observer notified!
Observer notified!
Observer notified!
Observer notified!
Observer notified!
Observer notified!
Observer notified!
Observer notified!
Observer notified!
Observer notified!
Observer notified!
Observer notified!
Observer notified!
Observer notified!
Observer notified!
Observer notified!
Observer notified!
Observer notified!
Observer notified!
Observer notified!
Observer notified!
Observer notified!
Observer notified!
Observer notified!
Observer notified!
Observer notified!
Observer notified!
Observer notified!
Observer notified!
Observer notified!
Observer notified!
Observer notified!
Observer notified!
Observer notified!
Observer notified!
Observer notified!
Observer notified!
Observer notified!
Observer notified!
Observer notified!
Observer notified!
Observer notified!
Observer notified!
Observer notified!
Observer notified!
Observer notified!
Observer notified!
Observer notified!
Observer notified!
Observer notified!
Observer notified!
Observer notified!
Observer notified!
Observer notified!
Observer notified!
Observer notified!
Observer notified!
Observer notified!
Observer notified!
Observer notified!
Observer notified!
Observer notified!
Observer notified!
Observer notified!
Observer notified!
Observer notified!
Observer notified!
Observer notified!
Observer notified!
Observer notified!
Observer notified!
Observer notified!
Observer notified!
Observer notified!
Observer notified!
Observer notified!
Observer notified!
Observer notified!
Observer notified!
Observer notified!
Observer notified!
Observer notified!
Observer notified!
Observer notified!
Observer notified!
Observer notified!
Observer notified!
Observer notified!
Observer notified!
Observer notified!
Observer notified!
Observer notified!
Observer notified!
Observer notified!
Observer notified!
Observer notified!
Observer notified!
Observer notified!
Observer notified!
Observer notified!
Observer notified!
Observer notified!
Observer notified!
Observer notified!
Observer notified!
Observer notified!
Observer notified!
Observer notified!
Observer notified!
Observer notified!
Observer notified!
Observer notified!
Observer notified!
Observer notified!
Observer notified!
Observer notified!
Observer notified!
Observer notified!
Observer notified!
Observer notified!
Observer notified!
Observer notified!</StdOut>
        <ErrorInfo>
          <Message>Die TestAnwendungskern.IBesucherTest.CreateTestData-Methode für die Initialisierung hat eine Ausnahme ausgelöst. System.NullReferenceException: System.NullReferenceException: Der Objektverweis wurde nicht auf eine Objektinstanz festgelegt..</Message>
          <StackTrace>    bei TestAnwendungskern.IBesucherTest.CreateTestData() in C:\Users\André\Documents\SePraktikum\SEPraktikum\TestAnwendungskern\IBesucherTest.cs:Zeile 105.
</StackTrace>
        </ErrorInfo>
      </Output>
    </UnitTestResult>
    <UnitTestResult executionId="da03abd9-0776-4b37-bf70-742cedb2e025" testId="36719f29-756a-96b5-0369-b384c1ccdcdb" testName="ÜberprüfeVerfügbarkeitVonSitzplatzTest" computerName="ANDRÉ-PC" duration="00:00:00.0039556" startTime="2011-06-02T23:57:22.4395487+02:00" endTime="2011-06-02T23:57:22.4705505+02:00" testType="13cdc9d9-ddb5-4fa4-a97d-d965ccfc6d4b" outcome="Failed" testListId="8c84fa94-04c1-424b-9868-57a2d4851a1d" relativeResultsDirectory="da03abd9-0776-4b37-bf70-742cedb2e025">
      <Output>
        <StdOut>Observer notified!
Observer notified!
Observer notified!
Observer notified!
Observer notified!
Observer notified!
Observer notified!
Observer notified!
Observer notified!
Observer notified!
Observer notified!
Observer notified!
Observer notified!
Observer notified!
Observer notified!
Observer notified!
Observer notified!
Observer notified!
Observer notified!
Observer notified!
Observer notified!
Observer notified!
Observer notified!
Observer notified!
Observer notified!
Observer notified!
Observer notified!
Observer notified!
Observer notified!
Observer notified!
Observer notified!
Observer notified!
Observer notified!
Observer notified!
Observer notified!
Observer notified!
Observer notified!
Observer notified!
Observer notified!
Observer notified!
Observer notified!
Observer notified!
Observer notified!
Observer notified!
Observer notified!
Observer notified!
Observer notified!
Observer notified!
Observer notified!
Observer notified!
Observer notified!
Observer notified!
Observer notified!
Observer notified!
Observer notified!
Observer notified!
Observer notified!
Observer notified!
Observer notified!
Observer notified!
Observer notified!
Observer notified!
Observer notified!
Observer notified!
Observer notified!
Observer notified!
Observer notified!
Observer notified!
Observer notified!
Observer notified!
Observer notified!
Observer notified!
Observer notified!
Observer notified!
Observer notified!
Observer notified!
Observer notified!
Observer notified!
Observer notified!
Observer notified!
Observer notified!
Observer notified!
Observer notified!
Observer notified!
Observer notified!
Observer notified!
Observer notified!
Observer notified!
Observer notified!
Observer notified!
Observer notified!
Observer notified!
Observer notified!
Observer notified!
Observer notified!
Observer notified!
Observer notified!
Observer notified!
Observer notified!
Observer notified!
Observer notified!
Observer notified!
Observer notified!
Observer notified!
Observer notified!
Observer notified!
Observer notified!
Observer notified!
Observer notified!
Observer notified!
Observer notified!
Observer notified!
Observer notified!
Observer notified!
Observer notified!
Observer notified!
Observer notified!
Observer notified!
Observer notified!
Observer notified!
Observer notified!
Observer notified!
Observer notified!
Observer notified!
Observer notified!
Observer notified!
Observer notified!
Observer notified!
Observer notified!
Observer notified!
Observer notified!
Observer notified!
Observer notified!
Observer notified!
Observer notified!
Observer notified!
Observer notified!
Observer notified!
Observer notified!
Observer notified!
Observer notified!
Observer notified!
Observer notified!
Observer notified!
Observer notified!
Observer notified!
Observer notified!
Observer notified!
Observer notified!
Observer notified!
Observer notified!
Observer notified!
Observer notified!
Observer notified!
Observer notified!
Observer notified!
Observer notified!
Observer notified!
Observer notified!
Observer notified!
Observer notified!
Observer notified!
Observer notified!
Observer notified!
Observer notified!
Observer notified!
Observer notified!
Observer notified!
Observer notified!
Observer notified!
Observer notified!
Observer notified!
Observer notified!
Observer notified!
Observer notified!
Observer notified!
Observer notified!
Observer notified!
Observer notified!
Observer notified!
Observer notified!
Observer notified!
Observer notified!
Observer notified!
Observer notified!
Observer notified!
Observer notified!
Observer notified!
Observer notified!
Observer notified!
Observer notified!
Observer notified!
Observer notified!
Observer notified!
Observer notified!
Observer notified!
Observer notified!
Observer notified!
Observer notified!
Observer notified!
Observer notified!
Observer notified!
Observer notified!
Observer notified!
Observer notified!
Observer notified!
Observer notified!
Observer notified!
Observer notified!
Observer notified!
Observer notified!
Observer notified!
Observer notified!
Observer notified!
Observer notified!
Observer notified!
Observer notified!
Observer notified!
Observer notified!
Observer notified!
Observer notified!
Observer notified!
Observer notified!
Observer notified!
Observer notified!
Observer notified!
Observer notified!
Observer notified!
Observer notified!
Observer notified!
Observer notified!
Observer notified!
Observer notified!
Observer notified!
Observer notified!
Observer notified!
Observer notified!
Observer notified!
Observer notified!
Observer notified!
Observer notified!
Observer notified!
Observer notified!
Observer notified!
Observer notified!
Observer notified!
Observer notified!
Observer notified!
Observer notified!
Observer notified!
Observer notified!
Observer notified!
Observer notified!
Observer notified!
Observer notified!
Observer notified!
Observer notified!
Observer notified!
Observer notified!
Observer notified!
Observer notified!
Observer notified!
Observer notified!
Observer notified!
Observer notified!
Observer notified!
Observer notified!
Observer notified!
Observer notified!
Observer notified!
Observer notified!
Observer notified!
Observer notified!
Observer notified!
Observer notified!
Observer notified!
Observer notified!
Observer notified!
Observer notified!
Observer notified!
Observer notified!
Observer notified!
Observer notified!
Observer notified!
Observer notified!
Observer notified!
Observer notified!
Observer notified!
Observer notified!
Observer notified!
Observer notified!
Observer notified!
Observer notified!
Observer notified!
Observer notified!
Observer notified!</StdOut>
        <ErrorInfo>
          <Message>Die TestAnwendungskern.IBesucherTest.CreateTestData-Methode für die Initialisierung hat eine Ausnahme ausgelöst. System.NullReferenceException: System.NullReferenceException: Der Objektverweis wurde nicht auf eine Objektinstanz festgelegt..</Message>
          <StackTrace>    bei TestAnwendungskern.IBesucherTest.CreateTestData() in C:\Users\André\Documents\SePraktikum\SEPraktikum\TestAnwendungskern\IBesucherTest.cs:Zeile 105.
</StackTrace>
        </ErrorInfo>
      </Output>
    </UnitTestResult>
    <UnitTestResult executionId="719b331d-57f1-4eaa-9a96-f88f3e250152" testId="4254608d-0f37-676d-9886-204339feb876" testName="BlockiereSitzplatzTest" computerName="ANDRÉ-PC" duration="00:00:00.0068864" startTime="2011-06-02T23:57:22.4795510+02:00" endTime="2011-06-02T23:57:22.4965520+02:00" testType="13cdc9d9-ddb5-4fa4-a97d-d965ccfc6d4b" outcome="Failed" testListId="8c84fa94-04c1-424b-9868-57a2d4851a1d" relativeResultsDirectory="719b331d-57f1-4eaa-9a96-f88f3e250152">
      <Output>
        <StdOut>Observer notified!
Observer notified!
Observer notified!
Observer notified!
Observer notified!
Observer notified!
Observer notified!
Observer notified!
Observer notified!
Observer notified!
Observer notified!
Observer notified!
Observer notified!
Observer notified!
Observer notified!
Observer notified!
Observer notified!
Observer notified!
Observer notified!
Observer notified!
Observer notified!
Observer notified!
Observer notified!
Observer notified!
Observer notified!
Observer notified!
Observer notified!
Observer notified!
Observer notified!
Observer notified!
Observer notified!
Observer notified!
Observer notified!
Observer notified!
Observer notified!
Observer notified!
Observer notified!
Observer notified!
Observer notified!
Observer notified!
Observer notified!
Observer notified!
Observer notified!
Observer notified!
Observer notified!
Observer notified!
Observer notified!
Observer notified!
Observer notified!
Observer notified!
Observer notified!
Observer notified!
Observer notified!
Observer notified!
Observer notified!
Observer notified!
Observer notified!
Observer notified!
Observer notified!
Observer notified!
Observer notified!
Observer notified!
Observer notified!
Observer notified!
Observer notified!
Observer notified!
Observer notified!
Observer notified!
Observer notified!
Observer notified!
Observer notified!
Observer notified!
Observer notified!
Observer notified!
Observer notified!
Observer notified!
Observer notified!
Observer notified!
Observer notified!
Observer notified!
Observer notified!
Observer notified!
Observer notified!
Observer notified!
Observer notified!
Observer notified!
Observer notified!
Observer notified!
Observer notified!
Observer notified!
Observer notified!
Observer notified!
Observer notified!
Observer notified!
Observer notified!
Observer notified!
Observer notified!
Observer notified!
Observer notified!
Observer notified!
Observer notified!
Observer notified!
Observer notified!
Observer notified!
Observer notified!
Observer notified!
Observer notified!
Observer notified!
Observer notified!
Observer notified!
Observer notified!
Observer notified!
Observer notified!
Observer notified!
Observer notified!
Observer notified!
Observer notified!
Observer notified!
Observer notified!
Observer notified!
Observer notified!
Observer notified!
Observer notified!
Observer notified!
Observer notified!
Observer notified!
Observer notified!
Observer notified!
Observer notified!
Observer notified!
Observer notified!
Observer notified!
Observer notified!
Observer notified!
Observer notified!
Observer notified!
Observer notified!
Observer notified!
Observer notified!
Observer notified!
Observer notified!
Observer notified!
Observer notified!
Observer notified!
Observer notified!
Observer notified!
Observer notified!
Observer notified!
Observer notified!
Observer notified!
Observer notified!
Observer notified!
Observer notified!
Observer notified!
Observer notified!
Observer notified!
Observer notified!
Observer notified!
Observer notified!
Observer notified!
Observer notified!
Observer notified!
Observer notified!
Observer notified!
Observer notified!
Observer notified!
Observer notified!
Observer notified!
Observer notified!
Observer notified!
Observer notified!
Observer notified!
Observer notified!
Observer notified!
Observer notified!
Observer notified!
Observer notified!
Observer notified!
Observer notified!
Observer notified!
Observer notified!
Observer notified!
Observer notified!
Observer notified!
Observer notified!
Observer notified!
Observer notified!
Observer notified!
Observer notified!
Observer notified!
Observer notified!
Observer notified!
Observer notified!
Observer notified!
Observer notified!
Observer notified!
Observer notified!
Observer notified!
Observer notified!
Observer notified!
Observer notified!
Observer notified!
Observer notified!
Observer notified!
Observer notified!
Observer notified!
Observer notified!
Observer notified!
Observer notified!
Observer notified!
Observer notified!
Observer notified!
Observer notified!
Observer notified!
Observer notified!
Observer notified!
Observer notified!
Observer notified!
Observer notified!
Observer notified!
Observer notified!
Observer notified!
Observer notified!
Observer notified!
Observer notified!
Observer notified!
Observer notified!
Observer notified!
Observer notified!
Observer notified!
Observer notified!
Observer notified!
Observer notified!
Observer notified!
Observer notified!
Observer notified!
Observer notified!
Observer notified!
Observer notified!
Observer notified!
Observer notified!
Observer notified!
Observer notified!
Observer notified!
Observer notified!
Observer notified!
Observer notified!
Observer notified!
Observer notified!
Observer notified!
Observer notified!
Observer notified!
Observer notified!
Observer notified!
Observer notified!
Observer notified!
Observer notified!
Observer notified!
Observer notified!
Observer notified!
Observer notified!
Observer notified!
Observer notified!
Observer notified!
Observer notified!
Observer notified!
Observer notified!
Observer notified!
Observer notified!
Observer notified!
Observer notified!
Observer notified!
Observer notified!
Observer notified!
Observer notified!
Observer notified!
Observer notified!
Observer notified!
Observer notified!
Observer notified!
Observer notified!
Observer notified!
Observer notified!
Observer notified!
Observer notified!
Observer notified!
Observer notified!
Observer notified!
Observer notified!
Observer notified!
Observer notified!
Observer notified!
Observer notified!
Observer notified!
Observer notified!
Observer notified!
Observer notified!
Observer notified!
Observer notified!
Observer notified!
Observer notified!
Observer notified!
Observer notified!
Observer notified!
Observer notified!
Observer notified!
Observer notified!
Observer notified!
Observer notified!
Observer notified!
Observer notified!
Observer notified!
Observer notified!
Observer notified!
Observer notified!
Observer notified!
Observer notified!
Observer notified!
Observer notified!
Observer notified!
Observer notified!
Observer notified!
Observer notified!
Observer notified!
Observer notified!
Observer notified!
Observer notified!
Observer notified!
Observer notified!
Observer notified!
Observer notified!
Observer notified!
Observer notified!
Observer notified!
Observer notified!
Observer notified!
Observer notified!
Observer notified!
Observer notified!
Observer notified!
Observer notified!
Observer notified!
Observer notified!
Observer notified!
Observer notified!
Observer notified!
Observer notified!
Observer notified!
Observer notified!
Observer notified!
Observer notified!
Observer notified!
Observer notified!
Observer notified!
Observer notified!
Observer notified!
Observer notified!
Observer notified!
Observer notified!
Observer notified!
Observer notified!
Observer notified!
Observer notified!
Observer notified!
Observer notified!
Observer notified!
Observer notified!
Observer notified!
Observer notified!
Observer notified!
Observer notified!
Observer notified!
Observer notified!
Observer notified!
Observer notified!
Observer notified!
Observer notified!
Observer notified!
Observer notified!
Observer notified!
Observer notified!
Observer notified!
Observer notified!
Observer notified!
Observer notified!
Observer notified!
Observer notified!
Observer notified!
Observer notified!
Observer notified!
Observer notified!
Observer notified!
Observer notified!
Observer notified!
Observer notified!
Observer notified!
Observer notified!
Observer notified!
Observer notified!
Observer notified!
Observer notified!
Observer notified!
Observer notified!
Observer notified!
Observer notified!
Observer notified!
Observer notified!
Observer notified!
Observer notified!
Observer notified!
Observer notified!
Observer notified!
Observer notified!
Observer notified!
Observer notified!
Observer notified!
Observer notified!
Observer notified!
Observer notified!
Observer notified!
Observer notified!
Observer notified!
Observer notified!
Observer notified!
Observer notified!
Observer notified!
Observer notified!
Observer notified!
Observer notified!
Observer notified!
Observer notified!
Observer notified!
Observer notified!
Observer notified!
Observer notified!
Observer notified!
Observer notified!
Observer notified!
Observer notified!
Observer notified!
Observer notified!
Observer notified!
Observer notified!
Observer notified!
Observer notified!
Observer notified!
Observer notified!
Observer notified!
Observer notified!
Observer notified!
Observer notified!
Observer notified!
Observer notified!
Observer notified!
Observer notified!
Observer notified!
Observer notified!
Observer notified!
Observer notified!
Observer notified!
Observer notified!
Observer notified!
Observer notified!
Observer notified!</StdOut>
        <ErrorInfo>
          <Message>Die TestAnwendungskern.IBesucherTest.CreateTestData-Methode für die Initialisierung hat eine Ausnahme ausgelöst. System.NullReferenceException: System.NullReferenceException: Der Objektverweis wurde nicht auf eine Objektinstanz festgelegt..</Message>
          <StackTrace>    bei TestAnwendungskern.IBesucherTest.CreateTestData() in C:\Users\André\Documents\SePraktikum\SEPraktikum\TestAnwendungskern\IBesucherTest.cs:Zeile 105.
</StackTrace>
        </ErrorInfo>
      </Output>
    </UnitTestResult>
    <UnitTestResult executionId="0ded33e1-eab4-49c7-a58d-cb16f23d68ca" testId="4a7b68ff-3e8b-604f-c2e8-36fe15739554" testName="SendeEmailMitReservierungsnummerTest" computerName="ANDRÉ-PC" duration="00:00:00.0056183" startTime="2011-06-02T23:57:22.5195533+02:00" endTime="2011-06-02T23:57:22.5365543+02:00" testType="13cdc9d9-ddb5-4fa4-a97d-d965ccfc6d4b" outcome="Failed" testListId="8c84fa94-04c1-424b-9868-57a2d4851a1d" relativeResultsDirectory="0ded33e1-eab4-49c7-a58d-cb16f23d68ca">
      <Output>
        <StdOut>Observer notified!
Observer notified!
Observer notified!
Observer notified!
Observer notified!
Observer notified!
Observer notified!
Observer notified!
Observer notified!
Observer notified!
Observer notified!
Observer notified!
Observer notified!
Observer notified!
Observer notified!
Observer notified!
Observer notified!
Observer notified!
Observer notified!
Observer notified!
Observer notified!
Observer notified!
Observer notified!
Observer notified!
Observer notified!
Observer notified!
Observer notified!
Observer notified!
Observer notified!
Observer notified!
Observer notified!
Observer notified!
Observer notified!
Observer notified!
Observer notified!
Observer notified!
Observer notified!
Observer notified!
Observer notified!
Observer notified!
Observer notified!
Observer notified!
Observer notified!
Observer notified!
Observer notified!
Observer notified!
Observer notified!
Observer notified!
Observer notified!
Observer notified!
Observer notified!
Observer notified!
Observer notified!
Observer notified!
Observer notified!
Observer notified!
Observer notified!
Observer notified!
Observer notified!
Observer notified!
Observer notified!
Observer notified!
Observer notified!
Observer notified!
Observer notified!
Observer notified!
Observer notified!
Observer notified!
Observer notified!
Observer notified!
Observer notified!
Observer notified!
Observer notified!
Observer notified!
Observer notified!
Observer notified!
Observer notified!
Observer notified!
Observer notified!
Observer notified!
Observer notified!
Observer notified!
Observer notified!
Observer notified!
Observer notified!
Observer notified!
Observer notified!
Observer notified!
Observer notified!
Observer notified!
Observer notified!
Observer notified!
Observer notified!
Observer notified!
Observer notified!
Observer notified!
Observer notified!
Observer notified!
Observer notified!
Observer notified!
Observer notified!
Observer notified!
Observer notified!
Observer notified!
Observer notified!
Observer notified!
Observer notified!
Observer notified!
Observer notified!
Observer notified!
Observer notified!
Observer notified!
Observer notified!
Observer notified!
Observer notified!
Observer notified!
Observer notified!
Observer notified!
Observer notified!
Observer notified!
Observer notified!
Observer notified!
Observer notified!
Observer notified!
Observer notified!
Observer notified!
Observer notified!
Observer notified!
Observer notified!
Observer notified!
Observer notified!
Observer notified!
Observer notified!
Observer notified!
Observer notified!
Observer notified!
Observer notified!
Observer notified!
Observer notified!
Observer notified!
Observer notified!
Observer notified!
Observer notified!
Observer notified!
Observer notified!
Observer notified!
Observer notified!
Observer notified!
Observer notified!
Observer notified!
Observer notified!
Observer notified!
Observer notified!
Observer notified!
Observer notified!
Observer notified!
Observer notified!
Observer notified!
Observer notified!
Observer notified!
Observer notified!
Observer notified!
Observer notified!
Observer notified!
Observer notified!
Observer notified!
Observer notified!
Observer notified!
Observer notified!
Observer notified!
Observer notified!
Observer notified!
Observer notified!
Observer notified!
Observer notified!
Observer notified!
Observer notified!
Observer notified!
Observer notified!
Observer notified!
Observer notified!
Observer notified!
Observer notified!
Observer notified!
Observer notified!
Observer notified!
Observer notified!
Observer notified!
Observer notified!
Observer notified!
Observer notified!
Observer notified!
Observer notified!
Observer notified!
Observer notified!
Observer notified!
Observer notified!
Observer notified!
Observer notified!
Observer notified!
Observer notified!
Observer notified!
Observer notified!
Observer notified!
Observer notified!
Observer notified!
Observer notified!
Observer notified!
Observer notified!
Observer notified!
Observer notified!
Observer notified!
Observer notified!
Observer notified!
Observer notified!
Observer notified!
Observer notified!
Observer notified!
Observer notified!
Observer notified!
Observer notified!
Observer notified!
Observer notified!
Observer notified!
Observer notified!
Observer notified!
Observer notified!
Observer notified!
Observer notified!
Observer notified!
Observer notified!
Observer notified!
Observer notified!
Observer notified!
Observer notified!
Observer notified!
Observer notified!
Observer notified!
Observer notified!
Observer notified!
Observer notified!
Observer notified!
Observer notified!
Observer notified!
Observer notified!
Observer notified!
Observer notified!
Observer notified!
Observer notified!
Observer notified!
Observer notified!
Observer notified!
Observer notified!
Observer notified!
Observer notified!
Observer notified!
Observer notified!
Observer notified!
Observer notified!
Observer notified!
Observer notified!
Observer notified!
Observer notified!
Observer notified!
Observer notified!
Observer notified!
Observer notified!
Observer notified!
Observer notified!
Observer notified!
Observer notified!
Observer notified!
Observer notified!
Observer notified!
Observer notified!
Observer notified!
Observer notified!
Observer notified!
Observer notified!
Observer notified!
Observer notified!
Observer notified!
Observer notified!
Observer notified!
Observer notified!
Observer notified!
Observer notified!
Observer notified!
Observer notified!
Observer notified!
Observer notified!
Observer notified!
Observer notified!
Observer notified!
Observer notified!
Observer notified!
Observer notified!
Observer notified!
Observer notified!
Observer notified!
Observer notified!
Observer notified!
Observer notified!
Observer notified!
Observer notified!
Observer notified!
Observer notified!
Observer notified!
Observer notified!
Observer notified!
Observer notified!
Observer notified!
Observer notified!
Observer notified!
Observer notified!
Observer notified!
Observer notified!
Observer notified!
Observer notified!
Observer notified!
Observer notified!
Observer notified!
Observer notified!
Observer notified!
Observer notified!
Observer notified!
Observer notified!
Observer notified!
Observer notified!
Observer notified!
Observer notified!
Observer notified!
Observer notified!
Observer notified!
Observer notified!
Observer notified!
Observer notified!
Observer notified!
Observer notified!
Observer notified!
Observer notified!
Observer notified!
Observer notified!
Observer notified!
Observer notified!
Observer notified!
Observer notified!
Observer notified!
Observer notified!
Observer notified!
Observer notified!
Observer notified!
Observer notified!
Observer notified!
Observer notified!
Observer notified!
Observer notified!
Observer notified!
Observer notified!
Observer notified!
Observer notified!
Observer notified!
Observer notified!
Observer notified!
Observer notified!
Observer notified!
Observer notified!
Observer notified!
Observer notified!
Observer notified!
Observer notified!
Observer notified!
Observer notified!
Observer notified!
Observer notified!
Observer notified!
Observer notified!
Observer notified!
Observer notified!
Observer notified!
Observer notified!
Observer notified!
Observer notified!
Observer notified!
Observer notified!
Observer notified!
Observer notified!
Observer notified!
Observer notified!
Observer notified!
Observer notified!
Observer notified!
Observer notified!
Observer notified!
Observer notified!
Observer notified!
Observer notified!
Observer notified!
Observer notified!
Observer notified!
Observer notified!
Observer notified!
Observer notified!
Observer notified!
Observer notified!
Observer notified!
Observer notified!
Observer notified!
Observer notified!
Observer notified!
Observer notified!
Observer notified!
Observer notified!
Observer notified!
Observer notified!
Observer notified!
Observer notified!
Observer notified!
Observer notified!
Observer notified!
Observer notified!
Observer notified!
Observer notified!
Observer notified!
Observer notified!
Observer notified!
Observer notified!
Observer notified!
Observer notified!
Observer notified!
Observer notified!
Observer notified!
Observer notified!
Observer notified!
Observer notified!
Observer notified!
Observer notified!
Observer notified!
Observer notified!
Observer notified!
Observer notified!
Observer notified!
Observer notified!
Observer notified!
Observer notified!
Observer notified!
Observer notified!
Observer notified!
Observer notified!
Observer notified!
Observer notified!
Observer notified!
Observer notified!
Observer notified!
Observer notified!
Observer notified!
Observer notified!
Observer notified!
Observer notified!
Observer notified!
Observer notified!
Observer notified!
Observer notified!
Observer notified!
Observer notified!
Observer notified!
Observer notified!
Observer notified!
Observer notified!
Observer notified!
Observer notified!
Observer notified!
Observer notified!
Observer notified!
Observer notified!
Observer notified!
Observer notified!
Observer notified!
Observer notified!
Observer notified!
Observer notified!
Observer notified!
Observer notified!
Observer notified!
Observer notified!
Observer notified!
Observer notified!
Observer notified!
Observer notified!
Observer notified!
Observer notified!
Observer notified!
Observer notified!
Observer notified!
Observer notified!
Observer notified!
Observer notified!
Observer notified!
Observer notified!
Observer notified!
Observer notified!
Observer notified!
Observer notified!
Observer notified!
Observer notified!
Observer notified!
Observer notified!
Observer notified!
Observer notified!
Observer notified!
Observer notified!
Observer notified!
Observer notified!
Observer notified!
Observer notified!
Observer notified!
Observer notified!
Observer notified!
Observer notified!
Observer notified!
Observer notified!
Observer notified!
Observer notified!
Observer notified!
Observer notified!
Observer notified!
Observer notified!
Observer notified!
Observer notified!
Observer notified!
Observer notified!
Observer notified!
Observer notified!
Observer notified!
Observer notified!
Observer notified!
Observer notified!
Observer notified!
Observer notified!
Observer notified!
Observer notified!
Observer notified!
Observer notified!
Observer notified!
Observer notified!
Observer notified!
Observer notified!
Observer notified!
Observer notified!
Observer notified!
Observer notified!
Observer notified!
Observer notified!
Observer notified!
Observer notified!
Observer notified!
Observer notified!
Observer notified!
Observer notified!
Observer notified!
Observer notified!
Observer notified!
Observer notified!
Observer notified!
Observer notified!
Observer notified!
Observer notified!
Observer notified!
Observer notified!
Observer notified!
Observer notified!
Observer notified!
Observer notified!
Observer notified!
Observer notified!
Observer notified!
Observer notified!
Observer notified!
Observer notified!
Observer notified!
Observer notified!
Observer notified!
Observer notified!
Observer notified!
Observer notified!
Observer notified!
Observer notified!
Observer notified!
Observer notified!
Observer notified!
Observer notified!
Observer notified!
Observer notified!
Observer notified!
Observer notified!
Observer notified!
Observer notified!
Observer notified!
Observer notified!
Observer notified!
Observer notified!
Observer notified!
Observer notified!
Observer notified!
Observer notified!
Observer notified!
Observer notified!
Observer notified!
Observer notified!
Observer notified!
Observer notified!
Observer notified!
Observer notified!
Observer notified!
Observer notified!
Observer notified!
Observer notified!
Observer notified!
Observer notified!
Observer notified!
Observer notified!
Observer notified!
Observer notified!
Observer notified!
Observer notified!
Observer notified!
Observer notified!
Observer notified!
Observer notified!
Observer notified!
Observer notified!
Observer notified!</StdOut>
        <ErrorInfo>
          <Message>Die TestAnwendungskern.IBesucherTest.CreateTestData-Methode für die Initialisierung hat eine Ausnahme ausgelöst. System.NullReferenceException: System.NullReferenceException: Der Objektverweis wurde nicht auf eine Objektinstanz festgelegt..</Message>
          <StackTrace>    bei TestAnwendungskern.IBesucherTest.CreateTestData() in C:\Users\André\Documents\SePraktikum\SEPraktikum\TestAnwendungskern\IBesucherTest.cs:Zeile 105.
</StackTrace>
        </ErrorInfo>
      </Output>
    </UnitTestResult>
    <UnitTestResult executionId="bded9fd4-e528-4214-8d86-796efcaba340" testId="518cfcbf-c066-45d2-d0c8-3e54839daf71" testName="KinokarteReservierenTest" computerName="ANDRÉ-PC" duration="00:00:00.0046830" startTime="2011-06-02T23:57:22.5405545+02:00" endTime="2011-06-02T23:57:22.5865572+02:00" testType="13cdc9d9-ddb5-4fa4-a97d-d965ccfc6d4b" outcome="Failed" testListId="8c84fa94-04c1-424b-9868-57a2d4851a1d" relativeResultsDirectory="bded9fd4-e528-4214-8d86-796efcaba340">
      <Output>
        <StdOut>Observer notified!
Observer notified!
Observer notified!
Observer notified!
Observer notified!
Observer notified!
Observer notified!
Observer notified!
Observer notified!
Observer notified!
Observer notified!
Observer notified!
Observer notified!
Observer notified!
Observer notified!
Observer notified!
Observer notified!
Observer notified!
Observer notified!
Observer notified!
Observer notified!
Observer notified!
Observer notified!
Observer notified!
Observer notified!
Observer notified!
Observer notified!
Observer notified!
Observer notified!
Observer notified!
Observer notified!
Observer notified!
Observer notified!
Observer notified!
Observer notified!
Observer notified!
Observer notified!
Observer notified!
Observer notified!
Observer notified!
Observer notified!
Observer notified!
Observer notified!
Observer notified!
Observer notified!
Observer notified!
Observer notified!
Observer notified!
Observer notified!
Observer notified!
Observer notified!
Observer notified!
Observer notified!
Observer notified!
Observer notified!
Observer notified!
Observer notified!
Observer notified!
Observer notified!
Observer notified!
Observer notified!
Observer notified!
Observer notified!
Observer notified!
Observer notified!
Observer notified!
Observer notified!
Observer notified!
Observer notified!
Observer notified!
Observer notified!
Observer notified!
Observer notified!
Observer notified!
Observer notified!
Observer notified!
Observer notified!
Observer notified!
Observer notified!
Observer notified!
Observer notified!
Observer notified!
Observer notified!
Observer notified!
Observer notified!
Observer notified!
Observer notified!
Observer notified!
Observer notified!
Observer notified!
Observer notified!
Observer notified!
Observer notified!
Observer notified!
Observer notified!
Observer notified!
Observer notified!
Observer notified!
Observer notified!
Observer notified!
Observer notified!
Observer notified!
Observer notified!
Observer notified!
Observer notified!
Observer notified!
Observer notified!
Observer notified!
Observer notified!
Observer notified!
Observer notified!
Observer notified!
Observer notified!
Observer notified!
Observer notified!
Observer notified!
Observer notified!
Observer notified!
Observer notified!
Observer notified!
Observer notified!
Observer notified!
Observer notified!
Observer notified!
Observer notified!
Observer notified!
Observer notified!
Observer notified!
Observer notified!
Observer notified!
Observer notified!
Observer notified!
Observer notified!
Observer notified!
Observer notified!
Observer notified!
Observer notified!
Observer notified!
Observer notified!
Observer notified!
Observer notified!
Observer notified!
Observer notified!
Observer notified!
Observer notified!
Observer notified!
Observer notified!
Observer notified!
Observer notified!
Observer notified!
Observer notified!
Observer notified!
Observer notified!
Observer notified!
Observer notified!
Observer notified!
Observer notified!
Observer notified!
Observer notified!
Observer notified!
Observer notified!
Observer notified!
Observer notified!
Observer notified!
Observer notified!
Observer notified!
Observer notified!
Observer notified!
Observer notified!
Observer notified!
Observer notified!
Observer notified!
Observer notified!
Observer notified!
Observer notified!
Observer notified!
Observer notified!
Observer notified!
Observer notified!
Observer notified!
Observer notified!
Observer notified!
Observer notified!
Observer notified!
Observer notified!
Observer notified!
Observer notified!
Observer notified!
Observer notified!
Observer notified!
Observer notified!
Observer notified!
Observer notified!
Observer notified!
Observer notified!
Observer notified!
Observer notified!
Observer notified!
Observer notified!
Observer notified!
Observer notified!
Observer notified!
Observer notified!
Observer notified!
Observer notified!
Observer notified!
Observer notified!
Observer notified!
Observer notified!
Observer notified!
Observer notified!
Observer notified!
Observer notified!
Observer notified!
Observer notified!
Observer notified!
Observer notified!
Observer notified!
Observer notified!
Observer notified!
Observer notified!
Observer notified!
Observer notified!
Observer notified!
Observer notified!
Observer notified!
Observer notified!
Observer notified!
Observer notified!
Observer notified!
Observer notified!
Observer notified!
Observer notified!
Observer notified!
Observer notified!
Observer notified!
Observer notified!
Observer notified!
Observer notified!
Observer notified!
Observer notified!
Observer notified!
Observer notified!
Observer notified!
Observer notified!
Observer notified!
Observer notified!
Observer notified!
Observer notified!
Observer notified!
Observer notified!
Observer notified!
Observer notified!
Observer notified!
Observer notified!
Observer notified!
Observer notified!
Observer notified!
Observer notified!
Observer notified!
Observer notified!
Observer notified!
Observer notified!
Observer notified!
Observer notified!
Observer notified!
Observer notified!
Observer notified!
Observer notified!
Observer notified!
Observer notified!
Observer notified!
Observer notified!
Observer notified!
Observer notified!
Observer notified!
Observer notified!
Observer notified!
Observer notified!
Observer notified!
Observer notified!
Observer notified!
Observer notified!
Observer notified!
Observer notified!
Observer notified!
Observer notified!
Observer notified!
Observer notified!
Observer notified!
Observer notified!
Observer notified!
Observer notified!
Observer notified!
Observer notified!
Observer notified!
Observer notified!
Observer notified!
Observer notified!
Observer notified!
Observer notified!
Observer notified!
Observer notified!
Observer notified!
Observer notified!
Observer notified!
Observer notified!
Observer notified!
Observer notified!
Observer notified!
Observer notified!
Observer notified!
Observer notified!
Observer notified!
Observer notified!
Observer notified!
Observer notified!
Observer notified!
Observer notified!
Observer notified!
Observer notified!
Observer notified!
Observer notified!
Observer notified!
Observer notified!
Observer notified!
Observer notified!
Observer notified!
Observer notified!
Observer notified!
Observer notified!
Observer notified!
Observer notified!
Observer notified!
Observer notified!
Observer notified!
Observer notified!
Observer notified!
Observer notified!
Observer notified!
Observer notified!
Observer notified!
Observer notified!
Observer notified!
Observer notified!
Observer notified!
Observer notified!
Observer notified!
Observer notified!
Observer notified!
Observer notified!
Observer notified!
Observer notified!
Observer notified!
Observer notified!
Observer notified!
Observer notified!
Observer notified!
Observer notified!
Observer notified!
Observer notified!
Observer notified!
Observer notified!
Observer notified!
Observer notified!
Observer notified!
Observer notified!
Observer notified!
Observer notified!
Observer notified!
Observer notified!
Observer notified!
Observer notified!
Observer notified!
Observer notified!
Observer notified!
Observer notified!
Observer notified!
Observer notified!
Observer notified!
Observer notified!
Observer notified!
Observer notified!
Observer notified!
Observer notified!
Observer notified!
Observer notified!
Observer notified!
Observer notified!
Observer notified!
Observer notified!
Observer notified!
Observer notified!
Observer notified!
Observer notified!
Observer notified!
Observer notified!
Observer notified!
Observer notified!
Observer notified!
Observer notified!
Observer notified!
Observer notified!
Observer notified!
Observer notified!
Observer notified!
Observer notified!
Observer notified!
Observer notified!
Observer notified!
Observer notified!
Observer notified!
Observer notified!
Observer notified!
Observer notified!
Observer notified!
Observer notified!
Observer notified!
Observer notified!
Observer notified!
Observer notified!
Observer notified!
Observer notified!
Observer notified!
Observer notified!
Observer notified!
Observer notified!
Observer notified!
Observer notified!
Observer notified!
Observer notified!
Observer notified!
Observer notified!
Observer notified!
Observer notified!
Observer notified!
Observer notified!
Observer notified!
Observer notified!
Observer notified!
Observer notified!
Observer notified!
Observer notified!
Observer notified!
Observer notified!
Observer notified!
Observer notified!
Observer notified!
Observer notified!
Observer notified!
Observer notified!
Observer notified!
Observer notified!
Observer notified!
Observer notified!
Observer notified!
Observer notified!
Observer notified!
Observer notified!
Observer notified!
Observer notified!
Observer notified!
Observer notified!
Observer notified!
Observer notified!
Observer notified!
Observer notified!
Observer notified!
Observer notified!
Observer notified!
Observer notified!
Observer notified!
Observer notified!
Observer notified!
Observer notified!
Observer notified!
Observer notified!
Observer notified!
Observer notified!
Observer notified!
Observer notified!
Observer notified!
Observer notified!
Observer notified!
Observer notified!
Observer notified!
Observer notified!
Observer notified!
Observer notified!
Observer notified!
Observer notified!
Observer notified!
Observer notified!
Observer notified!
Observer notified!
Observer notified!
Observer notified!
Observer notified!
Observer notified!
Observer notified!
Observer notified!
Observer notified!
Observer notified!
Observer notified!
Observer notified!
Observer notified!
Observer notified!
Observer notified!
Observer notified!
Observer notified!
Observer notified!
Observer notified!
Observer notified!
Observer notified!
Observer notified!
Observer notified!
Observer notified!
Observer notified!
Observer notified!
Observer notified!
Observer notified!
Observer notified!
Observer notified!
Observer notified!
Observer notified!
Observer notified!
Observer notified!
Observer notified!
Observer notified!
Observer notified!
Observer notified!
Observer notified!
Observer notified!
Observer notified!
Observer notified!
Observer notified!
Observer notified!
Observer notified!
Observer notified!
Observer notified!
Observer notified!
Observer notified!
Observer notified!
Observer notified!
Observer notified!
Observer notified!
Observer notified!
Observer notified!
Observer notified!
Observer notified!
Observer notified!
Observer notified!
Observer notified!
Observer notified!
Observer notified!
Observer notified!
Observer notified!
Observer notified!
Observer notified!
Observer notified!
Observer notified!
Observer notified!
Observer notified!
Observer notified!
Observer notified!
Observer notified!
Observer notified!
Observer notified!
Observer notified!
Observer notified!
Observer notified!
Observer notified!
Observer notified!
Observer notified!
Observer notified!
Observer notified!
Observer notified!
Observer notified!
Observer notified!
Observer notified!
Observer notified!
Observer notified!
Observer notified!
Observer notified!
Observer notified!
Observer notified!
Observer notified!
Observer notified!
Observer notified!
Observer notified!
Observer notified!
Observer notified!
Observer notified!
Observer notified!
Observer notified!
Observer notified!
Observer notified!
Observer notified!
Observer notified!
Observer notified!
Observer notified!
Observer notified!
Observer notified!
Observer notified!
Observer notified!
Observer notified!
Observer notified!
Observer notified!
Observer notified!
Observer notified!
Observer notified!
Observer notified!
Observer notified!
Observer notified!
Observer notified!
Observer notified!
Observer notified!
Observer notified!
Observer notified!
Observer notified!
Observer notified!
Observer notified!
Observer notified!
Observer notified!
Observer notified!
Observer notified!
Observer notified!
Observer notified!
Observer notified!
Observer notified!
Observer notified!
Observer notified!
Observer notified!
Observer notified!
Observer notified!
Observer notified!
Observer notified!
Observer notified!
Observer notified!
Observer notified!
Observer notified!
Observer notified!
Observer notified!
Observer notified!
Observer notified!
Observer notified!
Observer notified!
Observer notified!
Observer notified!
Observer notified!
Observer notified!
Observer notified!
Observer notified!
Observer notified!
Observer notified!
Observer notified!
Observer notified!
Observer notified!
Observer notified!
Observer notified!
Observer notified!
Observer notified!
Observer notified!
Observer notified!
Observer notified!
Observer notified!
Observer notified!
Observer notified!
Observer notified!
Observer notified!
Observer notified!
Observer notified!
Observer notified!
Observer notified!
Observer notified!
Observer notified!
Observer notified!
Observer notified!
Observer notified!
Observer notified!
Observer notified!
Observer notified!
Observer notified!
Observer notified!
Observer notified!
Observer notified!
Observer notified!
Observer notified!
Observer notified!
Observer notified!
Observer notified!
Observer notified!
Observer notified!
Observer notified!
Observer notified!
Observer notified!
Observer notified!
Observer notified!
Observer notified!
Observer notified!
Observer notified!
Observer notified!
Observer notified!
Observer notified!
Observer notified!
Observer notified!
Observer notified!
Observer notified!
Observer notified!
Observer notified!
Observer notified!
Observer notified!
Observer notified!
Observer notified!
Observer notified!
Observer notified!
Observer notified!
Observer notified!
Observer notified!
Observer notified!
Observer notified!
Observer notified!
Observer notified!
Observer notified!
Observer notified!
Observer notified!
Observer notified!
Observer notified!
Observer notified!
Observer notified!
Observer notified!
Observer notified!
Observer notified!
Observer notified!
Observer notified!
Observer notified!
Observer notified!
Observer notified!
Observer notified!
Observer notified!
Observer notified!
Observer notified!
Observer notified!
Observer notified!
Observer notified!
Observer notified!
Observer notified!
Observer notified!
Observer notified!
Observer notified!
Observer notified!
Observer notified!
Observer notified!
Observer notified!
Observer notified!
Observer notified!
Observer notified!
Observer notified!
Observer notified!
Observer notified!
Observer notified!
Observer notified!
Observer notified!
Observer notified!
Observer notified!
Observer notified!
Observer notified!
Observer notified!
Observer notified!
Observer notified!
Observer notified!
Observer notified!
Observer notified!
Observer notified!
Observer notified!
Observer notified!
Observer notified!
Observer notified!
Observer notified!
Observer notified!
Observer notified!
Observer notified!
Observer notified!
Observer notified!
Observer notified!
Observer notified!
Observer notified!
Observer notified!
Observer notified!
Observer notified!
Observer notified!
Observer notified!
Observer notified!
Observer notified!
Observer notified!
Observer notified!
Observer notified!
Observer notified!
Observer notified!
Observer notified!</StdOut>
        <ErrorInfo>
          <Message>Die TestAnwendungskern.IBesucherTest.CreateTestData-Methode für die Initialisierung hat eine Ausnahme ausgelöst. System.NullReferenceException: System.NullReferenceException: Der Objektverweis wurde nicht auf eine Objektinstanz festgelegt..</Message>
          <StackTrace>    bei TestAnwendungskern.IBesucherTest.CreateTestData() in C:\Users\André\Documents\SePraktikum\SEPraktikum\TestAnwendungskern\IBesucherTest.cs:Zeile 105.
</StackTrace>
        </ErrorInfo>
      </Output>
    </UnitTestResult>
    <UnitTestResult executionId="11b8d98d-2e4b-4d56-9bc7-74cd518993ba" testId="52185796-2002-4825-0b6e-8e610f86417b" testName="PrüfeAltersfreigabeTest" computerName="ANDRÉ-PC" duration="00:00:00.0051832" startTime="2011-06-02T23:57:22.5935576+02:00" endTime="2011-06-02T23:57:22.6475606+02:00" testType="13cdc9d9-ddb5-4fa4-a97d-d965ccfc6d4b" outcome="Failed" testListId="8c84fa94-04c1-424b-9868-57a2d4851a1d" relativeResultsDirectory="11b8d98d-2e4b-4d56-9bc7-74cd518993ba">
      <Output>
        <StdOut>Observer notified!
Observer notified!
Observer notified!
Observer notified!
Observer notified!
Observer notified!
Observer notified!
Observer notified!
Observer notified!
Observer notified!
Observer notified!
Observer notified!
Observer notified!
Observer notified!
Observer notified!
Observer notified!
Observer notified!
Observer notified!
Observer notified!
Observer notified!
Observer notified!
Observer notified!
Observer notified!
Observer notified!
Observer notified!
Observer notified!
Observer notified!
Observer notified!
Observer notified!
Observer notified!
Observer notified!
Observer notified!
Observer notified!
Observer notified!
Observer notified!
Observer notified!
Observer notified!
Observer notified!
Observer notified!
Observer notified!
Observer notified!
Observer notified!
Observer notified!
Observer notified!
Observer notified!
Observer notified!
Observer notified!
Observer notified!
Observer notified!
Observer notified!
Observer notified!
Observer notified!
Observer notified!
Observer notified!
Observer notified!
Observer notified!
Observer notified!
Observer notified!
Observer notified!
Observer notified!
Observer notified!
Observer notified!
Observer notified!
Observer notified!
Observer notified!
Observer notified!
Observer notified!
Observer notified!
Observer notified!
Observer notified!
Observer notified!
Observer notified!
Observer notified!
Observer notified!
Observer notified!
Observer notified!
Observer notified!
Observer notified!
Observer notified!
Observer notified!
Observer notified!
Observer notified!
Observer notified!
Observer notified!
Observer notified!
Observer notified!
Observer notified!
Observer notified!
Observer notified!
Observer notified!
Observer notified!
Observer notified!
Observer notified!
Observer notified!
Observer notified!
Observer notified!
Observer notified!
Observer notified!
Observer notified!
Observer notified!
Observer notified!
Observer notified!
Observer notified!
Observer notified!
Observer notified!
Observer notified!
Observer notified!
Observer notified!
Observer notified!
Observer notified!
Observer notified!
Observer notified!
Observer notified!
Observer notified!
Observer notified!
Observer notified!
Observer notified!
Observer notified!
Observer notified!
Observer notified!
Observer notified!
Observer notified!
Observer notified!
Observer notified!
Observer notified!
Observer notified!
Observer notified!
Observer notified!
Observer notified!
Observer notified!
Observer notified!
Observer notified!
Observer notified!
Observer notified!
Observer notified!
Observer notified!
Observer notified!
Observer notified!
Observer notified!
Observer notified!
Observer notified!
Observer notified!
Observer notified!
Observer notified!
Observer notified!
Observer notified!
Observer notified!
Observer notified!
Observer notified!
Observer notified!
Observer notified!
Observer notified!
Observer notified!
Observer notified!
Observer notified!
Observer notified!
Observer notified!
Observer notified!
Observer notified!
Observer notified!
Observer notified!
Observer notified!
Observer notified!
Observer notified!
Observer notified!
Observer notified!
Observer notified!
Observer notified!
Observer notified!
Observer notified!
Observer notified!
Observer notified!
Observer notified!
Observer notified!
Observer notified!
Observer notified!
Observer notified!
Observer notified!
Observer notified!
Observer notified!
Observer notified!
Observer notified!
Observer notified!
Observer notified!
Observer notified!
Observer notified!
Observer notified!
Observer notified!
Observer notified!
Observer notified!
Observer notified!
Observer notified!
Observer notified!
Observer notified!
Observer notified!
Observer notified!
Observer notified!
Observer notified!
Observer notified!
Observer notified!
Observer notified!
Observer notified!
Observer notified!
Observer notified!
Observer notified!
Observer notified!
Observer notified!
Observer notified!
Observer notified!
Observer notified!
Observer notified!
Observer notified!
Observer notified!
Observer notified!
Observer notified!
Observer notified!
Observer notified!
Observer notified!
Observer notified!
Observer notified!
Observer notified!
Observer notified!
Observer notified!
Observer notified!
Observer notified!
Observer notified!
Observer notified!
Observer notified!
Observer notified!
Observer notified!
Observer notified!
Observer notified!
Observer notified!
Observer notified!
Observer notified!
Observer notified!
Observer notified!
Observer notified!
Observer notified!
Observer notified!
Observer notified!
Observer notified!
Observer notified!
Observer notified!
Observer notified!
Observer notified!
Observer notified!
Observer notified!
Observer notified!
Observer notified!
Observer notified!
Observer notified!
Observer notified!
Observer notified!
Observer notified!
Observer notified!
Observer notified!
Observer notified!
Observer notified!
Observer notified!
Observer notified!
Observer notified!
Observer notified!
Observer notified!
Observer notified!
Observer notified!
Observer notified!
Observer notified!
Observer notified!
Observer notified!
Observer notified!
Observer notified!
Observer notified!
Observer notified!
Observer notified!
Observer notified!
Observer notified!
Observer notified!
Observer notified!
Observer notified!
Observer notified!
Observer notified!
Observer notified!
Observer notified!
Observer notified!
Observer notified!
Observer notified!
Observer notified!
Observer notified!
Observer notified!
Observer notified!
Observer notified!
Observer notified!
Observer notified!
Observer notified!
Observer notified!
Observer notified!
Observer notified!
Observer notified!
Observer notified!
Observer notified!
Observer notified!
Observer notified!
Observer notified!
Observer notified!
Observer notified!
Observer notified!
Observer notified!
Observer notified!
Observer notified!
Observer notified!
Observer notified!
Observer notified!
Observer notified!
Observer notified!
Observer notified!
Observer notified!
Observer notified!
Observer notified!
Observer notified!
Observer notified!
Observer notified!
Observer notified!
Observer notified!
Observer notified!
Observer notified!
Observer notified!
Observer notified!
Observer notified!
Observer notified!
Observer notified!
Observer notified!
Observer notified!
Observer notified!
Observer notified!
Observer notified!
Observer notified!
Observer notified!
Observer notified!
Observer notified!
Observer notified!
Observer notified!
Observer notified!
Observer notified!
Observer notified!
Observer notified!
Observer notified!
Observer notified!
Observer notified!
Observer notified!
Observer notified!
Observer notified!
Observer notified!
Observer notified!
Observer notified!
Observer notified!
Observer notified!
Observer notified!
Observer notified!
Observer notified!
Observer notified!
Observer notified!
Observer notified!
Observer notified!
Observer notified!
Observer notified!
Observer notified!
Observer notified!
Observer notified!
Observer notified!
Observer notified!
Observer notified!
Observer notified!
Observer notified!
Observer notified!
Observer notified!
Observer notified!
Observer notified!
Observer notified!
Observer notified!
Observer notified!
Observer notified!
Observer notified!
Observer notified!
Observer notified!
Observer notified!
Observer notified!
Observer notified!
Observer notified!
Observer notified!
Observer notified!
Observer notified!
Observer notified!
Observer notified!
Observer notified!
Observer notified!
Observer notified!
Observer notified!
Observer notified!
Observer notified!
Observer notified!
Observer notified!
Observer notified!
Observer notified!
Observer notified!
Observer notified!
Observer notified!
Observer notified!
Observer notified!
Observer notified!
Observer notified!
Observer notified!
Observer notified!
Observer notified!
Observer notified!
Observer notified!
Observer notified!
Observer notified!
Observer notified!
Observer notified!
Observer notified!
Observer notified!
Observer notified!
Observer notified!
Observer notified!
Observer notified!
Observer notified!
Observer notified!
Observer notified!
Observer notified!
Observer notified!
Observer notified!
Observer notified!
Observer notified!
Observer notified!
Observer notified!
Observer notified!
Observer notified!
Observer notified!
Observer notified!
Observer notified!
Observer notified!
Observer notified!
Observer notified!
Observer notified!
Observer notified!
Observer notified!
Observer notified!
Observer notified!
Observer notified!
Observer notified!
Observer notified!
Observer notified!
Observer notified!
Observer notified!
Observer notified!
Observer notified!
Observer notified!
Observer notified!
Observer notified!
Observer notified!
Observer notified!
Observer notified!
Observer notified!
Observer notified!
Observer notified!
Observer notified!
Observer notified!
Observer notified!
Observer notified!
Observer notified!
Observer notified!
Observer notified!
Observer notified!
Observer notified!
Observer notified!
Observer notified!
Observer notified!
Observer notified!
Observer notified!
Observer notified!
Observer notified!
Observer notified!
Observer notified!
Observer notified!
Observer notified!
Observer notified!
Observer notified!
Observer notified!
Observer notified!
Observer notified!
Observer notified!
Observer notified!
Observer notified!
Observer notified!
Observer notified!
Observer notified!
Observer notified!
Observer notified!
Observer notified!
Observer notified!
Observer notified!
Observer notified!
Observer notified!
Observer notified!
Observer notified!
Observer notified!
Observer notified!
Observer notified!
Observer notified!
Observer notified!
Observer notified!
Observer notified!
Observer notified!
Observer notified!
Observer notified!
Observer notified!
Observer notified!
Observer notified!
Observer notified!
Observer notified!
Observer notified!
Observer notified!
Observer notified!
Observer notified!
Observer notified!
Observer notified!
Observer notified!
Observer notified!
Observer notified!
Observer notified!
Observer notified!
Observer notified!
Observer notified!
Observer notified!
Observer notified!
Observer notified!
Observer notified!
Observer notified!
Observer notified!
Observer notified!
Observer notified!
Observer notified!
Observer notified!
Observer notified!
Observer notified!
Observer notified!
Observer notified!
Observer notified!
Observer notified!
Observer notified!
Observer notified!
Observer notified!
Observer notified!
Observer notified!
Observer notified!
Observer notified!
Observer notified!
Observer notified!
Observer notified!
Observer notified!
Observer notified!
Observer notified!
Observer notified!
Observer notified!
Observer notified!
Observer notified!
Observer notified!
Observer notified!
Observer notified!
Observer notified!
Observer notified!
Observer notified!
Observer notified!
Observer notified!
Observer notified!
Observer notified!
Observer notified!
Observer notified!
Observer notified!
Observer notified!
Observer notified!
Observer notified!
Observer notified!
Observer notified!
Observer notified!
Observer notified!
Observer notified!
Observer notified!
Observer notified!
Observer notified!
Observer notified!
Observer notified!
Observer notified!
Observer notified!
Observer notified!
Observer notified!
Observer notified!
Observer notified!
Observer notified!
Observer notified!
Observer notified!
Observer notified!
Observer notified!
Observer notified!
Observer notified!
Observer notified!
Observer notified!
Observer notified!
Observer notified!
Observer notified!
Observer notified!
Observer notified!
Observer notified!
Observer notified!
Observer notified!
Observer notified!
Observer notified!
Observer notified!
Observer notified!
Observer notified!
Observer notified!
Observer notified!
Observer notified!
Observer notified!
Observer notified!
Observer notified!
Observer notified!
Observer notified!
Observer notified!
Observer notified!
Observer notified!
Observer notified!
Observer notified!
Observer notified!
Observer notified!
Observer notified!
Observer notified!
Observer notified!
Observer notified!
Observer notified!
Observer notified!
Observer notified!
Observer notified!
Observer notified!
Observer notified!
Observer notified!
Observer notified!
Observer notified!
Observer notified!
Observer notified!
Observer notified!
Observer notified!
Observer notified!
Observer notified!
Observer notified!
Observer notified!
Observer notified!
Observer notified!
Observer notified!
Observer notified!
Observer notified!
Observer notified!
Observer notified!
Observer notified!
Observer notified!
Observer notified!
Observer notified!
Observer notified!
Observer notified!
Observer notified!
Observer notified!
Observer notified!
Observer notified!
Observer notified!
Observer notified!
Observer notified!
Observer notified!
Observer notified!
Observer notified!
Observer notified!
Observer notified!
Observer notified!
Observer notified!
Observer notified!
Observer notified!
Observer notified!
Observer notified!
Observer notified!
Observer notified!
Observer notified!
Observer notified!
Observer notified!
Observer notified!
Observer notified!
Observer notified!
Observer notified!
Observer notified!
Observer notified!
Observer notified!
Observer notified!
Observer notified!
Observer notified!
Observer notified!
Observer notified!
Observer notified!
Observer notified!
Observer notified!
Observer notified!
Observer notified!
Observer notified!
Observer notified!
Observer notified!
Observer notified!
Observer notified!
Observer notified!
Observer notified!
Observer notified!
Observer notified!
Observer notified!
Observer notified!
Observer notified!
Observer notified!
Observer notified!
Observer notified!
Observer notified!
Observer notified!
Observer notified!
Observer notified!
Observer notified!
Observer notified!
Observer notified!
Observer notified!
Observer notified!
Observer notified!
Observer notified!
Observer notified!
Observer notified!
Observer notified!
Observer notified!
Observer notified!
Observer notified!
Observer notified!
Observer notified!
Observer notified!
Observer notified!
Observer notified!
Observer notified!
Observer notified!
Observer notified!
Observer notified!
Observer notified!
Observer notified!
Observer notified!
Observer notified!
Observer notified!
Observer notified!
Observer notified!
Observer notified!
Observer notified!
Observer notified!
Observer notified!
Observer notified!
Observer notified!
Observer notified!
Observer notified!
Observer notified!
Observer notified!
Observer notified!
Observer notified!
Observer notified!
Observer notified!
Observer notified!
Observer notified!
Observer notified!
Observer notified!
Observer notified!
Observer notified!
Observer notified!
Observer notified!
Observer notified!
Observer notified!
Observer notified!
Observer notified!
Observer notified!
Observer notified!
Observer notified!
Observer notified!
Observer notified!
Observer notified!
Observer notified!
Observer notified!
Observer notified!
Observer notified!
Observer notified!
Observer notified!
Observer notified!
Observer notified!
Observer notified!
Observer notified!
Observer notified!
Observer notified!
Observer notified!
Observer notified!
Observer notified!
Observer notified!
Observer notified!
Observer notified!
Observer notified!
Observer notified!
Observer notified!
Observer notified!
Observer notified!
Observer notified!
Observer notified!
Observer notified!
Observer notified!
Observer notified!
Observer notified!
Observer notified!
Observer notified!
Observer notified!
Observer notified!
Observer notified!
Observer notified!
Observer notified!
Observer notified!
Observer notified!
Observer notified!
Observer notified!
Observer notified!
Observer notified!
Observer notified!
Observer notified!
Observer notified!
Observer notified!
Observer notified!
Observer notified!
Observer notified!
Observer notified!
Observer notified!
Observer notified!
Observer notified!
Observer notified!
Observer notified!
Observer notified!
Observer notified!
Observer notified!
Observer notified!
Observer notified!
Observer notified!
Observer notified!
Observer notified!
Observer notified!
Observer notified!
Observer notified!
Observer notified!
Observer notified!
Observer notified!
Observer notified!
Observer notified!
Observer notified!
Observer notified!
Observer notified!
Observer notified!
Observer notified!
Observer notified!
Observer notified!
Observer notified!
Observer notified!
Observer notified!
Observer notified!
Observer notified!
Observer notified!
Observer notified!
Observer notified!
Observer notified!
Observer notified!
Observer notified!
Observer notified!
Observer notified!
Observer notified!
Observer notified!
Observer notified!
Observer notified!
Observer notified!
Observer notified!
Observer notified!
Observer notified!
Observer notified!
Observer notified!
Observer notified!
Observer notified!
Observer notified!
Observer notified!
Observer notified!
Observer notified!
Observer notified!
Observer notified!
Observer notified!
Observer notified!
Observer notified!
Observer notified!
Observer notified!
Observer notified!
Observer notified!
Observer notified!
Observer notified!
Observer notified!
Observer notified!
Observer notified!
Observer notified!
Observer notified!
Observer notified!
Observer notified!
Observer notified!
Observer notified!
Observer notified!
Observer notified!
Observer notified!
Observer notified!
Observer notified!
Observer notified!
Observer notified!
Observer notified!
Observer notified!
Observer notified!
Observer notified!
Observer notified!
Observer notified!
Observer notified!
Observer notified!
Observer notified!
Observer notified!
Observer notified!
Observer notified!
Observer notified!
Observer notified!
Observer notified!
Observer notified!
Observer notified!
Observer notified!
Observer notified!
Observer notified!
Observer notified!
Observer notified!
Observer notified!
Observer notified!
Observer notified!
Observer notified!
Observer notified!
Observer notified!
Observer notified!
Observer notified!
Observer notified!
Observer notified!
Observer notified!
Observer notified!
Observer notified!
Observer notified!
Observer notified!
Observer notified!
Observer notified!
Observer notified!
Observer notified!
Observer notified!
Observer notified!
Observer notified!</StdOut>
        <ErrorInfo>
          <Message>Die TestAnwendungskern.IBesucherTest.CreateTestData-Methode für die Initialisierung hat eine Ausnahme ausgelöst. System.NullReferenceException: System.NullReferenceException: Der Objektverweis wurde nicht auf eine Objektinstanz festgelegt..</Message>
          <StackTrace>    bei TestAnwendungskern.IBesucherTest.CreateTestData() in C:\Users\André\Documents\SePraktikum\SEPraktikum\TestAnwendungskern\IBesucherTest.cs:Zeile 105.
</StackTrace>
        </ErrorInfo>
      </Output>
    </UnitTestResult>
    <UnitTestResult executionId="82822ee3-9f53-43a5-822a-afa24d6c1350" testId="7a1b28bd-84d3-0261-67dc-3e8c3cac9985" testName="BlockierungFürSitzplatzAufhebenTest" computerName="ANDRÉ-PC" duration="00:00:00.0349061" startTime="2011-06-02T23:57:22.6575612+02:00" endTime="2011-06-02T23:57:22.7375658+02:00" testType="13cdc9d9-ddb5-4fa4-a97d-d965ccfc6d4b" outcome="Failed" testListId="8c84fa94-04c1-424b-9868-57a2d4851a1d" relativeResultsDirectory="82822ee3-9f53-43a5-822a-afa24d6c1350">
      <Output>
        <StdOut>Observer notified!
Observer notified!
Observer notified!
Observer notified!
Observer notified!
Observer notified!
Observer notified!
Observer notified!
Observer notified!
Observer notified!
Observer notified!
Observer notified!
Observer notified!
Observer notified!
Observer notified!
Observer notified!
Observer notified!
Observer notified!
Observer notified!
Observer notified!
Observer notified!
Observer notified!
Observer notified!
Observer notified!
Observer notified!
Observer notified!
Observer notified!
Observer notified!
Observer notified!
Observer notified!
Observer notified!
Observer notified!
Observer notified!
Observer notified!
Observer notified!
Observer notified!
Observer notified!
Observer notified!
Observer notified!
Observer notified!
Observer notified!
Observer notified!
Observer notified!
Observer notified!
Observer notified!
Observer notified!
Observer notified!
Observer notified!
Observer notified!
Observer notified!
Observer notified!
Observer notified!
Observer notified!
Observer notified!
Observer notified!
Observer notified!
Observer notified!
Observer notified!
Observer notified!
Observer notified!
Observer notified!
Observer notified!
Observer notified!
Observer notified!
Observer notified!
Observer notified!
Observer notified!
Observer notified!
Observer notified!
Observer notified!
Observer notified!
Observer notified!
Observer notified!
Observer notified!
Observer notified!
Observer notified!
Observer notified!
Observer notified!
Observer notified!
Observer notified!
Observer notified!
Observer notified!
Observer notified!
Observer notified!
Observer notified!
Observer notified!
Observer notified!
Observer notified!
Observer notified!
Observer notified!
Observer notified!
Observer notified!
Observer notified!
Observer notified!
Observer notified!
Observer notified!
Observer notified!
Observer notified!
Observer notified!
Observer notified!
Observer notified!
Observer notified!
Observer notified!
Observer notified!
Observer notified!
Observer notified!
Observer notified!
Observer notified!
Observer notified!
Observer notified!
Observer notified!
Observer notified!
Observer notified!
Observer notified!
Observer notified!
Observer notified!
Observer notified!
Observer notified!
Observer notified!
Observer notified!
Observer notified!
Observer notified!
Observer notified!
Observer notified!
Observer notified!
Observer notified!
Observer notified!
Observer notified!
Observer notified!
Observer notified!
Observer notified!
Observer notified!
Observer notified!
Observer notified!
Observer notified!
Observer notified!
Observer notified!
Observer notified!
Observer notified!
Observer notified!
Observer notified!
Observer notified!
Observer notified!
Observer notified!
Observer notified!
Observer notified!
Observer notified!
Observer notified!
Observer notified!
Observer notified!
Observer notified!
Observer notified!
Observer notified!
Observer notified!
Observer notified!
Observer notified!
Observer notified!
Observer notified!
Observer notified!
Observer notified!
Observer notified!
Observer notified!
Observer notified!
Observer notified!
Observer notified!
Observer notified!
Observer notified!
Observer notified!
Observer notified!
Observer notified!
Observer notified!
Observer notified!
Observer notified!
Observer notified!
Observer notified!
Observer notified!
Observer notified!
Observer notified!
Observer notified!
Observer notified!
Observer notified!
Observer notified!
Observer notified!
Observer notified!
Observer notified!
Observer notified!
Observer notified!
Observer notified!
Observer notified!
Observer notified!
Observer notified!
Observer notified!
Observer notified!
Observer notified!
Observer notified!
Observer notified!
Observer notified!
Observer notified!
Observer notified!
Observer notified!
Observer notified!
Observer notified!
Observer notified!
Observer notified!
Observer notified!
Observer notified!
Observer notified!
Observer notified!
Observer notified!
Observer notified!
Observer notified!
Observer notified!
Observer notified!
Observer notified!
Observer notified!
Observer notified!
Observer notified!
Observer notified!
Observer notified!
Observer notified!
Observer notified!
Observer notified!
Observer notified!
Observer notified!
Observer notified!
Observer notified!
Observer notified!
Observer notified!
Observer notified!
Observer notified!
Observer notified!
Observer notified!
Observer notified!
Observer notified!
Observer notified!
Observer notified!
Observer notified!
Observer notified!
Observer notified!
Observer notified!
Observer notified!
Observer notified!
Observer notified!
Observer notified!
Observer notified!
Observer notified!
Observer notified!
Observer notified!
Observer notified!
Observer notified!
Observer notified!
Observer notified!
Observer notified!
Observer notified!
Observer notified!
Observer notified!
Observer notified!
Observer notified!
Observer notified!
Observer notified!
Observer notified!
Observer notified!
Observer notified!
Observer notified!
Observer notified!
Observer notified!
Observer notified!
Observer notified!
Observer notified!
Observer notified!
Observer notified!
Observer notified!
Observer notified!
Observer notified!
Observer notified!
Observer notified!
Observer notified!
Observer notified!
Observer notified!
Observer notified!
Observer notified!
Observer notified!
Observer notified!
Observer notified!
Observer notified!
Observer notified!
Observer notified!
Observer notified!
Observer notified!
Observer notified!
Observer notified!
Observer notified!
Observer notified!
Observer notified!
Observer notified!
Observer notified!
Observer notified!
Observer notified!
Observer notified!
Observer notified!
Observer notified!
Observer notified!
Observer notified!
Observer notified!
Observer notified!
Observer notified!
Observer notified!
Observer notified!
Observer notified!
Observer notified!
Observer notified!
Observer notified!
Observer notified!
Observer notified!
Observer notified!
Observer notified!
Observer notified!
Observer notified!
Observer notified!
Observer notified!
Observer notified!
Observer notified!
Observer notified!
Observer notified!
Observer notified!
Observer notified!
Observer notified!
Observer notified!
Observer notified!
Observer notified!
Observer notified!
Observer notified!
Observer notified!
Observer notified!
Observer notified!
Observer notified!
Observer notified!
Observer notified!
Observer notified!
Observer notified!
Observer notified!
Observer notified!
Observer notified!
Observer notified!
Observer notified!
Observer notified!
Observer notified!
Observer notified!
Observer notified!
Observer notified!
Observer notified!
Observer notified!
Observer notified!
Observer notified!
Observer notified!
Observer notified!
Observer notified!
Observer notified!
Observer notified!
Observer notified!
Observer notified!
Observer notified!
Observer notified!
Observer notified!
Observer notified!
Observer notified!
Observer notified!
Observer notified!
Observer notified!
Observer notified!
Observer notified!
Observer notified!
Observer notified!
Observer notified!
Observer notified!
Observer notified!
Observer notified!
Observer notified!
Observer notified!
Observer notified!
Observer notified!
Observer notified!
Observer notified!
Observer notified!
Observer notified!
Observer notified!
Observer notified!
Observer notified!
Observer notified!
Observer notified!
Observer notified!
Observer notified!
Observer notified!
Observer notified!
Observer notified!
Observer notified!
Observer notified!
Observer notified!
Observer notified!
Observer notified!
Observer notified!
Observer notified!
Observer notified!
Observer notified!
Observer notified!
Observer notified!
Observer notified!
Observer notified!
Observer notified!
Observer notified!
Observer notified!
Observer notified!
Observer notified!
Observer notified!
Observer notified!
Observer notified!
Observer notified!
Observer notified!
Observer notified!
Observer notified!
Observer notified!
Observer notified!
Observer notified!
Observer notified!
Observer notified!
Observer notified!
Observer notified!
Observer notified!
Observer notified!
Observer notified!
Observer notified!
Observer notified!
Observer notified!
Observer notified!
Observer notified!
Observer notified!
Observer notified!
Observer notified!
Observer notified!
Observer notified!
Observer notified!
Observer notified!
Observer notified!
Observer notified!
Observer notified!
Observer notified!
Observer notified!
Observer notified!
Observer notified!
Observer notified!
Observer notified!
Observer notified!
Observer notified!
Observer notified!
Observer notified!
Observer notified!
Observer notified!
Observer notified!
Observer notified!
Observer notified!
Observer notified!
Observer notified!
Observer notified!
Observer notified!
Observer notified!
Observer notified!
Observer notified!
Observer notified!
Observer notified!
Observer notified!
Observer notified!
Observer notified!
Observer notified!
Observer notified!
Observer notified!
Observer notified!
Observer notified!
Observer notified!
Observer notified!
Observer notified!
Observer notified!
Observer notified!
Observer notified!
Observer notified!
Observer notified!
Observer notified!
Observer notified!
Observer notified!
Observer notified!
Observer notified!
Observer notified!
Observer notified!
Observer notified!
Observer notified!
Observer notified!
Observer notified!
Observer notified!
Observer notified!
Observer notified!
Observer notified!
Observer notified!
Observer notified!
Observer notified!
Observer notified!
Observer notified!
Observer notified!
Observer notified!
Observer notified!
Observer notified!
Observer notified!
Observer notified!
Observer notified!
Observer notified!
Observer notified!
Observer notified!
Observer notified!
Observer notified!
Observer notified!
Observer notified!
Observer notified!
Observer notified!
Observer notified!
Observer notified!
Observer notified!
Observer notified!
Observer notified!
Observer notified!
Observer notified!
Observer notified!
Observer notified!
Observer notified!
Observer notified!
Observer notified!
Observer notified!
Observer notified!
Observer notified!
Observer notified!
Observer notified!
Observer notified!
Observer notified!
Observer notified!
Observer notified!
Observer notified!
Observer notified!
Observer notified!
Observer notified!
Observer notified!
Observer notified!
Observer notified!
Observer notified!
Observer notified!
Observer notified!
Observer notified!
Observer notified!
Observer notified!
Observer notified!
Observer notified!
Observer notified!
Observer notified!
Observer notified!
Observer notified!
Observer notified!
Observer notified!
Observer notified!
Observer notified!
Observer notified!
Observer notified!
Observer notified!
Observer notified!
Observer notified!
Observer notified!
Observer notified!
Observer notified!
Observer notified!
Observer notified!
Observer notified!
Observer notified!
Observer notified!
Observer notified!
Observer notified!
Observer notified!
Observer notified!
Observer notified!
Observer notified!
Observer notified!
Observer notified!
Observer notified!
Observer notified!
Observer notified!
Observer notified!
Observer notified!
Observer notified!
Observer notified!
Observer notified!
Observer notified!
Observer notified!
Observer notified!
Observer notified!
Observer notified!
Observer notified!
Observer notified!
Observer notified!
Observer notified!
Observer notified!
Observer notified!
Observer notified!
Observer notified!
Observer notified!
Observer notified!
Observer notified!
Observer notified!
Observer notified!
Observer notified!
Observer notified!
Observer notified!
Observer notified!
Observer notified!
Observer notified!
Observer notified!
Observer notified!
Observer notified!
Observer notified!
Observer notified!
Observer notified!
Observer notified!
Observer notified!
Observer notified!
Observer notified!
Observer notified!
Observer notified!
Observer notified!
Observer notified!
Observer notified!
Observer notified!
Observer notified!
Observer notified!
Observer notified!
Observer notified!
Observer notified!
Observer notified!
Observer notified!
Observer notified!
Observer notified!
Observer notified!
Observer notified!
Observer notified!
Observer notified!
Observer notified!
Observer notified!
Observer notified!
Observer notified!
Observer notified!
Observer notified!
Observer notified!
Observer notified!
Observer notified!
Observer notified!
Observer notified!
Observer notified!
Observer notified!
Observer notified!
Observer notified!
Observer notified!
Observer notified!
Observer notified!
Observer notified!
Observer notified!
Observer notified!
Observer notified!
Observer notified!
Observer notified!
Observer notified!
Observer notified!
Observer notified!
Observer notified!
Observer notified!
Observer notified!
Observer notified!
Observer notified!
Observer notified!
Observer notified!
Observer notified!
Observer notified!
Observer notified!
Observer notified!
Observer notified!
Observer notified!
Observer notified!
Observer notified!
Observer notified!
Observer notified!
Observer notified!
Observer notified!
Observer notified!
Observer notified!
Observer notified!
Observer notified!
Observer notified!
Observer notified!
Observer notified!
Observer notified!
Observer notified!
Observer notified!
Observer notified!
Observer notified!
Observer notified!
Observer notified!
Observer notified!
Observer notified!
Observer notified!
Observer notified!
Observer notified!
Observer notified!
Observer notified!
Observer notified!
Observer notified!
Observer notified!
Observer notified!
Observer notified!
Observer notified!
Observer notified!
Observer notified!
Observer notified!
Observer notified!
Observer notified!
Observer notified!
Observer notified!
Observer notified!
Observer notified!
Observer notified!
Observer notified!
Observer notified!
Observer notified!
Observer notified!
Observer notified!
Observer notified!
Observer notified!
Observer notified!
Observer notified!
Observer notified!
Observer notified!
Observer notified!
Observer notified!
Observer notified!
Observer notified!
Observer notified!
Observer notified!
Observer notified!
Observer notified!
Observer notified!
Observer notified!
Observer notified!
Observer notified!
Observer notified!
Observer notified!
Observer notified!
Observer notified!
Observer notified!
Observer notified!
Observer notified!
Observer notified!
Observer notified!
Observer notified!
Observer notified!
Observer notified!
Observer notified!
Observer notified!
Observer notified!
Observer notified!
Observer notified!
Observer notified!
Observer notified!
Observer notified!
Observer notified!
Observer notified!
Observer notified!
Observer notified!
Observer notified!
Observer notified!
Observer notified!
Observer notified!
Observer notified!
Observer notified!
Observer notified!
Observer notified!
Observer notified!
Observer notified!
Observer notified!
Observer notified!
Observer notified!
Observer notified!
Observer notified!
Observer notified!
Observer notified!
Observer notified!
Observer notified!
Observer notified!
Observer notified!
Observer notified!
Observer notified!
Observer notified!
Observer notified!
Observer notified!
Observer notified!
Observer notified!
Observer notified!
Observer notified!
Observer notified!
Observer notified!
Observer notified!
Observer notified!
Observer notified!
Observer notified!
Observer notified!
Observer notified!
Observer notified!
Observer notified!
Observer notified!
Observer notified!
Observer notified!
Observer notified!
Observer notified!
Observer notified!
Observer notified!
Observer notified!
Observer notified!
Observer notified!
Observer notified!
Observer notified!
Observer notified!
Observer notified!
Observer notified!
Observer notified!
Observer notified!
Observer notified!
Observer notified!
Observer notified!
Observer notified!
Observer notified!
Observer notified!
Observer notified!
Observer notified!
Observer notified!
Observer notified!
Observer notified!
Observer notified!
Observer notified!
Observer notified!
Observer notified!
Observer notified!
Observer notified!
Observer notified!
Observer notified!
Observer notified!
Observer notified!
Observer notified!
Observer notified!
Observer notified!
Observer notified!
Observer notified!
Observer notified!
Observer notified!
Observer notified!
Observer notified!
Observer notified!
Observer notified!
Observer notified!
Observer notified!
Observer notified!
Observer notified!
Observer notified!
Observer notified!
Observer notified!
Observer notified!
Observer notified!
Observer notified!
Observer notified!
Observer notified!
Observer notified!
Observer notified!
Observer notified!
Observer notified!
Observer notified!
Observer notified!
Observer notified!
Observer notified!
Observer notified!
Observer notified!
Observer notified!
Observer notified!
Observer notified!
Observer notified!
Observer notified!
Observer notified!
Observer notified!
Observer notified!
Observer notified!
Observer notified!
Observer notified!
Observer notified!
Observer notified!
Observer notified!
Observer notified!
Observer notified!
Observer notified!
Observer notified!
Observer notified!
Observer notified!
Observer notified!
Observer notified!
Observer notified!
Observer notified!
Observer notified!
Observer notified!
Observer notified!
Observer notified!
Observer notified!
Observer notified!
Observer notified!
Observer notified!
Observer notified!
Observer notified!
Observer notified!
Observer notified!
Observer notified!
Observer notified!
Observer notified!
Observer notified!
Observer notified!
Observer notified!
Observer notified!
Observer notified!
Observer notified!
Observer notified!
Observer notified!
Observer notified!
Observer notified!
Observer notified!
Observer notified!
Observer notified!
Observer notified!
Observer notified!
Observer notified!
Observer notified!
Observer notified!
Observer notified!
Observer notified!
Observer notified!
Observer notified!
Observer notified!
Observer notified!
Observer notified!
Observer notified!
Observer notified!
Observer notified!
Observer notified!
Observer notified!
Observer notified!
Observer notified!
Observer notified!
Observer notified!
Observer notified!
Observer notified!
Observer notified!
Observer notified!
Observer notified!
Observer notified!
Observer notified!
Observer notified!
Observer notified!
Observer notified!
Observer notified!
Observer notified!
Observer notified!
Observer notified!
Observer notified!
Observer notified!
Observer notified!
Observer notified!
Observer notified!
Observer notified!
Observer notified!
Observer notified!
Observer notified!
Observer notified!
Observer notified!
Observer notified!
Observer notified!
Observer notified!
Observer notified!
Observer notified!
Observer notified!
Observer notified!
Observer notified!
Observer notified!
Observer notified!
Observer notified!
Observer notified!
Observer notified!
Observer notified!
Observer notified!
Observer notified!
Observer notified!
Observer notified!
Observer notified!
Observer notified!
Observer notified!
Observer notified!
Observer notified!
Observer notified!
Observer notified!
Observer notified!
Observer notified!
Observer notified!
Observer notified!
Observer notified!
Observer notified!
Observer notified!
Observer notified!
Observer notified!
Observer notified!
Observer notified!
Observer notified!
Observer notified!
Observer notified!
Observer notified!
Observer notified!
Observer notified!
Observer notified!
Observer notified!
Observer notified!
Observer notified!
Observer notified!
Observer notified!
Observer notified!
Observer notified!
Observer notified!
Observer notified!
Observer notified!
Observer notified!
Observer notified!
Observer notified!
Observer notified!
Observer notified!
Observer notified!
Observer notified!
Observer notified!
Observer notified!
Observer notified!
Observer notified!
Observer notified!
Observer notified!
Observer notified!
Observer notified!
Observer notified!
Observer notified!
Observer notified!
Observer notified!
Observer notified!
Observer notified!
Observer notified!
Observer notified!
Observer notified!
Observer notified!
Observer notified!
Observer notified!
Observer notified!
Observer notified!
Observer notified!
Observer notified!
Observer notified!
Observer notified!
Observer notified!
Observer notified!
Observer notified!
Observer notified!
Observer notified!
Observer notified!
Observer notified!
Observer notified!
Observer notified!
Observer notified!
Observer notified!
Observer notified!
Observer notified!
Observer notified!
Observer notified!
Observer notified!
Observer notified!
Observer notified!
Observer notified!
Observer notified!
Observer notified!
Observer notified!
Observer notified!
Observer notified!
Observer notified!
Observer notified!
Observer notified!
Observer notified!
Observer notified!
Observer notified!
Observer notified!
Observer notified!
Observer notified!
Observer notified!
Observer notified!
Observer notified!
Observer notified!
Observer notified!
Observer notified!
Observer notified!
Observer notified!
Observer notified!
Observer notified!
Observer notified!
Observer notified!
Observer notified!
Observer notified!
Observer notified!
Observer notified!
Observer notified!
Observer notified!
Observer notified!
Observer notified!
Observer notified!
Observer notified!
Observer notified!
Observer notified!
Observer notified!
Observer notified!
Observer notified!
Observer notified!
Observer notified!
Observer notified!
Observer notified!</StdOut>
        <ErrorInfo>
          <Message>Die TestAnwendungskern.IBesucherTest.CreateTestData-Methode für die Initialisierung hat eine Ausnahme ausgelöst. System.NullReferenceException: System.NullReferenceException: Der Objektverweis wurde nicht auf eine Objektinstanz festgelegt..</Message>
          <StackTrace>    bei TestAnwendungskern.IBesucherTest.CreateTestData() in C:\Users\André\Documents\SePraktikum\SEPraktikum\TestAnwendungskern\IBesucherTest.cs:Zeile 105.
</StackTrace>
        </ErrorInfo>
      </Output>
    </UnitTestResult>
    <UnitTestResult executionId="84d9a669-1d13-4500-97c2-b915f4a4d1a1" testId="c198eafe-a4ed-d557-9046-342453b9c13e" testName="GetVerfügbareSitzplätzeFürVorstellungTest" computerName="ANDRÉ-PC" duration="00:00:00.0075528" startTime="2011-06-02T23:57:22.7395659+02:00" endTime="2011-06-02T23:57:22.7885687+02:00" testType="13cdc9d9-ddb5-4fa4-a97d-d965ccfc6d4b" outcome="Failed" testListId="8c84fa94-04c1-424b-9868-57a2d4851a1d" relativeResultsDirectory="84d9a669-1d13-4500-97c2-b915f4a4d1a1">
      <Output>
        <StdOut>Observer notified!
Observer notified!
Observer notified!
Observer notified!
Observer notified!
Observer notified!
Observer notified!
Observer notified!
Observer notified!
Observer notified!
Observer notified!
Observer notified!
Observer notified!
Observer notified!
Observer notified!
Observer notified!
Observer notified!
Observer notified!
Observer notified!
Observer notified!
Observer notified!
Observer notified!
Observer notified!
Observer notified!
Observer notified!
Observer notified!
Observer notified!
Observer notified!
Observer notified!
Observer notified!
Observer notified!
Observer notified!
Observer notified!
Observer notified!
Observer notified!
Observer notified!
Observer notified!
Observer notified!
Observer notified!
Observer notified!
Observer notified!
Observer notified!
Observer notified!
Observer notified!
Observer notified!
Observer notified!
Observer notified!
Observer notified!
Observer notified!
Observer notified!
Observer notified!
Observer notified!
Observer notified!
Observer notified!
Observer notified!
Observer notified!
Observer notified!
Observer notified!
Observer notified!
Observer notified!
Observer notified!
Observer notified!
Observer notified!
Observer notified!
Observer notified!
Observer notified!
Observer notified!
Observer notified!
Observer notified!
Observer notified!
Observer notified!
Observer notified!
Observer notified!
Observer notified!
Observer notified!
Observer notified!
Observer notified!
Observer notified!
Observer notified!
Observer notified!
Observer notified!
Observer notified!
Observer notified!
Observer notified!
Observer notified!
Observer notified!
Observer notified!
Observer notified!
Observer notified!
Observer notified!
Observer notified!
Observer notified!
Observer notified!
Observer notified!
Observer notified!
Observer notified!
Observer notified!
Observer notified!
Observer notified!
Observer notified!
Observer notified!
Observer notified!
Observer notified!
Observer notified!
Observer notified!
Observer notified!
Observer notified!
Observer notified!
Observer notified!
Observer notified!
Observer notified!
Observer notified!
Observer notified!
Observer notified!
Observer notified!
Observer notified!
Observer notified!
Observer notified!
Observer notified!
Observer notified!
Observer notified!
Observer notified!
Observer notified!
Observer notified!
Observer notified!
Observer notified!
Observer notified!
Observer notified!
Observer notified!
Observer notified!
Observer notified!
Observer notified!
Observer notified!
Observer notified!
Observer notified!
Observer notified!
Observer notified!
Observer notified!
Observer notified!
Observer notified!
Observer notified!
Observer notified!
Observer notified!
Observer notified!
Observer notified!
Observer notified!
Observer notified!
Observer notified!
Observer notified!
Observer notified!
Observer notified!
Observer notified!
Observer notified!
Observer notified!
Observer notified!
Observer notified!
Observer notified!
Observer notified!
Observer notified!
Observer notified!
Observer notified!
Observer notified!
Observer notified!
Observer notified!
Observer notified!
Observer notified!
Observer notified!
Observer notified!
Observer notified!
Observer notified!
Observer notified!
Observer notified!
Observer notified!
Observer notified!
Observer notified!
Observer notified!
Observer notified!
Observer notified!
Observer notified!
Observer notified!
Observer notified!
Observer notified!
Observer notified!
Observer notified!
Observer notified!
Observer notified!
Observer notified!
Observer notified!
Observer notified!
Observer notified!
Observer notified!
Observer notified!
Observer notified!
Observer notified!
Observer notified!
Observer notified!
Observer notified!
Observer notified!
Observer notified!
Observer notified!
Observer notified!
Observer notified!
Observer notified!
Observer notified!
Observer notified!
Observer notified!
Observer notified!
Observer notified!
Observer notified!
Observer notified!
Observer notified!
Observer notified!
Observer notified!
Observer notified!
Observer notified!
Observer notified!
Observer notified!
Observer notified!
Observer notified!
Observer notified!
Observer notified!
Observer notified!
Observer notified!
Observer notified!
Observer notified!
Observer notified!
Observer notified!
Observer notified!
Observer notified!
Observer notified!
Observer notified!
Observer notified!
Observer notified!
Observer notified!
Observer notified!
Observer notified!
Observer notified!
Observer notified!
Observer notified!
Observer notified!
Observer notified!
Observer notified!
Observer notified!
Observer notified!
Observer notified!
Observer notified!
Observer notified!
Observer notified!
Observer notified!
Observer notified!
Observer notified!
Observer notified!
Observer notified!
Observer notified!
Observer notified!
Observer notified!
Observer notified!
Observer notified!
Observer notified!
Observer notified!
Observer notified!
Observer notified!
Observer notified!
Observer notified!
Observer notified!
Observer notified!
Observer notified!
Observer notified!
Observer notified!
Observer notified!
Observer notified!
Observer notified!
Observer notified!
Observer notified!
Observer notified!
Observer notified!
Observer notified!
Observer notified!
Observer notified!
Observer notified!
Observer notified!
Observer notified!
Observer notified!
Observer notified!
Observer notified!
Observer notified!
Observer notified!
Observer notified!
Observer notified!
Observer notified!
Observer notified!
Observer notified!
Observer notified!
Observer notified!
Observer notified!
Observer notified!
Observer notified!
Observer notified!
Observer notified!
Observer notified!
Observer notified!
Observer notified!
Observer notified!
Observer notified!
Observer notified!
Observer notified!
Observer notified!
Observer notified!
Observer notified!
Observer notified!
Observer notified!
Observer notified!
Observer notified!
Observer notified!
Observer notified!
Observer notified!
Observer notified!
Observer notified!
Observer notified!
Observer notified!
Observer notified!
Observer notified!
Observer notified!
Observer notified!
Observer notified!
Observer notified!
Observer notified!
Observer notified!
Observer notified!
Observer notified!
Observer notified!
Observer notified!
Observer notified!
Observer notified!
Observer notified!
Observer notified!
Observer notified!
Observer notified!
Observer notified!
Observer notified!
Observer notified!
Observer notified!
Observer notified!
Observer notified!
Observer notified!
Observer notified!
Observer notified!
Observer notified!
Observer notified!
Observer notified!
Observer notified!
Observer notified!
Observer notified!
Observer notified!
Observer notified!
Observer notified!
Observer notified!
Observer notified!
Observer notified!
Observer notified!
Observer notified!
Observer notified!
Observer notified!
Observer notified!
Observer notified!
Observer notified!
Observer notified!
Observer notified!
Observer notified!
Observer notified!
Observer notified!
Observer notified!
Observer notified!
Observer notified!
Observer notified!
Observer notified!
Observer notified!
Observer notified!
Observer notified!
Observer notified!
Observer notified!
Observer notified!
Observer notified!
Observer notified!
Observer notified!
Observer notified!
Observer notified!
Observer notified!
Observer notified!
Observer notified!
Observer notified!
Observer notified!
Observer notified!
Observer notified!
Observer notified!
Observer notified!
Observer notified!
Observer notified!
Observer notified!
Observer notified!
Observer notified!
Observer notified!
Observer notified!
Observer notified!
Observer notified!
Observer notified!
Observer notified!
Observer notified!
Observer notified!
Observer notified!
Observer notified!
Observer notified!
Observer notified!
Observer notified!
Observer notified!
Observer notified!
Observer notified!
Observer notified!
Observer notified!
Observer notified!
Observer notified!
Observer notified!
Observer notified!
Observer notified!
Observer notified!
Observer notified!
Observer notified!
Observer notified!
Observer notified!
Observer notified!
Observer notified!
Observer notified!
Observer notified!
Observer notified!
Observer notified!
Observer notified!
Observer notified!
Observer notified!
Observer notified!
Observer notified!
Observer notified!
Observer notified!
Observer notified!
Observer notified!
Observer notified!
Observer notified!
Observer notified!
Observer notified!
Observer notified!
Observer notified!
Observer notified!
Observer notified!
Observer notified!
Observer notified!
Observer notified!
Observer notified!
Observer notified!
Observer notified!
Observer notified!
Observer notified!
Observer notified!
Observer notified!
Observer notified!
Observer notified!
Observer notified!
Observer notified!
Observer notified!
Observer notified!
Observer notified!
Observer notified!
Observer notified!
Observer notified!
Observer notified!
Observer notified!
Observer notified!
Observer notified!
Observer notified!
Observer notified!
Observer notified!
Observer notified!
Observer notified!
Observer notified!
Observer notified!
Observer notified!
Observer notified!
Observer notified!
Observer notified!
Observer notified!
Observer notified!
Observer notified!
Observer notified!
Observer notified!
Observer notified!
Observer notified!
Observer notified!
Observer notified!
Observer notified!
Observer notified!
Observer notified!
Observer notified!
Observer notified!
Observer notified!
Observer notified!
Observer notified!
Observer notified!
Observer notified!
Observer notified!
Observer notified!
Observer notified!
Observer notified!
Observer notified!
Observer notified!
Observer notified!
Observer notified!
Observer notified!
Observer notified!
Observer notified!
Observer notified!
Observer notified!
Observer notified!
Observer notified!
Observer notified!
Observer notified!
Observer notified!
Observer notified!
Observer notified!
Observer notified!
Observer notified!
Observer notified!
Observer notified!
Observer notified!
Observer notified!
Observer notified!
Observer notified!
Observer notified!
Observer notified!
Observer notified!
Observer notified!
Observer notified!
Observer notified!
Observer notified!
Observer notified!
Observer notified!
Observer notified!
Observer notified!
Observer notified!
Observer notified!
Observer notified!
Observer notified!
Observer notified!
Observer notified!
Observer notified!
Observer notified!
Observer notified!
Observer notified!
Observer notified!
Observer notified!
Observer notified!
Observer notified!
Observer notified!
Observer notified!
Observer notified!
Observer notified!
Observer notified!
Observer notified!
Observer notified!
Observer notified!
Observer notified!
Observer notified!
Observer notified!
Observer notified!
Observer notified!
Observer notified!
Observer notified!
Observer notified!
Observer notified!
Observer notified!
Observer notified!
Observer notified!
Observer notified!
Observer notified!
Observer notified!
Observer notified!
Observer notified!
Observer notified!
Observer notified!
Observer notified!
Observer notified!
Observer notified!
Observer notified!
Observer notified!
Observer notified!
Observer notified!
Observer notified!
Observer notified!
Observer notified!
Observer notified!
Observer notified!
Observer notified!
Observer notified!
Observer notified!
Observer notified!
Observer notified!
Observer notified!
Observer notified!
Observer notified!
Observer notified!
Observer notified!
Observer notified!
Observer notified!
Observer notified!
Observer notified!
Observer notified!
Observer notified!
Observer notified!
Observer notified!
Observer notified!
Observer notified!
Observer notified!
Observer notified!
Observer notified!
Observer notified!
Observer notified!
Observer notified!
Observer notified!
Observer notified!
Observer notified!
Observer notified!
Observer notified!
Observer notified!
Observer notified!
Observer notified!
Observer notified!
Observer notified!
Observer notified!
Observer notified!
Observer notified!
Observer notified!
Observer notified!
Observer notified!
Observer notified!
Observer notified!
Observer notified!
Observer notified!
Observer notified!
Observer notified!
Observer notified!
Observer notified!
Observer notified!
Observer notified!
Observer notified!
Observer notified!
Observer notified!
Observer notified!
Observer notified!
Observer notified!
Observer notified!
Observer notified!
Observer notified!
Observer notified!
Observer notified!
Observer notified!
Observer notified!
Observer notified!
Observer notified!
Observer notified!
Observer notified!
Observer notified!
Observer notified!
Observer notified!
Observer notified!
Observer notified!
Observer notified!
Observer notified!
Observer notified!
Observer notified!
Observer notified!
Observer notified!
Observer notified!
Observer notified!
Observer notified!
Observer notified!
Observer notified!
Observer notified!
Observer notified!
Observer notified!
Observer notified!
Observer notified!
Observer notified!
Observer notified!
Observer notified!
Observer notified!
Observer notified!
Observer notified!
Observer notified!
Observer notified!
Observer notified!
Observer notified!
Observer notified!
Observer notified!
Observer notified!
Observer notified!
Observer notified!
Observer notified!
Observer notified!
Observer notified!
Observer notified!
Observer notified!
Observer notified!
Observer notified!
Observer notified!
Observer notified!
Observer notified!
Observer notified!
Observer notified!
Observer notified!
Observer notified!
Observer notified!
Observer notified!
Observer notified!
Observer notified!
Observer notified!
Observer notified!
Observer notified!
Observer notified!
Observer notified!
Observer notified!
Observer notified!
Observer notified!
Observer notified!
Observer notified!
Observer notified!
Observer notified!
Observer notified!
Observer notified!
Observer notified!
Observer notified!
Observer notified!
Observer notified!
Observer notified!
Observer notified!
Observer notified!
Observer notified!
Observer notified!
Observer notified!
Observer notified!
Observer notified!
Observer notified!
Observer notified!
Observer notified!
Observer notified!
Observer notified!
Observer notified!
Observer notified!
Observer notified!
Observer notified!
Observer notified!
Observer notified!
Observer notified!
Observer notified!
Observer notified!
Observer notified!
Observer notified!
Observer notified!
Observer notified!
Observer notified!
Observer notified!
Observer notified!
Observer notified!
Observer notified!
Observer notified!
Observer notified!
Observer notified!
Observer notified!
Observer notified!
Observer notified!
Observer notified!
Observer notified!
Observer notified!
Observer notified!
Observer notified!
Observer notified!
Observer notified!
Observer notified!
Observer notified!
Observer notified!
Observer notified!
Observer notified!
Observer notified!
Observer notified!
Observer notified!
Observer notified!
Observer notified!
Observer notified!
Observer notified!
Observer notified!
Observer notified!
Observer notified!
Observer notified!
Observer notified!
Observer notified!
Observer notified!
Observer notified!
Observer notified!
Observer notified!
Observer notified!
Observer notified!
Observer notified!
Observer notified!
Observer notified!
Observer notified!
Observer notified!
Observer notified!
Observer notified!
Observer notified!
Observer notified!
Observer notified!
Observer notified!
Observer notified!
Observer notified!
Observer notified!
Observer notified!
Observer notified!
Observer notified!
Observer notified!
Observer notified!
Observer notified!
Observer notified!
Observer notified!
Observer notified!
Observer notified!
Observer notified!
Observer notified!
Observer notified!
Observer notified!
Observer notified!
Observer notified!
Observer notified!
Observer notified!
Observer notified!
Observer notified!
Observer notified!
Observer notified!
Observer notified!
Observer notified!
Observer notified!
Observer notified!
Observer notified!
Observer notified!
Observer notified!
Observer notified!
Observer notified!
Observer notified!
Observer notified!
Observer notified!
Observer notified!
Observer notified!
Observer notified!
Observer notified!
Observer notified!
Observer notified!
Observer notified!
Observer notified!
Observer notified!
Observer notified!
Observer notified!
Observer notified!
Observer notified!
Observer notified!
Observer notified!
Observer notified!
Observer notified!
Observer notified!
Observer notified!
Observer notified!
Observer notified!
Observer notified!
Observer notified!
Observer notified!
Observer notified!
Observer notified!
Observer notified!
Observer notified!
Observer notified!
Observer notified!
Observer notified!
Observer notified!
Observer notified!
Observer notified!
Observer notified!
Observer notified!
Observer notified!
Observer notified!
Observer notified!
Observer notified!
Observer notified!
Observer notified!
Observer notified!
Observer notified!
Observer notified!
Observer notified!
Observer notified!
Observer notified!
Observer notified!
Observer notified!
Observer notified!
Observer notified!
Observer notified!
Observer notified!
Observer notified!
Observer notified!
Observer notified!
Observer notified!
Observer notified!
Observer notified!
Observer notified!
Observer notified!
Observer notified!
Observer notified!
Observer notified!
Observer notified!
Observer notified!
Observer notified!
Observer notified!
Observer notified!
Observer notified!
Observer notified!
Observer notified!
Observer notified!
Observer notified!
Observer notified!
Observer notified!
Observer notified!
Observer notified!
Observer notified!
Observer notified!
Observer notified!
Observer notified!
Observer notified!
Observer notified!
Observer notified!
Observer notified!
Observer notified!
Observer notified!
Observer notified!
Observer notified!
Observer notified!
Observer notified!
Observer notified!
Observer notified!
Observer notified!
Observer notified!
Observer notified!
Observer notified!
Observer notified!
Observer notified!
Observer notified!
Observer notified!
Observer notified!
Observer notified!
Observer notified!
Observer notified!
Observer notified!
Observer notified!
Observer notified!
Observer notified!
Observer notified!
Observer notified!
Observer notified!
Observer notified!
Observer notified!
Observer notified!
Observer notified!
Observer notified!
Observer notified!
Observer notified!
Observer notified!
Observer notified!
Observer notified!
Observer notified!
Observer notified!
Observer notified!
Observer notified!
Observer notified!
Observer notified!
Observer notified!
Observer notified!
Observer notified!
Observer notified!
Observer notified!
Observer notified!
Observer notified!
Observer notified!
Observer notified!
Observer notified!
Observer notified!
Observer notified!
Observer notified!
Observer notified!
Observer notified!
Observer notified!
Observer notified!
Observer notified!
Observer notified!
Observer notified!
Observer notified!
Observer notified!
Observer notified!
Observer notified!
Observer notified!
Observer notified!
Observer notified!
Observer notified!
Observer notified!
Observer notified!
Observer notified!
Observer notified!
Observer notified!
Observer notified!
Observer notified!
Observer notified!
Observer notified!
Observer notified!
Observer notified!
Observer notified!
Observer notified!
Observer notified!
Observer notified!
Observer notified!
Observer notified!
Observer notified!
Observer notified!
Observer notified!
Observer notified!
Observer notified!
Observer notified!
Observer notified!
Observer notified!
Observer notified!
Observer notified!
Observer notified!
Observer notified!
Observer notified!
Observer notified!
Observer notified!
Observer notified!
Observer notified!
Observer notified!
Observer notified!
Observer notified!
Observer notified!
Observer notified!
Observer notified!
Observer notified!
Observer notified!
Observer notified!
Observer notified!
Observer notified!
Observer notified!
Observer notified!
Observer notified!
Observer notified!
Observer notified!
Observer notified!
Observer notified!
Observer notified!
Observer notified!
Observer notified!
Observer notified!
Observer notified!
Observer notified!
Observer notified!
Observer notified!
Observer notified!
Observer notified!
Observer notified!
Observer notified!
Observer notified!
Observer notified!
Observer notified!
Observer notified!
Observer notified!
Observer notified!
Observer notified!
Observer notified!
Observer notified!
Observer notified!
Observer notified!
Observer notified!
Observer notified!
Observer notified!
Observer notified!
Observer notified!
Observer notified!
Observer notified!
Observer notified!
Observer notified!
Observer notified!
Observer notified!
Observer notified!
Observer notified!
Observer notified!
Observer notified!
Observer notified!
Observer notified!
Observer notified!
Observer notified!
Observer notified!
Observer notified!
Observer notified!
Observer notified!
Observer notified!
Observer notified!
Observer notified!
Observer notified!
Observer notified!
Observer notified!
Observer notified!
Observer notified!
Observer notified!
Observer notified!
Observer notified!
Observer notified!
Observer notified!
Observer notified!
Observer notified!
Observer notified!
Observer notified!
Observer notified!
Observer notified!
Observer notified!
Observer notified!
Observer notified!
Observer notified!
Observer notified!
Observer notified!
Observer notified!
Observer notified!
Observer notified!
Observer notified!
Observer notified!
Observer notified!
Observer notified!
Observer notified!
Observer notified!
Observer notified!
Observer notified!
Observer notified!
Observer notified!
Observer notified!
Observer notified!
Observer notified!
Observer notified!
Observer notified!
Observer notified!
Observer notified!
Observer notified!
Observer notified!
Observer notified!
Observer notified!
Observer notified!
Observer notified!
Observer notified!
Observer notified!
Observer notified!
Observer notified!
Observer notified!
Observer notified!
Observer notified!
Observer notified!
Observer notified!
Observer notified!
Observer notified!
Observer notified!
Observer notified!
Observer notified!
Observer notified!
Observer notified!
Observer notified!
Observer notified!
Observer notified!
Observer notified!
Observer notified!
Observer notified!
Observer notified!
Observer notified!
Observer notified!
Observer notified!
Observer notified!
Observer notified!
Observer notified!
Observer notified!
Observer notified!
Observer notified!
Observer notified!
Observer notified!
Observer notified!
Observer notified!
Observer notified!
Observer notified!
Observer notified!
Observer notified!
Observer notified!
Observer notified!
Observer notified!
Observer notified!
Observer notified!
Observer notified!
Observer notified!
Observer notified!
Observer notified!
Observer notified!
Observer notified!
Observer notified!
Observer notified!
Observer notified!
Observer notified!
Observer notified!
Observer notified!
Observer notified!
Observer notified!
Observer notified!
Observer notified!
Observer notified!
Observer notified!
Observer notified!
Observer notified!
Observer notified!
Observer notified!
Observer notified!
Observer notified!
Observer notified!
Observer notified!
Observer notified!
Observer notified!
Observer notified!
Observer notified!
Observer notified!
Observer notified!
Observer notified!
Observer notified!
Observer notified!
Observer notified!
Observer notified!
Observer notified!
Observer notified!
Observer notified!
Observer notified!
Observer notified!
Observer notified!
Observer notified!
Observer notified!
Observer notified!
Observer notified!
Observer notified!
Observer notified!
Observer notified!
Observer notified!
Observer notified!
Observer notified!
Observer notified!
Observer notified!
Observer notified!
Observer notified!
Observer notified!
Observer notified!
Observer notified!
Observer notified!
Observer notified!
Observer notified!
Observer notified!
Observer notified!
Observer notified!
Observer notified!
Observer notified!
Observer notified!
Observer notified!
Observer notified!
Observer notified!
Observer notified!
Observer notified!
Observer notified!
Observer notified!
Observer notified!
Observer notified!
Observer notified!
Observer notified!
Observer notified!
Observer notified!
Observer notified!
Observer notified!
Observer notified!
Observer notified!
Observer notified!
Observer notified!
Observer notified!
Observer notified!
Observer notified!
Observer notified!
Observer notified!
Observer notified!
Observer notified!
Observer notified!
Observer notified!</StdOut>
        <ErrorInfo>
          <Message>Die TestAnwendungskern.IBesucherTest.CreateTestData-Methode für die Initialisierung hat eine Ausnahme ausgelöst. System.NullReferenceException: System.NullReferenceException: Der Objektverweis wurde nicht auf eine Objektinstanz festgelegt..</Message>
          <StackTrace>    bei TestAnwendungskern.IBesucherTest.CreateTestData() in C:\Users\André\Documents\SePraktikum\SEPraktikum\TestAnwendungskern\IBesucherTest.cs:Zeile 105.
</StackTrace>
        </ErrorInfo>
      </Output>
    </UnitTestResult>
  </Results>
</TestRun>