<?xml version="1.0" encoding="UTF-8"?>
<TestRun id="d187284f-88b8-4cea-84f8-fc130bf72144" name="André@ANDRÉ-PC 2011-06-03 00:28:45" runUser="André-PC\André" xmlns="http://microsoft.com/schemas/VisualStudio/TeamTest/2010">
  <TestSettings name="Local" id="34c90c0c-7cf7-4a65-ad1c-99e51f398dd8">
    <Description>These are default test settings for a local test run.</Description>
    <Deployment enabled="false" runDeploymentRoot="André_ANDRÉ-PC 2011-06-03 00_28_45">
      <DeploymentItem filename="C:\Users\André\Documents\SePraktikum\SEPraktikum\Base\bin\Debug\Base.dll" />
      <DeploymentItem filename="C:\Users\André\Documents\SePraktikum\SEPraktikum\Cinema\bin\Debug\Cinema.dll" />
      <DeploymentItem filename="C:\Users\André\Documents\SePraktikum\SEPraktikum\TicketOperations\bin\Debug\Kinokarten.dll" />
      <DeploymentItem filename="C:\Users\André\Documents\SePraktikum\SEPraktikum\Users\bin\Debug\Users.dll" />
      <DeploymentItem filename="C:\Users\André\Documents\SePraktikum\SEPraktikum\Database\bin\Debug\Database.dll" />
      <DeploymentItem filename="C:\Users\André\Documents\SePraktikum\SEPraktikum\SystemAdministration\bin\Debug\SystemAdministration.dll" />
      <DeploymentItem filename="C:\Users\André\Documents\SePraktikum\SEPraktikum\Anwendungskern\bin\Debug\Fassade.dll" />
    </Deployment>
    <Execution>
      <TestTypeSpecific />
      <AgentRule name="Execution Agents">
      </AgentRule>
    </Execution>
  </TestSettings>
  <Times creation="2011-06-03T00:28:45.5922589+02:00" queuing="2011-06-03T00:28:45.6122601+02:00" start="2011-06-03T00:28:45.8292725+02:00" finish="2011-06-03T00:28:46.5543139+02:00" />
  <ResultSummary outcome="Completed">
    <Counters total="1" executed="1" passed="1" error="0" failed="0" timeout="0" aborted="0" inconclusive="0" passedButRunAborted="0" notRunnable="0" notExecuted="0" disconnected="0" warning="0" completed="0" inProgress="0" pending="0" />
  </ResultSummary>
  <TestDefinitions>
    <UnitTest name="KinokarteReservierenTest" storage="c:\users\andré\documents\sepraktikum\sepraktikum\testanwendungskern\bin\debug\testanwendungskern.dll" id="518cfcbf-c066-45d2-d0c8-3e54839daf71">
      <Execution id="c437bc3e-3401-4aa5-8045-63bf1cd02537" />
      <TestMethod codeBase="C:/Users/André/Documents/SePraktikum/SEPraktikum/TestAnwendungskern/bin/Debug/TestAnwendungskern.DLL" adapterTypeName="Microsoft.VisualStudio.TestTools.TestTypes.Unit.UnitTestAdapter, Microsoft.VisualStudio.QualityTools.Tips.UnitTest.Adapter, Version=10.0.0.0, Culture=neutral, PublicKeyToken=b03f5f7f11d50a3a" className="TestAnwendungskern.IBesucherTest, TestAnwendungskern, Version=1.0.0.0, Culture=neutral, PublicKeyToken=null" name="KinokarteReservierenTest" />
    </UnitTest>
  </TestDefinitions>
  <TestLists>
    <TestList name="Nicht in einer Liste enthaltene Ergebnisse" id="8c84fa94-04c1-424b-9868-57a2d4851a1d" />
    <TestList name="Alle geladenen Ergebnisse" id="19431567-8539-422a-85d7-44ee4e166bda" />
  </TestLists>
  <TestEntries>
    <TestEntry testId="518cfcbf-c066-45d2-d0c8-3e54839daf71" executionId="c437bc3e-3401-4aa5-8045-63bf1cd02537" testListId="8c84fa94-04c1-424b-9868-57a2d4851a1d" />
  </TestEntries>
  <Results>
    <UnitTestResult executionId="c437bc3e-3401-4aa5-8045-63bf1cd02537" testId="518cfcbf-c066-45d2-d0c8-3e54839daf71" testName="KinokarteReservierenTest" computerName="ANDRÉ-PC" duration="00:00:00.1016180" startTime="2011-06-03T00:28:46.1132887+02:00" endTime="2011-06-03T00:28:46.5333127+02:00" testType="13cdc9d9-ddb5-4fa4-a97d-d965ccfc6d4b" outcome="Passed" testListId="8c84fa94-04c1-424b-9868-57a2d4851a1d" relativeResultsDirectory="c437bc3e-3401-4aa5-8045-63bf1cd02537">
      <Output>
        <StdOut>Observer notified!
Observer notified!
Observer notified!
Observer notified!
Observer notified!
Observer notified!
Observer notified!
Observer notified!
Observer notified!
Observer notified!
Observer notified!
Observer notified!
Observer notified!
Observer notified!
Observer notified!
Observer notified!
Observer notified!
Observer notified!
Observer notified!
Observer notified!
Observer notified!
Observer notified!
Observer notified!
Observer notified!
Observer notified!
Observer notified!
Observer notified!
Observer notified!
Observer notified!
Observer notified!
Observer notified!
Observer notified!
Observer notified!
Observer notified!
Observer notified!
Observer notified!
Observer notified!
Observer notified!
Observer notified!
Observer notified!
Observer notified!
Observer notified!
Observer notified!
Observer notified!
Observer notified!
Observer notified!
Observer notified!
Observer notified!
Observer notified!
Observer notified!
Observer notified!
Observer notified!
Observer notified!
Observer notified!
Observer notified!
Observer notified!
Observer notified!
Observer notified!
Observer notified!
Observer notified!
Observer notified!
Observer notified!
Observer notified!
Observer notified!
Observer notified!
Observer notified!
Observer notified!
Observer notified!
Observer notified!
Observer notified!
Observer notified!
Observer notified!
Observer notified!
Observer notified!
Observer notified!
Observer notified!
Observer notified!
Observer notified!
Observer notified!
Observer notified!
Observer notified!
Observer notified!
Observer notified!
Observer notified!
Observer notified!
Observer notified!
Observer notified!
Observer notified!
Observer notified!
Observer notified!
Observer notified!
Observer notified!
Observer notified!
Observer notified!
Observer notified!
Observer notified!
Observer notified!
Observer notified!
Observer notified!
Observer notified!
Observer notified!
Observer notified!
Observer notified!
Observer notified!
Observer notified!
Observer notified!
Observer notified!
Observer notified!
Observer notified!
Observer notified!
Observer notified!
Observer notified!
Observer notified!
Observer notified!
Observer notified!
Observer notified!
Observer notified!
Observer notified!
Observer notified!
Observer notified!
Observer notified!
Observer notified!
Observer notified!
Observer notified!
Observer notified!
Observer notified!
Observer notified!
Observer notified!
Observer notified!
Observer notified!
Observer notified!
Observer notified!
Observer notified!
Observer notified!
Observer notified!
Observer notified!
Observer notified!
Observer notified!
Observer notified!
Observer notified!
Observer notified!
Observer notified!
Observer notified!
Observer notified!
Observer notified!
Observer notified!
Observer notified!
Observer notified!
Observer notified!
Observer notified!
Observer notified!
Observer notified!
Observer notified!
Observer notified!
Observer notified!
Observer notified!
Observer notified!
Observer notified!
Observer notified!
Observer notified!
Observer notified!
Observer notified!
Observer notified!
Observer notified!
Observer notified!
Observer notified!
Observer notified!
Observer notified!
Observer notified!
Observer notified!
Observer notified!
Observer notified!
Observer notified!
Observer notified!
Observer notified!
Observer notified!
Observer notified!
Observer notified!
Observer notified!
Observer notified!
Observer notified!
Observer notified!
Observer notified!
Observer notified!
Observer notified!
Observer notified!
Observer notified!
Observer notified!
Observer notified!
Observer notified!
Observer notified!
Observer notified!
Observer notified!
Observer notified!
Observer notified!
Observer notified!
Observer notified!
Observer notified!
Observer notified!
Observer notified!
Observer notified!
Observer notified!
Observer notified!
Observer notified!
Observer notified!
Observer notified!
Observer notified!
Observer notified!
Observer notified!
Observer notified!
Observer notified!
Observer notified!
Observer notified!
Observer notified!
Observer notified!
Observer notified!
Observer notified!
Observer notified!
Observer notified!
Observer notified!
Observer notified!
Observer notified!
Observer notified!
Observer notified!
Observer notified!
Observer notified!
Observer notified!
Observer notified!
Observer notified!
Observer notified!
Observer notified!
Observer notified!
Observer notified!
Observer notified!
Observer notified!
Observer notified!
Observer notified!
Observer notified!
Observer notified!
Observer notified!
Observer notified!
Observer notified!
Observer notified!
Observer notified!
Observer notified!
Observer notified!
Observer notified!
Observer notified!
Observer notified!
Observer notified!
Observer notified!
Observer notified!
Observer notified!
Observer notified!
Observer notified!
Observer notified!
Observer notified!
Observer notified!
Observer notified!
Observer notified!
Observer notified!
Observer notified!
Observer notified!
Observer notified!
Observer notified!
Observer notified!
Observer notified!
Observer notified!
Observer notified!
Observer notified!
Observer notified!
Observer notified!
Observer notified!
Observer notified!
Observer notified!
Observer notified!
Observer notified!
Observer notified!
Observer notified!
Observer notified!
Observer notified!
Observer notified!
Observer notified!
Observer notified!
Observer notified!
Observer notified!
Observer notified!
Observer notified!
Observer notified!
Observer notified!
Observer notified!
Observer notified!
Observer notified!
Observer notified!
Observer notified!
Observer notified!
Observer notified!
Blockiert!
Observer notified!
Observer notified!
Observer notified!
Observer notified!
Observer notified!
Observer notified!
Observer notified!
Observer notified!
Observer notified!
Observer notified!
Observer notified!
Observer notified!
Observer notified!
Observer notified!
Observer notified!</StdOut>
      </Output>
    </UnitTestResult>
  </Results>
</TestRun>