<?xml version="1.0" encoding="UTF-8"?>
<TestRun id="ef7ae1cb-947c-4e5b-8686-ad894613eae8" name="André@ANDRÉ-PC 2011-06-03 00:28:01" runUser="André-PC\André" xmlns="http://microsoft.com/schemas/VisualStudio/TeamTest/2010">
  <TestSettings name="Local" id="34c90c0c-7cf7-4a65-ad1c-99e51f398dd8">
    <Description>These are default test settings for a local test run.</Description>
    <Deployment enabled="false" runDeploymentRoot="André_ANDRÉ-PC 2011-06-03 00_28_01">
      <DeploymentItem filename="C:\Users\André\Documents\SePraktikum\SEPraktikum\Base\bin\Debug\Base.dll" />
      <DeploymentItem filename="C:\Users\André\Documents\SePraktikum\SEPraktikum\Cinema\bin\Debug\Cinema.dll" />
      <DeploymentItem filename="C:\Users\André\Documents\SePraktikum\SEPraktikum\TicketOperations\bin\Debug\Kinokarten.dll" />
      <DeploymentItem filename="C:\Users\André\Documents\SePraktikum\SEPraktikum\Users\bin\Debug\Users.dll" />
      <DeploymentItem filename="C:\Users\André\Documents\SePraktikum\SEPraktikum\Database\bin\Debug\Database.dll" />
      <DeploymentItem filename="C:\Users\André\Documents\SePraktikum\SEPraktikum\SystemAdministration\bin\Debug\SystemAdministration.dll" />
      <DeploymentItem filename="C:\Users\André\Documents\SePraktikum\SEPraktikum\Anwendungskern\bin\Debug\Fassade.dll" />
    </Deployment>
    <Execution>
      <TestTypeSpecific />
      <AgentRule name="Execution Agents">
      </AgentRule>
    </Execution>
  </TestSettings>
  <Times creation="2011-06-03T00:28:01.9197610+02:00" queuing="2011-06-03T00:28:02.8408137+02:00" start="2011-06-03T00:28:03.0198239+02:00" finish="2011-06-03T00:28:04.3619007+02:00" />
  <ResultSummary outcome="Failed">
    <Counters total="8" executed="8" passed="5" error="0" failed="3" timeout="0" aborted="0" inconclusive="0" passedButRunAborted="0" notRunnable="0" notExecuted="0" disconnected="0" warning="0" completed="0" inProgress="0" pending="0" />
  </ResultSummary>
  <TestDefinitions>
    <UnitTest name="ÜberprüfeVerfügbarkeitVonSitzplatzTest" storage="c:\users\andré\documents\sepraktikum\sepraktikum\testanwendungskern\bin\debug\testanwendungskern.dll" id="36719f29-756a-96b5-0369-b384c1ccdcdb">
      <Execution id="778216af-50f2-41c8-95a3-e7858ba2eed0" />
      <TestMethod codeBase="C:/Users/André/Documents/SePraktikum/SEPraktikum/TestAnwendungskern/bin/Debug/TestAnwendungskern.DLL" adapterTypeName="Microsoft.VisualStudio.TestTools.TestTypes.Unit.UnitTestAdapter, Microsoft.VisualStudio.QualityTools.Tips.UnitTest.Adapter, Version=10.0.0.0, Culture=neutral, PublicKeyToken=b03f5f7f11d50a3a" className="TestAnwendungskern.IBesucherTest, TestAnwendungskern, Version=1.0.0.0, Culture=neutral, PublicKeyToken=null" name="ÜberprüfeVerfügbarkeitVonSitzplatzTest" />
    </UnitTest>
    <UnitTest name="GetVerfügbareSitzplätzeFürVorstellungTest" storage="c:\users\andré\documents\sepraktikum\sepraktikum\testanwendungskern\bin\debug\testanwendungskern.dll" id="c198eafe-a4ed-d557-9046-342453b9c13e">
      <Execution id="0bc3bae5-a552-4df0-942e-3f8e94d596f3" />
      <TestMethod codeBase="C:/Users/André/Documents/SePraktikum/SEPraktikum/TestAnwendungskern/bin/Debug/TestAnwendungskern.DLL" adapterTypeName="Microsoft.VisualStudio.TestTools.TestTypes.Unit.UnitTestAdapter, Microsoft.VisualStudio.QualityTools.Tips.UnitTest.Adapter, Version=10.0.0.0, Culture=neutral, PublicKeyToken=b03f5f7f11d50a3a" className="TestAnwendungskern.IBesucherTest, TestAnwendungskern, Version=1.0.0.0, Culture=neutral, PublicKeyToken=null" name="GetVerfügbareSitzplätzeFürVorstellungTest" />
    </UnitTest>
    <UnitTest name="BlockiereSitzplatzTest" storage="c:\users\andré\documents\sepraktikum\sepraktikum\testanwendungskern\bin\debug\testanwendungskern.dll" id="4254608d-0f37-676d-9886-204339feb876">
      <Execution id="6a56839a-1154-4d44-997a-9616799b6e9f" />
      <TestMethod codeBase="C:/Users/André/Documents/SePraktikum/SEPraktikum/TestAnwendungskern/bin/Debug/TestAnwendungskern.DLL" adapterTypeName="Microsoft.VisualStudio.TestTools.TestTypes.Unit.UnitTestAdapter, Microsoft.VisualStudio.QualityTools.Tips.UnitTest.Adapter, Version=10.0.0.0, Culture=neutral, PublicKeyToken=b03f5f7f11d50a3a" className="TestAnwendungskern.IBesucherTest, TestAnwendungskern, Version=1.0.0.0, Culture=neutral, PublicKeyToken=null" name="BlockiereSitzplatzTest" />
    </UnitTest>
    <UnitTest name="SendeEmailMitReservierungsnummerTest" storage="c:\users\andré\documents\sepraktikum\sepraktikum\testanwendungskern\bin\debug\testanwendungskern.dll" id="4a7b68ff-3e8b-604f-c2e8-36fe15739554">
      <Execution id="d53bf3df-2193-4113-9608-e6c2e80835d6" />
      <TestMethod codeBase="C:/Users/André/Documents/SePraktikum/SEPraktikum/TestAnwendungskern/bin/Debug/TestAnwendungskern.DLL" adapterTypeName="Microsoft.VisualStudio.TestTools.TestTypes.Unit.UnitTestAdapter, Microsoft.VisualStudio.QualityTools.Tips.UnitTest.Adapter, Version=10.0.0.0, Culture=neutral, PublicKeyToken=b03f5f7f11d50a3a" className="TestAnwendungskern.IBesucherTest, TestAnwendungskern, Version=1.0.0.0, Culture=neutral, PublicKeyToken=null" name="SendeEmailMitReservierungsnummerTest" />
    </UnitTest>
    <UnitTest name="PrüfeAltersfreigabeTest" storage="c:\users\andré\documents\sepraktikum\sepraktikum\testanwendungskern\bin\debug\testanwendungskern.dll" id="52185796-2002-4825-0b6e-8e610f86417b">
      <Execution id="0ad20af4-e701-4c9c-a3e8-df3bb600b357" />
      <TestMethod codeBase="C:/Users/André/Documents/SePraktikum/SEPraktikum/TestAnwendungskern/bin/Debug/TestAnwendungskern.DLL" adapterTypeName="Microsoft.VisualStudio.TestTools.TestTypes.Unit.UnitTestAdapter, Microsoft.VisualStudio.QualityTools.Tips.UnitTest.Adapter, Version=10.0.0.0, Culture=neutral, PublicKeyToken=b03f5f7f11d50a3a" className="TestAnwendungskern.IBesucherTest, TestAnwendungskern, Version=1.0.0.0, Culture=neutral, PublicKeyToken=null" name="PrüfeAltersfreigabeTest" />
    </UnitTest>
    <UnitTest name="BlockierungFürSitzplatzAufhebenTest" storage="c:\users\andré\documents\sepraktikum\sepraktikum\testanwendungskern\bin\debug\testanwendungskern.dll" id="7a1b28bd-84d3-0261-67dc-3e8c3cac9985">
      <Execution id="76aa6d9f-df07-4c1d-8087-017f830b7d27" />
      <TestMethod codeBase="C:/Users/André/Documents/SePraktikum/SEPraktikum/TestAnwendungskern/bin/Debug/TestAnwendungskern.DLL" adapterTypeName="Microsoft.VisualStudio.TestTools.TestTypes.Unit.UnitTestAdapter, Microsoft.VisualStudio.QualityTools.Tips.UnitTest.Adapter, Version=10.0.0.0, Culture=neutral, PublicKeyToken=b03f5f7f11d50a3a" className="TestAnwendungskern.IBesucherTest, TestAnwendungskern, Version=1.0.0.0, Culture=neutral, PublicKeyToken=null" name="BlockierungFürSitzplatzAufhebenTest" />
    </UnitTest>
    <UnitTest name="GetPreisFürKinokarteTest" storage="c:\users\andré\documents\sepraktikum\sepraktikum\testanwendungskern\bin\debug\testanwendungskern.dll" id="07667d6f-9584-b31f-7054-5d8d3aa89b45">
      <Execution id="f466e7ee-6dd1-4937-bb05-6dde094a3f8e" />
      <TestMethod codeBase="C:/Users/André/Documents/SePraktikum/SEPraktikum/TestAnwendungskern/bin/Debug/TestAnwendungskern.DLL" adapterTypeName="Microsoft.VisualStudio.TestTools.TestTypes.Unit.UnitTestAdapter, Microsoft.VisualStudio.QualityTools.Tips.UnitTest.Adapter, Version=10.0.0.0, Culture=neutral, PublicKeyToken=b03f5f7f11d50a3a" className="TestAnwendungskern.IBesucherTest, TestAnwendungskern, Version=1.0.0.0, Culture=neutral, PublicKeyToken=null" name="GetPreisFürKinokarteTest" />
    </UnitTest>
    <UnitTest name="KinokarteReservierenTest" storage="c:\users\andré\documents\sepraktikum\sepraktikum\testanwendungskern\bin\debug\testanwendungskern.dll" id="518cfcbf-c066-45d2-d0c8-3e54839daf71">
      <Execution id="18c7e90f-2d99-4cd2-b40c-3c23dfdf06cd" />
      <TestMethod codeBase="C:/Users/André/Documents/SePraktikum/SEPraktikum/TestAnwendungskern/bin/Debug/TestAnwendungskern.DLL" adapterTypeName="Microsoft.VisualStudio.TestTools.TestTypes.Unit.UnitTestAdapter, Microsoft.VisualStudio.QualityTools.Tips.UnitTest.Adapter, Version=10.0.0.0, Culture=neutral, PublicKeyToken=b03f5f7f11d50a3a" className="TestAnwendungskern.IBesucherTest, TestAnwendungskern, Version=1.0.0.0, Culture=neutral, PublicKeyToken=null" name="KinokarteReservierenTest" />
    </UnitTest>
  </TestDefinitions>
  <TestLists>
    <TestList name="Nicht in einer Liste enthaltene Ergebnisse" id="8c84fa94-04c1-424b-9868-57a2d4851a1d" />
    <TestList name="Alle geladenen Ergebnisse" id="19431567-8539-422a-85d7-44ee4e166bda" />
  </TestLists>
  <TestEntries>
    <TestEntry testId="07667d6f-9584-b31f-7054-5d8d3aa89b45" executionId="f466e7ee-6dd1-4937-bb05-6dde094a3f8e" testListId="8c84fa94-04c1-424b-9868-57a2d4851a1d" />
    <TestEntry testId="36719f29-756a-96b5-0369-b384c1ccdcdb" executionId="778216af-50f2-41c8-95a3-e7858ba2eed0" testListId="8c84fa94-04c1-424b-9868-57a2d4851a1d" />
    <TestEntry testId="4254608d-0f37-676d-9886-204339feb876" executionId="6a56839a-1154-4d44-997a-9616799b6e9f" testListId="8c84fa94-04c1-424b-9868-57a2d4851a1d" />
    <TestEntry testId="4a7b68ff-3e8b-604f-c2e8-36fe15739554" executionId="d53bf3df-2193-4113-9608-e6c2e80835d6" testListId="8c84fa94-04c1-424b-9868-57a2d4851a1d" />
    <TestEntry testId="518cfcbf-c066-45d2-d0c8-3e54839daf71" executionId="18c7e90f-2d99-4cd2-b40c-3c23dfdf06cd" testListId="8c84fa94-04c1-424b-9868-57a2d4851a1d" />
    <TestEntry testId="52185796-2002-4825-0b6e-8e610f86417b" executionId="0ad20af4-e701-4c9c-a3e8-df3bb600b357" testListId="8c84fa94-04c1-424b-9868-57a2d4851a1d" />
    <TestEntry testId="7a1b28bd-84d3-0261-67dc-3e8c3cac9985" executionId="76aa6d9f-df07-4c1d-8087-017f830b7d27" testListId="8c84fa94-04c1-424b-9868-57a2d4851a1d" />
    <TestEntry testId="c198eafe-a4ed-d557-9046-342453b9c13e" executionId="0bc3bae5-a552-4df0-942e-3f8e94d596f3" testListId="8c84fa94-04c1-424b-9868-57a2d4851a1d" />
  </TestEntries>
  <Results>
    <UnitTestResult executionId="f466e7ee-6dd1-4937-bb05-6dde094a3f8e" testId="07667d6f-9584-b31f-7054-5d8d3aa89b45" testName="GetPreisFürKinokarteTest" computerName="ANDRÉ-PC" duration="00:00:00.2275440" startTime="2011-06-03T00:28:03.1608320+02:00" endTime="2011-06-03T00:28:03.7958683+02:00" testType="13cdc9d9-ddb5-4fa4-a97d-d965ccfc6d4b" outcome="Passed" testListId="8c84fa94-04c1-424b-9868-57a2d4851a1d" relativeResultsDirectory="f466e7ee-6dd1-4937-bb05-6dde094a3f8e">
      <Output>
        <StdOut>Observer notified!
Observer notified!
Observer notified!
Observer notified!
Observer notified!
Observer notified!
Observer notified!
Observer notified!
Observer notified!
Observer notified!
Observer notified!
Observer notified!
Observer notified!
Observer notified!
Observer notified!
Observer notified!
Observer notified!
Observer notified!
Observer notified!
Observer notified!
Observer notified!
Observer notified!
Observer notified!
Observer notified!
Observer notified!
Observer notified!
Observer notified!
Observer notified!
Observer notified!
Observer notified!
Observer notified!
Observer notified!
Observer notified!
Observer notified!
Observer notified!
Observer notified!
Observer notified!
Observer notified!
Observer notified!
Observer notified!
Observer notified!
Observer notified!
Observer notified!
Observer notified!
Observer notified!
Observer notified!
Observer notified!
Observer notified!
Observer notified!
Observer notified!
Observer notified!
Observer notified!
Observer notified!
Observer notified!
Observer notified!
Observer notified!
Observer notified!
Observer notified!
Observer notified!
Observer notified!
Observer notified!
Observer notified!
Observer notified!
Observer notified!
Observer notified!
Observer notified!
Observer notified!
Observer notified!
Observer notified!
Observer notified!
Observer notified!
Observer notified!
Observer notified!
Observer notified!
Observer notified!
Observer notified!
Observer notified!
Observer notified!
Observer notified!
Observer notified!
Observer notified!
Observer notified!
Observer notified!
Observer notified!
Observer notified!
Observer notified!
Observer notified!
Observer notified!
Observer notified!
Observer notified!
Observer notified!
Observer notified!
Observer notified!
Observer notified!
Observer notified!
Observer notified!
Observer notified!
Observer notified!
Observer notified!
Observer notified!
Observer notified!
Observer notified!
Observer notified!
Observer notified!
Observer notified!
Observer notified!
Observer notified!
Observer notified!
Observer notified!
Observer notified!
Observer notified!
Observer notified!
Observer notified!
Observer notified!
Observer notified!
Observer notified!
Observer notified!
Observer notified!
Observer notified!
Observer notified!
Observer notified!
Observer notified!
Observer notified!
Observer notified!
Observer notified!
Observer notified!
Observer notified!
Observer notified!
Observer notified!
Observer notified!
Observer notified!
Observer notified!
Observer notified!
Observer notified!
Observer notified!
Observer notified!
Observer notified!
Observer notified!
Observer notified!
Observer notified!
Observer notified!
Observer notified!
Observer notified!
Observer notified!
Observer notified!
Observer notified!
Observer notified!
Observer notified!
Observer notified!
Observer notified!
Observer notified!
Observer notified!
Observer notified!
Observer notified!
Observer notified!
Observer notified!
Observer notified!
Observer notified!
Observer notified!
Observer notified!
Observer notified!
Observer notified!
Observer notified!
Observer notified!
Observer notified!
Observer notified!
Observer notified!
Observer notified!
Observer notified!
Observer notified!
Observer notified!
Observer notified!
Observer notified!
Observer notified!
Observer notified!
Observer notified!
Observer notified!
Observer notified!
Observer notified!
Observer notified!
Observer notified!
Observer notified!
Observer notified!
Observer notified!
Observer notified!
Observer notified!
Observer notified!
Observer notified!
Observer notified!
Observer notified!
Observer notified!
Observer notified!
Observer notified!
Observer notified!
Observer notified!
Observer notified!
Observer notified!
Observer notified!
Observer notified!
Observer notified!
Observer notified!
Observer notified!
Observer notified!
Observer notified!
Observer notified!
Observer notified!
Observer notified!
Observer notified!
Observer notified!
Observer notified!
Observer notified!
Observer notified!
Observer notified!
Observer notified!
Observer notified!
Observer notified!
Observer notified!
Observer notified!
Observer notified!
Observer notified!
Observer notified!
Observer notified!
Observer notified!
Observer notified!
Observer notified!
Observer notified!
Observer notified!
Observer notified!
Observer notified!
Observer notified!
Observer notified!
Observer notified!
Observer notified!
Observer notified!
Observer notified!
Observer notified!
Observer notified!
Observer notified!
Observer notified!
Observer notified!
Observer notified!
Observer notified!
Observer notified!
Observer notified!
Observer notified!
Observer notified!
Observer notified!
Observer notified!
Observer notified!
Observer notified!
Observer notified!
Observer notified!
Observer notified!
Observer notified!
Observer notified!
Observer notified!
Observer notified!
Observer notified!
Observer notified!
Observer notified!
Observer notified!
Observer notified!
Observer notified!
Observer notified!
Observer notified!
Observer notified!
Observer notified!
Observer notified!
Observer notified!
Observer notified!
Observer notified!
Observer notified!
Observer notified!
Observer notified!
Observer notified!
Observer notified!
Observer notified!
Observer notified!
Observer notified!
Observer notified!
Observer notified!
Observer notified!
Observer notified!
Observer notified!
Observer notified!
Observer notified!
Observer notified!
Observer notified!
Observer notified!
Observer notified!
Observer notified!
Observer notified!
Observer notified!
Observer notified!
Observer notified!
Observer notified!
Observer notified!</StdOut>
      </Output>
    </UnitTestResult>
    <UnitTestResult executionId="778216af-50f2-41c8-95a3-e7858ba2eed0" testId="36719f29-756a-96b5-0369-b384c1ccdcdb" testName="ÜberprüfeVerfügbarkeitVonSitzplatzTest" computerName="ANDRÉ-PC" duration="00:00:00.0040651" startTime="2011-06-03T00:28:03.7998685+02:00" endTime="2011-06-03T00:28:03.8878736+02:00" testType="13cdc9d9-ddb5-4fa4-a97d-d965ccfc6d4b" outcome="Passed" testListId="8c84fa94-04c1-424b-9868-57a2d4851a1d" relativeResultsDirectory="778216af-50f2-41c8-95a3-e7858ba2eed0">
      <Output>
        <StdOut>Observer notified!
Observer notified!
Observer notified!
Observer notified!
Observer notified!
Observer notified!
Observer notified!
Observer notified!
Observer notified!
Observer notified!
Observer notified!
Observer notified!
Observer notified!
Observer notified!
Observer notified!
Observer notified!
Observer notified!
Observer notified!
Observer notified!
Observer notified!
Observer notified!
Observer notified!
Observer notified!
Observer notified!
Observer notified!
Observer notified!
Observer notified!
Observer notified!
Observer notified!
Observer notified!
Observer notified!
Observer notified!
Observer notified!
Observer notified!
Observer notified!
Observer notified!
Observer notified!
Observer notified!
Observer notified!
Observer notified!
Observer notified!
Observer notified!
Observer notified!
Observer notified!
Observer notified!
Observer notified!
Observer notified!
Observer notified!
Observer notified!
Observer notified!
Observer notified!
Observer notified!
Observer notified!
Observer notified!
Observer notified!
Observer notified!
Observer notified!
Observer notified!
Observer notified!
Observer notified!
Observer notified!
Observer notified!
Observer notified!
Observer notified!
Observer notified!
Observer notified!
Observer notified!
Observer notified!
Observer notified!
Observer notified!
Observer notified!
Observer notified!
Observer notified!
Observer notified!
Observer notified!
Observer notified!
Observer notified!
Observer notified!
Observer notified!
Observer notified!
Observer notified!
Observer notified!
Observer notified!
Observer notified!
Observer notified!
Observer notified!
Observer notified!
Observer notified!
Observer notified!
Observer notified!
Observer notified!
Observer notified!
Observer notified!
Observer notified!
Observer notified!
Observer notified!
Observer notified!
Observer notified!
Observer notified!
Observer notified!
Observer notified!
Observer notified!
Observer notified!
Observer notified!
Observer notified!
Observer notified!
Observer notified!
Observer notified!
Observer notified!
Observer notified!
Observer notified!
Observer notified!
Observer notified!
Observer notified!
Observer notified!
Observer notified!
Observer notified!
Observer notified!
Observer notified!
Observer notified!
Observer notified!
Observer notified!
Observer notified!
Observer notified!
Observer notified!
Observer notified!
Observer notified!
Observer notified!
Observer notified!
Observer notified!
Observer notified!
Observer notified!
Observer notified!
Observer notified!
Observer notified!
Observer notified!
Observer notified!
Observer notified!
Observer notified!
Observer notified!
Observer notified!
Observer notified!
Observer notified!
Observer notified!
Observer notified!
Observer notified!
Observer notified!
Observer notified!
Observer notified!
Observer notified!
Observer notified!
Observer notified!
Observer notified!
Observer notified!
Observer notified!
Observer notified!
Observer notified!
Observer notified!
Observer notified!
Observer notified!
Observer notified!
Observer notified!
Observer notified!
Observer notified!
Observer notified!
Observer notified!
Observer notified!
Observer notified!
Observer notified!
Observer notified!
Observer notified!
Observer notified!
Observer notified!
Observer notified!
Observer notified!
Observer notified!
Observer notified!
Observer notified!
Observer notified!
Observer notified!
Observer notified!
Observer notified!
Observer notified!
Observer notified!
Observer notified!
Observer notified!
Observer notified!
Observer notified!
Observer notified!
Observer notified!
Observer notified!
Observer notified!
Observer notified!
Observer notified!
Observer notified!
Observer notified!
Observer notified!
Observer notified!
Observer notified!
Observer notified!
Observer notified!
Observer notified!
Observer notified!
Observer notified!
Observer notified!
Observer notified!
Observer notified!
Observer notified!
Observer notified!
Observer notified!
Observer notified!
Observer notified!
Observer notified!
Observer notified!
Observer notified!
Observer notified!
Observer notified!
Observer notified!
Observer notified!
Observer notified!
Observer notified!
Observer notified!
Observer notified!
Observer notified!
Observer notified!
Observer notified!
Observer notified!
Observer notified!
Observer notified!
Observer notified!
Observer notified!
Observer notified!
Observer notified!
Observer notified!
Observer notified!
Observer notified!
Observer notified!
Observer notified!
Observer notified!
Observer notified!
Observer notified!
Observer notified!
Observer notified!
Observer notified!
Observer notified!
Observer notified!
Observer notified!
Observer notified!
Observer notified!
Observer notified!
Observer notified!
Observer notified!
Observer notified!
Observer notified!
Observer notified!
Observer notified!
Observer notified!
Observer notified!
Observer notified!
Observer notified!
Observer notified!
Observer notified!
Observer notified!
Observer notified!
Observer notified!
Observer notified!
Observer notified!
Observer notified!
Observer notified!
Observer notified!
Observer notified!
Observer notified!
Observer notified!
Observer notified!
Observer notified!
Observer notified!
Observer notified!
Observer notified!
Observer notified!
Observer notified!
Observer notified!
Observer notified!
Observer notified!
Observer notified!
Observer notified!
Observer notified!
Observer notified!
Observer notified!
Observer notified!
Observer notified!
Observer notified!
Observer notified!
Observer notified!
Observer notified!
Observer notified!
Observer notified!
Observer notified!
Observer notified!
Observer notified!
Observer notified!
Observer notified!
Observer notified!
Observer notified!
Observer notified!
Observer notified!
Observer notified!
Observer notified!
Observer notified!
Observer notified!
Observer notified!
Observer notified!
Observer notified!
Observer notified!
Observer notified!
Observer notified!
Observer notified!
Observer notified!
Observer notified!
Observer notified!
Observer notified!
Observer notified!
Observer notified!
Observer notified!
Observer notified!
Observer notified!
Observer notified!
Observer notified!
Observer notified!
Observer notified!
Observer notified!
Observer notified!
Observer notified!
Observer notified!
Observer notified!
Observer notified!
Observer notified!
Observer notified!
Observer notified!
Observer notified!
Observer notified!
Observer notified!
Observer notified!
Observer notified!
Observer notified!
Observer notified!
Observer notified!
Observer notified!
Observer notified!
Observer notified!
Observer notified!
Observer notified!
Observer notified!
Observer notified!
Observer notified!
Observer notified!
Observer notified!
Observer notified!
Observer notified!
Observer notified!
Observer notified!
Observer notified!
Observer notified!
Observer notified!
Observer notified!
Observer notified!
Observer notified!
Observer notified!
Observer notified!
Observer notified!
Observer notified!
Observer notified!
Observer notified!
Observer notified!
Observer notified!
Observer notified!
Observer notified!
Observer notified!
Observer notified!
Observer notified!
Observer notified!
Observer notified!
Observer notified!
Observer notified!
Observer notified!
Observer notified!
Observer notified!
Observer notified!
Observer notified!
Observer notified!
Observer notified!
Observer notified!
Observer notified!
Observer notified!
Observer notified!
Observer notified!
Observer notified!
Observer notified!
Observer notified!
Observer notified!
Observer notified!
Observer notified!
Observer notified!
Observer notified!
Observer notified!
Observer notified!
Observer notified!
Observer notified!
Observer notified!
Observer notified!
Observer notified!
Observer notified!
Observer notified!
Observer notified!
Observer notified!
Observer notified!
Observer notified!
Observer notified!
Observer notified!
Observer notified!
Observer notified!
Observer notified!
Observer notified!
Observer notified!
Observer notified!
Observer notified!
Observer notified!
Observer notified!
Observer notified!
Observer notified!
Observer notified!
Observer notified!
Observer notified!
Observer notified!
Observer notified!
Observer notified!
Observer notified!
Observer notified!
Observer notified!
Observer notified!
Observer notified!
Observer notified!
Observer notified!
Observer notified!
Observer notified!
Observer notified!
Observer notified!
Observer notified!
Observer notified!
Observer notified!
Observer notified!
Observer notified!
Observer notified!
Observer notified!
Observer notified!
Observer notified!
Observer notified!
Observer notified!
Observer notified!
Observer notified!
Observer notified!
Observer notified!
Observer notified!
Observer notified!
Observer notified!
Observer notified!
Observer notified!
Observer notified!
Observer notified!
Observer notified!
Observer notified!
Observer notified!
Observer notified!
Observer notified!
Observer notified!
Observer notified!
Observer notified!
Observer notified!
Observer notified!
Observer notified!
Observer notified!
Observer notified!
Observer notified!
Observer notified!
Observer notified!
Observer notified!
Observer notified!
Observer notified!
Observer notified!
Observer notified!
Observer notified!
Observer notified!
Observer notified!
Observer notified!
Observer notified!
Observer notified!
Observer notified!
Observer notified!
Observer notified!
Observer notified!
Observer notified!
Observer notified!
Observer notified!
Observer notified!
Observer notified!
Observer notified!
Observer notified!
Observer notified!
Observer notified!
Observer notified!
Observer notified!
Observer notified!
Observer notified!
Observer notified!
Observer notified!
Observer notified!
Observer notified!
Observer notified!
Observer notified!
Observer notified!
Observer notified!
Observer notified!
Observer notified!
Observer notified!
Observer notified!
Observer notified!
Observer notified!
Observer notified!
Observer notified!
Observer notified!
Observer notified!
Observer notified!
Observer notified!
Observer notified!
Observer notified!
Observer notified!
Observer notified!
Observer notified!
Observer notified!
Observer notified!
Observer notified!
Observer notified!
Observer notified!
Observer notified!
Observer notified!
Observer notified!
Observer notified!
Observer notified!
Observer notified!
Observer notified!
Observer notified!
Observer notified!
Observer notified!
Observer notified!
Observer notified!
Observer notified!
Observer notified!
Observer notified!
Observer notified!
Observer notified!
Observer notified!
Observer notified!
Observer notified!
Observer notified!
Observer notified!
Observer notified!
Observer notified!
Observer notified!
Observer notified!
Observer notified!
Observer notified!
Observer notified!
Observer notified!
Observer notified!
Observer notified!
Observer notified!
Observer notified!
Observer notified!
Observer notified!
Observer notified!
Observer notified!
Observer notified!
Observer notified!
Observer notified!
Observer notified!
Observer notified!
Observer notified!
Observer notified!
Observer notified!
Observer notified!
Observer notified!
Observer notified!
Observer notified!
Observer notified!
Observer notified!
Observer notified!
Observer notified!
Observer notified!
Observer notified!
Observer notified!
Observer notified!
Observer notified!
Observer notified!
Observer notified!
Observer notified!
Observer notified!
Observer notified!
Observer notified!
Observer notified!
Observer notified!
Observer notified!
Observer notified!
Observer notified!
Observer notified!
Observer notified!
Observer notified!
Observer notified!
Observer notified!
Observer notified!
Observer notified!
Observer notified!
Observer notified!
Observer notified!
Observer notified!
Observer notified!
Observer notified!
Observer notified!
Observer notified!
Observer notified!
Observer notified!
Observer notified!
Observer notified!
Observer notified!
Observer notified!
Observer notified!
Observer notified!
Observer notified!
Observer notified!
Observer notified!
Observer notified!
Observer notified!
Observer notified!
Observer notified!
Observer notified!
Observer notified!
Observer notified!
Observer notified!
Observer notified!</StdOut>
      </Output>
    </UnitTestResult>
    <UnitTestResult executionId="6a56839a-1154-4d44-997a-9616799b6e9f" testId="4254608d-0f37-676d-9886-204339feb876" testName="BlockiereSitzplatzTest" computerName="ANDRÉ-PC" duration="00:00:00.0038754" startTime="2011-06-03T00:28:03.8908737+02:00" endTime="2011-06-03T00:28:03.9028744+02:00" testType="13cdc9d9-ddb5-4fa4-a97d-d965ccfc6d4b" outcome="Passed" testListId="8c84fa94-04c1-424b-9868-57a2d4851a1d" relativeResultsDirectory="6a56839a-1154-4d44-997a-9616799b6e9f">
      <Output>
        <StdOut>Observer notified!
Observer notified!
Observer notified!
Observer notified!
Observer notified!
Observer notified!
Observer notified!
Observer notified!
Observer notified!
Observer notified!
Observer notified!
Observer notified!
Observer notified!
Observer notified!
Observer notified!
Observer notified!
Observer notified!
Observer notified!
Observer notified!
Observer notified!
Observer notified!
Observer notified!
Observer notified!
Observer notified!
Observer notified!
Observer notified!
Observer notified!
Observer notified!
Observer notified!
Observer notified!
Observer notified!
Observer notified!
Observer notified!
Observer notified!
Observer notified!
Observer notified!
Observer notified!
Observer notified!
Observer notified!
Observer notified!
Observer notified!
Observer notified!
Observer notified!
Observer notified!
Observer notified!
Observer notified!
Observer notified!
Observer notified!
Observer notified!
Observer notified!
Observer notified!
Observer notified!
Observer notified!
Observer notified!
Observer notified!
Observer notified!
Observer notified!
Observer notified!
Observer notified!
Observer notified!
Observer notified!
Observer notified!
Observer notified!
Observer notified!
Observer notified!
Observer notified!
Observer notified!
Observer notified!
Observer notified!
Observer notified!
Observer notified!
Observer notified!
Observer notified!
Observer notified!
Observer notified!
Observer notified!
Observer notified!
Observer notified!
Observer notified!
Observer notified!
Observer notified!
Observer notified!
Observer notified!
Observer notified!
Observer notified!
Observer notified!
Observer notified!
Observer notified!
Observer notified!
Observer notified!
Observer notified!
Observer notified!
Observer notified!
Observer notified!
Observer notified!
Observer notified!
Observer notified!
Observer notified!
Observer notified!
Observer notified!
Observer notified!
Observer notified!
Observer notified!
Observer notified!
Observer notified!
Observer notified!
Observer notified!
Observer notified!
Observer notified!
Observer notified!
Observer notified!
Observer notified!
Observer notified!
Observer notified!
Observer notified!
Observer notified!
Observer notified!
Observer notified!
Observer notified!
Observer notified!
Observer notified!
Observer notified!
Observer notified!
Observer notified!
Observer notified!
Observer notified!
Observer notified!
Observer notified!
Observer notified!
Observer notified!
Observer notified!
Observer notified!
Observer notified!
Observer notified!
Observer notified!
Observer notified!
Observer notified!
Observer notified!
Observer notified!
Observer notified!
Observer notified!
Observer notified!
Observer notified!
Observer notified!
Observer notified!
Observer notified!
Observer notified!
Observer notified!
Observer notified!
Observer notified!
Observer notified!
Observer notified!
Observer notified!
Observer notified!
Observer notified!
Observer notified!
Observer notified!
Observer notified!
Observer notified!
Observer notified!
Observer notified!
Observer notified!
Observer notified!
Observer notified!
Observer notified!
Observer notified!
Observer notified!
Observer notified!
Observer notified!
Observer notified!
Observer notified!
Observer notified!
Observer notified!
Observer notified!
Observer notified!
Observer notified!
Observer notified!
Observer notified!
Observer notified!
Observer notified!
Observer notified!
Observer notified!
Observer notified!
Observer notified!
Observer notified!
Observer notified!
Observer notified!
Observer notified!
Observer notified!
Observer notified!
Observer notified!
Observer notified!
Observer notified!
Observer notified!
Observer notified!
Observer notified!
Observer notified!
Observer notified!
Observer notified!
Observer notified!
Observer notified!
Observer notified!
Observer notified!
Observer notified!
Observer notified!
Observer notified!
Observer notified!
Observer notified!
Observer notified!
Observer notified!
Observer notified!
Observer notified!
Observer notified!
Observer notified!
Observer notified!
Observer notified!
Observer notified!
Observer notified!
Observer notified!
Observer notified!
Observer notified!
Observer notified!
Observer notified!
Observer notified!
Observer notified!
Observer notified!
Observer notified!
Observer notified!
Observer notified!
Observer notified!
Observer notified!
Observer notified!
Observer notified!
Observer notified!
Observer notified!
Observer notified!
Observer notified!
Observer notified!
Observer notified!
Observer notified!
Observer notified!
Observer notified!
Observer notified!
Observer notified!
Observer notified!
Observer notified!
Observer notified!
Observer notified!
Observer notified!
Observer notified!
Observer notified!
Observer notified!
Observer notified!
Observer notified!
Observer notified!
Observer notified!
Observer notified!
Observer notified!
Observer notified!
Observer notified!
Observer notified!
Observer notified!
Observer notified!
Observer notified!
Observer notified!
Observer notified!
Observer notified!
Observer notified!
Observer notified!
Observer notified!
Observer notified!
Observer notified!
Observer notified!
Observer notified!
Observer notified!
Observer notified!
Observer notified!
Observer notified!
Observer notified!
Observer notified!
Observer notified!
Observer notified!
Observer notified!
Observer notified!
Observer notified!
Observer notified!
Observer notified!
Observer notified!
Observer notified!
Observer notified!
Observer notified!
Observer notified!
Observer notified!
Observer notified!
Observer notified!
Observer notified!
Observer notified!
Observer notified!
Observer notified!
Observer notified!
Observer notified!
Observer notified!
Observer notified!
Observer notified!
Observer notified!
Observer notified!
Observer notified!
Observer notified!
Observer notified!
Observer notified!
Observer notified!
Observer notified!
Observer notified!
Observer notified!
Observer notified!
Observer notified!
Observer notified!
Observer notified!
Observer notified!
Observer notified!
Observer notified!
Observer notified!
Observer notified!
Observer notified!
Observer notified!
Observer notified!
Observer notified!
Observer notified!
Observer notified!
Observer notified!
Observer notified!
Observer notified!
Observer notified!
Observer notified!
Observer notified!
Observer notified!
Observer notified!
Observer notified!
Observer notified!
Observer notified!
Observer notified!
Observer notified!
Observer notified!
Observer notified!
Observer notified!
Observer notified!
Observer notified!
Observer notified!
Observer notified!
Observer notified!
Observer notified!
Observer notified!
Observer notified!
Observer notified!
Observer notified!
Observer notified!
Observer notified!
Observer notified!
Observer notified!
Observer notified!
Observer notified!
Observer notified!
Observer notified!
Observer notified!
Observer notified!
Observer notified!
Observer notified!
Observer notified!
Observer notified!
Observer notified!
Observer notified!
Observer notified!
Observer notified!
Observer notified!
Observer notified!
Observer notified!
Observer notified!
Observer notified!
Observer notified!
Observer notified!
Observer notified!
Observer notified!
Observer notified!
Observer notified!
Observer notified!
Observer notified!
Observer notified!
Observer notified!
Observer notified!
Observer notified!
Observer notified!
Observer notified!
Observer notified!
Observer notified!
Observer notified!
Observer notified!
Observer notified!
Observer notified!
Observer notified!
Observer notified!
Observer notified!
Observer notified!
Observer notified!
Observer notified!
Observer notified!
Observer notified!
Observer notified!
Observer notified!
Observer notified!
Observer notified!
Observer notified!
Observer notified!
Observer notified!
Observer notified!
Observer notified!
Observer notified!
Observer notified!
Observer notified!
Observer notified!
Observer notified!
Observer notified!
Observer notified!
Observer notified!
Observer notified!
Observer notified!
Observer notified!
Observer notified!
Observer notified!
Observer notified!
Observer notified!
Observer notified!
Observer notified!
Observer notified!
Observer notified!
Observer notified!
Observer notified!
Observer notified!
Observer notified!
Observer notified!
Observer notified!
Observer notified!
Observer notified!
Observer notified!
Observer notified!
Observer notified!
Observer notified!
Observer notified!
Observer notified!
Observer notified!
Observer notified!
Observer notified!
Observer notified!
Observer notified!
Observer notified!
Observer notified!
Observer notified!
Observer notified!
Observer notified!
Observer notified!
Observer notified!
Observer notified!
Observer notified!
Observer notified!
Observer notified!
Observer notified!
Observer notified!
Observer notified!
Observer notified!
Observer notified!
Observer notified!
Observer notified!
Observer notified!
Observer notified!
Observer notified!
Observer notified!
Observer notified!
Observer notified!
Observer notified!
Observer notified!
Observer notified!
Observer notified!
Observer notified!
Observer notified!
Observer notified!
Observer notified!
Observer notified!
Observer notified!
Observer notified!
Observer notified!
Observer notified!
Observer notified!
Observer notified!
Observer notified!
Observer notified!
Observer notified!
Observer notified!
Observer notified!
Observer notified!
Observer notified!
Observer notified!
Observer notified!
Observer notified!
Observer notified!
Observer notified!
Observer notified!
Observer notified!
Observer notified!
Observer notified!
Observer notified!
Observer notified!
Observer notified!
Observer notified!
Observer notified!
Observer notified!
Observer notified!
Observer notified!
Observer notified!
Observer notified!
Observer notified!
Observer notified!
Observer notified!
Observer notified!
Observer notified!
Observer notified!
Observer notified!
Observer notified!
Observer notified!
Observer notified!
Observer notified!
Observer notified!
Observer notified!
Observer notified!
Observer notified!
Observer notified!
Observer notified!
Observer notified!
Observer notified!
Observer notified!
Observer notified!
Observer notified!
Observer notified!
Observer notified!
Observer notified!
Observer notified!
Observer notified!
Observer notified!
Observer notified!
Observer notified!
Observer notified!
Observer notified!
Observer notified!
Observer notified!
Observer notified!
Observer notified!
Observer notified!
Observer notified!
Observer notified!
Observer notified!
Observer notified!
Observer notified!
Observer notified!
Observer notified!
Observer notified!
Observer notified!
Observer notified!
Observer notified!
Observer notified!
Observer notified!
Observer notified!
Observer notified!
Observer notified!
Observer notified!
Observer notified!
Observer notified!
Observer notified!
Observer notified!
Observer notified!
Observer notified!
Observer notified!
Observer notified!
Observer notified!
Observer notified!
Observer notified!
Observer notified!
Observer notified!
Observer notified!
Observer notified!
Observer notified!
Observer notified!
Observer notified!
Observer notified!
Observer notified!
Observer notified!
Observer notified!
Observer notified!
Observer notified!
Observer notified!
Observer notified!
Observer notified!
Observer notified!
Observer notified!
Observer notified!
Observer notified!
Observer notified!
Observer notified!
Observer notified!
Observer notified!
Observer notified!
Observer notified!
Observer notified!
Observer notified!
Observer notified!
Observer notified!
Observer notified!
Observer notified!
Observer notified!
Observer notified!
Observer notified!
Observer notified!
Observer notified!
Observer notified!
Observer notified!
Observer notified!
Observer notified!
Observer notified!
Observer notified!
Observer notified!
Observer notified!
Observer notified!
Observer notified!
Observer notified!
Observer notified!
Observer notified!
Observer notified!
Observer notified!
Observer notified!
Observer notified!
Observer notified!
Observer notified!
Observer notified!
Observer notified!
Observer notified!
Observer notified!
Observer notified!
Observer notified!
Observer notified!
Observer notified!
Observer notified!
Observer notified!
Observer notified!
Observer notified!
Observer notified!
Observer notified!
Observer notified!
Observer notified!
Observer notified!
Observer notified!
Observer notified!
Observer notified!
Observer notified!
Observer notified!
Observer notified!
Observer notified!
Observer notified!
Observer notified!
Observer notified!
Observer notified!
Observer notified!
Observer notified!
Observer notified!
Observer notified!
Observer notified!
Observer notified!
Observer notified!
Observer notified!
Observer notified!
Observer notified!
Observer notified!
Observer notified!
Observer notified!
Observer notified!
Observer notified!
Observer notified!
Observer notified!
Observer notified!
Observer notified!
Observer notified!
Observer notified!
Observer notified!
Observer notified!
Observer notified!
Observer notified!
Observer notified!
Observer notified!
Observer notified!
Observer notified!
Observer notified!
Observer notified!
Observer notified!
Observer notified!
Observer notified!
Observer notified!
Observer notified!
Observer notified!
Observer notified!
Observer notified!
Observer notified!
Observer notified!
Observer notified!
Observer notified!
Observer notified!
Observer notified!
Observer notified!
Observer notified!
Observer notified!
Observer notified!
Observer notified!
Observer notified!
Observer notified!
Observer notified!
Observer notified!
Observer notified!
Observer notified!
Observer notified!
Observer notified!
Observer notified!
Observer notified!
Observer notified!
Observer notified!
Observer notified!
Observer notified!
Observer notified!
Observer notified!
Observer notified!
Observer notified!
Observer notified!
Observer notified!
Observer notified!
Observer notified!
Observer notified!
Observer notified!
Observer notified!
Observer notified!
Observer notified!
Observer notified!
Observer notified!
Observer notified!
Observer notified!
Observer notified!
Observer notified!
Observer notified!
Observer notified!
Observer notified!
Observer notified!
Observer notified!
Observer notified!
Observer notified!
Observer notified!
Observer notified!
Observer notified!
Observer notified!
Observer notified!
Observer notified!
Observer notified!
Observer notified!
Observer notified!
Observer notified!
Observer notified!
Observer notified!
Observer notified!
Observer notified!
Observer notified!
Observer notified!
Observer notified!
Observer notified!
Observer notified!
Observer notified!
Observer notified!
Observer notified!
Observer notified!
Observer notified!
Observer notified!
Observer notified!
Observer notified!
Observer notified!
Observer notified!
Observer notified!
Observer notified!
Observer notified!
Observer notified!
Observer notified!
Observer notified!
Observer notified!
Observer notified!
Observer notified!
Observer notified!
Observer notified!
Observer notified!
Observer notified!
Observer notified!
Observer notified!
Observer notified!
Observer notified!
Observer notified!
Observer notified!
Observer notified!
Observer notified!
Observer notified!
Observer notified!
Observer notified!
Observer notified!
Observer notified!
Observer notified!
Observer notified!
Observer notified!
Observer notified!
Observer notified!
Observer notified!
Observer notified!
Observer notified!
Observer notified!
Observer notified!
Observer notified!
Observer notified!
Observer notified!
Observer notified!
Observer notified!
Observer notified!
Observer notified!
Observer notified!
Observer notified!
Observer notified!
Observer notified!
Observer notified!
Observer notified!
Observer notified!
Observer notified!
Observer notified!
Observer notified!
Observer notified!
Observer notified!
Observer notified!
Observer notified!
Observer notified!
Observer notified!
Observer notified!
Observer notified!
Observer notified!
Observer notified!
Observer notified!
Observer notified!
Observer notified!
Observer notified!
Observer notified!
Observer notified!
Observer notified!
Observer notified!
Observer notified!
Observer notified!
Observer notified!
Observer notified!
Observer notified!
Observer notified!
Observer notified!
Observer notified!
Observer notified!
Observer notified!
Observer notified!
Observer notified!
Observer notified!
Observer notified!
Observer notified!
Observer notified!
Observer notified!
Observer notified!
Observer notified!
Observer notified!
Observer notified!
Observer notified!
Observer notified!
Observer notified!
Observer notified!
Observer notified!
Observer notified!
Observer notified!
Observer notified!
Observer notified!
Observer notified!
Observer notified!
Observer notified!
Observer notified!
Observer notified!
Observer notified!
Observer notified!
Observer notified!
Observer notified!
Observer notified!
Observer notified!
Observer notified!
Observer notified!
Observer notified!
Observer notified!
Observer notified!
Observer notified!
Observer notified!
Observer notified!
Observer notified!
Observer notified!
Observer notified!
Observer notified!
Observer notified!
Observer notified!
Observer notified!
Observer notified!
Observer notified!
Observer notified!
Observer notified!
Observer notified!
Observer notified!
Observer notified!
Observer notified!
Observer notified!
Observer notified!
Observer notified!
Observer notified!
Observer notified!
Observer notified!
Observer notified!
Observer notified!
Observer notified!
Observer notified!
Observer notified!
Observer notified!
Observer notified!
Observer notified!
Observer notified!
Observer notified!
Observer notified!
Observer notified!
Observer notified!
Observer notified!
Observer notified!
Observer notified!
Observer notified!
Observer notified!
Observer notified!
Observer notified!
Observer notified!
Observer notified!
Observer notified!
Observer notified!
Observer notified!
Observer notified!
Observer notified!
Observer notified!
Observer notified!
Observer notified!
Observer notified!
Observer notified!
Observer notified!
Observer notified!
Observer notified!
Observer notified!
Observer notified!
Observer notified!
Observer notified!
Observer notified!
Observer notified!
Observer notified!
Observer notified!
Observer notified!
Observer notified!
Observer notified!
Observer notified!
Observer notified!
Observer notified!
Observer notified!
Observer notified!
Observer notified!
Observer notified!
Observer notified!
Observer notified!
Observer notified!
Observer notified!
Observer notified!
Observer notified!
Observer notified!
Observer notified!
Observer notified!
Observer notified!
Observer notified!
Observer notified!
Observer notified!
Observer notified!
Observer notified!
Observer notified!
Observer notified!
Blockiert!</StdOut>
      </Output>
    </UnitTestResult>
    <UnitTestResult executionId="d53bf3df-2193-4113-9608-e6c2e80835d6" testId="4a7b68ff-3e8b-604f-c2e8-36fe15739554" testName="SendeEmailMitReservierungsnummerTest" computerName="ANDRÉ-PC" duration="00:00:00.1056161" startTime="2011-06-03T00:28:03.9078747+02:00" endTime="2011-06-03T00:28:04.0748843+02:00" testType="13cdc9d9-ddb5-4fa4-a97d-d965ccfc6d4b" outcome="Failed" testListId="8c84fa94-04c1-424b-9868-57a2d4851a1d" relativeResultsDirectory="d53bf3df-2193-4113-9608-e6c2e80835d6">
      <Output>
        <StdOut>Observer notified!
Observer notified!
Observer notified!
Observer notified!
Observer notified!
Observer notified!
Observer notified!
Observer notified!
Observer notified!
Observer notified!
Observer notified!
Observer notified!
Observer notified!
Observer notified!
Observer notified!
Observer notified!
Observer notified!
Observer notified!
Observer notified!
Observer notified!
Observer notified!
Observer notified!
Observer notified!
Observer notified!
Observer notified!
Observer notified!
Observer notified!
Observer notified!
Observer notified!
Observer notified!
Observer notified!
Observer notified!
Observer notified!
Observer notified!
Observer notified!
Observer notified!
Observer notified!
Observer notified!
Observer notified!
Observer notified!
Observer notified!
Observer notified!
Observer notified!
Observer notified!
Observer notified!
Observer notified!
Observer notified!
Observer notified!
Observer notified!
Observer notified!
Observer notified!
Observer notified!
Observer notified!
Observer notified!
Observer notified!
Observer notified!
Observer notified!
Observer notified!
Observer notified!
Observer notified!
Observer notified!
Observer notified!
Observer notified!
Observer notified!
Observer notified!
Observer notified!
Observer notified!
Observer notified!
Observer notified!
Observer notified!
Observer notified!
Observer notified!
Observer notified!
Observer notified!
Observer notified!
Observer notified!
Observer notified!
Observer notified!
Observer notified!
Observer notified!
Observer notified!
Observer notified!
Observer notified!
Observer notified!
Observer notified!
Observer notified!
Observer notified!
Observer notified!
Observer notified!
Observer notified!
Observer notified!
Observer notified!
Observer notified!
Observer notified!
Observer notified!
Observer notified!
Observer notified!
Observer notified!
Observer notified!
Observer notified!
Observer notified!
Observer notified!
Observer notified!
Observer notified!
Observer notified!
Observer notified!
Observer notified!
Observer notified!
Observer notified!
Observer notified!
Observer notified!
Observer notified!
Observer notified!
Observer notified!
Observer notified!
Observer notified!
Observer notified!
Observer notified!
Observer notified!
Observer notified!
Observer notified!
Observer notified!
Observer notified!
Observer notified!
Observer notified!
Observer notified!
Observer notified!
Observer notified!
Observer notified!
Observer notified!
Observer notified!
Observer notified!
Observer notified!
Observer notified!
Observer notified!
Observer notified!
Observer notified!
Observer notified!
Observer notified!
Observer notified!
Observer notified!
Observer notified!
Observer notified!
Observer notified!
Observer notified!
Observer notified!
Observer notified!
Observer notified!
Observer notified!
Observer notified!
Observer notified!
Observer notified!
Observer notified!
Observer notified!
Observer notified!
Observer notified!
Observer notified!
Observer notified!
Observer notified!
Observer notified!
Observer notified!
Observer notified!
Observer notified!
Observer notified!
Observer notified!
Observer notified!
Observer notified!
Observer notified!
Observer notified!
Observer notified!
Observer notified!
Observer notified!
Observer notified!
Observer notified!
Observer notified!
Observer notified!
Observer notified!
Observer notified!
Observer notified!
Observer notified!
Observer notified!
Observer notified!
Observer notified!
Observer notified!
Observer notified!
Observer notified!
Observer notified!
Observer notified!
Observer notified!
Observer notified!
Observer notified!
Observer notified!
Observer notified!
Observer notified!
Observer notified!
Observer notified!
Observer notified!
Observer notified!
Observer notified!
Observer notified!
Observer notified!
Observer notified!
Observer notified!
Observer notified!
Observer notified!
Observer notified!
Observer notified!
Observer notified!
Observer notified!
Observer notified!
Observer notified!
Observer notified!
Observer notified!
Observer notified!
Observer notified!
Observer notified!
Observer notified!
Observer notified!
Observer notified!
Observer notified!
Observer notified!
Observer notified!
Observer notified!
Observer notified!
Observer notified!
Observer notified!
Observer notified!
Observer notified!
Observer notified!
Observer notified!
Observer notified!
Observer notified!
Observer notified!
Observer notified!
Observer notified!
Observer notified!
Observer notified!
Observer notified!
Observer notified!
Observer notified!
Observer notified!
Observer notified!
Observer notified!
Observer notified!
Observer notified!
Observer notified!
Observer notified!
Observer notified!
Observer notified!
Observer notified!
Observer notified!
Observer notified!
Observer notified!
Observer notified!
Observer notified!
Observer notified!
Observer notified!
Observer notified!
Observer notified!
Observer notified!
Observer notified!
Observer notified!
Observer notified!
Observer notified!
Observer notified!
Observer notified!
Observer notified!
Observer notified!
Observer notified!
Observer notified!
Observer notified!
Observer notified!
Observer notified!
Observer notified!
Observer notified!
Observer notified!
Observer notified!
Observer notified!
Observer notified!
Observer notified!
Observer notified!
Observer notified!
Observer notified!
Observer notified!
Observer notified!
Observer notified!
Observer notified!
Observer notified!
Observer notified!
Observer notified!
Observer notified!
Observer notified!
Observer notified!
Observer notified!
Observer notified!
Observer notified!
Observer notified!
Observer notified!
Observer notified!
Observer notified!
Observer notified!
Observer notified!
Observer notified!
Observer notified!
Observer notified!
Observer notified!
Observer notified!
Observer notified!
Observer notified!
Observer notified!
Observer notified!
Observer notified!
Observer notified!
Observer notified!
Observer notified!
Observer notified!
Observer notified!
Observer notified!
Observer notified!
Observer notified!
Observer notified!
Observer notified!
Observer notified!
Observer notified!
Observer notified!
Observer notified!
Observer notified!
Observer notified!
Observer notified!
Observer notified!
Observer notified!
Observer notified!
Observer notified!
Observer notified!
Observer notified!
Observer notified!
Observer notified!
Observer notified!
Observer notified!
Observer notified!
Observer notified!
Observer notified!
Observer notified!
Observer notified!
Observer notified!
Observer notified!
Observer notified!
Observer notified!
Observer notified!
Observer notified!
Observer notified!
Observer notified!
Observer notified!
Observer notified!
Observer notified!
Observer notified!
Observer notified!
Observer notified!
Observer notified!
Observer notified!
Observer notified!
Observer notified!
Observer notified!
Observer notified!
Observer notified!
Observer notified!
Observer notified!
Observer notified!
Observer notified!
Observer notified!
Observer notified!
Observer notified!
Observer notified!
Observer notified!
Observer notified!
Observer notified!
Observer notified!
Observer notified!
Observer notified!
Observer notified!
Observer notified!
Observer notified!
Observer notified!
Observer notified!
Observer notified!
Observer notified!
Observer notified!
Observer notified!
Observer notified!
Observer notified!
Observer notified!
Observer notified!
Observer notified!
Observer notified!
Observer notified!
Observer notified!
Observer notified!
Observer notified!
Observer notified!
Observer notified!
Observer notified!
Observer notified!
Observer notified!
Observer notified!
Observer notified!
Observer notified!
Observer notified!
Observer notified!
Observer notified!
Observer notified!
Observer notified!
Observer notified!
Observer notified!
Observer notified!
Observer notified!
Observer notified!
Observer notified!
Observer notified!
Observer notified!
Observer notified!
Observer notified!
Observer notified!
Observer notified!
Observer notified!
Observer notified!
Observer notified!
Observer notified!
Observer notified!
Observer notified!
Observer notified!
Observer notified!
Observer notified!
Observer notified!
Observer notified!
Observer notified!
Observer notified!
Observer notified!
Observer notified!
Observer notified!
Observer notified!
Observer notified!
Observer notified!
Observer notified!
Observer notified!
Observer notified!
Observer notified!
Observer notified!
Observer notified!
Observer notified!
Observer notified!
Observer notified!
Observer notified!
Observer notified!
Observer notified!
Observer notified!
Observer notified!
Observer notified!
Observer notified!
Observer notified!
Observer notified!
Observer notified!
Observer notified!
Observer notified!
Observer notified!
Observer notified!
Observer notified!
Observer notified!
Observer notified!
Observer notified!
Observer notified!
Observer notified!
Observer notified!
Observer notified!
Observer notified!
Observer notified!
Observer notified!
Observer notified!
Observer notified!
Observer notified!
Observer notified!
Observer notified!
Observer notified!
Observer notified!
Observer notified!
Observer notified!
Observer notified!
Observer notified!
Observer notified!
Observer notified!
Observer notified!
Observer notified!
Observer notified!
Observer notified!
Observer notified!
Observer notified!
Observer notified!
Observer notified!
Observer notified!
Observer notified!
Observer notified!
Observer notified!
Observer notified!
Observer notified!
Observer notified!
Observer notified!
Observer notified!
Observer notified!
Observer notified!
Observer notified!
Observer notified!
Observer notified!
Observer notified!
Observer notified!
Observer notified!
Observer notified!
Observer notified!
Observer notified!
Observer notified!
Observer notified!
Observer notified!
Observer notified!
Observer notified!
Observer notified!
Observer notified!
Observer notified!
Observer notified!
Observer notified!
Observer notified!
Observer notified!
Observer notified!
Observer notified!
Observer notified!
Observer notified!
Observer notified!
Observer notified!
Observer notified!
Observer notified!
Observer notified!
Observer notified!
Observer notified!
Observer notified!
Observer notified!
Observer notified!
Observer notified!
Observer notified!
Observer notified!
Observer notified!
Observer notified!
Observer notified!
Observer notified!
Observer notified!
Observer notified!
Observer notified!
Observer notified!
Observer notified!
Observer notified!
Observer notified!
Observer notified!
Observer notified!
Observer notified!
Observer notified!
Observer notified!
Observer notified!
Observer notified!
Observer notified!
Observer notified!
Observer notified!
Observer notified!
Observer notified!
Observer notified!
Observer notified!
Observer notified!
Observer notified!
Observer notified!
Observer notified!
Observer notified!
Observer notified!
Observer notified!
Observer notified!
Observer notified!
Observer notified!
Observer notified!
Observer notified!
Observer notified!
Observer notified!
Observer notified!
Observer notified!
Observer notified!
Observer notified!
Observer notified!
Observer notified!
Observer notified!
Observer notified!
Observer notified!
Observer notified!
Observer notified!
Observer notified!
Observer notified!
Observer notified!
Observer notified!
Observer notified!
Observer notified!
Observer notified!
Observer notified!
Observer notified!
Observer notified!
Observer notified!
Observer notified!
Observer notified!
Observer notified!
Observer notified!
Observer notified!
Observer notified!
Observer notified!
Observer notified!
Observer notified!
Observer notified!
Observer notified!
Observer notified!
Observer notified!
Observer notified!
Observer notified!
Observer notified!
Observer notified!
Observer notified!
Observer notified!
Observer notified!
Observer notified!
Observer notified!
Observer notified!
Observer notified!
Observer notified!
Observer notified!
Observer notified!
Observer notified!
Observer notified!
Observer notified!
Observer notified!
Observer notified!
Observer notified!
Observer notified!
Observer notified!
Observer notified!
Observer notified!
Observer notified!
Observer notified!
Observer notified!
Observer notified!
Observer notified!
Observer notified!
Observer notified!
Observer notified!
Observer notified!
Observer notified!
Observer notified!
Observer notified!
Observer notified!
Observer notified!
Observer notified!
Observer notified!
Observer notified!
Observer notified!
Observer notified!
Observer notified!
Observer notified!
Observer notified!
Observer notified!
Observer notified!
Observer notified!
Observer notified!
Observer notified!
Observer notified!
Observer notified!
Observer notified!
Observer notified!
Observer notified!
Observer notified!
Observer notified!
Observer notified!
Observer notified!
Observer notified!
Observer notified!
Observer notified!
Observer notified!
Observer notified!
Observer notified!
Observer notified!
Observer notified!
Observer notified!
Observer notified!
Observer notified!
Observer notified!
Observer notified!
Observer notified!
Observer notified!
Observer notified!
Observer notified!
Observer notified!
Observer notified!
Observer notified!
Observer notified!
Observer notified!
Observer notified!
Observer notified!
Observer notified!
Observer notified!
Observer notified!
Observer notified!
Observer notified!
Observer notified!
Observer notified!
Observer notified!
Observer notified!
Observer notified!
Observer notified!
Observer notified!
Observer notified!
Observer notified!
Observer notified!
Observer notified!
Observer notified!
Observer notified!
Observer notified!
Observer notified!
Observer notified!
Observer notified!
Observer notified!
Observer notified!
Observer notified!
Observer notified!
Observer notified!
Observer notified!
Observer notified!
Observer notified!
Observer notified!
Observer notified!
Observer notified!
Observer notified!
Observer notified!
Observer notified!
Observer notified!
Observer notified!
Observer notified!
Observer notified!
Observer notified!
Observer notified!
Observer notified!
Observer notified!
Observer notified!
Observer notified!
Observer notified!
Observer notified!
Observer notified!
Observer notified!
Observer notified!
Observer notified!
Observer notified!
Observer notified!
Observer notified!
Observer notified!
Observer notified!
Observer notified!
Observer notified!
Observer notified!
Observer notified!
Observer notified!
Observer notified!
Observer notified!
Observer notified!
Observer notified!
Observer notified!
Observer notified!
Observer notified!
Observer notified!
Observer notified!
Observer notified!
Observer notified!
Observer notified!
Observer notified!
Observer notified!
Observer notified!
Observer notified!
Observer notified!
Observer notified!
Observer notified!
Observer notified!
Observer notified!
Observer notified!
Observer notified!
Observer notified!
Observer notified!
Observer notified!
Observer notified!
Observer notified!
Observer notified!
Observer notified!
Observer notified!
Observer notified!
Observer notified!
Observer notified!
Observer notified!
Observer notified!
Observer notified!
Observer notified!
Observer notified!
Observer notified!
Observer notified!
Observer notified!
Observer notified!
Observer notified!
Observer notified!
Observer notified!
Observer notified!
Observer notified!
Observer notified!
Observer notified!
Observer notified!
Observer notified!
Observer notified!
Observer notified!
Observer notified!
Observer notified!
Observer notified!
Observer notified!
Observer notified!
Observer notified!
Observer notified!
Observer notified!
Observer notified!
Observer notified!
Observer notified!
Observer notified!
Observer notified!
Observer notified!
Observer notified!
Observer notified!
Observer notified!
Observer notified!
Observer notified!
Observer notified!
Observer notified!
Observer notified!
Observer notified!
Observer notified!
Observer notified!
Observer notified!
Observer notified!
Observer notified!
Observer notified!
Observer notified!
Observer notified!
Observer notified!
Observer notified!
Observer notified!
Observer notified!
Observer notified!
Observer notified!
Observer notified!
Observer notified!
Observer notified!
Observer notified!
Observer notified!
Observer notified!
Observer notified!
Observer notified!
Observer notified!
Observer notified!
Observer notified!
Observer notified!
Observer notified!
Observer notified!
Observer notified!
Observer notified!
Observer notified!
Observer notified!
Observer notified!
Observer notified!
Observer notified!
Observer notified!
Observer notified!
Observer notified!
Observer notified!
Observer notified!
Observer notified!
Observer notified!
Observer notified!
Observer notified!
Observer notified!
Observer notified!
Observer notified!
Observer notified!
Observer notified!
Observer notified!
Observer notified!
Observer notified!
Observer notified!
Observer notified!
Observer notified!
Observer notified!
Observer notified!
Observer notified!
Observer notified!
Observer notified!
Observer notified!
Observer notified!
Observer notified!
Observer notified!
Observer notified!
Observer notified!
Observer notified!
Observer notified!
Observer notified!
Observer notified!
Observer notified!
Observer notified!
Observer notified!
Observer notified!
Observer notified!
Observer notified!
Observer notified!
Observer notified!
Observer notified!
Observer notified!
Observer notified!
Observer notified!
Observer notified!
Observer notified!
Observer notified!
Observer notified!
Observer notified!
Observer notified!
Observer notified!
Observer notified!
Observer notified!
Observer notified!
Observer notified!
Observer notified!
Observer notified!
Observer notified!
Observer notified!
Observer notified!
Observer notified!
Observer notified!
Observer notified!
Observer notified!
Observer notified!
Observer notified!
Observer notified!
Observer notified!
Observer notified!
Observer notified!
Observer notified!
Observer notified!
Observer notified!
Observer notified!
Observer notified!
Observer notified!
Observer notified!
Observer notified!
Observer notified!
Observer notified!
Observer notified!
Observer notified!
Observer notified!
Observer notified!
Observer notified!
Observer notified!
Observer notified!
Observer notified!
Observer notified!
Observer notified!
Observer notified!
Observer notified!
Observer notified!
Observer notified!
Observer notified!
Observer notified!
Observer notified!
Observer notified!
Observer notified!
Observer notified!
Observer notified!
Observer notified!
Observer notified!
Observer notified!
Observer notified!
Observer notified!
Observer notified!
Observer notified!
Observer notified!
Observer notified!
Observer notified!
Observer notified!
Observer notified!
Observer notified!
Observer notified!
Observer notified!
Observer notified!
Observer notified!
Observer notified!
Observer notified!
Observer notified!
Observer notified!
Observer notified!
Observer notified!
Observer notified!
Observer notified!
Observer notified!
Observer notified!
Observer notified!
Observer notified!
Observer notified!
Observer notified!
Observer notified!
Observer notified!
Observer notified!
Observer notified!
Observer notified!
Observer notified!
Observer notified!
Observer notified!
Observer notified!
Observer notified!
Observer notified!
Observer notified!
Observer notified!
Observer notified!
Observer notified!
Observer notified!
Observer notified!
Observer notified!
Observer notified!
Observer notified!
Observer notified!
Observer notified!
Observer notified!
Observer notified!
Observer notified!
Observer notified!
Observer notified!
Observer notified!
Observer notified!
Observer notified!
Observer notified!
Observer notified!
Observer notified!
Observer notified!
Observer notified!
Observer notified!
Observer notified!
Observer notified!
Observer notified!
Observer notified!
Observer notified!
Observer notified!
Observer notified!
Observer notified!
Observer notified!
Observer notified!
Observer notified!
Observer notified!
Observer notified!
Observer notified!
Observer notified!
Observer notified!
Observer notified!
Observer notified!
Observer notified!
Observer notified!
Observer notified!
Observer notified!
Observer notified!
Observer notified!
Observer notified!
Observer notified!
Observer notified!
Observer notified!
Observer notified!
Observer notified!
Observer notified!
Observer notified!
Observer notified!
Observer notified!
Observer notified!
Observer notified!
Observer notified!
Observer notified!
Observer notified!
Observer notified!
Observer notified!
Observer notified!
Observer notified!
Observer notified!
Observer notified!
Observer notified!
Observer notified!
Observer notified!
Observer notified!
Observer notified!
Observer notified!
Observer notified!
Observer notified!
Observer notified!
Observer notified!
Observer notified!
Observer notified!
Observer notified!
Observer notified!
Observer notified!
Observer notified!
Observer notified!
Observer notified!
Observer notified!
Observer notified!
Observer notified!
Observer notified!
Observer notified!
Observer notified!
Observer notified!
Observer notified!
Observer notified!
Observer notified!
Observer notified!
Observer notified!
Observer notified!
Observer notified!
Observer notified!
Observer notified!
Observer notified!
Observer notified!
Observer notified!
Observer notified!
Observer notified!
Observer notified!
Observer notified!
Observer notified!
Observer notified!
Observer notified!
Observer notified!
Observer notified!
Observer notified!
Observer notified!
Observer notified!
Observer notified!
Observer notified!
Observer notified!
Observer notified!
Observer notified!
Observer notified!
Observer notified!
Observer notified!
Observer notified!
Observer notified!
Observer notified!
Observer notified!
Observer notified!
Observer notified!
Observer notified!
Observer notified!
Observer notified!
Observer notified!
Observer notified!
Observer notified!
Observer notified!
Observer notified!
Observer notified!
Observer notified!
Observer notified!
Observer notified!
Observer notified!
Observer notified!
Observer notified!
Observer notified!
Observer notified!
Observer notified!
Observer notified!
Observer notified!
Observer notified!
Observer notified!
Observer notified!
Observer notified!
Observer notified!
Observer notified!
Observer notified!
Observer notified!
Observer notified!
Observer notified!
Observer notified!
Observer notified!
Observer notified!
Observer notified!
Observer notified!
Observer notified!
Observer notified!
Observer notified!
Observer notified!
Observer notified!
Observer notified!
Observer notified!
Observer notified!
Observer notified!
Observer notified!
Observer notified!
Observer notified!
Observer notified!
Observer notified!
Observer notified!
Observer notified!
Observer notified!
Observer notified!
Observer notified!
Observer notified!
Observer notified!
Observer notified!
Observer notified!
Observer notified!
Observer notified!
Observer notified!
Observer notified!
Observer notified!
Observer notified!
Observer notified!
Observer notified!
Observer notified!
Observer notified!
Observer notified!
Observer notified!
Observer notified!
Observer notified!
Observer notified!
Observer notified!
Observer notified!
Observer notified!
Observer notified!
Observer notified!
Observer notified!
Observer notified!
Observer notified!
Observer notified!
Observer notified!
Observer notified!
Observer notified!
Observer notified!
Observer notified!
Observer notified!
Observer notified!
Observer notified!
Observer notified!
Observer notified!
Observer notified!
Observer notified!
Observer notified!
Observer notified!
Observer notified!
Observer notified!
Observer notified!
Observer notified!
Observer notified!
Observer notified!
Observer notified!
Observer notified!
Observer notified!
Observer notified!
Observer notified!
Observer notified!
Observer notified!
Observer notified!
Observer notified!
Observer notified!
Observer notified!
Observer notified!
Observer notified!
Observer notified!
Observer notified!
Observer notified!
Observer notified!
Observer notified!
Observer notified!
Observer notified!
Observer notified!
Observer notified!
Observer notified!
Observer notified!
Observer notified!
Observer notified!
Observer notified!
Observer notified!
Observer notified!
Observer notified!
Observer notified!
Observer notified!
Observer notified!
Observer notified!
Observer notified!
Observer notified!
Observer notified!
Observer notified!
Observer notified!
Observer notified!
Observer notified!
Observer notified!
Observer notified!
Observer notified!
Observer notified!
Observer notified!
Observer notified!
Observer notified!
Observer notified!
Observer notified!
Observer notified!
Observer notified!
Observer notified!
Observer notified!
Observer notified!
Observer notified!
Observer notified!
Observer notified!
Observer notified!
Observer notified!
Observer notified!
Observer notified!
Observer notified!
Observer notified!
Observer notified!
Observer notified!
Observer notified!
Observer notified!
Observer notified!
Observer notified!
Observer notified!
Observer notified!
Observer notified!
Observer notified!
Observer notified!
Observer notified!
Observer notified!
Observer notified!
Observer notified!
Observer notified!
Observer notified!
Observer notified!
Observer notified!
Observer notified!
Observer notified!
Observer notified!
Observer notified!
Observer notified!
Blockiert!
Observer notified!
Observer notified!
Observer notified!
Observer notified!
Observer notified!
Observer notified!
Observer notified!
Observer notified!
Observer notified!
Observer notified!
Observer notified!
Observer notified!
Observer notified!
Observer notified!
Observer notified!
Observer notified!
Observer notified!
Observer notified!
Observer notified!
Observer notified!
Observer notified!
Observer notified!
Observer notified!
Observer notified!
Observer notified!
Observer notified!
Observer notified!
Observer notified!
Observer notified!
Observer notified!
Observer notified!
Observer notified!
Observer notified!
Observer notified!
Observer notified!
Observer notified!
Observer notified!
Observer notified!
Observer notified!
Observer notified!
Observer notified!
Observer notified!
Observer notified!
Observer notified!
Observer notified!
Observer notified!
Observer notified!
Observer notified!
Observer notified!
Observer notified!
Observer notified!
Observer notified!
Observer notified!
Observer notified!
Observer notified!
Observer notified!
Observer notified!</StdOut>
        <ErrorInfo>
          <Message>Die TestAnwendungskern.IBesucherTest.SendeEmailMitReservierungsnummerTest-Testmethode hat eine Ausnahme ausgelöst: System.FormatException: Die angegebene Zeichenfolge besitzt nicht das für eine E-Mail-Adresse erforderliche Format.</Message>
          <StackTrace>    bei System.Net.Mail.MailAddressParser.ReadCfwsAndThrowIfIncomplete(String data, Int32 index)
   bei System.Net.Mail.MailAddressParser.ParseDomain(String data, Int32&amp; index)
   bei System.Net.Mail.MailAddressParser.ParseAddress(String data, Boolean expectMultipleAddresses, Int32&amp; index)
   bei System.Net.Mail.MailAddressParser.ParseMultipleAddresses(String data)
   bei System.Net.Mail.MailAddressCollection.ParseValue(String addresses)
   bei System.Net.Mail.MailAddressCollection.Add(String addresses)
   bei System.Net.Mail.Message..ctor(String from, String to)
   bei System.Net.Mail.MailMessage..ctor(String from, String to)
   bei System.Net.Mail.MailMessage..ctor(String from, String to, String subject, String body)
   bei Fassade.Schnittstelle.FassadeBesucher.SendeEmailMitReservierungsnummer(String email_adresse, Int32 reservierungsnummer) in C:\Users\André\Documents\SePraktikum\SEPraktikum\Anwendungskern\Schnittstelle\FassadeBesucher.cs:Zeile 173.
   bei TestAnwendungskern.IBesucherTest.SendeEmailMitReservierungsnummerTest() in C:\Users\André\Documents\SePraktikum\SEPraktikum\TestAnwendungskern\IBesucherTest.cs:Zeile 213.
</StackTrace>
        </ErrorInfo>
      </Output>
    </UnitTestResult>
    <UnitTestResult executionId="18c7e90f-2d99-4cd2-b40c-3c23dfdf06cd" testId="518cfcbf-c066-45d2-d0c8-3e54839daf71" testName="KinokarteReservierenTest" computerName="ANDRÉ-PC" duration="00:00:00.0263012" startTime="2011-06-03T00:28:04.0828847+02:00" endTime="2011-06-03T00:28:04.1268872+02:00" testType="13cdc9d9-ddb5-4fa4-a97d-d965ccfc6d4b" outcome="Failed" testListId="8c84fa94-04c1-424b-9868-57a2d4851a1d" relativeResultsDirectory="18c7e90f-2d99-4cd2-b40c-3c23dfdf06cd">
      <Output>
        <StdOut>Observer notified!
Observer notified!
Observer notified!
Observer notified!
Observer notified!
Observer notified!
Observer notified!
Observer notified!
Observer notified!
Observer notified!
Observer notified!
Observer notified!
Observer notified!
Observer notified!
Observer notified!
Observer notified!
Observer notified!
Observer notified!
Observer notified!
Observer notified!
Observer notified!
Observer notified!
Observer notified!
Observer notified!
Observer notified!
Observer notified!
Observer notified!
Observer notified!
Observer notified!
Observer notified!
Observer notified!
Observer notified!
Observer notified!
Observer notified!
Observer notified!
Observer notified!
Observer notified!
Observer notified!
Observer notified!
Observer notified!
Observer notified!
Observer notified!
Observer notified!
Observer notified!
Observer notified!
Observer notified!
Observer notified!
Observer notified!
Observer notified!
Observer notified!
Observer notified!
Observer notified!
Observer notified!
Observer notified!
Observer notified!
Observer notified!
Observer notified!
Observer notified!
Observer notified!
Observer notified!
Observer notified!
Observer notified!
Observer notified!
Observer notified!
Observer notified!
Observer notified!
Observer notified!
Observer notified!
Observer notified!
Observer notified!
Observer notified!
Observer notified!
Observer notified!
Observer notified!
Observer notified!
Observer notified!
Observer notified!
Observer notified!
Observer notified!
Observer notified!
Observer notified!
Observer notified!
Observer notified!
Observer notified!
Observer notified!
Observer notified!
Observer notified!
Observer notified!
Observer notified!
Observer notified!
Observer notified!
Observer notified!
Observer notified!
Observer notified!
Observer notified!
Observer notified!
Observer notified!
Observer notified!
Observer notified!
Observer notified!
Observer notified!
Observer notified!
Observer notified!
Observer notified!
Observer notified!
Observer notified!
Observer notified!
Observer notified!
Observer notified!
Observer notified!
Observer notified!
Observer notified!
Observer notified!
Observer notified!
Observer notified!
Observer notified!
Observer notified!
Observer notified!
Observer notified!
Observer notified!
Observer notified!
Observer notified!
Observer notified!
Observer notified!
Observer notified!
Observer notified!
Observer notified!
Observer notified!
Observer notified!
Observer notified!
Observer notified!
Observer notified!
Observer notified!
Observer notified!
Observer notified!
Observer notified!
Observer notified!
Observer notified!
Observer notified!
Observer notified!
Observer notified!
Observer notified!
Observer notified!
Observer notified!
Observer notified!
Observer notified!
Observer notified!
Observer notified!
Observer notified!
Observer notified!
Observer notified!
Observer notified!
Observer notified!
Observer notified!
Observer notified!
Observer notified!
Observer notified!
Observer notified!
Observer notified!
Observer notified!
Observer notified!
Observer notified!
Observer notified!
Observer notified!
Observer notified!
Observer notified!
Observer notified!
Observer notified!
Observer notified!
Observer notified!
Observer notified!
Observer notified!
Observer notified!
Observer notified!
Observer notified!
Observer notified!
Observer notified!
Observer notified!
Observer notified!
Observer notified!
Observer notified!
Observer notified!
Observer notified!
Observer notified!
Observer notified!
Observer notified!
Observer notified!
Observer notified!
Observer notified!
Observer notified!
Observer notified!
Observer notified!
Observer notified!
Observer notified!
Observer notified!
Observer notified!
Observer notified!
Observer notified!
Observer notified!
Observer notified!
Observer notified!
Observer notified!
Observer notified!
Observer notified!
Observer notified!
Observer notified!
Observer notified!
Observer notified!
Observer notified!
Observer notified!
Observer notified!
Observer notified!
Observer notified!
Observer notified!
Observer notified!
Observer notified!
Observer notified!
Observer notified!
Observer notified!
Observer notified!
Observer notified!
Observer notified!
Observer notified!
Observer notified!
Observer notified!
Observer notified!
Observer notified!
Observer notified!
Observer notified!
Observer notified!
Observer notified!
Observer notified!
Observer notified!
Observer notified!
Observer notified!
Observer notified!
Observer notified!
Observer notified!
Observer notified!
Observer notified!
Observer notified!
Observer notified!
Observer notified!
Observer notified!
Observer notified!
Observer notified!
Observer notified!
Observer notified!
Observer notified!
Observer notified!
Observer notified!
Observer notified!
Observer notified!
Observer notified!
Observer notified!
Observer notified!
Observer notified!
Observer notified!
Observer notified!
Observer notified!
Observer notified!
Observer notified!
Observer notified!
Observer notified!
Observer notified!
Observer notified!
Observer notified!
Observer notified!
Observer notified!
Observer notified!
Observer notified!
Observer notified!
Observer notified!
Observer notified!
Observer notified!
Observer notified!
Observer notified!
Observer notified!
Observer notified!
Observer notified!
Observer notified!
Observer notified!
Observer notified!
Observer notified!
Observer notified!
Observer notified!
Observer notified!
Observer notified!
Observer notified!
Observer notified!
Observer notified!
Observer notified!
Observer notified!
Observer notified!
Observer notified!
Observer notified!
Observer notified!
Observer notified!
Observer notified!
Observer notified!
Observer notified!
Observer notified!
Observer notified!
Observer notified!
Observer notified!
Observer notified!
Observer notified!
Observer notified!
Observer notified!
Observer notified!
Observer notified!
Observer notified!
Observer notified!
Observer notified!
Observer notified!
Observer notified!
Observer notified!
Observer notified!
Observer notified!
Observer notified!
Observer notified!
Observer notified!
Observer notified!
Observer notified!
Observer notified!
Observer notified!
Observer notified!
Observer notified!
Observer notified!
Observer notified!
Observer notified!
Observer notified!
Observer notified!
Observer notified!
Observer notified!
Observer notified!
Observer notified!
Observer notified!
Observer notified!
Observer notified!
Observer notified!
Observer notified!
Observer notified!
Observer notified!
Observer notified!
Observer notified!
Observer notified!
Observer notified!
Observer notified!
Observer notified!
Observer notified!
Observer notified!
Observer notified!
Observer notified!
Observer notified!
Observer notified!
Observer notified!
Observer notified!
Observer notified!
Observer notified!
Observer notified!
Observer notified!
Observer notified!
Observer notified!
Observer notified!
Observer notified!
Observer notified!
Observer notified!
Observer notified!
Observer notified!
Observer notified!
Observer notified!
Observer notified!
Observer notified!
Observer notified!
Observer notified!
Observer notified!
Observer notified!
Observer notified!
Observer notified!
Observer notified!
Observer notified!
Observer notified!
Observer notified!
Observer notified!
Observer notified!
Observer notified!
Observer notified!
Observer notified!
Observer notified!
Observer notified!
Observer notified!
Observer notified!
Observer notified!
Observer notified!
Observer notified!
Observer notified!
Observer notified!
Observer notified!
Observer notified!
Observer notified!
Observer notified!
Observer notified!
Observer notified!
Observer notified!
Observer notified!
Observer notified!
Observer notified!
Observer notified!
Observer notified!
Observer notified!
Observer notified!
Observer notified!
Observer notified!
Observer notified!
Observer notified!
Observer notified!
Observer notified!
Observer notified!
Observer notified!
Observer notified!
Observer notified!
Observer notified!
Observer notified!
Observer notified!
Observer notified!
Observer notified!
Observer notified!
Observer notified!
Observer notified!
Observer notified!
Observer notified!
Observer notified!
Observer notified!
Observer notified!
Observer notified!
Observer notified!
Observer notified!
Observer notified!
Observer notified!
Observer notified!
Observer notified!
Observer notified!
Observer notified!
Observer notified!
Observer notified!
Observer notified!
Observer notified!
Observer notified!
Observer notified!
Observer notified!
Observer notified!
Observer notified!
Observer notified!
Observer notified!
Observer notified!
Observer notified!
Observer notified!
Observer notified!
Observer notified!
Observer notified!
Observer notified!
Observer notified!
Observer notified!
Observer notified!
Observer notified!
Observer notified!
Observer notified!
Observer notified!
Observer notified!
Observer notified!
Observer notified!
Observer notified!
Observer notified!
Observer notified!
Observer notified!
Observer notified!
Observer notified!
Observer notified!
Observer notified!
Observer notified!
Observer notified!
Observer notified!
Observer notified!
Observer notified!
Observer notified!
Observer notified!
Observer notified!
Observer notified!
Observer notified!
Observer notified!
Observer notified!
Observer notified!
Observer notified!
Observer notified!
Observer notified!
Observer notified!
Observer notified!
Observer notified!
Observer notified!
Observer notified!
Observer notified!
Observer notified!
Observer notified!
Observer notified!
Observer notified!
Observer notified!
Observer notified!
Observer notified!
Observer notified!
Observer notified!
Observer notified!
Observer notified!
Observer notified!
Observer notified!
Observer notified!
Observer notified!
Observer notified!
Observer notified!
Observer notified!
Observer notified!
Observer notified!
Observer notified!
Observer notified!
Observer notified!
Observer notified!
Observer notified!
Observer notified!
Observer notified!
Observer notified!
Observer notified!
Observer notified!
Observer notified!
Observer notified!
Observer notified!
Observer notified!
Observer notified!
Observer notified!
Observer notified!
Observer notified!
Observer notified!
Observer notified!
Observer notified!
Observer notified!
Observer notified!
Observer notified!
Observer notified!
Observer notified!
Observer notified!
Observer notified!
Observer notified!
Observer notified!
Observer notified!
Observer notified!
Observer notified!
Observer notified!
Observer notified!
Observer notified!
Observer notified!
Observer notified!
Observer notified!
Observer notified!
Observer notified!
Observer notified!
Observer notified!
Observer notified!
Observer notified!
Observer notified!
Observer notified!
Observer notified!
Observer notified!
Observer notified!
Observer notified!
Observer notified!
Observer notified!
Observer notified!
Observer notified!
Observer notified!
Observer notified!
Observer notified!
Observer notified!
Observer notified!
Observer notified!
Observer notified!
Observer notified!
Observer notified!
Observer notified!
Observer notified!
Observer notified!
Observer notified!
Observer notified!
Observer notified!
Observer notified!
Observer notified!
Observer notified!
Observer notified!
Observer notified!
Observer notified!
Observer notified!
Observer notified!
Observer notified!
Observer notified!
Observer notified!
Observer notified!
Observer notified!
Observer notified!
Observer notified!
Observer notified!
Observer notified!
Observer notified!
Observer notified!
Observer notified!
Observer notified!
Observer notified!
Observer notified!
Observer notified!
Observer notified!
Observer notified!
Observer notified!
Observer notified!
Observer notified!
Observer notified!
Observer notified!
Observer notified!
Observer notified!
Observer notified!
Observer notified!
Observer notified!
Observer notified!
Observer notified!
Observer notified!
Observer notified!
Observer notified!
Observer notified!
Observer notified!
Observer notified!
Observer notified!
Observer notified!
Observer notified!
Observer notified!
Observer notified!
Observer notified!
Observer notified!
Observer notified!
Observer notified!
Observer notified!
Observer notified!
Observer notified!
Observer notified!
Observer notified!
Observer notified!
Observer notified!
Observer notified!
Observer notified!
Observer notified!
Observer notified!
Observer notified!
Observer notified!
Observer notified!
Observer notified!
Observer notified!
Observer notified!
Observer notified!
Observer notified!
Observer notified!
Observer notified!
Observer notified!
Observer notified!
Observer notified!
Observer notified!
Observer notified!
Observer notified!
Observer notified!
Observer notified!
Observer notified!
Observer notified!
Observer notified!
Observer notified!
Observer notified!
Observer notified!
Observer notified!
Observer notified!
Observer notified!
Observer notified!
Observer notified!
Observer notified!
Observer notified!
Observer notified!
Observer notified!
Observer notified!
Observer notified!
Observer notified!
Observer notified!
Observer notified!
Observer notified!
Observer notified!
Observer notified!
Observer notified!
Observer notified!
Observer notified!
Observer notified!
Observer notified!
Observer notified!
Observer notified!
Observer notified!
Observer notified!
Observer notified!
Observer notified!
Observer notified!
Observer notified!
Observer notified!
Observer notified!
Observer notified!
Observer notified!
Observer notified!
Observer notified!
Observer notified!
Observer notified!
Observer notified!
Observer notified!
Observer notified!
Observer notified!
Observer notified!
Observer notified!
Observer notified!
Observer notified!
Observer notified!
Observer notified!
Observer notified!
Observer notified!
Observer notified!
Observer notified!
Observer notified!
Observer notified!
Observer notified!
Observer notified!
Observer notified!
Observer notified!
Observer notified!
Observer notified!
Observer notified!
Observer notified!
Observer notified!
Observer notified!
Observer notified!
Observer notified!
Observer notified!
Observer notified!
Observer notified!
Observer notified!
Observer notified!
Observer notified!
Observer notified!
Observer notified!
Observer notified!
Observer notified!
Observer notified!
Observer notified!
Observer notified!
Observer notified!
Observer notified!
Observer notified!
Observer notified!
Observer notified!
Observer notified!
Observer notified!
Observer notified!
Observer notified!
Observer notified!
Observer notified!
Observer notified!
Observer notified!
Observer notified!
Observer notified!
Observer notified!
Observer notified!
Observer notified!
Observer notified!
Observer notified!
Observer notified!
Observer notified!
Observer notified!
Observer notified!
Observer notified!
Observer notified!
Observer notified!
Observer notified!
Observer notified!
Observer notified!
Observer notified!
Observer notified!
Observer notified!
Observer notified!
Observer notified!
Observer notified!
Observer notified!
Observer notified!
Observer notified!
Observer notified!
Observer notified!
Observer notified!
Observer notified!
Observer notified!
Observer notified!
Observer notified!
Observer notified!
Observer notified!
Observer notified!
Observer notified!
Observer notified!
Observer notified!
Observer notified!
Observer notified!
Observer notified!
Observer notified!
Observer notified!
Observer notified!
Observer notified!
Observer notified!
Observer notified!
Observer notified!
Observer notified!
Observer notified!
Observer notified!
Observer notified!
Observer notified!
Observer notified!
Observer notified!
Observer notified!
Observer notified!
Observer notified!
Observer notified!
Observer notified!
Observer notified!
Observer notified!
Observer notified!
Observer notified!
Observer notified!
Observer notified!
Observer notified!
Observer notified!
Observer notified!
Observer notified!
Observer notified!
Observer notified!
Observer notified!
Observer notified!
Observer notified!
Observer notified!
Observer notified!
Observer notified!
Observer notified!
Observer notified!
Observer notified!
Observer notified!
Observer notified!
Observer notified!
Observer notified!
Observer notified!
Observer notified!
Observer notified!
Observer notified!
Observer notified!
Observer notified!
Observer notified!
Observer notified!
Observer notified!
Observer notified!
Observer notified!
Observer notified!
Observer notified!
Observer notified!
Observer notified!
Observer notified!
Observer notified!
Observer notified!
Observer notified!
Observer notified!
Observer notified!
Observer notified!
Observer notified!
Observer notified!
Observer notified!
Observer notified!
Observer notified!
Observer notified!
Observer notified!
Observer notified!
Observer notified!
Observer notified!
Observer notified!
Observer notified!
Observer notified!
Observer notified!
Observer notified!
Observer notified!
Observer notified!
Observer notified!
Observer notified!
Observer notified!
Observer notified!
Observer notified!
Observer notified!
Observer notified!
Observer notified!
Observer notified!
Observer notified!
Observer notified!
Observer notified!
Observer notified!
Observer notified!
Observer notified!
Observer notified!
Observer notified!
Observer notified!
Observer notified!
Observer notified!
Observer notified!
Observer notified!
Observer notified!
Observer notified!
Observer notified!
Observer notified!
Observer notified!
Observer notified!
Observer notified!
Observer notified!
Observer notified!
Observer notified!
Observer notified!
Observer notified!
Observer notified!
Observer notified!
Observer notified!
Observer notified!
Observer notified!
Observer notified!
Observer notified!
Observer notified!
Observer notified!
Observer notified!
Observer notified!
Observer notified!
Observer notified!
Observer notified!
Observer notified!
Observer notified!
Observer notified!
Observer notified!
Observer notified!
Observer notified!
Observer notified!
Observer notified!
Observer notified!
Observer notified!
Observer notified!
Observer notified!
Observer notified!
Observer notified!
Observer notified!
Observer notified!
Observer notified!
Observer notified!
Observer notified!
Observer notified!
Observer notified!
Observer notified!
Observer notified!
Observer notified!
Observer notified!
Observer notified!
Observer notified!
Observer notified!
Observer notified!
Observer notified!
Observer notified!
Observer notified!
Observer notified!
Observer notified!
Observer notified!
Observer notified!
Observer notified!
Observer notified!
Observer notified!
Observer notified!
Observer notified!
Observer notified!
Observer notified!
Observer notified!
Observer notified!
Observer notified!
Observer notified!
Observer notified!
Observer notified!
Observer notified!
Observer notified!
Observer notified!
Observer notified!
Observer notified!
Observer notified!
Observer notified!
Observer notified!
Observer notified!
Observer notified!
Observer notified!
Observer notified!
Observer notified!
Observer notified!
Observer notified!
Observer notified!
Observer notified!
Observer notified!
Observer notified!
Observer notified!
Observer notified!
Observer notified!
Observer notified!
Observer notified!
Observer notified!
Observer notified!
Observer notified!
Observer notified!
Observer notified!
Observer notified!
Observer notified!
Observer notified!
Observer notified!
Observer notified!
Observer notified!
Observer notified!
Observer notified!
Observer notified!
Observer notified!
Observer notified!
Observer notified!
Observer notified!
Observer notified!
Observer notified!
Observer notified!
Observer notified!
Observer notified!
Observer notified!
Observer notified!
Observer notified!
Observer notified!
Observer notified!
Observer notified!
Observer notified!
Observer notified!
Observer notified!
Observer notified!
Observer notified!
Observer notified!
Observer notified!
Observer notified!
Observer notified!
Observer notified!
Observer notified!
Observer notified!
Observer notified!
Observer notified!
Observer notified!
Observer notified!
Observer notified!
Observer notified!
Observer notified!
Observer notified!
Observer notified!
Observer notified!
Observer notified!
Observer notified!
Observer notified!
Observer notified!
Observer notified!
Observer notified!
Observer notified!
Observer notified!
Observer notified!
Observer notified!
Observer notified!
Observer notified!
Observer notified!
Observer notified!
Observer notified!
Observer notified!
Observer notified!
Observer notified!
Observer notified!
Observer notified!
Observer notified!
Observer notified!
Observer notified!
Observer notified!
Observer notified!
Observer notified!
Observer notified!
Observer notified!
Observer notified!
Observer notified!
Observer notified!
Observer notified!
Observer notified!
Observer notified!
Observer notified!
Observer notified!
Observer notified!
Observer notified!
Observer notified!
Observer notified!
Observer notified!
Observer notified!
Observer notified!
Observer notified!
Observer notified!
Observer notified!
Observer notified!
Observer notified!
Observer notified!
Observer notified!
Observer notified!
Observer notified!
Observer notified!
Observer notified!
Observer notified!
Observer notified!
Observer notified!
Observer notified!
Observer notified!
Observer notified!
Observer notified!
Observer notified!
Observer notified!
Observer notified!
Observer notified!
Observer notified!
Observer notified!
Observer notified!
Observer notified!
Observer notified!
Observer notified!
Observer notified!
Observer notified!
Observer notified!
Observer notified!
Observer notified!
Observer notified!
Observer notified!
Observer notified!
Observer notified!
Observer notified!
Observer notified!
Observer notified!
Observer notified!
Observer notified!
Observer notified!
Observer notified!
Observer notified!
Observer notified!
Observer notified!
Observer notified!
Observer notified!
Observer notified!
Observer notified!
Observer notified!
Observer notified!
Observer notified!
Observer notified!
Observer notified!
Observer notified!
Observer notified!
Observer notified!
Observer notified!
Observer notified!
Observer notified!
Observer notified!
Observer notified!
Observer notified!
Observer notified!
Observer notified!
Observer notified!
Observer notified!
Observer notified!
Observer notified!
Observer notified!
Observer notified!
Observer notified!
Observer notified!
Observer notified!
Observer notified!
Observer notified!
Observer notified!
Observer notified!
Observer notified!
Observer notified!
Observer notified!
Observer notified!
Observer notified!
Observer notified!
Observer notified!
Observer notified!
Observer notified!
Observer notified!
Observer notified!
Observer notified!
Observer notified!
Observer notified!
Observer notified!
Observer notified!
Observer notified!
Observer notified!
Observer notified!
Observer notified!
Observer notified!
Observer notified!
Observer notified!
Observer notified!
Observer notified!
Observer notified!
Observer notified!
Observer notified!
Observer notified!
Observer notified!
Observer notified!
Observer notified!
Observer notified!
Observer notified!
Observer notified!
Observer notified!
Observer notified!
Observer notified!
Observer notified!
Observer notified!
Observer notified!
Observer notified!
Observer notified!
Observer notified!
Observer notified!
Observer notified!
Observer notified!
Observer notified!
Observer notified!
Observer notified!
Observer notified!
Observer notified!
Observer notified!
Observer notified!
Observer notified!
Observer notified!
Observer notified!
Observer notified!
Observer notified!
Observer notified!
Observer notified!
Observer notified!
Observer notified!
Observer notified!
Observer notified!
Observer notified!
Observer notified!
Observer notified!
Observer notified!
Observer notified!
Observer notified!
Observer notified!
Observer notified!
Observer notified!
Observer notified!
Observer notified!
Observer notified!
Observer notified!
Observer notified!
Observer notified!
Observer notified!
Observer notified!
Observer notified!
Observer notified!
Observer notified!
Observer notified!
Observer notified!
Observer notified!
Observer notified!
Observer notified!
Observer notified!
Observer notified!
Observer notified!
Observer notified!
Observer notified!
Observer notified!
Observer notified!
Observer notified!
Observer notified!
Observer notified!
Observer notified!
Observer notified!
Observer notified!
Observer notified!
Observer notified!
Observer notified!
Observer notified!
Observer notified!
Observer notified!
Observer notified!
Observer notified!
Observer notified!
Observer notified!
Observer notified!
Observer notified!
Observer notified!
Observer notified!
Observer notified!
Observer notified!
Observer notified!
Observer notified!
Observer notified!
Observer notified!
Observer notified!
Observer notified!
Observer notified!
Observer notified!
Observer notified!
Observer notified!
Observer notified!
Observer notified!
Observer notified!
Observer notified!
Observer notified!
Observer notified!
Observer notified!
Observer notified!
Observer notified!
Observer notified!
Observer notified!
Observer notified!
Observer notified!
Observer notified!
Observer notified!
Observer notified!
Observer notified!
Observer notified!
Observer notified!
Observer notified!
Observer notified!
Observer notified!
Observer notified!
Observer notified!
Observer notified!
Observer notified!
Observer notified!
Observer notified!
Observer notified!
Observer notified!
Observer notified!
Observer notified!
Observer notified!
Observer notified!
Observer notified!
Observer notified!
Observer notified!
Observer notified!
Observer notified!
Observer notified!
Observer notified!
Observer notified!
Observer notified!
Observer notified!
Observer notified!
Observer notified!
Observer notified!
Observer notified!
Observer notified!
Observer notified!
Observer notified!
Observer notified!
Observer notified!
Observer notified!
Observer notified!
Observer notified!
Observer notified!
Observer notified!
Observer notified!
Observer notified!
Observer notified!
Observer notified!
Observer notified!
Observer notified!
Observer notified!
Observer notified!
Observer notified!
Observer notified!
Observer notified!
Observer notified!
Observer notified!
Observer notified!
Observer notified!
Observer notified!
Observer notified!
Observer notified!
Observer notified!
Observer notified!
Observer notified!
Observer notified!
Observer notified!
Observer notified!
Observer notified!
Observer notified!
Observer notified!
Observer notified!
Observer notified!
Observer notified!
Observer notified!
Observer notified!
Observer notified!
Observer notified!
Observer notified!
Observer notified!
Observer notified!
Observer notified!
Observer notified!
Observer notified!
Observer notified!
Observer notified!
Observer notified!
Observer notified!
Observer notified!
Observer notified!
Observer notified!
Observer notified!
Observer notified!
Observer notified!
Observer notified!
Observer notified!
Observer notified!
Observer notified!
Observer notified!
Observer notified!
Observer notified!
Observer notified!
Observer notified!
Observer notified!
Observer notified!
Observer notified!
Observer notified!
Observer notified!
Observer notified!
Observer notified!
Observer notified!
Observer notified!
Observer notified!
Observer notified!
Observer notified!
Observer notified!
Observer notified!
Observer notified!
Observer notified!
Observer notified!
Observer notified!
Observer notified!
Observer notified!
Observer notified!
Observer notified!
Observer notified!
Observer notified!
Observer notified!
Observer notified!
Observer notified!
Observer notified!
Observer notified!
Observer notified!
Observer notified!
Observer notified!
Observer notified!
Observer notified!
Observer notified!
Observer notified!
Observer notified!
Observer notified!
Observer notified!
Observer notified!
Observer notified!
Observer notified!
Observer notified!
Observer notified!
Observer notified!
Observer notified!
Observer notified!
Observer notified!
Observer notified!
Observer notified!
Observer notified!
Observer notified!
Observer notified!
Observer notified!
Observer notified!
Observer notified!
Observer notified!
Observer notified!
Observer notified!
Observer notified!
Observer notified!
Observer notified!
Observer notified!
Observer notified!
Observer notified!
Observer notified!
Observer notified!
Observer notified!
Observer notified!
Observer notified!
Observer notified!
Observer notified!
Observer notified!
Observer notified!
Observer notified!
Observer notified!
Observer notified!
Observer notified!
Observer notified!
Observer notified!
Observer notified!
Observer notified!
Observer notified!
Observer notified!
Observer notified!
Observer notified!
Observer notified!
Observer notified!
Observer notified!
Observer notified!
Observer notified!
Observer notified!
Observer notified!
Observer notified!
Observer notified!
Observer notified!
Observer notified!
Observer notified!
Observer notified!
Observer notified!
Observer notified!
Observer notified!
Observer notified!
Observer notified!
Observer notified!
Observer notified!
Observer notified!
Observer notified!
Observer notified!
Observer notified!
Observer notified!
Observer notified!
Observer notified!
Observer notified!
Observer notified!
Observer notified!
Observer notified!
Observer notified!
Observer notified!
Observer notified!
Observer notified!
Observer notified!
Observer notified!
Observer notified!
Observer notified!
Observer notified!
Observer notified!
Observer notified!
Observer notified!
Observer notified!
Observer notified!
Observer notified!
Observer notified!
Observer notified!
Observer notified!
Observer notified!
Observer notified!
Observer notified!
Observer notified!
Observer notified!
Observer notified!
Observer notified!
Observer notified!
Observer notified!
Observer notified!
Observer notified!
Observer notified!
Observer notified!
Observer notified!
Observer notified!
Observer notified!
Observer notified!
Observer notified!
Observer notified!
Observer notified!
Observer notified!
Observer notified!
Observer notified!
Observer notified!
Observer notified!
Observer notified!
Observer notified!
Observer notified!
Observer notified!
Observer notified!
Observer notified!
Observer notified!
Observer notified!
Observer notified!
Observer notified!
Observer notified!
Observer notified!
Observer notified!
Observer notified!
Observer notified!
Observer notified!
Observer notified!
Observer notified!
Observer notified!
Observer notified!
Observer notified!
Observer notified!
Observer notified!
Observer notified!
Observer notified!
Observer notified!
Observer notified!
Observer notified!
Observer notified!
Observer notified!
Observer notified!
Observer notified!
Observer notified!
Observer notified!
Observer notified!
Observer notified!
Observer notified!
Observer notified!
Observer notified!
Observer notified!
Observer notified!
Observer notified!
Observer notified!
Observer notified!
Observer notified!
Observer notified!
Observer notified!
Observer notified!
Observer notified!
Observer notified!
Observer notified!
Observer notified!
Observer notified!
Observer notified!
Observer notified!
Observer notified!
Observer notified!
Observer notified!
Observer notified!
Observer notified!
Observer notified!
Observer notified!
Observer notified!
Observer notified!
Observer notified!
Observer notified!
Observer notified!
Observer notified!
Observer notified!
Observer notified!
Observer notified!
Observer notified!
Observer notified!
Observer notified!
Observer notified!
Observer notified!
Observer notified!
Observer notified!
Observer notified!
Observer notified!
Observer notified!
Observer notified!
Observer notified!
Observer notified!
Observer notified!
Observer notified!
Observer notified!
Observer notified!
Observer notified!
Observer notified!
Observer notified!
Observer notified!
Observer notified!
Observer notified!
Observer notified!
Observer notified!
Observer notified!
Observer notified!
Observer notified!
Observer notified!
Observer notified!
Observer notified!
Observer notified!
Observer notified!
Observer notified!
Observer notified!
Observer notified!
Observer notified!
Observer notified!
Observer notified!
Observer notified!
Observer notified!
Observer notified!
Observer notified!
Observer notified!
Observer notified!
Observer notified!
Observer notified!
Observer notified!
Observer notified!
Observer notified!
Observer notified!
Observer notified!
Observer notified!
Blockiert!
Observer notified!
Observer notified!
Observer notified!
Observer notified!
Observer notified!
Observer notified!
Observer notified!
Observer notified!
Observer notified!
Observer notified!
Observer notified!
Observer notified!
Observer notified!
Observer notified!
Observer notified!
Observer notified!
Observer notified!
Observer notified!
Observer notified!
Observer notified!
Observer notified!
Observer notified!
Observer notified!
Observer notified!
Observer notified!
Observer notified!
Observer notified!
Observer notified!
Observer notified!
Observer notified!
Observer notified!
Observer notified!
Observer notified!
Observer notified!
Observer notified!
Observer notified!
Observer notified!
Observer notified!
Observer notified!
Observer notified!
Observer notified!
Observer notified!
Observer notified!
Observer notified!
Observer notified!
Observer notified!
Observer notified!
Observer notified!
Observer notified!
Observer notified!
Observer notified!
Observer notified!
Observer notified!
Observer notified!
Observer notified!
Observer notified!
Observer notified!
Observer notified!
Observer notified!
Observer notified!
Observer notified!
Observer notified!
Observer notified!
Observer notified!
Observer notified!
Observer notified!
Observer notified!
Observer notified!
Observer notified!
Observer notified!
Observer notified!
Observer notified!</StdOut>
        <ErrorInfo>
          <Message>Fehler bei "Assert.AreEqual". Erwartet:&lt;0&gt;. Tatsächlich:&lt;1&gt;. </Message>
          <StackTrace>   bei TestAnwendungskern.IBesucherTest.KinokarteReservierenTest() in C:\Users\André\Documents\SePraktikum\SEPraktikum\TestAnwendungskern\IBesucherTest.cs:Zeile 181.
</StackTrace>
        </ErrorInfo>
      </Output>
    </UnitTestResult>
    <UnitTestResult executionId="0ad20af4-e701-4c9c-a3e8-df3bb600b357" testId="52185796-2002-4825-0b6e-8e610f86417b" testName="PrüfeAltersfreigabeTest" computerName="ANDRÉ-PC" duration="00:00:00.0040890" startTime="2011-06-03T00:28:04.1578890+02:00" endTime="2011-06-03T00:28:04.1788902+02:00" testType="13cdc9d9-ddb5-4fa4-a97d-d965ccfc6d4b" outcome="Passed" testListId="8c84fa94-04c1-424b-9868-57a2d4851a1d" relativeResultsDirectory="0ad20af4-e701-4c9c-a3e8-df3bb600b357">
      <Output>
        <StdOut>Observer notified!
Observer notified!
Observer notified!
Observer notified!
Observer notified!
Observer notified!
Observer notified!
Observer notified!
Observer notified!
Observer notified!
Observer notified!
Observer notified!
Observer notified!
Observer notified!
Observer notified!
Observer notified!
Observer notified!
Observer notified!
Observer notified!
Observer notified!
Observer notified!
Observer notified!
Observer notified!
Observer notified!
Observer notified!
Observer notified!
Observer notified!
Observer notified!
Observer notified!
Observer notified!
Observer notified!
Observer notified!
Observer notified!
Observer notified!
Observer notified!
Observer notified!
Observer notified!
Observer notified!
Observer notified!
Observer notified!
Observer notified!
Observer notified!
Observer notified!
Observer notified!
Observer notified!
Observer notified!
Observer notified!
Observer notified!
Observer notified!
Observer notified!
Observer notified!
Observer notified!
Observer notified!
Observer notified!
Observer notified!
Observer notified!
Observer notified!
Observer notified!
Observer notified!
Observer notified!
Observer notified!
Observer notified!
Observer notified!
Observer notified!
Observer notified!
Observer notified!
Observer notified!
Observer notified!
Observer notified!
Observer notified!
Observer notified!
Observer notified!
Observer notified!
Observer notified!
Observer notified!
Observer notified!
Observer notified!
Observer notified!
Observer notified!
Observer notified!
Observer notified!
Observer notified!
Observer notified!
Observer notified!
Observer notified!
Observer notified!
Observer notified!
Observer notified!
Observer notified!
Observer notified!
Observer notified!
Observer notified!
Observer notified!
Observer notified!
Observer notified!
Observer notified!
Observer notified!
Observer notified!
Observer notified!
Observer notified!
Observer notified!
Observer notified!
Observer notified!
Observer notified!
Observer notified!
Observer notified!
Observer notified!
Observer notified!
Observer notified!
Observer notified!
Observer notified!
Observer notified!
Observer notified!
Observer notified!
Observer notified!
Observer notified!
Observer notified!
Observer notified!
Observer notified!
Observer notified!
Observer notified!
Observer notified!
Observer notified!
Observer notified!
Observer notified!
Observer notified!
Observer notified!
Observer notified!
Observer notified!
Observer notified!
Observer notified!
Observer notified!
Observer notified!
Observer notified!
Observer notified!
Observer notified!
Observer notified!
Observer notified!
Observer notified!
Observer notified!
Observer notified!
Observer notified!
Observer notified!
Observer notified!
Observer notified!
Observer notified!
Observer notified!
Observer notified!
Observer notified!
Observer notified!
Observer notified!
Observer notified!
Observer notified!
Observer notified!
Observer notified!
Observer notified!
Observer notified!
Observer notified!
Observer notified!
Observer notified!
Observer notified!
Observer notified!
Observer notified!
Observer notified!
Observer notified!
Observer notified!
Observer notified!
Observer notified!
Observer notified!
Observer notified!
Observer notified!
Observer notified!
Observer notified!
Observer notified!
Observer notified!
Observer notified!
Observer notified!
Observer notified!
Observer notified!
Observer notified!
Observer notified!
Observer notified!
Observer notified!
Observer notified!
Observer notified!
Observer notified!
Observer notified!
Observer notified!
Observer notified!
Observer notified!
Observer notified!
Observer notified!
Observer notified!
Observer notified!
Observer notified!
Observer notified!
Observer notified!
Observer notified!
Observer notified!
Observer notified!
Observer notified!
Observer notified!
Observer notified!
Observer notified!
Observer notified!
Observer notified!
Observer notified!
Observer notified!
Observer notified!
Observer notified!
Observer notified!
Observer notified!
Observer notified!
Observer notified!
Observer notified!
Observer notified!
Observer notified!
Observer notified!
Observer notified!
Observer notified!
Observer notified!
Observer notified!
Observer notified!
Observer notified!
Observer notified!
Observer notified!
Observer notified!
Observer notified!
Observer notified!
Observer notified!
Observer notified!
Observer notified!
Observer notified!
Observer notified!
Observer notified!
Observer notified!
Observer notified!
Observer notified!
Observer notified!
Observer notified!
Observer notified!
Observer notified!
Observer notified!
Observer notified!
Observer notified!
Observer notified!
Observer notified!
Observer notified!
Observer notified!
Observer notified!
Observer notified!
Observer notified!
Observer notified!
Observer notified!
Observer notified!
Observer notified!
Observer notified!
Observer notified!
Observer notified!
Observer notified!
Observer notified!
Observer notified!
Observer notified!
Observer notified!
Observer notified!
Observer notified!
Observer notified!
Observer notified!
Observer notified!
Observer notified!
Observer notified!
Observer notified!
Observer notified!
Observer notified!
Observer notified!
Observer notified!
Observer notified!
Observer notified!
Observer notified!
Observer notified!
Observer notified!
Observer notified!
Observer notified!
Observer notified!
Observer notified!
Observer notified!
Observer notified!
Observer notified!
Observer notified!
Observer notified!
Observer notified!
Observer notified!
Observer notified!
Observer notified!
Observer notified!
Observer notified!
Observer notified!
Observer notified!
Observer notified!
Observer notified!
Observer notified!
Observer notified!
Observer notified!
Observer notified!
Observer notified!
Observer notified!
Observer notified!
Observer notified!
Observer notified!
Observer notified!
Observer notified!
Observer notified!
Observer notified!
Observer notified!
Observer notified!
Observer notified!
Observer notified!
Observer notified!
Observer notified!
Observer notified!
Observer notified!
Observer notified!
Observer notified!
Observer notified!
Observer notified!
Observer notified!
Observer notified!
Observer notified!
Observer notified!
Observer notified!
Observer notified!
Observer notified!
Observer notified!
Observer notified!
Observer notified!
Observer notified!
Observer notified!
Observer notified!
Observer notified!
Observer notified!
Observer notified!
Observer notified!
Observer notified!
Observer notified!
Observer notified!
Observer notified!
Observer notified!
Observer notified!
Observer notified!
Observer notified!
Observer notified!
Observer notified!
Observer notified!
Observer notified!
Observer notified!
Observer notified!
Observer notified!
Observer notified!
Observer notified!
Observer notified!
Observer notified!
Observer notified!
Observer notified!
Observer notified!
Observer notified!
Observer notified!
Observer notified!
Observer notified!
Observer notified!
Observer notified!
Observer notified!
Observer notified!
Observer notified!
Observer notified!
Observer notified!
Observer notified!
Observer notified!
Observer notified!
Observer notified!
Observer notified!
Observer notified!
Observer notified!
Observer notified!
Observer notified!
Observer notified!
Observer notified!
Observer notified!
Observer notified!
Observer notified!
Observer notified!
Observer notified!
Observer notified!
Observer notified!
Observer notified!
Observer notified!
Observer notified!
Observer notified!
Observer notified!
Observer notified!
Observer notified!
Observer notified!
Observer notified!
Observer notified!
Observer notified!
Observer notified!
Observer notified!
Observer notified!
Observer notified!
Observer notified!
Observer notified!
Observer notified!
Observer notified!
Observer notified!
Observer notified!
Observer notified!
Observer notified!
Observer notified!
Observer notified!
Observer notified!
Observer notified!
Observer notified!
Observer notified!
Observer notified!
Observer notified!
Observer notified!
Observer notified!
Observer notified!
Observer notified!
Observer notified!
Observer notified!
Observer notified!
Observer notified!
Observer notified!
Observer notified!
Observer notified!
Observer notified!
Observer notified!
Observer notified!
Observer notified!
Observer notified!
Observer notified!
Observer notified!
Observer notified!
Observer notified!
Observer notified!
Observer notified!
Observer notified!
Observer notified!
Observer notified!
Observer notified!
Observer notified!
Observer notified!
Observer notified!
Observer notified!
Observer notified!
Observer notified!
Observer notified!
Observer notified!
Observer notified!
Observer notified!
Observer notified!
Observer notified!
Observer notified!
Observer notified!
Observer notified!
Observer notified!
Observer notified!
Observer notified!
Observer notified!
Observer notified!
Observer notified!
Observer notified!
Observer notified!
Observer notified!
Observer notified!
Observer notified!
Observer notified!
Observer notified!
Observer notified!
Observer notified!
Observer notified!
Observer notified!
Observer notified!
Observer notified!
Observer notified!
Observer notified!
Observer notified!
Observer notified!
Observer notified!
Observer notified!
Observer notified!
Observer notified!
Observer notified!
Observer notified!
Observer notified!
Observer notified!
Observer notified!
Observer notified!
Observer notified!
Observer notified!
Observer notified!
Observer notified!
Observer notified!
Observer notified!
Observer notified!
Observer notified!
Observer notified!
Observer notified!
Observer notified!
Observer notified!
Observer notified!
Observer notified!
Observer notified!
Observer notified!
Observer notified!
Observer notified!
Observer notified!
Observer notified!
Observer notified!
Observer notified!
Observer notified!
Observer notified!
Observer notified!
Observer notified!
Observer notified!
Observer notified!
Observer notified!
Observer notified!
Observer notified!
Observer notified!
Observer notified!
Observer notified!
Observer notified!
Observer notified!
Observer notified!
Observer notified!
Observer notified!
Observer notified!
Observer notified!
Observer notified!
Observer notified!
Observer notified!
Observer notified!
Observer notified!
Observer notified!
Observer notified!
Observer notified!
Observer notified!
Observer notified!
Observer notified!
Observer notified!
Observer notified!
Observer notified!
Observer notified!
Observer notified!
Observer notified!
Observer notified!
Observer notified!
Observer notified!
Observer notified!
Observer notified!
Observer notified!
Observer notified!
Observer notified!
Observer notified!
Observer notified!
Observer notified!
Observer notified!
Observer notified!
Observer notified!
Observer notified!
Observer notified!
Observer notified!
Observer notified!
Observer notified!
Observer notified!
Observer notified!
Observer notified!
Observer notified!
Observer notified!
Observer notified!
Observer notified!
Observer notified!
Observer notified!
Observer notified!
Observer notified!
Observer notified!
Observer notified!
Observer notified!
Observer notified!
Observer notified!
Observer notified!
Observer notified!
Observer notified!
Observer notified!
Observer notified!
Observer notified!
Observer notified!
Observer notified!
Observer notified!
Observer notified!
Observer notified!
Observer notified!
Observer notified!
Observer notified!
Observer notified!
Observer notified!
Observer notified!
Observer notified!
Observer notified!
Observer notified!
Observer notified!
Observer notified!
Observer notified!
Observer notified!
Observer notified!
Observer notified!
Observer notified!
Observer notified!
Observer notified!
Observer notified!
Observer notified!
Observer notified!
Observer notified!
Observer notified!
Observer notified!
Observer notified!
Observer notified!
Observer notified!
Observer notified!
Observer notified!
Observer notified!
Observer notified!
Observer notified!
Observer notified!
Observer notified!
Observer notified!
Observer notified!
Observer notified!
Observer notified!
Observer notified!
Observer notified!
Observer notified!
Observer notified!
Observer notified!
Observer notified!
Observer notified!
Observer notified!
Observer notified!
Observer notified!
Observer notified!
Observer notified!
Observer notified!
Observer notified!
Observer notified!
Observer notified!
Observer notified!
Observer notified!
Observer notified!
Observer notified!
Observer notified!
Observer notified!
Observer notified!
Observer notified!
Observer notified!
Observer notified!
Observer notified!
Observer notified!
Observer notified!
Observer notified!
Observer notified!
Observer notified!
Observer notified!
Observer notified!
Observer notified!
Observer notified!
Observer notified!
Observer notified!
Observer notified!
Observer notified!
Observer notified!
Observer notified!
Observer notified!
Observer notified!
Observer notified!
Observer notified!
Observer notified!
Observer notified!
Observer notified!
Observer notified!
Observer notified!
Observer notified!
Observer notified!
Observer notified!
Observer notified!
Observer notified!
Observer notified!
Observer notified!
Observer notified!
Observer notified!
Observer notified!
Observer notified!
Observer notified!
Observer notified!
Observer notified!
Observer notified!
Observer notified!
Observer notified!
Observer notified!
Observer notified!
Observer notified!
Observer notified!
Observer notified!
Observer notified!
Observer notified!
Observer notified!
Observer notified!
Observer notified!
Observer notified!
Observer notified!
Observer notified!
Observer notified!
Observer notified!
Observer notified!
Observer notified!
Observer notified!
Observer notified!
Observer notified!
Observer notified!
Observer notified!
Observer notified!
Observer notified!
Observer notified!
Observer notified!
Observer notified!
Observer notified!
Observer notified!
Observer notified!
Observer notified!
Observer notified!
Observer notified!
Observer notified!
Observer notified!
Observer notified!
Observer notified!
Observer notified!
Observer notified!
Observer notified!
Observer notified!
Observer notified!
Observer notified!
Observer notified!
Observer notified!
Observer notified!
Observer notified!
Observer notified!
Observer notified!
Observer notified!
Observer notified!
Observer notified!
Observer notified!
Observer notified!
Observer notified!
Observer notified!
Observer notified!
Observer notified!
Observer notified!
Observer notified!
Observer notified!
Observer notified!
Observer notified!
Observer notified!
Observer notified!
Observer notified!
Observer notified!
Observer notified!
Observer notified!
Observer notified!
Observer notified!
Observer notified!
Observer notified!
Observer notified!
Observer notified!
Observer notified!
Observer notified!
Observer notified!
Observer notified!
Observer notified!
Observer notified!
Observer notified!
Observer notified!
Observer notified!
Observer notified!
Observer notified!
Observer notified!
Observer notified!
Observer notified!
Observer notified!
Observer notified!
Observer notified!
Observer notified!
Observer notified!
Observer notified!
Observer notified!
Observer notified!
Observer notified!
Observer notified!
Observer notified!
Observer notified!
Observer notified!
Observer notified!
Observer notified!
Observer notified!
Observer notified!
Observer notified!
Observer notified!
Observer notified!
Observer notified!
Observer notified!
Observer notified!
Observer notified!
Observer notified!
Observer notified!
Observer notified!
Observer notified!
Observer notified!
Observer notified!
Observer notified!
Observer notified!
Observer notified!
Observer notified!
Observer notified!
Observer notified!
Observer notified!
Observer notified!
Observer notified!
Observer notified!
Observer notified!
Observer notified!
Observer notified!
Observer notified!
Observer notified!
Observer notified!
Observer notified!
Observer notified!
Observer notified!
Observer notified!
Observer notified!
Observer notified!
Observer notified!
Observer notified!
Observer notified!
Observer notified!
Observer notified!
Observer notified!
Observer notified!
Observer notified!
Observer notified!
Observer notified!
Observer notified!
Observer notified!
Observer notified!
Observer notified!
Observer notified!
Observer notified!
Observer notified!
Observer notified!
Observer notified!
Observer notified!
Observer notified!
Observer notified!
Observer notified!
Observer notified!
Observer notified!
Observer notified!
Observer notified!
Observer notified!
Observer notified!
Observer notified!
Observer notified!
Observer notified!
Observer notified!
Observer notified!
Observer notified!
Observer notified!
Observer notified!
Observer notified!
Observer notified!
Observer notified!
Observer notified!
Observer notified!
Observer notified!
Observer notified!
Observer notified!
Observer notified!
Observer notified!
Observer notified!
Observer notified!
Observer notified!
Observer notified!
Observer notified!
Observer notified!
Observer notified!
Observer notified!
Observer notified!
Observer notified!
Observer notified!
Observer notified!
Observer notified!
Observer notified!
Observer notified!
Observer notified!
Observer notified!
Observer notified!
Observer notified!
Observer notified!
Observer notified!
Observer notified!
Observer notified!
Observer notified!
Observer notified!
Observer notified!
Observer notified!
Observer notified!
Observer notified!
Observer notified!
Observer notified!
Observer notified!
Observer notified!
Observer notified!
Observer notified!
Observer notified!
Observer notified!
Observer notified!
Observer notified!
Observer notified!
Observer notified!
Observer notified!
Observer notified!
Observer notified!
Observer notified!
Observer notified!
Observer notified!
Observer notified!
Observer notified!
Observer notified!
Observer notified!
Observer notified!
Observer notified!
Observer notified!
Observer notified!
Observer notified!
Observer notified!
Observer notified!
Observer notified!
Observer notified!
Observer notified!
Observer notified!
Observer notified!
Observer notified!
Observer notified!
Observer notified!
Observer notified!
Observer notified!
Observer notified!
Observer notified!
Observer notified!
Observer notified!
Observer notified!
Observer notified!
Observer notified!
Observer notified!
Observer notified!
Observer notified!
Observer notified!
Observer notified!
Observer notified!
Observer notified!
Observer notified!
Observer notified!
Observer notified!
Observer notified!
Observer notified!
Observer notified!
Observer notified!
Observer notified!
Observer notified!
Observer notified!
Observer notified!
Observer notified!
Observer notified!
Observer notified!
Observer notified!
Observer notified!
Observer notified!
Observer notified!
Observer notified!
Observer notified!
Observer notified!
Observer notified!
Observer notified!
Observer notified!
Observer notified!
Observer notified!
Observer notified!
Observer notified!
Observer notified!
Observer notified!
Observer notified!
Observer notified!
Observer notified!
Observer notified!
Observer notified!
Observer notified!
Observer notified!
Observer notified!
Observer notified!
Observer notified!
Observer notified!
Observer notified!
Observer notified!
Observer notified!
Observer notified!
Observer notified!
Observer notified!
Observer notified!
Observer notified!
Observer notified!
Observer notified!
Observer notified!
Observer notified!
Observer notified!
Observer notified!
Observer notified!
Observer notified!
Observer notified!
Observer notified!
Observer notified!
Observer notified!
Observer notified!
Observer notified!
Observer notified!
Observer notified!
Observer notified!
Observer notified!
Observer notified!
Observer notified!
Observer notified!
Observer notified!
Observer notified!
Observer notified!
Observer notified!
Observer notified!
Observer notified!
Observer notified!
Observer notified!
Observer notified!
Observer notified!
Observer notified!
Observer notified!
Observer notified!
Observer notified!
Observer notified!
Observer notified!
Observer notified!
Observer notified!
Observer notified!
Observer notified!
Observer notified!
Observer notified!
Observer notified!
Observer notified!
Observer notified!
Observer notified!
Observer notified!
Observer notified!
Observer notified!
Observer notified!
Observer notified!
Observer notified!
Observer notified!
Observer notified!
Observer notified!
Observer notified!
Observer notified!
Observer notified!
Observer notified!
Observer notified!
Observer notified!
Observer notified!
Observer notified!
Observer notified!
Observer notified!
Observer notified!
Observer notified!
Observer notified!
Observer notified!
Observer notified!
Observer notified!
Observer notified!
Observer notified!
Observer notified!
Observer notified!
Observer notified!
Observer notified!
Observer notified!
Observer notified!
Observer notified!
Observer notified!
Observer notified!
Observer notified!
Observer notified!
Observer notified!
Observer notified!
Observer notified!
Observer notified!
Observer notified!
Observer notified!
Observer notified!
Observer notified!
Observer notified!
Observer notified!
Observer notified!
Observer notified!
Observer notified!
Observer notified!
Observer notified!
Observer notified!
Observer notified!
Observer notified!
Observer notified!
Observer notified!
Observer notified!
Observer notified!
Observer notified!
Observer notified!
Observer notified!
Observer notified!
Observer notified!
Observer notified!
Observer notified!
Observer notified!
Observer notified!
Observer notified!
Observer notified!
Observer notified!
Observer notified!
Observer notified!
Observer notified!
Observer notified!
Observer notified!
Observer notified!
Observer notified!
Observer notified!
Observer notified!
Observer notified!
Observer notified!
Observer notified!
Observer notified!
Observer notified!
Observer notified!
Observer notified!
Observer notified!
Observer notified!
Observer notified!
Observer notified!
Observer notified!
Observer notified!
Observer notified!
Observer notified!
Observer notified!
Observer notified!
Observer notified!
Observer notified!
Observer notified!
Observer notified!
Observer notified!
Observer notified!
Observer notified!
Observer notified!
Observer notified!
Observer notified!
Observer notified!
Observer notified!
Observer notified!
Observer notified!
Observer notified!
Observer notified!
Observer notified!
Observer notified!
Observer notified!
Observer notified!
Observer notified!
Observer notified!
Observer notified!
Observer notified!
Observer notified!
Observer notified!
Observer notified!
Observer notified!
Observer notified!
Observer notified!
Observer notified!
Observer notified!
Observer notified!
Observer notified!
Observer notified!
Observer notified!
Observer notified!
Observer notified!
Observer notified!
Observer notified!
Observer notified!
Observer notified!
Observer notified!
Observer notified!
Observer notified!
Observer notified!
Observer notified!
Observer notified!
Observer notified!
Observer notified!
Observer notified!
Observer notified!
Observer notified!
Observer notified!
Observer notified!
Observer notified!
Observer notified!
Observer notified!
Observer notified!
Observer notified!
Observer notified!
Observer notified!
Observer notified!
Observer notified!
Observer notified!
Observer notified!
Observer notified!
Observer notified!
Observer notified!
Observer notified!
Observer notified!
Observer notified!
Observer notified!
Observer notified!
Observer notified!
Observer notified!
Observer notified!
Observer notified!
Observer notified!
Observer notified!
Observer notified!
Observer notified!
Observer notified!
Observer notified!
Observer notified!
Observer notified!
Observer notified!
Observer notified!
Observer notified!
Observer notified!
Observer notified!
Observer notified!
Observer notified!
Observer notified!
Observer notified!
Observer notified!
Observer notified!
Observer notified!
Observer notified!
Observer notified!
Observer notified!
Observer notified!
Observer notified!
Observer notified!
Observer notified!
Observer notified!
Observer notified!
Observer notified!
Observer notified!
Observer notified!
Observer notified!
Observer notified!
Observer notified!
Observer notified!
Observer notified!
Observer notified!
Observer notified!
Observer notified!
Observer notified!
Observer notified!
Observer notified!
Observer notified!
Observer notified!
Observer notified!
Observer notified!
Observer notified!
Observer notified!
Observer notified!
Observer notified!
Observer notified!
Observer notified!
Observer notified!
Observer notified!
Observer notified!
Observer notified!
Observer notified!
Observer notified!
Observer notified!
Observer notified!
Observer notified!
Observer notified!
Observer notified!
Observer notified!
Observer notified!
Observer notified!
Observer notified!
Observer notified!
Observer notified!
Observer notified!
Observer notified!
Observer notified!
Observer notified!
Observer notified!
Observer notified!
Observer notified!
Observer notified!
Observer notified!
Observer notified!
Observer notified!
Observer notified!
Observer notified!
Observer notified!
Observer notified!
Observer notified!
Observer notified!
Observer notified!
Observer notified!
Observer notified!
Observer notified!
Observer notified!
Observer notified!
Observer notified!
Observer notified!
Observer notified!
Observer notified!
Observer notified!
Observer notified!
Observer notified!
Observer notified!
Observer notified!
Observer notified!
Observer notified!
Observer notified!
Observer notified!
Observer notified!
Observer notified!
Observer notified!
Observer notified!
Observer notified!
Observer notified!
Observer notified!
Observer notified!
Observer notified!
Observer notified!
Observer notified!
Observer notified!
Observer notified!
Observer notified!
Observer notified!
Observer notified!
Observer notified!
Observer notified!
Observer notified!
Observer notified!
Observer notified!
Observer notified!
Observer notified!
Observer notified!
Observer notified!
Observer notified!
Observer notified!
Observer notified!
Observer notified!
Observer notified!
Observer notified!
Observer notified!
Observer notified!
Observer notified!
Observer notified!
Observer notified!
Observer notified!
Observer notified!
Observer notified!
Observer notified!
Observer notified!
Observer notified!
Observer notified!
Observer notified!
Observer notified!
Observer notified!
Observer notified!
Observer notified!
Observer notified!
Observer notified!
Observer notified!
Observer notified!
Observer notified!
Observer notified!
Observer notified!
Observer notified!
Observer notified!
Observer notified!
Observer notified!
Observer notified!
Observer notified!
Observer notified!
Observer notified!
Observer notified!
Observer notified!
Observer notified!
Observer notified!
Observer notified!
Observer notified!
Observer notified!
Observer notified!
Observer notified!
Observer notified!
Observer notified!
Observer notified!
Observer notified!
Observer notified!
Observer notified!
Observer notified!
Observer notified!
Observer notified!
Observer notified!
Observer notified!
Observer notified!
Observer notified!
Observer notified!
Observer notified!
Observer notified!
Observer notified!
Observer notified!
Observer notified!
Observer notified!
Observer notified!
Observer notified!
Observer notified!
Observer notified!
Observer notified!
Observer notified!
Observer notified!
Observer notified!
Observer notified!
Observer notified!
Observer notified!
Observer notified!
Observer notified!
Observer notified!
Observer notified!
Observer notified!
Observer notified!
Observer notified!
Observer notified!
Observer notified!
Observer notified!
Observer notified!
Observer notified!
Observer notified!
Observer notified!
Observer notified!
Observer notified!
Observer notified!
Observer notified!
Observer notified!
Observer notified!
Observer notified!
Observer notified!
Observer notified!
Observer notified!
Observer notified!
Observer notified!
Observer notified!
Observer notified!
Observer notified!
Observer notified!
Observer notified!
Observer notified!
Observer notified!
Observer notified!
Observer notified!
Observer notified!
Observer notified!
Observer notified!
Observer notified!
Observer notified!
Observer notified!
Observer notified!
Observer notified!
Observer notified!
Observer notified!
Observer notified!
Observer notified!
Observer notified!
Observer notified!
Observer notified!
Observer notified!
Observer notified!
Observer notified!
Observer notified!
Observer notified!
Observer notified!
Observer notified!
Observer notified!
Observer notified!
Observer notified!
Observer notified!
Observer notified!
Observer notified!
Observer notified!
Observer notified!
Observer notified!
Observer notified!
Observer notified!
Observer notified!
Observer notified!
Observer notified!
Observer notified!
Observer notified!
Observer notified!
Observer notified!
Observer notified!
Observer notified!
Observer notified!
Observer notified!
Observer notified!
Observer notified!
Observer notified!
Observer notified!
Observer notified!
Observer notified!
Observer notified!
Observer notified!
Observer notified!
Observer notified!
Observer notified!
Observer notified!
Observer notified!
Observer notified!
Observer notified!
Observer notified!
Observer notified!
Observer notified!
Observer notified!
Observer notified!
Observer notified!
Observer notified!
Observer notified!
Observer notified!
Observer notified!
Observer notified!
Observer notified!
Observer notified!
Observer notified!
Observer notified!
Observer notified!
Observer notified!
Observer notified!
Observer notified!
Observer notified!
Observer notified!
Observer notified!
Observer notified!
Observer notified!
Observer notified!
Observer notified!
Observer notified!
Observer notified!
Observer notified!
Observer notified!
Observer notified!
Observer notified!
Observer notified!
Observer notified!
Observer notified!
Observer notified!
Observer notified!
Observer notified!
Observer notified!
Observer notified!
Observer notified!
Observer notified!
Observer notified!
Observer notified!
Observer notified!
Observer notified!
Observer notified!
Observer notified!
Observer notified!
Observer notified!
Observer notified!
Observer notified!
Observer notified!
Observer notified!
Observer notified!
Observer notified!
Observer notified!
Observer notified!
Observer notified!
Observer notified!
Observer notified!
Observer notified!
Observer notified!
Observer notified!
Observer notified!
Observer notified!
Observer notified!
Observer notified!
Observer notified!
Observer notified!
Observer notified!
Observer notified!
Observer notified!
Observer notified!
Observer notified!
Observer notified!
Observer notified!
Observer notified!
Observer notified!
Observer notified!
Observer notified!
Observer notified!
Observer notified!
Observer notified!
Observer notified!
Observer notified!
Observer notified!
Observer notified!
Observer notified!
Observer notified!
Observer notified!
Observer notified!
Observer notified!
Observer notified!
Observer notified!
Observer notified!
Observer notified!
Observer notified!
Observer notified!
Observer notified!
Observer notified!
Observer notified!
Observer notified!
Observer notified!
Observer notified!
Observer notified!
Observer notified!
Observer notified!
Observer notified!
Observer notified!
Observer notified!
Observer notified!
Observer notified!
Observer notified!
Observer notified!
Observer notified!
Observer notified!
Observer notified!
Observer notified!
Observer notified!
Observer notified!
Observer notified!
Observer notified!
Observer notified!
Observer notified!
Observer notified!
Observer notified!
Observer notified!
Observer notified!
Observer notified!
Observer notified!
Observer notified!
Observer notified!
Observer notified!
Observer notified!
Observer notified!
Observer notified!
Observer notified!
Observer notified!
Observer notified!
Observer notified!
Observer notified!
Observer notified!
Observer notified!
Observer notified!
Observer notified!
Observer notified!
Observer notified!
Observer notified!
Observer notified!
Observer notified!
Observer notified!
Observer notified!
Observer notified!
Observer notified!
Observer notified!
Observer notified!
Observer notified!
Observer notified!
Observer notified!
Observer notified!
Observer notified!
Observer notified!
Observer notified!
Observer notified!
Observer notified!
Observer notified!
Observer notified!
Observer notified!
Observer notified!
Observer notified!
Observer notified!
Observer notified!
Observer notified!
Observer notified!
Observer notified!
Observer notified!
Observer notified!
Observer notified!
Observer notified!
Observer notified!
Observer notified!
Observer notified!
Observer notified!
Observer notified!
Observer notified!
Observer notified!
Observer notified!
Observer notified!
Observer notified!
Observer notified!
Observer notified!
Observer notified!
Observer notified!
Observer notified!
Observer notified!
Observer notified!
Observer notified!
Observer notified!
Observer notified!
Observer notified!
Observer notified!
Observer notified!
Observer notified!
Observer notified!
Observer notified!
Observer notified!
Observer notified!
Observer notified!
Observer notified!
Observer notified!
Observer notified!
Observer notified!
Observer notified!
Observer notified!
Observer notified!
Observer notified!
Observer notified!
Observer notified!
Observer notified!
Observer notified!
Observer notified!
Observer notified!
Observer notified!
Observer notified!
Observer notified!
Observer notified!
Observer notified!
Observer notified!
Observer notified!
Observer notified!
Observer notified!
Observer notified!
Observer notified!
Observer notified!
Observer notified!
Observer notified!
Observer notified!
Observer notified!
Observer notified!
Observer notified!
Observer notified!
Observer notified!
Observer notified!
Observer notified!
Observer notified!
Observer notified!
Observer notified!
Observer notified!
Observer notified!
Observer notified!
Observer notified!
Observer notified!
Observer notified!
Observer notified!
Observer notified!
Observer notified!
Observer notified!
Observer notified!
Observer notified!
Observer notified!
Observer notified!
Observer notified!
Observer notified!
Observer notified!
Observer notified!
Observer notified!
Observer notified!
Observer notified!
Observer notified!
Observer notified!
Observer notified!
Observer notified!
Observer notified!
Observer notified!
Observer notified!
Observer notified!
Observer notified!
Observer notified!
Observer notified!
Observer notified!
Observer notified!
Observer notified!
Observer notified!
Observer notified!
Observer notified!
Observer notified!
Observer notified!
Observer notified!
Observer notified!
Observer notified!
Observer notified!
Observer notified!
Observer notified!
Observer notified!
Observer notified!
Observer notified!
Observer notified!
Observer notified!
Observer notified!
Observer notified!
Observer notified!
Observer notified!
Observer notified!
Observer notified!
Observer notified!
Observer notified!
Observer notified!
Observer notified!
Observer notified!
Observer notified!
Observer notified!
Observer notified!
Observer notified!
Observer notified!
Observer notified!
Observer notified!
Observer notified!
Observer notified!
Observer notified!
Observer notified!
Observer notified!
Observer notified!
Observer notified!
Observer notified!
Observer notified!
Observer notified!
Observer notified!
Observer notified!
Observer notified!
Observer notified!
Observer notified!
Observer notified!
Observer notified!
Observer notified!
Observer notified!
Observer notified!
Observer notified!
Observer notified!
Observer notified!
Observer notified!
Observer notified!
Observer notified!
Observer notified!
Observer notified!
Observer notified!
Observer notified!
Observer notified!
Observer notified!
Observer notified!
Observer notified!
Observer notified!
Observer notified!
Observer notified!
Observer notified!
Observer notified!
Observer notified!
Observer notified!
Observer notified!
Observer notified!
Observer notified!
Observer notified!
Observer notified!
Observer notified!
Observer notified!
Observer notified!
Observer notified!
Observer notified!
Observer notified!
Observer notified!
Observer notified!
Observer notified!
Observer notified!
Observer notified!
Observer notified!
Observer notified!
Observer notified!
Observer notified!
Observer notified!
Observer notified!
Observer notified!
Observer notified!
Observer notified!
Observer notified!
Observer notified!
Observer notified!
Observer notified!
Observer notified!
Observer notified!
Observer notified!
Observer notified!
Observer notified!
Observer notified!
Observer notified!
Observer notified!
Observer notified!
Observer notified!
Observer notified!
Observer notified!
Observer notified!
Observer notified!
Observer notified!
Observer notified!
Observer notified!
Observer notified!
Observer notified!
Observer notified!
Observer notified!
Observer notified!
Observer notified!
Observer notified!
Observer notified!
Observer notified!
Observer notified!
Observer notified!
Observer notified!
Observer notified!
Observer notified!
Observer notified!
Observer notified!
Observer notified!
Observer notified!
Observer notified!
Observer notified!
Observer notified!
Observer notified!
Observer notified!
Observer notified!
Observer notified!
Observer notified!
Observer notified!
Observer notified!
Observer notified!
Observer notified!
Observer notified!
Observer notified!
Observer notified!
Observer notified!
Observer notified!
Observer notified!
Observer notified!
Observer notified!
Observer notified!
Observer notified!
Observer notified!
Observer notified!
Observer notified!
Observer notified!
Observer notified!
Observer notified!
Observer notified!
Observer notified!
Observer notified!
Observer notified!
Observer notified!
Observer notified!
Observer notified!
Observer notified!
Observer notified!
Observer notified!
Observer notified!
Observer notified!
Observer notified!
Observer notified!
Observer notified!
Observer notified!
Observer notified!
Observer notified!
Observer notified!
Observer notified!
Observer notified!
Observer notified!
Observer notified!
Observer notified!
Observer notified!
Observer notified!
Observer notified!
Observer notified!
Observer notified!
Observer notified!
Observer notified!
Observer notified!
Observer notified!
Observer notified!
Observer notified!
Observer notified!
Observer notified!
Observer notified!
Observer notified!
Observer notified!
Observer notified!
Observer notified!
Observer notified!
Observer notified!
Observer notified!
Observer notified!
Observer notified!
Observer notified!
Observer notified!
Observer notified!
Observer notified!
Observer notified!
Observer notified!
Observer notified!
Observer notified!
Observer notified!
Observer notified!
Observer notified!
Observer notified!
Observer notified!
Observer notified!
Observer notified!
Observer notified!
Observer notified!
Observer notified!
Observer notified!
Observer notified!
Observer notified!
Observer notified!
Observer notified!
Observer notified!
Observer notified!
Observer notified!
Observer notified!
Observer notified!
Observer notified!
Observer notified!
Observer notified!
Observer notified!
Observer notified!
Observer notified!
Observer notified!
Observer notified!
Observer notified!
Observer notified!
Observer notified!
Observer notified!
Observer notified!
Observer notified!
Observer notified!
Observer notified!
Observer notified!
Observer notified!
Observer notified!</StdOut>
      </Output>
    </UnitTestResult>
    <UnitTestResult executionId="76aa6d9f-df07-4c1d-8087-017f830b7d27" testId="7a1b28bd-84d3-0261-67dc-3e8c3cac9985" testName="BlockierungFürSitzplatzAufhebenTest" computerName="ANDRÉ-PC" duration="00:00:00.0093993" startTime="2011-06-03T00:28:04.1888908+02:00" endTime="2011-06-03T00:28:04.2128922+02:00" testType="13cdc9d9-ddb5-4fa4-a97d-d965ccfc6d4b" outcome="Failed" testListId="8c84fa94-04c1-424b-9868-57a2d4851a1d" relativeResultsDirectory="76aa6d9f-df07-4c1d-8087-017f830b7d27">
      <Output>
        <StdOut>Observer notified!
Observer notified!
Observer notified!
Observer notified!
Observer notified!
Observer notified!
Observer notified!
Observer notified!
Observer notified!
Observer notified!
Observer notified!
Observer notified!
Observer notified!
Observer notified!
Observer notified!
Observer notified!
Observer notified!
Observer notified!
Observer notified!
Observer notified!
Observer notified!
Observer notified!
Observer notified!
Observer notified!
Observer notified!
Observer notified!
Observer notified!
Observer notified!
Observer notified!
Observer notified!
Observer notified!
Observer notified!
Observer notified!
Observer notified!
Observer notified!
Observer notified!
Observer notified!
Observer notified!
Observer notified!
Observer notified!
Observer notified!
Observer notified!
Observer notified!
Observer notified!
Observer notified!
Observer notified!
Observer notified!
Observer notified!
Observer notified!
Observer notified!
Observer notified!
Observer notified!
Observer notified!
Observer notified!
Observer notified!
Observer notified!
Observer notified!
Observer notified!
Observer notified!
Observer notified!
Observer notified!
Observer notified!
Observer notified!
Observer notified!
Observer notified!
Observer notified!
Observer notified!
Observer notified!
Observer notified!
Observer notified!
Observer notified!
Observer notified!
Observer notified!
Observer notified!
Observer notified!
Observer notified!
Observer notified!
Observer notified!
Observer notified!
Observer notified!
Observer notified!
Observer notified!
Observer notified!
Observer notified!
Observer notified!
Observer notified!
Observer notified!
Observer notified!
Observer notified!
Observer notified!
Observer notified!
Observer notified!
Observer notified!
Observer notified!
Observer notified!
Observer notified!
Observer notified!
Observer notified!
Observer notified!
Observer notified!
Observer notified!
Observer notified!
Observer notified!
Observer notified!
Observer notified!
Observer notified!
Observer notified!
Observer notified!
Observer notified!
Observer notified!
Observer notified!
Observer notified!
Observer notified!
Observer notified!
Observer notified!
Observer notified!
Observer notified!
Observer notified!
Observer notified!
Observer notified!
Observer notified!
Observer notified!
Observer notified!
Observer notified!
Observer notified!
Observer notified!
Observer notified!
Observer notified!
Observer notified!
Observer notified!
Observer notified!
Observer notified!
Observer notified!
Observer notified!
Observer notified!
Observer notified!
Observer notified!
Observer notified!
Observer notified!
Observer notified!
Observer notified!
Observer notified!
Observer notified!
Observer notified!
Observer notified!
Observer notified!
Observer notified!
Observer notified!
Observer notified!
Observer notified!
Observer notified!
Observer notified!
Observer notified!
Observer notified!
Observer notified!
Observer notified!
Observer notified!
Observer notified!
Observer notified!
Observer notified!
Observer notified!
Observer notified!
Observer notified!
Observer notified!
Observer notified!
Observer notified!
Observer notified!
Observer notified!
Observer notified!
Observer notified!
Observer notified!
Observer notified!
Observer notified!
Observer notified!
Observer notified!
Observer notified!
Observer notified!
Observer notified!
Observer notified!
Observer notified!
Observer notified!
Observer notified!
Observer notified!
Observer notified!
Observer notified!
Observer notified!
Observer notified!
Observer notified!
Observer notified!
Observer notified!
Observer notified!
Observer notified!
Observer notified!
Observer notified!
Observer notified!
Observer notified!
Observer notified!
Observer notified!
Observer notified!
Observer notified!
Observer notified!
Observer notified!
Observer notified!
Observer notified!
Observer notified!
Observer notified!
Observer notified!
Observer notified!
Observer notified!
Observer notified!
Observer notified!
Observer notified!
Observer notified!
Observer notified!
Observer notified!
Observer notified!
Observer notified!
Observer notified!
Observer notified!
Observer notified!
Observer notified!
Observer notified!
Observer notified!
Observer notified!
Observer notified!
Observer notified!
Observer notified!
Observer notified!
Observer notified!
Observer notified!
Observer notified!
Observer notified!
Observer notified!
Observer notified!
Observer notified!
Observer notified!
Observer notified!
Observer notified!
Observer notified!
Observer notified!
Observer notified!
Observer notified!
Observer notified!
Observer notified!
Observer notified!
Observer notified!
Observer notified!
Observer notified!
Observer notified!
Observer notified!
Observer notified!
Observer notified!
Observer notified!
Observer notified!
Observer notified!
Observer notified!
Observer notified!
Observer notified!
Observer notified!
Observer notified!
Observer notified!
Observer notified!
Observer notified!
Observer notified!
Observer notified!
Observer notified!
Observer notified!
Observer notified!
Observer notified!
Observer notified!
Observer notified!
Observer notified!
Observer notified!
Observer notified!
Observer notified!
Observer notified!
Observer notified!
Observer notified!
Observer notified!
Observer notified!
Observer notified!
Observer notified!
Observer notified!
Observer notified!
Observer notified!
Observer notified!
Observer notified!
Observer notified!
Observer notified!
Observer notified!
Observer notified!
Observer notified!
Observer notified!
Observer notified!
Observer notified!
Observer notified!
Observer notified!
Observer notified!
Observer notified!
Observer notified!
Observer notified!
Observer notified!
Observer notified!
Observer notified!
Observer notified!
Observer notified!
Observer notified!
Observer notified!
Observer notified!
Observer notified!
Observer notified!
Observer notified!
Observer notified!
Observer notified!
Observer notified!
Observer notified!
Observer notified!
Observer notified!
Observer notified!
Observer notified!
Observer notified!
Observer notified!
Observer notified!
Observer notified!
Observer notified!
Observer notified!
Observer notified!
Observer notified!
Observer notified!
Observer notified!
Observer notified!
Observer notified!
Observer notified!
Observer notified!
Observer notified!
Observer notified!
Observer notified!
Observer notified!
Observer notified!
Observer notified!
Observer notified!
Observer notified!
Observer notified!
Observer notified!
Observer notified!
Observer notified!
Observer notified!
Observer notified!
Observer notified!
Observer notified!
Observer notified!
Observer notified!
Observer notified!
Observer notified!
Observer notified!
Observer notified!
Observer notified!
Observer notified!
Observer notified!
Observer notified!
Observer notified!
Observer notified!
Observer notified!
Observer notified!
Observer notified!
Observer notified!
Observer notified!
Observer notified!
Observer notified!
Observer notified!
Observer notified!
Observer notified!
Observer notified!
Observer notified!
Observer notified!
Observer notified!
Observer notified!
Observer notified!
Observer notified!
Observer notified!
Observer notified!
Observer notified!
Observer notified!
Observer notified!
Observer notified!
Observer notified!
Observer notified!
Observer notified!
Observer notified!
Observer notified!
Observer notified!
Observer notified!
Observer notified!
Observer notified!
Observer notified!
Observer notified!
Observer notified!
Observer notified!
Observer notified!
Observer notified!
Observer notified!
Observer notified!
Observer notified!
Observer notified!
Observer notified!
Observer notified!
Observer notified!
Observer notified!
Observer notified!
Observer notified!
Observer notified!
Observer notified!
Observer notified!
Observer notified!
Observer notified!
Observer notified!
Observer notified!
Observer notified!
Observer notified!
Observer notified!
Observer notified!
Observer notified!
Observer notified!
Observer notified!
Observer notified!
Observer notified!
Observer notified!
Observer notified!
Observer notified!
Observer notified!
Observer notified!
Observer notified!
Observer notified!
Observer notified!
Observer notified!
Observer notified!
Observer notified!
Observer notified!
Observer notified!
Observer notified!
Observer notified!
Observer notified!
Observer notified!
Observer notified!
Observer notified!
Observer notified!
Observer notified!
Observer notified!
Observer notified!
Observer notified!
Observer notified!
Observer notified!
Observer notified!
Observer notified!
Observer notified!
Observer notified!
Observer notified!
Observer notified!
Observer notified!
Observer notified!
Observer notified!
Observer notified!
Observer notified!
Observer notified!
Observer notified!
Observer notified!
Observer notified!
Observer notified!
Observer notified!
Observer notified!
Observer notified!
Observer notified!
Observer notified!
Observer notified!
Observer notified!
Observer notified!
Observer notified!
Observer notified!
Observer notified!
Observer notified!
Observer notified!
Observer notified!
Observer notified!
Observer notified!
Observer notified!
Observer notified!
Observer notified!
Observer notified!
Observer notified!
Observer notified!
Observer notified!
Observer notified!
Observer notified!
Observer notified!
Observer notified!
Observer notified!
Observer notified!
Observer notified!
Observer notified!
Observer notified!
Observer notified!
Observer notified!
Observer notified!
Observer notified!
Observer notified!
Observer notified!
Observer notified!
Observer notified!
Observer notified!
Observer notified!
Observer notified!
Observer notified!
Observer notified!
Observer notified!
Observer notified!
Observer notified!
Observer notified!
Observer notified!
Observer notified!
Observer notified!
Observer notified!
Observer notified!
Observer notified!
Observer notified!
Observer notified!
Observer notified!
Observer notified!
Observer notified!
Observer notified!
Observer notified!
Observer notified!
Observer notified!
Observer notified!
Observer notified!
Observer notified!
Observer notified!
Observer notified!
Observer notified!
Observer notified!
Observer notified!
Observer notified!
Observer notified!
Observer notified!
Observer notified!
Observer notified!
Observer notified!
Observer notified!
Observer notified!
Observer notified!
Observer notified!
Observer notified!
Observer notified!
Observer notified!
Observer notified!
Observer notified!
Observer notified!
Observer notified!
Observer notified!
Observer notified!
Observer notified!
Observer notified!
Observer notified!
Observer notified!
Observer notified!
Observer notified!
Observer notified!
Observer notified!
Observer notified!
Observer notified!
Observer notified!
Observer notified!
Observer notified!
Observer notified!
Observer notified!
Observer notified!
Observer notified!
Observer notified!
Observer notified!
Observer notified!
Observer notified!
Observer notified!
Observer notified!
Observer notified!
Observer notified!
Observer notified!
Observer notified!
Observer notified!
Observer notified!
Observer notified!
Observer notified!
Observer notified!
Observer notified!
Observer notified!
Observer notified!
Observer notified!
Observer notified!
Observer notified!
Observer notified!
Observer notified!
Observer notified!
Observer notified!
Observer notified!
Observer notified!
Observer notified!
Observer notified!
Observer notified!
Observer notified!
Observer notified!
Observer notified!
Observer notified!
Observer notified!
Observer notified!
Observer notified!
Observer notified!
Observer notified!
Observer notified!
Observer notified!
Observer notified!
Observer notified!
Observer notified!
Observer notified!
Observer notified!
Observer notified!
Observer notified!
Observer notified!
Observer notified!
Observer notified!
Observer notified!
Observer notified!
Observer notified!
Observer notified!
Observer notified!
Observer notified!
Observer notified!
Observer notified!
Observer notified!
Observer notified!
Observer notified!
Observer notified!
Observer notified!
Observer notified!
Observer notified!
Observer notified!
Observer notified!
Observer notified!
Observer notified!
Observer notified!
Observer notified!
Observer notified!
Observer notified!
Observer notified!
Observer notified!
Observer notified!
Observer notified!
Observer notified!
Observer notified!
Observer notified!
Observer notified!
Observer notified!
Observer notified!
Observer notified!
Observer notified!
Observer notified!
Observer notified!
Observer notified!
Observer notified!
Observer notified!
Observer notified!
Observer notified!
Observer notified!
Observer notified!
Observer notified!
Observer notified!
Observer notified!
Observer notified!
Observer notified!
Observer notified!
Observer notified!
Observer notified!
Observer notified!
Observer notified!
Observer notified!
Observer notified!
Observer notified!
Observer notified!
Observer notified!
Observer notified!
Observer notified!
Observer notified!
Observer notified!
Observer notified!
Observer notified!
Observer notified!
Observer notified!
Observer notified!
Observer notified!
Observer notified!
Observer notified!
Observer notified!
Observer notified!
Observer notified!
Observer notified!
Observer notified!
Observer notified!
Observer notified!
Observer notified!
Observer notified!
Observer notified!
Observer notified!
Observer notified!
Observer notified!
Observer notified!
Observer notified!
Observer notified!
Observer notified!
Observer notified!
Observer notified!
Observer notified!
Observer notified!
Observer notified!
Observer notified!
Observer notified!
Observer notified!
Observer notified!
Observer notified!
Observer notified!
Observer notified!
Observer notified!
Observer notified!
Observer notified!
Observer notified!
Observer notified!
Observer notified!
Observer notified!
Observer notified!
Observer notified!
Observer notified!
Observer notified!
Observer notified!
Observer notified!
Observer notified!
Observer notified!
Observer notified!
Observer notified!
Observer notified!
Observer notified!
Observer notified!
Observer notified!
Observer notified!
Observer notified!
Observer notified!
Observer notified!
Observer notified!
Observer notified!
Observer notified!
Observer notified!
Observer notified!
Observer notified!
Observer notified!
Observer notified!
Observer notified!
Observer notified!
Observer notified!
Observer notified!
Observer notified!
Observer notified!
Observer notified!
Observer notified!
Observer notified!
Observer notified!
Observer notified!
Observer notified!
Observer notified!
Observer notified!
Observer notified!
Observer notified!
Observer notified!
Observer notified!
Observer notified!
Observer notified!
Observer notified!
Observer notified!
Observer notified!
Observer notified!
Observer notified!
Observer notified!
Observer notified!
Observer notified!
Observer notified!
Observer notified!
Observer notified!
Observer notified!
Observer notified!
Observer notified!
Observer notified!
Observer notified!
Observer notified!
Observer notified!
Observer notified!
Observer notified!
Observer notified!
Observer notified!
Observer notified!
Observer notified!
Observer notified!
Observer notified!
Observer notified!
Observer notified!
Observer notified!
Observer notified!
Observer notified!
Observer notified!
Observer notified!
Observer notified!
Observer notified!
Observer notified!
Observer notified!
Observer notified!
Observer notified!
Observer notified!
Observer notified!
Observer notified!
Observer notified!
Observer notified!
Observer notified!
Observer notified!
Observer notified!
Observer notified!
Observer notified!
Observer notified!
Observer notified!
Observer notified!
Observer notified!
Observer notified!
Observer notified!
Observer notified!
Observer notified!
Observer notified!
Observer notified!
Observer notified!
Observer notified!
Observer notified!
Observer notified!
Observer notified!
Observer notified!
Observer notified!
Observer notified!
Observer notified!
Observer notified!
Observer notified!
Observer notified!
Observer notified!
Observer notified!
Observer notified!
Observer notified!
Observer notified!
Observer notified!
Observer notified!
Observer notified!
Observer notified!
Observer notified!
Observer notified!
Observer notified!
Observer notified!
Observer notified!
Observer notified!
Observer notified!
Observer notified!
Observer notified!
Observer notified!
Observer notified!
Observer notified!
Observer notified!
Observer notified!
Observer notified!
Observer notified!
Observer notified!
Observer notified!
Observer notified!
Observer notified!
Observer notified!
Observer notified!
Observer notified!
Observer notified!
Observer notified!
Observer notified!
Observer notified!
Observer notified!
Observer notified!
Observer notified!
Observer notified!
Observer notified!
Observer notified!
Observer notified!
Observer notified!
Observer notified!
Observer notified!
Observer notified!
Observer notified!
Observer notified!
Observer notified!
Observer notified!
Observer notified!
Observer notified!
Observer notified!
Observer notified!
Observer notified!
Observer notified!
Observer notified!
Observer notified!
Observer notified!
Observer notified!
Observer notified!
Observer notified!
Observer notified!
Observer notified!
Observer notified!
Observer notified!
Observer notified!
Observer notified!
Observer notified!
Observer notified!
Observer notified!
Observer notified!
Observer notified!
Observer notified!
Observer notified!
Observer notified!
Observer notified!
Observer notified!
Observer notified!
Observer notified!
Observer notified!
Observer notified!
Observer notified!
Observer notified!
Observer notified!
Observer notified!
Observer notified!
Observer notified!
Observer notified!
Observer notified!
Observer notified!
Observer notified!
Observer notified!
Observer notified!
Observer notified!
Observer notified!
Observer notified!
Observer notified!
Observer notified!
Observer notified!
Observer notified!
Observer notified!
Observer notified!
Observer notified!
Observer notified!
Observer notified!
Observer notified!
Observer notified!
Observer notified!
Observer notified!
Observer notified!
Observer notified!
Observer notified!
Observer notified!
Observer notified!
Observer notified!
Observer notified!
Observer notified!
Observer notified!
Observer notified!
Observer notified!
Observer notified!
Observer notified!
Observer notified!
Observer notified!
Observer notified!
Observer notified!
Observer notified!
Observer notified!
Observer notified!
Observer notified!
Observer notified!
Observer notified!
Observer notified!
Observer notified!
Observer notified!
Observer notified!
Observer notified!
Observer notified!
Observer notified!
Observer notified!
Observer notified!
Observer notified!
Observer notified!
Observer notified!
Observer notified!
Observer notified!
Observer notified!
Observer notified!
Observer notified!
Observer notified!
Observer notified!
Observer notified!
Observer notified!
Observer notified!
Observer notified!
Observer notified!
Observer notified!
Observer notified!
Observer notified!
Observer notified!
Observer notified!
Observer notified!
Observer notified!
Observer notified!
Observer notified!
Observer notified!
Observer notified!
Observer notified!
Observer notified!
Observer notified!
Observer notified!
Observer notified!
Observer notified!
Observer notified!
Observer notified!
Observer notified!
Observer notified!
Observer notified!
Observer notified!
Observer notified!
Observer notified!
Observer notified!
Observer notified!
Observer notified!
Observer notified!
Observer notified!
Observer notified!
Observer notified!
Observer notified!
Observer notified!
Observer notified!
Observer notified!
Observer notified!
Observer notified!
Observer notified!
Observer notified!
Observer notified!
Observer notified!
Observer notified!
Observer notified!
Observer notified!
Observer notified!
Observer notified!
Observer notified!
Observer notified!
Observer notified!
Observer notified!
Observer notified!
Observer notified!
Observer notified!
Observer notified!
Observer notified!
Observer notified!
Observer notified!
Observer notified!
Observer notified!
Observer notified!
Observer notified!
Observer notified!
Observer notified!
Observer notified!
Observer notified!
Observer notified!
Observer notified!
Observer notified!
Observer notified!
Observer notified!
Observer notified!
Observer notified!
Observer notified!
Observer notified!
Observer notified!
Observer notified!
Observer notified!
Observer notified!
Observer notified!
Observer notified!
Observer notified!
Observer notified!
Observer notified!
Observer notified!
Observer notified!
Observer notified!
Observer notified!
Observer notified!
Observer notified!
Observer notified!
Observer notified!
Observer notified!
Observer notified!
Observer notified!
Observer notified!
Observer notified!
Observer notified!
Observer notified!
Observer notified!
Observer notified!
Observer notified!
Observer notified!
Observer notified!
Observer notified!
Observer notified!
Observer notified!
Observer notified!
Observer notified!
Observer notified!
Observer notified!
Observer notified!
Observer notified!
Observer notified!
Observer notified!
Observer notified!
Observer notified!
Observer notified!
Observer notified!
Observer notified!
Observer notified!
Observer notified!
Observer notified!
Observer notified!
Observer notified!
Observer notified!
Observer notified!
Observer notified!
Observer notified!
Observer notified!
Observer notified!
Observer notified!
Observer notified!
Observer notified!
Observer notified!
Observer notified!
Observer notified!
Observer notified!
Observer notified!
Observer notified!
Observer notified!
Observer notified!
Observer notified!
Observer notified!
Observer notified!
Observer notified!
Observer notified!
Observer notified!
Observer notified!
Observer notified!
Observer notified!
Observer notified!
Observer notified!
Observer notified!
Observer notified!
Observer notified!
Observer notified!
Observer notified!
Observer notified!
Observer notified!
Observer notified!
Observer notified!
Observer notified!
Observer notified!
Observer notified!
Observer notified!
Observer notified!
Observer notified!
Observer notified!
Observer notified!
Observer notified!
Observer notified!
Observer notified!
Observer notified!
Observer notified!
Observer notified!
Observer notified!
Observer notified!
Observer notified!
Observer notified!
Observer notified!
Observer notified!
Observer notified!
Observer notified!
Observer notified!
Observer notified!
Observer notified!
Observer notified!
Observer notified!
Observer notified!
Observer notified!
Observer notified!
Observer notified!
Observer notified!
Observer notified!
Observer notified!
Observer notified!
Observer notified!
Observer notified!
Observer notified!
Observer notified!
Observer notified!
Observer notified!
Observer notified!
Observer notified!
Observer notified!
Observer notified!
Observer notified!
Observer notified!
Observer notified!
Observer notified!
Observer notified!
Observer notified!
Observer notified!
Observer notified!
Observer notified!
Observer notified!
Observer notified!
Observer notified!
Observer notified!
Observer notified!
Observer notified!
Observer notified!
Observer notified!
Observer notified!
Observer notified!
Observer notified!
Observer notified!
Observer notified!
Observer notified!
Observer notified!
Observer notified!
Observer notified!
Observer notified!
Observer notified!
Observer notified!
Observer notified!
Observer notified!
Observer notified!
Observer notified!
Observer notified!
Observer notified!
Observer notified!
Observer notified!
Observer notified!
Observer notified!
Observer notified!
Observer notified!
Observer notified!
Observer notified!
Observer notified!
Observer notified!
Observer notified!
Observer notified!
Observer notified!
Observer notified!
Observer notified!
Observer notified!
Observer notified!
Observer notified!
Observer notified!
Observer notified!
Observer notified!
Observer notified!
Observer notified!
Observer notified!
Observer notified!
Observer notified!
Observer notified!
Observer notified!
Observer notified!
Observer notified!
Observer notified!
Observer notified!
Observer notified!
Observer notified!
Observer notified!
Observer notified!
Observer notified!
Observer notified!
Observer notified!
Observer notified!
Observer notified!
Observer notified!
Observer notified!
Observer notified!
Observer notified!
Observer notified!
Observer notified!
Observer notified!
Observer notified!
Observer notified!
Observer notified!
Observer notified!
Observer notified!
Observer notified!
Observer notified!
Observer notified!
Observer notified!
Observer notified!
Observer notified!
Observer notified!
Observer notified!
Observer notified!
Observer notified!
Observer notified!
Observer notified!
Observer notified!
Observer notified!
Observer notified!
Observer notified!
Observer notified!
Observer notified!
Observer notified!
Observer notified!
Observer notified!
Observer notified!
Observer notified!
Observer notified!
Observer notified!
Observer notified!
Observer notified!
Observer notified!
Observer notified!
Observer notified!
Observer notified!
Observer notified!
Observer notified!
Observer notified!
Observer notified!
Observer notified!
Observer notified!
Observer notified!
Observer notified!
Observer notified!
Observer notified!
Observer notified!
Observer notified!
Observer notified!
Observer notified!
Observer notified!
Observer notified!
Observer notified!
Observer notified!
Observer notified!
Observer notified!
Observer notified!
Observer notified!
Observer notified!
Observer notified!
Observer notified!
Observer notified!
Observer notified!
Observer notified!
Observer notified!
Observer notified!
Observer notified!
Observer notified!
Observer notified!
Observer notified!
Observer notified!
Observer notified!
Observer notified!
Observer notified!
Observer notified!
Observer notified!
Observer notified!
Observer notified!
Observer notified!
Observer notified!
Observer notified!
Observer notified!
Observer notified!
Observer notified!
Observer notified!
Observer notified!
Observer notified!
Observer notified!
Observer notified!
Observer notified!
Observer notified!
Observer notified!
Observer notified!
Observer notified!
Observer notified!
Observer notified!
Observer notified!
Observer notified!
Observer notified!
Observer notified!
Observer notified!
Observer notified!
Observer notified!
Observer notified!
Observer notified!
Observer notified!
Observer notified!
Observer notified!
Observer notified!
Observer notified!
Observer notified!
Observer notified!
Observer notified!
Observer notified!
Observer notified!
Observer notified!
Observer notified!
Observer notified!
Observer notified!
Observer notified!
Observer notified!
Observer notified!
Observer notified!
Observer notified!
Observer notified!
Observer notified!
Observer notified!
Observer notified!
Observer notified!
Observer notified!
Observer notified!
Observer notified!
Observer notified!
Observer notified!
Observer notified!
Observer notified!
Observer notified!
Observer notified!
Observer notified!
Observer notified!
Observer notified!
Observer notified!
Observer notified!
Observer notified!
Observer notified!
Observer notified!
Observer notified!
Observer notified!
Observer notified!
Observer notified!
Observer notified!
Observer notified!
Observer notified!
Observer notified!
Observer notified!
Observer notified!
Observer notified!
Observer notified!
Observer notified!
Observer notified!
Observer notified!
Observer notified!
Observer notified!
Observer notified!
Observer notified!
Observer notified!
Observer notified!
Observer notified!
Observer notified!
Observer notified!
Observer notified!
Observer notified!
Observer notified!
Observer notified!
Observer notified!
Observer notified!
Observer notified!
Observer notified!
Observer notified!
Observer notified!
Observer notified!
Observer notified!
Observer notified!
Observer notified!
Observer notified!
Observer notified!
Observer notified!
Observer notified!
Observer notified!
Observer notified!
Observer notified!
Observer notified!
Observer notified!
Observer notified!
Observer notified!
Observer notified!
Observer notified!
Observer notified!
Observer notified!
Observer notified!
Observer notified!
Observer notified!
Observer notified!
Observer notified!
Observer notified!
Observer notified!
Observer notified!
Observer notified!
Observer notified!
Observer notified!
Observer notified!
Observer notified!
Observer notified!
Observer notified!
Observer notified!
Observer notified!
Observer notified!
Observer notified!
Observer notified!
Observer notified!
Observer notified!
Observer notified!
Observer notified!
Observer notified!
Observer notified!
Observer notified!
Observer notified!
Observer notified!
Observer notified!
Observer notified!
Observer notified!
Observer notified!
Observer notified!
Observer notified!
Observer notified!
Observer notified!
Observer notified!
Observer notified!
Observer notified!
Observer notified!
Observer notified!
Observer notified!
Observer notified!
Observer notified!
Observer notified!
Observer notified!
Observer notified!
Observer notified!
Observer notified!
Observer notified!
Observer notified!
Observer notified!
Observer notified!
Observer notified!
Observer notified!
Observer notified!
Observer notified!
Observer notified!
Observer notified!
Observer notified!
Observer notified!
Observer notified!
Observer notified!
Observer notified!
Observer notified!
Observer notified!
Observer notified!
Observer notified!
Observer notified!
Observer notified!
Observer notified!
Observer notified!
Observer notified!
Observer notified!
Observer notified!
Observer notified!
Observer notified!
Observer notified!
Observer notified!
Observer notified!
Observer notified!
Observer notified!
Observer notified!
Observer notified!
Observer notified!
Observer notified!
Observer notified!
Observer notified!
Observer notified!
Observer notified!
Observer notified!
Observer notified!
Observer notified!
Observer notified!
Observer notified!
Observer notified!
Observer notified!
Observer notified!
Observer notified!
Observer notified!
Observer notified!
Observer notified!
Observer notified!
Observer notified!
Observer notified!
Observer notified!
Observer notified!
Observer notified!
Observer notified!
Observer notified!
Observer notified!
Observer notified!
Observer notified!
Observer notified!
Observer notified!
Observer notified!
Observer notified!
Observer notified!
Observer notified!
Observer notified!
Observer notified!
Observer notified!
Observer notified!
Observer notified!
Observer notified!
Observer notified!
Observer notified!
Observer notified!
Observer notified!
Observer notified!
Observer notified!
Observer notified!
Observer notified!
Observer notified!
Observer notified!
Observer notified!
Observer notified!
Observer notified!
Observer notified!
Observer notified!
Observer notified!
Observer notified!
Observer notified!
Observer notified!
Observer notified!
Observer notified!
Observer notified!
Observer notified!
Observer notified!
Observer notified!
Observer notified!
Observer notified!
Observer notified!
Observer notified!
Observer notified!
Observer notified!
Observer notified!
Observer notified!
Observer notified!
Observer notified!
Observer notified!
Observer notified!
Observer notified!
Observer notified!
Observer notified!
Observer notified!
Observer notified!
Observer notified!
Observer notified!
Observer notified!
Observer notified!
Observer notified!
Observer notified!
Observer notified!
Observer notified!
Observer notified!
Observer notified!
Observer notified!
Observer notified!
Observer notified!
Observer notified!
Observer notified!
Observer notified!
Observer notified!
Observer notified!
Observer notified!
Observer notified!
Observer notified!
Observer notified!
Observer notified!
Observer notified!
Observer notified!
Observer notified!
Observer notified!
Observer notified!
Observer notified!
Observer notified!
Observer notified!
Observer notified!
Observer notified!
Observer notified!
Observer notified!
Observer notified!
Observer notified!
Observer notified!
Observer notified!
Observer notified!
Observer notified!
Observer notified!
Observer notified!
Observer notified!
Observer notified!
Observer notified!
Observer notified!
Observer notified!
Observer notified!
Observer notified!
Observer notified!
Observer notified!
Observer notified!
Observer notified!
Observer notified!
Observer notified!
Observer notified!
Observer notified!
Observer notified!
Observer notified!
Observer notified!
Observer notified!
Observer notified!
Observer notified!
Observer notified!
Observer notified!
Observer notified!
Observer notified!
Observer notified!
Observer notified!
Observer notified!
Observer notified!
Observer notified!
Observer notified!
Observer notified!
Observer notified!
Observer notified!
Observer notified!
Observer notified!
Observer notified!
Observer notified!
Observer notified!
Observer notified!
Observer notified!
Observer notified!
Observer notified!
Observer notified!
Observer notified!
Observer notified!
Observer notified!
Observer notified!
Observer notified!
Observer notified!
Observer notified!
Observer notified!
Observer notified!
Observer notified!
Observer notified!
Observer notified!
Observer notified!
Observer notified!
Observer notified!
Observer notified!
Observer notified!
Observer notified!
Observer notified!
Observer notified!
Observer notified!
Observer notified!
Observer notified!
Observer notified!
Observer notified!
Observer notified!
Observer notified!
Observer notified!
Observer notified!
Observer notified!
Observer notified!
Observer notified!
Observer notified!
Observer notified!
Observer notified!
Observer notified!
Observer notified!
Observer notified!
Observer notified!
Observer notified!
Observer notified!
Observer notified!
Observer notified!
Observer notified!
Observer notified!
Observer notified!
Observer notified!
Observer notified!
Observer notified!
Observer notified!
Observer notified!
Observer notified!
Observer notified!
Observer notified!
Observer notified!
Observer notified!
Observer notified!
Observer notified!
Observer notified!
Observer notified!
Observer notified!
Observer notified!
Observer notified!
Observer notified!
Observer notified!
Observer notified!
Observer notified!
Observer notified!
Observer notified!
Observer notified!
Observer notified!
Observer notified!
Observer notified!
Observer notified!
Observer notified!
Observer notified!
Observer notified!
Observer notified!
Observer notified!
Observer notified!
Observer notified!
Observer notified!
Observer notified!
Observer notified!
Observer notified!
Observer notified!
Observer notified!
Observer notified!
Observer notified!
Observer notified!
Observer notified!
Observer notified!
Observer notified!
Observer notified!
Observer notified!
Observer notified!
Observer notified!
Observer notified!
Observer notified!
Observer notified!
Observer notified!
Observer notified!
Observer notified!
Observer notified!
Observer notified!
Observer notified!
Observer notified!
Observer notified!
Observer notified!
Observer notified!
Observer notified!
Observer notified!
Observer notified!
Observer notified!
Observer notified!
Observer notified!
Observer notified!
Observer notified!
Observer notified!
Observer notified!
Observer notified!
Observer notified!
Observer notified!
Observer notified!
Observer notified!
Observer notified!
Observer notified!
Observer notified!
Observer notified!
Observer notified!
Observer notified!
Observer notified!
Observer notified!
Observer notified!
Observer notified!
Observer notified!
Observer notified!
Observer notified!
Observer notified!
Observer notified!
Observer notified!
Observer notified!
Observer notified!
Observer notified!
Observer notified!
Observer notified!
Observer notified!
Observer notified!
Observer notified!
Observer notified!
Observer notified!
Observer notified!
Observer notified!
Observer notified!
Observer notified!
Observer notified!
Observer notified!
Observer notified!
Observer notified!
Observer notified!
Observer notified!
Observer notified!
Observer notified!
Observer notified!
Observer notified!
Observer notified!
Observer notified!
Observer notified!
Observer notified!
Observer notified!
Observer notified!
Observer notified!
Observer notified!
Observer notified!
Observer notified!
Observer notified!
Observer notified!
Observer notified!
Observer notified!
Observer notified!
Observer notified!
Observer notified!
Observer notified!
Observer notified!
Observer notified!
Observer notified!
Observer notified!
Observer notified!
Observer notified!
Observer notified!
Observer notified!
Observer notified!
Observer notified!
Observer notified!
Observer notified!
Observer notified!
Observer notified!
Observer notified!
Observer notified!
Observer notified!
Observer notified!
Observer notified!
Observer notified!
Observer notified!
Observer notified!
Observer notified!
Observer notified!
Observer notified!
Observer notified!
Observer notified!
Observer notified!
Observer notified!
Observer notified!
Observer notified!
Observer notified!
Observer notified!
Observer notified!
Observer notified!
Observer notified!
Observer notified!
Observer notified!
Observer notified!
Observer notified!
Observer notified!
Observer notified!
Observer notified!
Observer notified!
Observer notified!
Observer notified!
Observer notified!
Observer notified!
Observer notified!
Observer notified!
Observer notified!
Observer notified!
Observer notified!
Observer notified!
Observer notified!
Observer notified!
Observer notified!
Observer notified!
Observer notified!
Observer notified!
Observer notified!
Observer notified!
Observer notified!
Observer notified!
Observer notified!
Observer notified!
Observer notified!
Observer notified!
Observer notified!
Observer notified!
Observer notified!
Observer notified!
Observer notified!
Observer notified!
Observer notified!
Observer notified!
Observer notified!
Observer notified!
Observer notified!
Observer notified!
Observer notified!
Observer notified!
Observer notified!
Observer notified!
Observer notified!
Observer notified!
Observer notified!
Observer notified!
Observer notified!
Observer notified!
Observer notified!
Observer notified!
Observer notified!
Observer notified!
Observer notified!
Observer notified!
Observer notified!
Observer notified!
Observer notified!
Observer notified!
Observer notified!
Observer notified!
Observer notified!
Observer notified!
Observer notified!
Observer notified!
Observer notified!
Observer notified!
Observer notified!
Observer notified!
Observer notified!
Observer notified!
Observer notified!
Observer notified!
Observer notified!
Observer notified!
Observer notified!
Observer notified!
Observer notified!
Observer notified!
Observer notified!
Observer notified!
Observer notified!
Observer notified!
Observer notified!
Observer notified!
Observer notified!
Observer notified!
Observer notified!
Observer notified!
Observer notified!
Observer notified!
Observer notified!
Observer notified!
Observer notified!
Observer notified!
Observer notified!
Observer notified!
Observer notified!
Observer notified!
Observer notified!
Observer notified!
Observer notified!
Observer notified!
Observer notified!
Observer notified!
Observer notified!
Observer notified!
Observer notified!
Observer notified!
Observer notified!
Observer notified!
Observer notified!
Observer notified!
Observer notified!
Observer notified!
Observer notified!
Observer notified!
Observer notified!
Observer notified!
Observer notified!
Observer notified!
Observer notified!
Observer notified!
Observer notified!
Observer notified!
Observer notified!
Observer notified!
Observer notified!
Observer notified!
Observer notified!
Observer notified!
Observer notified!
Observer notified!
Observer notified!
Observer notified!
Observer notified!
Observer notified!
Observer notified!
Observer notified!
Observer notified!
Observer notified!
Observer notified!
Observer notified!
Observer notified!
Observer notified!
Observer notified!
Observer notified!
Observer notified!
Observer notified!
Observer notified!
Observer notified!
Observer notified!
Observer notified!
Observer notified!
Observer notified!
Observer notified!
Observer notified!
Observer notified!
Observer notified!
Observer notified!
Observer notified!
Observer notified!
Observer notified!
Observer notified!
Observer notified!
Observer notified!
Observer notified!
Observer notified!
Observer notified!
Observer notified!
Observer notified!
Observer notified!
Observer notified!
Observer notified!
Observer notified!
Observer notified!
Observer notified!
Observer notified!
Observer notified!
Observer notified!
Observer notified!
Observer notified!
Observer notified!
Observer notified!
Observer notified!
Observer notified!
Observer notified!
Observer notified!
Observer notified!
Observer notified!
Observer notified!
Observer notified!
Observer notified!
Observer notified!
Observer notified!
Observer notified!
Observer notified!
Observer notified!
Observer notified!
Observer notified!
Observer notified!
Observer notified!
Observer notified!
Observer notified!
Observer notified!
Observer notified!
Observer notified!
Observer notified!
Observer notified!
Observer notified!
Observer notified!
Observer notified!
Observer notified!
Observer notified!
Observer notified!
Observer notified!
Observer notified!
Observer notified!
Observer notified!
Observer notified!
Observer notified!
Observer notified!
Observer notified!
Observer notified!
Observer notified!
Observer notified!
Observer notified!
Observer notified!
Observer notified!
Observer notified!
Observer notified!
Observer notified!
Observer notified!
Observer notified!
Observer notified!
Observer notified!
Observer notified!
Observer notified!
Observer notified!
Observer notified!
Observer notified!
Observer notified!
Observer notified!
Observer notified!
Observer notified!
Observer notified!
Observer notified!
Observer notified!
Observer notified!
Observer notified!
Observer notified!
Observer notified!
Observer notified!
Observer notified!
Observer notified!
Observer notified!
Observer notified!
Observer notified!
Observer notified!
Observer notified!
Observer notified!
Observer notified!
Observer notified!
Observer notified!
Observer notified!
Observer notified!
Observer notified!
Observer notified!
Observer notified!
Observer notified!
Observer notified!
Observer notified!
Observer notified!
Observer notified!
Observer notified!
Observer notified!
Observer notified!
Observer notified!
Observer notified!
Observer notified!
Observer notified!
Observer notified!
Observer notified!
Observer notified!
Observer notified!
Observer notified!
Observer notified!
Observer notified!
Observer notified!
Observer notified!
Observer notified!
Observer notified!
Observer notified!
Observer notified!
Observer notified!
Observer notified!
Observer notified!
Observer notified!
Observer notified!
Observer notified!
Observer notified!
Observer notified!
Observer notified!
Observer notified!
Observer notified!
Observer notified!
Observer notified!
Observer notified!
Observer notified!
Observer notified!
Observer notified!
Observer notified!
Observer notified!
Observer notified!
Observer notified!
Observer notified!
Observer notified!
Observer notified!
Observer notified!
Observer notified!
Observer notified!
Observer notified!
Observer notified!
Observer notified!
Observer notified!
Observer notified!
Observer notified!
Observer notified!
Observer notified!
Observer notified!
Observer notified!
Observer notified!
Observer notified!
Observer notified!
Observer notified!
Observer notified!
Observer notified!
Observer notified!
Observer notified!
Observer notified!
Observer notified!
Observer notified!
Observer notified!
Observer notified!
Observer notified!
Observer notified!
Observer notified!
Observer notified!
Observer notified!
Observer notified!
Observer notified!
Observer notified!
Observer notified!
Observer notified!
Observer notified!
Observer notified!
Observer notified!
Observer notified!
Observer notified!
Observer notified!
Observer notified!
Observer notified!
Observer notified!
Observer notified!
Observer notified!
Observer notified!
Observer notified!
Observer notified!
Observer notified!
Observer notified!
Observer notified!
Observer notified!
Observer notified!
Observer notified!
Observer notified!
Observer notified!
Observer notified!
Observer notified!
Observer notified!
Observer notified!
Observer notified!
Observer notified!
Observer notified!
Observer notified!
Observer notified!
Observer notified!
Observer notified!
Observer notified!
Observer notified!
Observer notified!
Observer notified!
Observer notified!
Observer notified!
Observer notified!
Observer notified!
Observer notified!
Observer notified!
Observer notified!
Observer notified!
Observer notified!
Observer notified!
Observer notified!
Observer notified!
Observer notified!
Observer notified!
Observer notified!
Observer notified!
Observer notified!
Observer notified!
Observer notified!
Observer notified!
Observer notified!
Observer notified!
Observer notified!
Observer notified!
Observer notified!
Observer notified!
Observer notified!
Observer notified!
Observer notified!
Observer notified!
Observer notified!
Observer notified!
Observer notified!
Observer notified!
Observer notified!
Observer notified!
Observer notified!
Observer notified!
Observer notified!
Observer notified!
Observer notified!
Observer notified!
Observer notified!
Observer notified!
Observer notified!
Observer notified!
Observer notified!
Observer notified!
Observer notified!
Observer notified!
Observer notified!
Observer notified!
Observer notified!
Observer notified!
Observer notified!
Observer notified!
Observer notified!
Observer notified!
Observer notified!
Observer notified!
Observer notified!
Observer notified!
Observer notified!
Observer notified!
Observer notified!
Observer notified!
Observer notified!
Observer notified!
Observer notified!
Observer notified!
Observer notified!
Observer notified!
Observer notified!
Observer notified!
Observer notified!
Observer notified!
Observer notified!
Observer notified!
Observer notified!
Blockiert!</StdOut>
        <ErrorInfo>
          <Message>Die TestAnwendungskern.IBesucherTest.BlockierungFürSitzplatzAufhebenTest-Testmethode hat eine Ausnahme ausgelöst: System.NotImplementedException: Die Methode oder der Vorgang sind nicht implementiert.</Message>
          <StackTrace>    bei Kinokarten.Schnittstelle.KinokartenAdministration.IsTicketBlocked(IPublicVorstellung vorstellung, ISitz sitz) in C:\Users\André\Documents\SePraktikum\SEPraktikum\TicketOperations\Schnittstelle\KinokartenAdministration.cs:Zeile 85.
   bei SystemAdministration.Interfaces.Administration.IsTicketBlocked(IPublicVorstellung vorstellung, ISitz sitz) in C:\Users\André\Documents\SePraktikum\SEPraktikum\SystemAdministration\Interfaces\Administration.cs:Zeile 35.
   bei TestAnwendungskern.IBesucherTest.BlockierungFürSitzplatzAufhebenTest() in C:\Users\André\Documents\SePraktikum\SEPraktikum\TestAnwendungskern\IBesucherTest.cs:Zeile 135.
</StackTrace>
        </ErrorInfo>
      </Output>
    </UnitTestResult>
    <UnitTestResult executionId="0bc3bae5-a552-4df0-942e-3f8e94d596f3" testId="c198eafe-a4ed-d557-9046-342453b9c13e" testName="GetVerfügbareSitzplätzeFürVorstellungTest" computerName="ANDRÉ-PC" duration="00:00:00.0042567" startTime="2011-06-03T00:28:04.2208926+02:00" endTime="2011-06-03T00:28:04.2518944+02:00" testType="13cdc9d9-ddb5-4fa4-a97d-d965ccfc6d4b" outcome="Passed" testListId="8c84fa94-04c1-424b-9868-57a2d4851a1d" relativeResultsDirectory="0bc3bae5-a552-4df0-942e-3f8e94d596f3">
      <Output>
        <StdOut>Observer notified!
Observer notified!
Observer notified!
Observer notified!
Observer notified!
Observer notified!
Observer notified!
Observer notified!
Observer notified!
Observer notified!
Observer notified!
Observer notified!
Observer notified!
Observer notified!
Observer notified!
Observer notified!
Observer notified!
Observer notified!
Observer notified!
Observer notified!
Observer notified!
Observer notified!
Observer notified!
Observer notified!
Observer notified!
Observer notified!
Observer notified!
Observer notified!
Observer notified!
Observer notified!
Observer notified!
Observer notified!
Observer notified!
Observer notified!
Observer notified!
Observer notified!
Observer notified!
Observer notified!
Observer notified!
Observer notified!
Observer notified!
Observer notified!
Observer notified!
Observer notified!
Observer notified!
Observer notified!
Observer notified!
Observer notified!
Observer notified!
Observer notified!
Observer notified!
Observer notified!
Observer notified!
Observer notified!
Observer notified!
Observer notified!
Observer notified!
Observer notified!
Observer notified!
Observer notified!
Observer notified!
Observer notified!
Observer notified!
Observer notified!
Observer notified!
Observer notified!
Observer notified!
Observer notified!
Observer notified!
Observer notified!
Observer notified!
Observer notified!
Observer notified!
Observer notified!
Observer notified!
Observer notified!
Observer notified!
Observer notified!
Observer notified!
Observer notified!
Observer notified!
Observer notified!
Observer notified!
Observer notified!
Observer notified!
Observer notified!
Observer notified!
Observer notified!
Observer notified!
Observer notified!
Observer notified!
Observer notified!
Observer notified!
Observer notified!
Observer notified!
Observer notified!
Observer notified!
Observer notified!
Observer notified!
Observer notified!
Observer notified!
Observer notified!
Observer notified!
Observer notified!
Observer notified!
Observer notified!
Observer notified!
Observer notified!
Observer notified!
Observer notified!
Observer notified!
Observer notified!
Observer notified!
Observer notified!
Observer notified!
Observer notified!
Observer notified!
Observer notified!
Observer notified!
Observer notified!
Observer notified!
Observer notified!
Observer notified!
Observer notified!
Observer notified!
Observer notified!
Observer notified!
Observer notified!
Observer notified!
Observer notified!
Observer notified!
Observer notified!
Observer notified!
Observer notified!
Observer notified!
Observer notified!
Observer notified!
Observer notified!
Observer notified!
Observer notified!
Observer notified!
Observer notified!
Observer notified!
Observer notified!
Observer notified!
Observer notified!
Observer notified!
Observer notified!
Observer notified!
Observer notified!
Observer notified!
Observer notified!
Observer notified!
Observer notified!
Observer notified!
Observer notified!
Observer notified!
Observer notified!
Observer notified!
Observer notified!
Observer notified!
Observer notified!
Observer notified!
Observer notified!
Observer notified!
Observer notified!
Observer notified!
Observer notified!
Observer notified!
Observer notified!
Observer notified!
Observer notified!
Observer notified!
Observer notified!
Observer notified!
Observer notified!
Observer notified!
Observer notified!
Observer notified!
Observer notified!
Observer notified!
Observer notified!
Observer notified!
Observer notified!
Observer notified!
Observer notified!
Observer notified!
Observer notified!
Observer notified!
Observer notified!
Observer notified!
Observer notified!
Observer notified!
Observer notified!
Observer notified!
Observer notified!
Observer notified!
Observer notified!
Observer notified!
Observer notified!
Observer notified!
Observer notified!
Observer notified!
Observer notified!
Observer notified!
Observer notified!
Observer notified!
Observer notified!
Observer notified!
Observer notified!
Observer notified!
Observer notified!
Observer notified!
Observer notified!
Observer notified!
Observer notified!
Observer notified!
Observer notified!
Observer notified!
Observer notified!
Observer notified!
Observer notified!
Observer notified!
Observer notified!
Observer notified!
Observer notified!
Observer notified!
Observer notified!
Observer notified!
Observer notified!
Observer notified!
Observer notified!
Observer notified!
Observer notified!
Observer notified!
Observer notified!
Observer notified!
Observer notified!
Observer notified!
Observer notified!
Observer notified!
Observer notified!
Observer notified!
Observer notified!
Observer notified!
Observer notified!
Observer notified!
Observer notified!
Observer notified!
Observer notified!
Observer notified!
Observer notified!
Observer notified!
Observer notified!
Observer notified!
Observer notified!
Observer notified!
Observer notified!
Observer notified!
Observer notified!
Observer notified!
Observer notified!
Observer notified!
Observer notified!
Observer notified!
Observer notified!
Observer notified!
Observer notified!
Observer notified!
Observer notified!
Observer notified!
Observer notified!
Observer notified!
Observer notified!
Observer notified!
Observer notified!
Observer notified!
Observer notified!
Observer notified!
Observer notified!
Observer notified!
Observer notified!
Observer notified!
Observer notified!
Observer notified!
Observer notified!
Observer notified!
Observer notified!
Observer notified!
Observer notified!
Observer notified!
Observer notified!
Observer notified!
Observer notified!
Observer notified!
Observer notified!
Observer notified!
Observer notified!
Observer notified!
Observer notified!
Observer notified!
Observer notified!
Observer notified!
Observer notified!
Observer notified!
Observer notified!
Observer notified!
Observer notified!
Observer notified!
Observer notified!
Observer notified!
Observer notified!
Observer notified!
Observer notified!
Observer notified!
Observer notified!
Observer notified!
Observer notified!
Observer notified!
Observer notified!
Observer notified!
Observer notified!
Observer notified!
Observer notified!
Observer notified!
Observer notified!
Observer notified!
Observer notified!
Observer notified!
Observer notified!
Observer notified!
Observer notified!
Observer notified!
Observer notified!
Observer notified!
Observer notified!
Observer notified!
Observer notified!
Observer notified!
Observer notified!
Observer notified!
Observer notified!
Observer notified!
Observer notified!
Observer notified!
Observer notified!
Observer notified!
Observer notified!
Observer notified!
Observer notified!
Observer notified!
Observer notified!
Observer notified!
Observer notified!
Observer notified!
Observer notified!
Observer notified!
Observer notified!
Observer notified!
Observer notified!
Observer notified!
Observer notified!
Observer notified!
Observer notified!
Observer notified!
Observer notified!
Observer notified!
Observer notified!
Observer notified!
Observer notified!
Observer notified!
Observer notified!
Observer notified!
Observer notified!
Observer notified!
Observer notified!
Observer notified!
Observer notified!
Observer notified!
Observer notified!
Observer notified!
Observer notified!
Observer notified!
Observer notified!
Observer notified!
Observer notified!
Observer notified!
Observer notified!
Observer notified!
Observer notified!
Observer notified!
Observer notified!
Observer notified!
Observer notified!
Observer notified!
Observer notified!
Observer notified!
Observer notified!
Observer notified!
Observer notified!
Observer notified!
Observer notified!
Observer notified!
Observer notified!
Observer notified!
Observer notified!
Observer notified!
Observer notified!
Observer notified!
Observer notified!
Observer notified!
Observer notified!
Observer notified!
Observer notified!
Observer notified!
Observer notified!
Observer notified!
Observer notified!
Observer notified!
Observer notified!
Observer notified!
Observer notified!
Observer notified!
Observer notified!
Observer notified!
Observer notified!
Observer notified!
Observer notified!
Observer notified!
Observer notified!
Observer notified!
Observer notified!
Observer notified!
Observer notified!
Observer notified!
Observer notified!
Observer notified!
Observer notified!
Observer notified!
Observer notified!
Observer notified!
Observer notified!
Observer notified!
Observer notified!
Observer notified!
Observer notified!
Observer notified!
Observer notified!
Observer notified!
Observer notified!
Observer notified!
Observer notified!
Observer notified!
Observer notified!
Observer notified!
Observer notified!
Observer notified!
Observer notified!
Observer notified!
Observer notified!
Observer notified!
Observer notified!
Observer notified!
Observer notified!
Observer notified!
Observer notified!
Observer notified!
Observer notified!
Observer notified!
Observer notified!
Observer notified!
Observer notified!
Observer notified!
Observer notified!
Observer notified!
Observer notified!
Observer notified!
Observer notified!
Observer notified!
Observer notified!
Observer notified!
Observer notified!
Observer notified!
Observer notified!
Observer notified!
Observer notified!
Observer notified!
Observer notified!
Observer notified!
Observer notified!
Observer notified!
Observer notified!
Observer notified!
Observer notified!
Observer notified!
Observer notified!
Observer notified!
Observer notified!
Observer notified!
Observer notified!
Observer notified!
Observer notified!
Observer notified!
Observer notified!
Observer notified!
Observer notified!
Observer notified!
Observer notified!
Observer notified!
Observer notified!
Observer notified!
Observer notified!
Observer notified!
Observer notified!
Observer notified!
Observer notified!
Observer notified!
Observer notified!
Observer notified!
Observer notified!
Observer notified!
Observer notified!
Observer notified!
Observer notified!
Observer notified!
Observer notified!
Observer notified!
Observer notified!
Observer notified!
Observer notified!
Observer notified!
Observer notified!
Observer notified!
Observer notified!
Observer notified!
Observer notified!
Observer notified!
Observer notified!
Observer notified!
Observer notified!
Observer notified!
Observer notified!
Observer notified!
Observer notified!
Observer notified!
Observer notified!
Observer notified!
Observer notified!
Observer notified!
Observer notified!
Observer notified!
Observer notified!
Observer notified!
Observer notified!
Observer notified!
Observer notified!
Observer notified!
Observer notified!
Observer notified!
Observer notified!
Observer notified!
Observer notified!
Observer notified!
Observer notified!
Observer notified!
Observer notified!
Observer notified!
Observer notified!
Observer notified!
Observer notified!
Observer notified!
Observer notified!
Observer notified!
Observer notified!
Observer notified!
Observer notified!
Observer notified!
Observer notified!
Observer notified!
Observer notified!
Observer notified!
Observer notified!
Observer notified!
Observer notified!
Observer notified!
Observer notified!
Observer notified!
Observer notified!
Observer notified!
Observer notified!
Observer notified!
Observer notified!
Observer notified!
Observer notified!
Observer notified!
Observer notified!
Observer notified!
Observer notified!
Observer notified!
Observer notified!
Observer notified!
Observer notified!
Observer notified!
Observer notified!
Observer notified!
Observer notified!
Observer notified!
Observer notified!
Observer notified!
Observer notified!
Observer notified!
Observer notified!
Observer notified!
Observer notified!
Observer notified!
Observer notified!
Observer notified!
Observer notified!
Observer notified!
Observer notified!
Observer notified!
Observer notified!
Observer notified!
Observer notified!
Observer notified!
Observer notified!
Observer notified!
Observer notified!
Observer notified!
Observer notified!
Observer notified!
Observer notified!
Observer notified!
Observer notified!
Observer notified!
Observer notified!
Observer notified!
Observer notified!
Observer notified!
Observer notified!
Observer notified!
Observer notified!
Observer notified!
Observer notified!
Observer notified!
Observer notified!
Observer notified!
Observer notified!
Observer notified!
Observer notified!
Observer notified!
Observer notified!
Observer notified!
Observer notified!
Observer notified!
Observer notified!
Observer notified!
Observer notified!
Observer notified!
Observer notified!
Observer notified!
Observer notified!
Observer notified!
Observer notified!
Observer notified!
Observer notified!
Observer notified!
Observer notified!
Observer notified!
Observer notified!
Observer notified!
Observer notified!
Observer notified!
Observer notified!
Observer notified!
Observer notified!
Observer notified!
Observer notified!
Observer notified!
Observer notified!
Observer notified!
Observer notified!
Observer notified!
Observer notified!
Observer notified!
Observer notified!
Observer notified!
Observer notified!
Observer notified!
Observer notified!
Observer notified!
Observer notified!
Observer notified!
Observer notified!
Observer notified!
Observer notified!
Observer notified!
Observer notified!
Observer notified!
Observer notified!
Observer notified!
Observer notified!
Observer notified!
Observer notified!
Observer notified!
Observer notified!
Observer notified!
Observer notified!
Observer notified!
Observer notified!
Observer notified!
Observer notified!
Observer notified!
Observer notified!
Observer notified!
Observer notified!
Observer notified!
Observer notified!
Observer notified!
Observer notified!
Observer notified!
Observer notified!
Observer notified!
Observer notified!
Observer notified!
Observer notified!
Observer notified!
Observer notified!
Observer notified!
Observer notified!
Observer notified!
Observer notified!
Observer notified!
Observer notified!
Observer notified!
Observer notified!
Observer notified!
Observer notified!
Observer notified!
Observer notified!
Observer notified!
Observer notified!
Observer notified!
Observer notified!
Observer notified!
Observer notified!
Observer notified!
Observer notified!
Observer notified!
Observer notified!
Observer notified!
Observer notified!
Observer notified!
Observer notified!
Observer notified!
Observer notified!
Observer notified!
Observer notified!
Observer notified!
Observer notified!
Observer notified!
Observer notified!
Observer notified!
Observer notified!
Observer notified!
Observer notified!
Observer notified!
Observer notified!
Observer notified!
Observer notified!
Observer notified!
Observer notified!
Observer notified!
Observer notified!
Observer notified!
Observer notified!
Observer notified!
Observer notified!
Observer notified!
Observer notified!
Observer notified!
Observer notified!
Observer notified!
Observer notified!
Observer notified!
Observer notified!
Observer notified!
Observer notified!
Observer notified!
Observer notified!
Observer notified!
Observer notified!
Observer notified!
Observer notified!
Observer notified!
Observer notified!
Observer notified!
Observer notified!
Observer notified!
Observer notified!
Observer notified!
Observer notified!
Observer notified!
Observer notified!
Observer notified!
Observer notified!
Observer notified!
Observer notified!
Observer notified!
Observer notified!
Observer notified!
Observer notified!
Observer notified!
Observer notified!
Observer notified!
Observer notified!
Observer notified!
Observer notified!
Observer notified!
Observer notified!
Observer notified!
Observer notified!
Observer notified!
Observer notified!
Observer notified!
Observer notified!
Observer notified!
Observer notified!
Observer notified!
Observer notified!
Observer notified!
Observer notified!
Observer notified!
Observer notified!
Observer notified!
Observer notified!
Observer notified!
Observer notified!
Observer notified!
Observer notified!
Observer notified!
Observer notified!
Observer notified!
Observer notified!
Observer notified!
Observer notified!
Observer notified!
Observer notified!
Observer notified!
Observer notified!
Observer notified!
Observer notified!
Observer notified!
Observer notified!
Observer notified!
Observer notified!
Observer notified!
Observer notified!
Observer notified!
Observer notified!
Observer notified!
Observer notified!
Observer notified!
Observer notified!
Observer notified!
Observer notified!
Observer notified!
Observer notified!
Observer notified!
Observer notified!
Observer notified!
Observer notified!
Observer notified!
Observer notified!
Observer notified!
Observer notified!
Observer notified!
Observer notified!
Observer notified!
Observer notified!
Observer notified!
Observer notified!
Observer notified!
Observer notified!
Observer notified!
Observer notified!
Observer notified!
Observer notified!
Observer notified!
Observer notified!
Observer notified!
Observer notified!
Observer notified!
Observer notified!
Observer notified!
Observer notified!
Observer notified!
Observer notified!
Observer notified!
Observer notified!
Observer notified!
Observer notified!
Observer notified!
Observer notified!
Observer notified!
Observer notified!
Observer notified!
Observer notified!
Observer notified!
Observer notified!
Observer notified!
Observer notified!
Observer notified!
Observer notified!
Observer notified!
Observer notified!
Observer notified!
Observer notified!
Observer notified!
Observer notified!
Observer notified!
Observer notified!
Observer notified!
Observer notified!
Observer notified!
Observer notified!
Observer notified!
Observer notified!
Observer notified!
Observer notified!
Observer notified!
Observer notified!
Observer notified!
Observer notified!
Observer notified!
Observer notified!
Observer notified!
Observer notified!
Observer notified!
Observer notified!
Observer notified!
Observer notified!
Observer notified!
Observer notified!
Observer notified!
Observer notified!
Observer notified!
Observer notified!
Observer notified!
Observer notified!
Observer notified!
Observer notified!
Observer notified!
Observer notified!
Observer notified!
Observer notified!
Observer notified!
Observer notified!
Observer notified!
Observer notified!
Observer notified!
Observer notified!
Observer notified!
Observer notified!
Observer notified!
Observer notified!
Observer notified!
Observer notified!
Observer notified!
Observer notified!
Observer notified!
Observer notified!
Observer notified!
Observer notified!
Observer notified!
Observer notified!
Observer notified!
Observer notified!
Observer notified!
Observer notified!
Observer notified!
Observer notified!
Observer notified!
Observer notified!
Observer notified!
Observer notified!
Observer notified!
Observer notified!
Observer notified!
Observer notified!
Observer notified!
Observer notified!
Observer notified!
Observer notified!
Observer notified!
Observer notified!
Observer notified!
Observer notified!
Observer notified!
Observer notified!
Observer notified!
Observer notified!
Observer notified!
Observer notified!
Observer notified!
Observer notified!
Observer notified!
Observer notified!
Observer notified!
Observer notified!
Observer notified!
Observer notified!
Observer notified!
Observer notified!
Observer notified!
Observer notified!
Observer notified!
Observer notified!
Observer notified!
Observer notified!
Observer notified!
Observer notified!
Observer notified!
Observer notified!
Observer notified!
Observer notified!
Observer notified!
Observer notified!
Observer notified!
Observer notified!
Observer notified!
Observer notified!
Observer notified!
Observer notified!
Observer notified!
Observer notified!
Observer notified!
Observer notified!
Observer notified!
Observer notified!
Observer notified!
Observer notified!
Observer notified!
Observer notified!
Observer notified!
Observer notified!
Observer notified!
Observer notified!
Observer notified!
Observer notified!
Observer notified!
Observer notified!
Observer notified!
Observer notified!
Observer notified!
Observer notified!
Observer notified!
Observer notified!
Observer notified!
Observer notified!
Observer notified!
Observer notified!
Observer notified!
Observer notified!
Observer notified!
Observer notified!
Observer notified!
Observer notified!
Observer notified!
Observer notified!
Observer notified!
Observer notified!
Observer notified!
Observer notified!
Observer notified!
Observer notified!
Observer notified!
Observer notified!
Observer notified!
Observer notified!
Observer notified!
Observer notified!
Observer notified!
Observer notified!
Observer notified!
Observer notified!
Observer notified!
Observer notified!
Observer notified!
Observer notified!
Observer notified!
Observer notified!
Observer notified!
Observer notified!
Observer notified!
Observer notified!
Observer notified!
Observer notified!
Observer notified!
Observer notified!
Observer notified!
Observer notified!
Observer notified!
Observer notified!
Observer notified!
Observer notified!
Observer notified!
Observer notified!
Observer notified!
Observer notified!
Observer notified!
Observer notified!
Observer notified!
Observer notified!
Observer notified!
Observer notified!
Observer notified!
Observer notified!
Observer notified!
Observer notified!
Observer notified!
Observer notified!
Observer notified!
Observer notified!
Observer notified!
Observer notified!
Observer notified!
Observer notified!
Observer notified!
Observer notified!
Observer notified!
Observer notified!
Observer notified!
Observer notified!
Observer notified!
Observer notified!
Observer notified!
Observer notified!
Observer notified!
Observer notified!
Observer notified!
Observer notified!
Observer notified!
Observer notified!
Observer notified!
Observer notified!
Observer notified!
Observer notified!
Observer notified!
Observer notified!
Observer notified!
Observer notified!
Observer notified!
Observer notified!
Observer notified!
Observer notified!
Observer notified!
Observer notified!
Observer notified!
Observer notified!
Observer notified!
Observer notified!
Observer notified!
Observer notified!
Observer notified!
Observer notified!
Observer notified!
Observer notified!
Observer notified!
Observer notified!
Observer notified!
Observer notified!
Observer notified!
Observer notified!
Observer notified!
Observer notified!
Observer notified!
Observer notified!
Observer notified!
Observer notified!
Observer notified!
Observer notified!
Observer notified!
Observer notified!
Observer notified!
Observer notified!
Observer notified!
Observer notified!
Observer notified!
Observer notified!
Observer notified!
Observer notified!
Observer notified!
Observer notified!
Observer notified!
Observer notified!
Observer notified!
Observer notified!
Observer notified!
Observer notified!
Observer notified!
Observer notified!
Observer notified!
Observer notified!
Observer notified!
Observer notified!
Observer notified!
Observer notified!
Observer notified!
Observer notified!
Observer notified!
Observer notified!
Observer notified!
Observer notified!
Observer notified!
Observer notified!
Observer notified!
Observer notified!
Observer notified!
Observer notified!
Observer notified!
Observer notified!
Observer notified!
Observer notified!
Observer notified!
Observer notified!
Observer notified!
Observer notified!
Observer notified!
Observer notified!
Observer notified!
Observer notified!
Observer notified!
Observer notified!
Observer notified!
Observer notified!
Observer notified!
Observer notified!
Observer notified!
Observer notified!
Observer notified!
Observer notified!
Observer notified!
Observer notified!
Observer notified!
Observer notified!
Observer notified!
Observer notified!
Observer notified!
Observer notified!
Observer notified!
Observer notified!
Observer notified!
Observer notified!
Observer notified!
Observer notified!
Observer notified!
Observer notified!
Observer notified!
Observer notified!
Observer notified!
Observer notified!
Observer notified!
Observer notified!
Observer notified!
Observer notified!
Observer notified!
Observer notified!
Observer notified!
Observer notified!
Observer notified!
Observer notified!
Observer notified!
Observer notified!
Observer notified!
Observer notified!
Observer notified!
Observer notified!
Observer notified!
Observer notified!
Observer notified!
Observer notified!
Observer notified!
Observer notified!
Observer notified!
Observer notified!
Observer notified!
Observer notified!
Observer notified!
Observer notified!
Observer notified!
Observer notified!
Observer notified!
Observer notified!
Observer notified!
Observer notified!
Observer notified!
Observer notified!
Observer notified!
Observer notified!
Observer notified!
Observer notified!
Observer notified!
Observer notified!
Observer notified!
Observer notified!
Observer notified!
Observer notified!
Observer notified!
Observer notified!
Observer notified!
Observer notified!
Observer notified!
Observer notified!
Observer notified!
Observer notified!
Observer notified!
Observer notified!
Observer notified!
Observer notified!
Observer notified!
Observer notified!
Observer notified!
Observer notified!
Observer notified!
Observer notified!
Observer notified!
Observer notified!
Observer notified!
Observer notified!
Observer notified!
Observer notified!
Observer notified!
Observer notified!
Observer notified!
Observer notified!
Observer notified!
Observer notified!
Observer notified!
Observer notified!
Observer notified!
Observer notified!
Observer notified!
Observer notified!
Observer notified!
Observer notified!
Observer notified!
Observer notified!
Observer notified!
Observer notified!
Observer notified!
Observer notified!
Observer notified!
Observer notified!
Observer notified!
Observer notified!
Observer notified!
Observer notified!
Observer notified!
Observer notified!
Observer notified!
Observer notified!
Observer notified!
Observer notified!
Observer notified!
Observer notified!
Observer notified!
Observer notified!
Observer notified!
Observer notified!
Observer notified!
Observer notified!
Observer notified!
Observer notified!
Observer notified!
Observer notified!
Observer notified!
Observer notified!
Observer notified!
Observer notified!
Observer notified!
Observer notified!
Observer notified!
Observer notified!
Observer notified!
Observer notified!
Observer notified!
Observer notified!
Observer notified!
Observer notified!
Observer notified!
Observer notified!
Observer notified!
Observer notified!
Observer notified!
Observer notified!
Observer notified!
Observer notified!
Observer notified!
Observer notified!
Observer notified!
Observer notified!
Observer notified!
Observer notified!
Observer notified!
Observer notified!
Observer notified!
Observer notified!
Observer notified!
Observer notified!
Observer notified!
Observer notified!
Observer notified!
Observer notified!
Observer notified!
Observer notified!
Observer notified!
Observer notified!
Observer notified!
Observer notified!
Observer notified!
Observer notified!
Observer notified!
Observer notified!
Observer notified!
Observer notified!
Observer notified!
Observer notified!
Observer notified!
Observer notified!
Observer notified!
Observer notified!
Observer notified!
Observer notified!
Observer notified!
Observer notified!
Observer notified!
Observer notified!
Observer notified!
Observer notified!
Observer notified!
Observer notified!
Observer notified!
Observer notified!
Observer notified!
Observer notified!
Observer notified!
Observer notified!
Observer notified!
Observer notified!
Observer notified!
Observer notified!
Observer notified!
Observer notified!
Observer notified!
Observer notified!
Observer notified!
Observer notified!
Observer notified!
Observer notified!
Observer notified!
Observer notified!
Observer notified!
Observer notified!
Observer notified!
Observer notified!
Observer notified!
Observer notified!
Observer notified!
Observer notified!
Observer notified!
Observer notified!
Observer notified!
Observer notified!
Observer notified!
Observer notified!
Observer notified!
Observer notified!
Observer notified!
Observer notified!
Observer notified!
Observer notified!
Observer notified!
Observer notified!
Observer notified!
Observer notified!
Observer notified!
Observer notified!
Observer notified!
Observer notified!
Observer notified!
Observer notified!
Observer notified!
Observer notified!
Observer notified!
Observer notified!
Observer notified!
Observer notified!
Observer notified!
Observer notified!
Observer notified!
Observer notified!
Observer notified!
Observer notified!
Observer notified!
Observer notified!
Observer notified!
Observer notified!
Observer notified!
Observer notified!
Observer notified!
Observer notified!
Observer notified!
Observer notified!
Observer notified!
Observer notified!
Observer notified!
Observer notified!
Observer notified!
Observer notified!
Observer notified!
Observer notified!
Observer notified!
Observer notified!
Observer notified!
Observer notified!
Observer notified!
Observer notified!
Observer notified!
Observer notified!
Observer notified!
Observer notified!
Observer notified!
Observer notified!
Observer notified!
Observer notified!
Observer notified!
Observer notified!
Observer notified!
Observer notified!
Observer notified!
Observer notified!
Observer notified!
Observer notified!
Observer notified!
Observer notified!
Observer notified!
Observer notified!
Observer notified!
Observer notified!
Observer notified!
Observer notified!
Observer notified!
Observer notified!
Observer notified!
Observer notified!
Observer notified!
Observer notified!
Observer notified!
Observer notified!
Observer notified!
Observer notified!
Observer notified!
Observer notified!
Observer notified!
Observer notified!
Observer notified!
Observer notified!
Observer notified!
Observer notified!
Observer notified!
Observer notified!
Observer notified!
Observer notified!
Observer notified!
Observer notified!
Observer notified!
Observer notified!
Observer notified!
Observer notified!
Observer notified!
Observer notified!
Observer notified!
Observer notified!
Observer notified!
Observer notified!
Observer notified!
Observer notified!
Observer notified!
Observer notified!
Observer notified!
Observer notified!
Observer notified!
Observer notified!
Observer notified!
Observer notified!
Observer notified!
Observer notified!
Observer notified!
Observer notified!
Observer notified!
Observer notified!
Observer notified!
Observer notified!
Observer notified!
Observer notified!
Observer notified!
Observer notified!
Observer notified!
Observer notified!
Observer notified!
Observer notified!
Observer notified!
Observer notified!
Observer notified!
Observer notified!
Observer notified!
Observer notified!
Observer notified!
Observer notified!
Observer notified!
Observer notified!
Observer notified!
Observer notified!
Observer notified!
Observer notified!
Observer notified!
Observer notified!
Observer notified!
Observer notified!
Observer notified!
Observer notified!
Observer notified!
Observer notified!
Observer notified!
Observer notified!
Observer notified!
Observer notified!
Observer notified!
Observer notified!
Observer notified!
Observer notified!
Observer notified!
Observer notified!
Observer notified!
Observer notified!
Observer notified!
Observer notified!
Observer notified!
Observer notified!
Observer notified!
Observer notified!
Observer notified!
Observer notified!
Observer notified!
Observer notified!
Observer notified!
Observer notified!
Observer notified!
Observer notified!
Observer notified!
Observer notified!
Observer notified!
Observer notified!
Observer notified!
Observer notified!
Observer notified!
Observer notified!
Observer notified!
Observer notified!
Observer notified!
Observer notified!
Observer notified!
Observer notified!
Observer notified!
Observer notified!
Observer notified!
Observer notified!
Observer notified!
Observer notified!
Observer notified!
Observer notified!
Observer notified!
Observer notified!
Observer notified!
Observer notified!
Observer notified!
Observer notified!
Observer notified!
Observer notified!
Observer notified!
Observer notified!
Observer notified!
Observer notified!
Observer notified!
Observer notified!
Observer notified!
Observer notified!
Observer notified!
Observer notified!
Observer notified!
Observer notified!
Observer notified!
Observer notified!
Observer notified!
Observer notified!
Observer notified!
Observer notified!
Observer notified!
Observer notified!
Observer notified!
Observer notified!
Observer notified!
Observer notified!
Observer notified!
Observer notified!
Observer notified!
Observer notified!
Observer notified!
Observer notified!
Observer notified!
Observer notified!
Observer notified!
Observer notified!
Observer notified!
Observer notified!
Observer notified!
Observer notified!
Observer notified!
Observer notified!
Observer notified!
Observer notified!
Observer notified!
Observer notified!
Observer notified!
Observer notified!
Observer notified!
Observer notified!
Observer notified!
Observer notified!
Observer notified!
Observer notified!
Observer notified!
Observer notified!
Observer notified!
Observer notified!
Observer notified!
Observer notified!
Observer notified!
Observer notified!
Observer notified!
Observer notified!
Observer notified!
Observer notified!
Observer notified!
Observer notified!
Observer notified!
Observer notified!
Observer notified!
Observer notified!
Observer notified!
Observer notified!
Observer notified!
Observer notified!
Observer notified!
Observer notified!
Observer notified!
Observer notified!
Observer notified!
Observer notified!
Observer notified!
Observer notified!
Observer notified!
Observer notified!
Observer notified!
Observer notified!
Observer notified!
Observer notified!
Observer notified!
Observer notified!
Observer notified!
Observer notified!
Observer notified!
Observer notified!
Observer notified!
Observer notified!
Observer notified!
Observer notified!
Observer notified!
Observer notified!
Observer notified!
Observer notified!
Observer notified!
Observer notified!
Observer notified!
Observer notified!
Observer notified!
Observer notified!
Observer notified!
Observer notified!
Observer notified!
Observer notified!
Observer notified!
Observer notified!
Observer notified!
Observer notified!
Observer notified!
Observer notified!
Observer notified!
Observer notified!
Observer notified!
Observer notified!
Observer notified!
Observer notified!
Observer notified!
Observer notified!
Observer notified!
Observer notified!
Observer notified!
Observer notified!
Observer notified!
Observer notified!
Observer notified!
Observer notified!
Observer notified!
Observer notified!
Observer notified!
Observer notified!
Observer notified!
Observer notified!
Observer notified!
Observer notified!
Observer notified!
Observer notified!
Observer notified!
Observer notified!
Observer notified!
Observer notified!
Observer notified!
Observer notified!
Observer notified!
Observer notified!
Observer notified!
Observer notified!
Observer notified!
Observer notified!
Observer notified!
Observer notified!
Observer notified!
Observer notified!
Observer notified!
Observer notified!
Observer notified!
Observer notified!
Observer notified!
Observer notified!
Observer notified!
Observer notified!
Observer notified!
Observer notified!
Observer notified!
Observer notified!
Observer notified!
Observer notified!
Observer notified!
Observer notified!
Observer notified!
Observer notified!
Observer notified!
Observer notified!
Observer notified!
Observer notified!
Observer notified!
Observer notified!
Observer notified!
Observer notified!
Observer notified!
Observer notified!
Observer notified!
Observer notified!
Observer notified!
Observer notified!
Observer notified!
Observer notified!
Observer notified!
Observer notified!
Observer notified!
Observer notified!
Observer notified!
Observer notified!
Observer notified!
Observer notified!
Observer notified!
Observer notified!
Observer notified!
Observer notified!
Observer notified!
Observer notified!
Observer notified!
Observer notified!
Observer notified!
Observer notified!
Observer notified!
Observer notified!
Observer notified!
Observer notified!
Observer notified!
Observer notified!
Observer notified!
Observer notified!
Observer notified!
Observer notified!
Observer notified!
Observer notified!
Observer notified!
Observer notified!
Observer notified!
Observer notified!
Observer notified!
Observer notified!
Observer notified!
Observer notified!
Observer notified!
Observer notified!
Observer notified!
Observer notified!
Observer notified!
Observer notified!
Observer notified!
Observer notified!
Observer notified!
Observer notified!
Observer notified!
Observer notified!
Observer notified!
Observer notified!
Observer notified!
Observer notified!
Observer notified!
Observer notified!
Observer notified!
Observer notified!
Observer notified!
Observer notified!
Observer notified!
Observer notified!
Observer notified!
Observer notified!
Observer notified!
Observer notified!
Observer notified!
Observer notified!
Observer notified!
Observer notified!
Observer notified!
Observer notified!
Observer notified!
Observer notified!
Observer notified!
Observer notified!
Observer notified!
Observer notified!
Observer notified!
Observer notified!
Observer notified!
Observer notified!
Observer notified!
Observer notified!
Observer notified!
Observer notified!
Observer notified!
Observer notified!
Observer notified!
Observer notified!
Observer notified!
Observer notified!
Observer notified!
Observer notified!
Observer notified!
Observer notified!
Observer notified!
Observer notified!
Observer notified!
Observer notified!
Observer notified!
Observer notified!
Observer notified!
Observer notified!
Observer notified!
Observer notified!
Observer notified!
Observer notified!
Observer notified!
Observer notified!
Observer notified!
Observer notified!
Observer notified!
Observer notified!
Observer notified!
Observer notified!
Observer notified!
Observer notified!
Observer notified!
Observer notified!
Observer notified!
Observer notified!
Observer notified!
Observer notified!
Observer notified!
Observer notified!
Observer notified!
Observer notified!
Observer notified!
Observer notified!
Observer notified!
Observer notified!
Observer notified!
Observer notified!
Observer notified!
Observer notified!
Observer notified!
Observer notified!
Observer notified!
Observer notified!
Observer notified!
Observer notified!
Observer notified!
Observer notified!
Observer notified!
Observer notified!
Observer notified!
Observer notified!
Observer notified!
Observer notified!
Observer notified!
Observer notified!
Observer notified!
Observer notified!
Observer notified!
Observer notified!
Observer notified!
Observer notified!
Observer notified!
Observer notified!
Observer notified!
Observer notified!
Observer notified!
Observer notified!
Observer notified!
Observer notified!
Observer notified!
Observer notified!
Observer notified!
Observer notified!
Observer notified!
Observer notified!
Observer notified!
Observer notified!
Observer notified!
Observer notified!
Observer notified!
Observer notified!
Observer notified!
Observer notified!
Observer notified!
Observer notified!
Observer notified!
Observer notified!
Observer notified!
Observer notified!
Observer notified!
Observer notified!
Observer notified!
Observer notified!
Observer notified!
Observer notified!
Observer notified!
Observer notified!
Observer notified!
Observer notified!
Observer notified!
Observer notified!
Observer notified!
Observer notified!
Observer notified!
Observer notified!
Observer notified!
Observer notified!
Observer notified!
Observer notified!
Observer notified!
Observer notified!
Observer notified!
Observer notified!
Observer notified!
Observer notified!
Observer notified!
Observer notified!
Observer notified!
Observer notified!
Observer notified!
Observer notified!
Observer notified!
Observer notified!
Observer notified!
Observer notified!
Observer notified!
Observer notified!
Observer notified!
Observer notified!
Observer notified!
Observer notified!
Observer notified!
Observer notified!
Observer notified!
Observer notified!
Observer notified!
Observer notified!
Observer notified!
Observer notified!
Observer notified!
Observer notified!
Observer notified!
Observer notified!
Observer notified!
Observer notified!
Observer notified!
Observer notified!
Observer notified!
Observer notified!
Observer notified!
Observer notified!
Observer notified!
Observer notified!
Observer notified!
Observer notified!
Observer notified!
Observer notified!
Observer notified!
Observer notified!
Observer notified!
Observer notified!
Observer notified!
Observer notified!
Observer notified!
Observer notified!
Observer notified!
Observer notified!
Observer notified!
Observer notified!
Observer notified!
Observer notified!
Observer notified!
Observer notified!
Observer notified!
Observer notified!
Observer notified!
Observer notified!
Observer notified!
Observer notified!
Observer notified!
Observer notified!
Observer notified!
Observer notified!
Observer notified!
Observer notified!
Observer notified!
Observer notified!
Observer notified!
Observer notified!
Observer notified!
Observer notified!
Observer notified!
Observer notified!
Observer notified!
Observer notified!
Observer notified!
Observer notified!
Observer notified!
Observer notified!
Observer notified!
Observer notified!
Observer notified!
Observer notified!
Observer notified!
Observer notified!
Observer notified!
Observer notified!
Observer notified!
Observer notified!
Observer notified!
Observer notified!
Observer notified!
Observer notified!
Observer notified!
Observer notified!
Observer notified!
Observer notified!
Observer notified!
Observer notified!
Observer notified!
Observer notified!
Observer notified!
Observer notified!
Observer notified!
Observer notified!
Observer notified!
Observer notified!
Observer notified!
Observer notified!
Observer notified!
Observer notified!
Observer notified!
Observer notified!
Observer notified!
Observer notified!
Observer notified!
Observer notified!
Observer notified!
Observer notified!
Observer notified!
Observer notified!
Observer notified!
Observer notified!
Observer notified!
Observer notified!
Observer notified!
Observer notified!
Observer notified!
Observer notified!
Observer notified!
Observer notified!
Observer notified!
Observer notified!
Observer notified!
Observer notified!
Observer notified!
Observer notified!
Observer notified!
Observer notified!
Observer notified!
Observer notified!
Observer notified!
Observer notified!
Observer notified!
Observer notified!
Observer notified!
Observer notified!
Observer notified!
Observer notified!
Observer notified!
Observer notified!
Observer notified!
Observer notified!
Observer notified!
Observer notified!
Observer notified!
Observer notified!
Observer notified!
Observer notified!
Observer notified!
Observer notified!
Observer notified!
Observer notified!
Observer notified!
Observer notified!
Observer notified!
Observer notified!
Observer notified!
Observer notified!
Observer notified!
Observer notified!
Observer notified!
Observer notified!
Observer notified!
Observer notified!
Observer notified!
Observer notified!
Observer notified!
Observer notified!
Observer notified!
Observer notified!
Observer notified!
Observer notified!
Observer notified!
Observer notified!
Observer notified!
Observer notified!
Observer notified!
Observer notified!
Observer notified!
Observer notified!
Observer notified!
Observer notified!
Observer notified!
Observer notified!
Observer notified!
Observer notified!
Observer notified!
Observer notified!
Observer notified!
Observer notified!
Observer notified!
Observer notified!
Observer notified!
Observer notified!
Observer notified!
Observer notified!
Observer notified!
Observer notified!
Observer notified!
Observer notified!
Observer notified!
Observer notified!
Observer notified!
Observer notified!
Observer notified!
Observer notified!
Observer notified!
Observer notified!
Observer notified!
Observer notified!
Observer notified!
Observer notified!
Observer notified!
Observer notified!
Observer notified!
Observer notified!
Observer notified!
Observer notified!
Observer notified!
Observer notified!
Observer notified!
Observer notified!
Observer notified!
Observer notified!
Observer notified!
Observer notified!
Observer notified!
Observer notified!
Observer notified!
Observer notified!
Observer notified!
Observer notified!
Observer notified!
Observer notified!
Observer notified!
Observer notified!
Observer notified!
Observer notified!
Observer notified!
Observer notified!
Observer notified!
Observer notified!
Observer notified!
Observer notified!
Observer notified!
Observer notified!
Observer notified!
Observer notified!
Observer notified!
Observer notified!
Observer notified!
Observer notified!
Observer notified!
Observer notified!
Observer notified!
Observer notified!
Observer notified!
Observer notified!
Observer notified!
Observer notified!
Observer notified!
Observer notified!
Observer notified!
Observer notified!
Observer notified!
Observer notified!
Observer notified!
Observer notified!
Observer notified!
Observer notified!
Observer notified!
Observer notified!
Observer notified!
Observer notified!
Observer notified!
Observer notified!
Observer notified!
Observer notified!
Observer notified!
Observer notified!
Observer notified!
Observer notified!
Observer notified!
Observer notified!
Observer notified!
Observer notified!
Observer notified!
Observer notified!
Observer notified!
Observer notified!
Observer notified!
Observer notified!
Observer notified!
Observer notified!
Observer notified!
Observer notified!
Observer notified!
Observer notified!
Observer notified!
Observer notified!
Observer notified!
Observer notified!
Observer notified!
Observer notified!
Observer notified!
Observer notified!
Observer notified!
Observer notified!
Observer notified!
Observer notified!
Observer notified!
Observer notified!
Observer notified!
Observer notified!
Observer notified!
Observer notified!
Observer notified!
Observer notified!
Observer notified!
Observer notified!
Observer notified!
Observer notified!
Observer notified!
Observer notified!
Observer notified!
Observer notified!
Observer notified!
Observer notified!
Observer notified!
Observer notified!
Observer notified!
Observer notified!
Observer notified!
Observer notified!
Observer notified!
Observer notified!
Observer notified!
Observer notified!
Observer notified!
Observer notified!
Observer notified!
Observer notified!
Observer notified!
Observer notified!
Observer notified!
Observer notified!
Observer notified!
Observer notified!
Observer notified!
Observer notified!
Observer notified!
Observer notified!
Observer notified!
Observer notified!
Observer notified!
Observer notified!
Observer notified!
Observer notified!
Observer notified!
Observer notified!
Observer notified!
Observer notified!
Observer notified!
Observer notified!
Observer notified!
Observer notified!
Observer notified!
Observer notified!
Observer notified!
Observer notified!
Observer notified!
Observer notified!
Observer notified!
Observer notified!
Observer notified!
Observer notified!
Observer notified!
Observer notified!
Observer notified!
Observer notified!
Observer notified!
Observer notified!
Observer notified!
Observer notified!
Observer notified!
Observer notified!
Observer notified!
Observer notified!
Observer notified!
Observer notified!
Observer notified!
Observer notified!
Observer notified!
Observer notified!
Observer notified!
Observer notified!
Observer notified!
Observer notified!
Observer notified!
Observer notified!
Observer notified!
Observer notified!
Observer notified!
Observer notified!
Observer notified!
Observer notified!
Observer notified!
Observer notified!
Observer notified!
Observer notified!
Observer notified!
Observer notified!
Observer notified!
Observer notified!
Observer notified!
Observer notified!
Observer notified!
Observer notified!
Observer notified!
Observer notified!
Observer notified!
Observer notified!
Observer notified!
Observer notified!
Observer notified!
Observer notified!
Observer notified!
Observer notified!
Observer notified!
Observer notified!
Observer notified!
Observer notified!
Observer notified!
Observer notified!
Observer notified!
Observer notified!
Observer notified!
Observer notified!
Observer notified!
Observer notified!
Observer notified!
Observer notified!
Observer notified!
Observer notified!
Observer notified!
Observer notified!
Observer notified!
Observer notified!
Observer notified!
Observer notified!
Observer notified!
Observer notified!
Observer notified!
Observer notified!
Observer notified!
Observer notified!
Observer notified!
Observer notified!
Observer notified!
Observer notified!
Observer notified!
Observer notified!
Observer notified!
Observer notified!
Observer notified!
Observer notified!
Observer notified!
Observer notified!
Observer notified!
Observer notified!
Observer notified!
Observer notified!
Observer notified!
Observer notified!
Observer notified!
Observer notified!
Observer notified!
Observer notified!
Observer notified!
Observer notified!
Observer notified!
Observer notified!
Observer notified!
Observer notified!
Observer notified!
Observer notified!
Observer notified!
Observer notified!
Observer notified!
Observer notified!
Observer notified!
Observer notified!
Observer notified!
Observer notified!
Observer notified!
Observer notified!
Observer notified!
Observer notified!
Observer notified!
Observer notified!
Observer notified!
Observer notified!
Observer notified!
Observer notified!
Observer notified!
Observer notified!
Observer notified!
Observer notified!
Observer notified!
Observer notified!
Observer notified!
Observer notified!
Observer notified!
Observer notified!
Observer notified!
Observer notified!
Observer notified!
Observer notified!
Observer notified!
Observer notified!
Observer notified!
Observer notified!
Observer notified!
Observer notified!
Observer notified!
Observer notified!
Observer notified!
Observer notified!
Observer notified!
Observer notified!
Observer notified!
Observer notified!
Observer notified!
Observer notified!
Observer notified!
Observer notified!
Observer notified!
Observer notified!
Observer notified!
Observer notified!
Observer notified!
Observer notified!
Observer notified!
Observer notified!
Observer notified!
Observer notified!
Observer notified!
Observer notified!
Observer notified!
Observer notified!
Observer notified!
Observer notified!
Observer notified!
Observer notified!
Observer notified!
Observer notified!
Observer notified!
Observer notified!
Observer notified!
Observer notified!
Observer notified!
Observer notified!
Observer notified!
Observer notified!
Observer notified!
Observer notified!
Observer notified!
Observer notified!
Observer notified!
Observer notified!
Observer notified!
Observer notified!
Observer notified!
Observer notified!
Observer notified!
Observer notified!
Observer notified!
Observer notified!
Observer notified!
Observer notified!
Observer notified!
Observer notified!
Observer notified!
Observer notified!
Observer notified!
Observer notified!
Observer notified!
Observer notified!
Observer notified!
Observer notified!
Observer notified!
Observer notified!
Observer notified!
Observer notified!
Observer notified!
Observer notified!
Observer notified!
Observer notified!
Observer notified!
Observer notified!
Observer notified!
Observer notified!
Observer notified!
Observer notified!
Observer notified!
Observer notified!
Observer notified!
Observer notified!
Observer notified!
Observer notified!
Observer notified!
Observer notified!
Observer notified!
Observer notified!
Observer notified!
Observer notified!
Observer notified!
Observer notified!
Observer notified!
Observer notified!
Observer notified!
Observer notified!
Observer notified!
Observer notified!
Observer notified!
Observer notified!
Observer notified!
Observer notified!
Observer notified!
Observer notified!
Observer notified!
Observer notified!
Observer notified!
Observer notified!
Observer notified!
Observer notified!
Observer notified!
Observer notified!
Observer notified!
Observer notified!
Observer notified!
Observer notified!
Observer notified!
Observer notified!
Observer notified!
Observer notified!
Observer notified!
Observer notified!
Observer notified!
Observer notified!
Observer notified!
Observer notified!
Observer notified!
Observer notified!
Observer notified!
Observer notified!
Observer notified!
Observer notified!
Observer notified!
Observer notified!
Observer notified!
Observer notified!
Observer notified!
Observer notified!
Observer notified!
Observer notified!
Observer notified!
Observer notified!
Observer notified!
Observer notified!
Observer notified!
Observer notified!
Observer notified!
Observer notified!
Observer notified!
Observer notified!
Observer notified!
Observer notified!
Observer notified!
Observer notified!
Observer notified!
Observer notified!
Observer notified!
Observer notified!
Observer notified!</StdOut>
      </Output>
    </UnitTestResult>
  </Results>
</TestRun>