<?xml version="1.0" encoding="UTF-8"?>
<TestRun id="8af7286e-517e-48b9-9b3d-83527e6a20b8" name="André@ANDRÉ-PC 2011-06-03 00:26:17" runUser="André-PC\André" xmlns="http://microsoft.com/schemas/VisualStudio/TeamTest/2010">
  <TestSettings name="Local" id="34c90c0c-7cf7-4a65-ad1c-99e51f398dd8">
    <Description>These are default test settings for a local test run.</Description>
    <Deployment enabled="false" runDeploymentRoot="André_ANDRÉ-PC 2011-06-03 00_26_17">
      <DeploymentItem filename="C:\Users\André\Documents\SePraktikum\SEPraktikum\Base\bin\Debug\Base.dll" />
      <DeploymentItem filename="C:\Users\André\Documents\SePraktikum\SEPraktikum\Cinema\bin\Debug\Cinema.dll" />
      <DeploymentItem filename="C:\Users\André\Documents\SePraktikum\SEPraktikum\TicketOperations\bin\Debug\Kinokarten.dll" />
      <DeploymentItem filename="C:\Users\André\Documents\SePraktikum\SEPraktikum\Users\bin\Debug\Users.dll" />
      <DeploymentItem filename="C:\Users\André\Documents\SePraktikum\SEPraktikum\Database\bin\Debug\Database.dll" />
      <DeploymentItem filename="C:\Users\André\Documents\SePraktikum\SEPraktikum\SystemAdministration\bin\Debug\SystemAdministration.dll" />
      <DeploymentItem filename="C:\Users\André\Documents\SePraktikum\SEPraktikum\Anwendungskern\bin\Debug\Fassade.dll" />
    </Deployment>
    <Execution>
      <TestTypeSpecific />
      <AgentRule name="Execution Agents">
      </AgentRule>
    </Execution>
  </TestSettings>
  <Times creation="2011-06-03T00:26:17.2377735+02:00" queuing="2011-06-03T00:26:19.9789303+02:00" start="2011-06-03T00:26:20.2109436+02:00" finish="2011-06-03T00:27:15.2330907+02:00" />
  <ResultSummary outcome="Error">
    <Counters total="8" executed="2" passed="1" error="0" failed="0" timeout="0" aborted="1" inconclusive="0" passedButRunAborted="0" notRunnable="0" notExecuted="6" disconnected="0" warning="0" completed="0" inProgress="0" pending="0" />
    <RunInfos>
      <RunInfo computerName="ANDRÉ-PC" outcome="Error" timestamp="2011-06-03T00:27:15.2300905+02:00">
        <Text>Der Testhostprozess wurde unerwartet beendet.</Text>
      </RunInfo>
    </RunInfos>
  </ResultSummary>
  <TestDefinitions>
    <UnitTest name="ÜberprüfeVerfügbarkeitVonSitzplatzTest" storage="c:\users\andré\documents\sepraktikum\sepraktikum\testanwendungskern\bin\debug\testanwendungskern.dll" id="36719f29-756a-96b5-0369-b384c1ccdcdb">
      <Execution id="b9d4ece5-fad3-4757-8221-b98e8303a8d5" />
      <TestMethod codeBase="C:/Users/André/Documents/SePraktikum/SEPraktikum/TestAnwendungskern/bin/Debug/TestAnwendungskern.DLL" adapterTypeName="Microsoft.VisualStudio.TestTools.TestTypes.Unit.UnitTestAdapter, Microsoft.VisualStudio.QualityTools.Tips.UnitTest.Adapter, Version=10.0.0.0, Culture=neutral, PublicKeyToken=b03f5f7f11d50a3a" className="TestAnwendungskern.IBesucherTest, TestAnwendungskern, Version=1.0.0.0, Culture=neutral, PublicKeyToken=null" name="ÜberprüfeVerfügbarkeitVonSitzplatzTest" />
    </UnitTest>
    <UnitTest name="GetVerfügbareSitzplätzeFürVorstellungTest" storage="c:\users\andré\documents\sepraktikum\sepraktikum\testanwendungskern\bin\debug\testanwendungskern.dll" id="c198eafe-a4ed-d557-9046-342453b9c13e">
      <Execution id="7e262d1f-3c67-4f98-812c-6e91b78f4b02" />
      <TestMethod codeBase="C:/Users/André/Documents/SePraktikum/SEPraktikum/TestAnwendungskern/bin/Debug/TestAnwendungskern.DLL" adapterTypeName="Microsoft.VisualStudio.TestTools.TestTypes.Unit.UnitTestAdapter, Microsoft.VisualStudio.QualityTools.Tips.UnitTest.Adapter, Version=10.0.0.0, Culture=neutral, PublicKeyToken=b03f5f7f11d50a3a" className="TestAnwendungskern.IBesucherTest, TestAnwendungskern, Version=1.0.0.0, Culture=neutral, PublicKeyToken=null" name="GetVerfügbareSitzplätzeFürVorstellungTest" />
    </UnitTest>
    <UnitTest name="BlockiereSitzplatzTest" storage="c:\users\andré\documents\sepraktikum\sepraktikum\testanwendungskern\bin\debug\testanwendungskern.dll" id="4254608d-0f37-676d-9886-204339feb876">
      <Execution id="6768626a-1c2d-4ab1-8d5a-355be441733e" />
      <TestMethod codeBase="C:/Users/André/Documents/SePraktikum/SEPraktikum/TestAnwendungskern/bin/Debug/TestAnwendungskern.DLL" adapterTypeName="Microsoft.VisualStudio.TestTools.TestTypes.Unit.UnitTestAdapter, Microsoft.VisualStudio.QualityTools.Tips.UnitTest.Adapter, Version=10.0.0.0, Culture=neutral, PublicKeyToken=b03f5f7f11d50a3a" className="TestAnwendungskern.IBesucherTest, TestAnwendungskern, Version=1.0.0.0, Culture=neutral, PublicKeyToken=null" name="BlockiereSitzplatzTest" />
    </UnitTest>
    <UnitTest name="SendeEmailMitReservierungsnummerTest" storage="c:\users\andré\documents\sepraktikum\sepraktikum\testanwendungskern\bin\debug\testanwendungskern.dll" id="4a7b68ff-3e8b-604f-c2e8-36fe15739554">
      <Execution id="147e4b59-846a-457a-835c-a0fb7e554f51" />
      <TestMethod codeBase="C:/Users/André/Documents/SePraktikum/SEPraktikum/TestAnwendungskern/bin/Debug/TestAnwendungskern.DLL" adapterTypeName="Microsoft.VisualStudio.TestTools.TestTypes.Unit.UnitTestAdapter, Microsoft.VisualStudio.QualityTools.Tips.UnitTest.Adapter, Version=10.0.0.0, Culture=neutral, PublicKeyToken=b03f5f7f11d50a3a" className="TestAnwendungskern.IBesucherTest, TestAnwendungskern, Version=1.0.0.0, Culture=neutral, PublicKeyToken=null" name="SendeEmailMitReservierungsnummerTest" />
    </UnitTest>
    <UnitTest name="PrüfeAltersfreigabeTest" storage="c:\users\andré\documents\sepraktikum\sepraktikum\testanwendungskern\bin\debug\testanwendungskern.dll" id="52185796-2002-4825-0b6e-8e610f86417b">
      <Execution id="a188d625-55b0-48ab-861c-03c95f45b7e7" />
      <TestMethod codeBase="C:/Users/André/Documents/SePraktikum/SEPraktikum/TestAnwendungskern/bin/Debug/TestAnwendungskern.DLL" adapterTypeName="Microsoft.VisualStudio.TestTools.TestTypes.Unit.UnitTestAdapter, Microsoft.VisualStudio.QualityTools.Tips.UnitTest.Adapter, Version=10.0.0.0, Culture=neutral, PublicKeyToken=b03f5f7f11d50a3a" className="TestAnwendungskern.IBesucherTest, TestAnwendungskern, Version=1.0.0.0, Culture=neutral, PublicKeyToken=null" name="PrüfeAltersfreigabeTest" />
    </UnitTest>
    <UnitTest name="BlockierungFürSitzplatzAufhebenTest" storage="c:\users\andré\documents\sepraktikum\sepraktikum\testanwendungskern\bin\debug\testanwendungskern.dll" id="7a1b28bd-84d3-0261-67dc-3e8c3cac9985">
      <Execution id="05c11f83-ac47-4f48-b8db-4ccc91cac1e7" />
      <TestMethod codeBase="C:/Users/André/Documents/SePraktikum/SEPraktikum/TestAnwendungskern/bin/Debug/TestAnwendungskern.DLL" adapterTypeName="Microsoft.VisualStudio.TestTools.TestTypes.Unit.UnitTestAdapter, Microsoft.VisualStudio.QualityTools.Tips.UnitTest.Adapter, Version=10.0.0.0, Culture=neutral, PublicKeyToken=b03f5f7f11d50a3a" className="TestAnwendungskern.IBesucherTest, TestAnwendungskern, Version=1.0.0.0, Culture=neutral, PublicKeyToken=null" name="BlockierungFürSitzplatzAufhebenTest" />
    </UnitTest>
    <UnitTest name="GetPreisFürKinokarteTest" storage="c:\users\andré\documents\sepraktikum\sepraktikum\testanwendungskern\bin\debug\testanwendungskern.dll" id="07667d6f-9584-b31f-7054-5d8d3aa89b45">
      <Execution id="4e86a351-b16c-45e9-a46e-adaf9bafc5f6" />
      <TestMethod codeBase="C:/Users/André/Documents/SePraktikum/SEPraktikum/TestAnwendungskern/bin/Debug/TestAnwendungskern.DLL" adapterTypeName="Microsoft.VisualStudio.TestTools.TestTypes.Unit.UnitTestAdapter, Microsoft.VisualStudio.QualityTools.Tips.UnitTest.Adapter, Version=10.0.0.0, Culture=neutral, PublicKeyToken=b03f5f7f11d50a3a" className="TestAnwendungskern.IBesucherTest, TestAnwendungskern, Version=1.0.0.0, Culture=neutral, PublicKeyToken=null" name="GetPreisFürKinokarteTest" />
    </UnitTest>
    <UnitTest name="KinokarteReservierenTest" storage="c:\users\andré\documents\sepraktikum\sepraktikum\testanwendungskern\bin\debug\testanwendungskern.dll" id="518cfcbf-c066-45d2-d0c8-3e54839daf71">
      <Execution id="021c8482-2792-4cc8-8af5-dd3e51c10a4d" />
      <TestMethod codeBase="C:/Users/André/Documents/SePraktikum/SEPraktikum/TestAnwendungskern/bin/Debug/TestAnwendungskern.DLL" adapterTypeName="Microsoft.VisualStudio.TestTools.TestTypes.Unit.UnitTestAdapter, Microsoft.VisualStudio.QualityTools.Tips.UnitTest.Adapter, Version=10.0.0.0, Culture=neutral, PublicKeyToken=b03f5f7f11d50a3a" className="TestAnwendungskern.IBesucherTest, TestAnwendungskern, Version=1.0.0.0, Culture=neutral, PublicKeyToken=null" name="KinokarteReservierenTest" />
    </UnitTest>
  </TestDefinitions>
  <TestLists>
    <TestList name="Nicht in einer Liste enthaltene Ergebnisse" id="8c84fa94-04c1-424b-9868-57a2d4851a1d" />
    <TestList name="Alle geladenen Ergebnisse" id="19431567-8539-422a-85d7-44ee4e166bda" />
  </TestLists>
  <TestEntries>
    <TestEntry testId="07667d6f-9584-b31f-7054-5d8d3aa89b45" executionId="4e86a351-b16c-45e9-a46e-adaf9bafc5f6" testListId="8c84fa94-04c1-424b-9868-57a2d4851a1d" />
    <TestEntry testId="36719f29-756a-96b5-0369-b384c1ccdcdb" executionId="b9d4ece5-fad3-4757-8221-b98e8303a8d5" testListId="8c84fa94-04c1-424b-9868-57a2d4851a1d" />
    <TestEntry testId="4254608d-0f37-676d-9886-204339feb876" executionId="6768626a-1c2d-4ab1-8d5a-355be441733e" testListId="8c84fa94-04c1-424b-9868-57a2d4851a1d" />
    <TestEntry testId="4a7b68ff-3e8b-604f-c2e8-36fe15739554" executionId="147e4b59-846a-457a-835c-a0fb7e554f51" testListId="8c84fa94-04c1-424b-9868-57a2d4851a1d" />
    <TestEntry testId="518cfcbf-c066-45d2-d0c8-3e54839daf71" executionId="021c8482-2792-4cc8-8af5-dd3e51c10a4d" testListId="8c84fa94-04c1-424b-9868-57a2d4851a1d" />
    <TestEntry testId="52185796-2002-4825-0b6e-8e610f86417b" executionId="a188d625-55b0-48ab-861c-03c95f45b7e7" testListId="8c84fa94-04c1-424b-9868-57a2d4851a1d" />
    <TestEntry testId="7a1b28bd-84d3-0261-67dc-3e8c3cac9985" executionId="05c11f83-ac47-4f48-b8db-4ccc91cac1e7" testListId="8c84fa94-04c1-424b-9868-57a2d4851a1d" />
    <TestEntry testId="c198eafe-a4ed-d557-9046-342453b9c13e" executionId="7e262d1f-3c67-4f98-812c-6e91b78f4b02" testListId="8c84fa94-04c1-424b-9868-57a2d4851a1d" />
  </TestEntries>
  <Results>
    <UnitTestResult executionId="4e86a351-b16c-45e9-a46e-adaf9bafc5f6" testId="07667d6f-9584-b31f-7054-5d8d3aa89b45" testName="GetPreisFürKinokarteTest" computerName="ANDRÉ-PC" duration="00:00:00.1738459" startTime="2011-06-03T00:26:20.3929540+02:00" endTime="2011-06-03T00:26:21.4460142+02:00" testType="13cdc9d9-ddb5-4fa4-a97d-d965ccfc6d4b" outcome="Passed" testListId="8c84fa94-04c1-424b-9868-57a2d4851a1d" relativeResultsDirectory="4e86a351-b16c-45e9-a46e-adaf9bafc5f6">
      <Output>
        <StdOut>Observer notified!
Observer notified!
Observer notified!
Observer notified!
Observer notified!
Observer notified!
Observer notified!
Observer notified!
Observer notified!
Observer notified!
Observer notified!
Observer notified!
Observer notified!
Observer notified!
Observer notified!
Observer notified!
Observer notified!
Observer notified!
Observer notified!
Observer notified!
Observer notified!
Observer notified!
Observer notified!
Observer notified!
Observer notified!
Observer notified!
Observer notified!
Observer notified!
Observer notified!
Observer notified!
Observer notified!
Observer notified!
Observer notified!
Observer notified!
Observer notified!
Observer notified!
Observer notified!
Observer notified!
Observer notified!
Observer notified!
Observer notified!
Observer notified!
Observer notified!
Observer notified!
Observer notified!
Observer notified!
Observer notified!
Observer notified!
Observer notified!
Observer notified!
Observer notified!
Observer notified!
Observer notified!
Observer notified!
Observer notified!
Observer notified!
Observer notified!
Observer notified!
Observer notified!
Observer notified!
Observer notified!
Observer notified!
Observer notified!
Observer notified!
Observer notified!
Observer notified!
Observer notified!
Observer notified!
Observer notified!
Observer notified!
Observer notified!
Observer notified!
Observer notified!
Observer notified!
Observer notified!
Observer notified!
Observer notified!
Observer notified!
Observer notified!
Observer notified!
Observer notified!
Observer notified!
Observer notified!
Observer notified!
Observer notified!
Observer notified!
Observer notified!
Observer notified!
Observer notified!
Observer notified!
Observer notified!
Observer notified!
Observer notified!
Observer notified!
Observer notified!
Observer notified!
Observer notified!
Observer notified!
Observer notified!
Observer notified!
Observer notified!
Observer notified!
Observer notified!
Observer notified!
Observer notified!
Observer notified!
Observer notified!
Observer notified!
Observer notified!
Observer notified!
Observer notified!
Observer notified!
Observer notified!
Observer notified!
Observer notified!
Observer notified!
Observer notified!
Observer notified!
Observer notified!
Observer notified!
Observer notified!
Observer notified!
Observer notified!
Observer notified!
Observer notified!
Observer notified!
Observer notified!
Observer notified!
Observer notified!
Observer notified!
Observer notified!
Observer notified!
Observer notified!
Observer notified!
Observer notified!
Observer notified!
Observer notified!
Observer notified!
Observer notified!
Observer notified!
Observer notified!
Observer notified!
Observer notified!
Observer notified!
Observer notified!
Observer notified!
Observer notified!
Observer notified!
Observer notified!
Observer notified!
Observer notified!
Observer notified!
Observer notified!
Observer notified!
Observer notified!
Observer notified!
Observer notified!
Observer notified!
Observer notified!
Observer notified!
Observer notified!
Observer notified!
Observer notified!
Observer notified!
Observer notified!
Observer notified!
Observer notified!
Observer notified!
Observer notified!
Observer notified!
Observer notified!
Observer notified!
Observer notified!
Observer notified!
Observer notified!
Observer notified!
Observer notified!
Observer notified!
Observer notified!
Observer notified!
Observer notified!
Observer notified!
Observer notified!
Observer notified!
Observer notified!
Observer notified!
Observer notified!
Observer notified!
Observer notified!
Observer notified!
Observer notified!
Observer notified!
Observer notified!
Observer notified!
Observer notified!
Observer notified!
Observer notified!
Observer notified!
Observer notified!
Observer notified!
Observer notified!
Observer notified!
Observer notified!
Observer notified!
Observer notified!
Observer notified!
Observer notified!
Observer notified!
Observer notified!
Observer notified!
Observer notified!
Observer notified!
Observer notified!
Observer notified!
Observer notified!
Observer notified!
Observer notified!
Observer notified!
Observer notified!
Observer notified!
Observer notified!
Observer notified!
Observer notified!
Observer notified!
Observer notified!
Observer notified!
Observer notified!
Observer notified!
Observer notified!
Observer notified!
Observer notified!
Observer notified!
Observer notified!
Observer notified!
Observer notified!
Observer notified!
Observer notified!
Observer notified!
Observer notified!
Observer notified!
Observer notified!
Observer notified!
Observer notified!
Observer notified!
Observer notified!
Observer notified!
Observer notified!
Observer notified!
Observer notified!
Observer notified!
Observer notified!
Observer notified!
Observer notified!
Observer notified!
Observer notified!
Observer notified!
Observer notified!
Observer notified!
Observer notified!
Observer notified!
Observer notified!
Observer notified!
Observer notified!
Observer notified!
Observer notified!
Observer notified!
Observer notified!
Observer notified!
Observer notified!
Observer notified!
Observer notified!
Observer notified!
Observer notified!
Observer notified!
Observer notified!
Observer notified!
Observer notified!
Observer notified!
Observer notified!
Observer notified!
Observer notified!
Observer notified!
Observer notified!
Observer notified!
Observer notified!
Observer notified!
Observer notified!
Observer notified!
Observer notified!
Observer notified!
Observer notified!
Observer notified!
Observer notified!
Observer notified!
Observer notified!
Observer notified!
Observer notified!</StdOut>
      </Output>
    </UnitTestResult>
    <UnitTestResult executionId="b9d4ece5-fad3-4757-8221-b98e8303a8d5" testId="36719f29-756a-96b5-0369-b384c1ccdcdb" testName="ÜberprüfeVerfügbarkeitVonSitzplatzTest" computerName="ANDRÉ-PC" duration="00:00:53.7730756" startTime="2011-06-03T00:26:21.4590150+02:00" endTime="2011-06-03T00:27:15.2320906+02:00" testType="13cdc9d9-ddb5-4fa4-a97d-d965ccfc6d4b" outcome="Aborted" testListId="8c84fa94-04c1-424b-9868-57a2d4851a1d" relativeResultsDirectory="b9d4ece5-fad3-4757-8221-b98e8303a8d5">
    </UnitTestResult>
    <UnitTestResult executionId="6768626a-1c2d-4ab1-8d5a-355be441733e" testId="4254608d-0f37-676d-9886-204339feb876" testName="BlockiereSitzplatzTest" computerName="ANDRÉ-PC" testType="13cdc9d9-ddb5-4fa4-a97d-d965ccfc6d4b" outcome="NotExecuted" testListId="8c84fa94-04c1-424b-9868-57a2d4851a1d" relativeResultsDirectory="6768626a-1c2d-4ab1-8d5a-355be441733e">
    </UnitTestResult>
    <UnitTestResult executionId="147e4b59-846a-457a-835c-a0fb7e554f51" testId="4a7b68ff-3e8b-604f-c2e8-36fe15739554" testName="SendeEmailMitReservierungsnummerTest" computerName="ANDRÉ-PC" testType="13cdc9d9-ddb5-4fa4-a97d-d965ccfc6d4b" outcome="NotExecuted" testListId="8c84fa94-04c1-424b-9868-57a2d4851a1d" relativeResultsDirectory="147e4b59-846a-457a-835c-a0fb7e554f51">
    </UnitTestResult>
    <UnitTestResult executionId="021c8482-2792-4cc8-8af5-dd3e51c10a4d" testId="518cfcbf-c066-45d2-d0c8-3e54839daf71" testName="KinokarteReservierenTest" computerName="ANDRÉ-PC" testType="13cdc9d9-ddb5-4fa4-a97d-d965ccfc6d4b" outcome="NotExecuted" testListId="8c84fa94-04c1-424b-9868-57a2d4851a1d" relativeResultsDirectory="021c8482-2792-4cc8-8af5-dd3e51c10a4d">
    </UnitTestResult>
    <UnitTestResult executionId="a188d625-55b0-48ab-861c-03c95f45b7e7" testId="52185796-2002-4825-0b6e-8e610f86417b" testName="PrüfeAltersfreigabeTest" computerName="ANDRÉ-PC" testType="13cdc9d9-ddb5-4fa4-a97d-d965ccfc6d4b" outcome="NotExecuted" testListId="8c84fa94-04c1-424b-9868-57a2d4851a1d" relativeResultsDirectory="a188d625-55b0-48ab-861c-03c95f45b7e7">
    </UnitTestResult>
    <UnitTestResult executionId="05c11f83-ac47-4f48-b8db-4ccc91cac1e7" testId="7a1b28bd-84d3-0261-67dc-3e8c3cac9985" testName="BlockierungFürSitzplatzAufhebenTest" computerName="ANDRÉ-PC" testType="13cdc9d9-ddb5-4fa4-a97d-d965ccfc6d4b" outcome="NotExecuted" testListId="8c84fa94-04c1-424b-9868-57a2d4851a1d" relativeResultsDirectory="05c11f83-ac47-4f48-b8db-4ccc91cac1e7">
    </UnitTestResult>
    <UnitTestResult executionId="7e262d1f-3c67-4f98-812c-6e91b78f4b02" testId="c198eafe-a4ed-d557-9046-342453b9c13e" testName="GetVerfügbareSitzplätzeFürVorstellungTest" computerName="ANDRÉ-PC" testType="13cdc9d9-ddb5-4fa4-a97d-d965ccfc6d4b" outcome="NotExecuted" testListId="8c84fa94-04c1-424b-9868-57a2d4851a1d" relativeResultsDirectory="7e262d1f-3c67-4f98-812c-6e91b78f4b02">
    </UnitTestResult>
  </Results>
</TestRun>