<?xml version="1.0" encoding="UTF-8"?>
<TestRun id="cfd63eaf-7d63-43a0-89d8-28f5d16a8284" name="N3trunner@GLOIN 2011-06-03 00:50:20" runUser="MITTELERDE\N3trunner" xmlns="http://microsoft.com/schemas/VisualStudio/TeamTest/2010">
  <TestSettings name="Local" id="34c90c0c-7cf7-4a65-ad1c-99e51f398dd8">
    <Description>These are default test settings for a local test run.</Description>
    <Deployment enabled="false" runDeploymentRoot="N3trunner_GLOIN 2011-06-03 00_50_20">
      <DeploymentItem filename="C:\Users\N3trunner.MITTELERDE\Desktop\Dropbox\HAW\Semester3\SE\Praktika\SEPraktikumVisualStudio\SEPraktikum\Cinema\bin\Debug\Cinema.dll" />
      <DeploymentItem filename="C:\Users\N3trunner.MITTELERDE\Desktop\Dropbox\HAW\Semester3\SE\Praktika\SEPraktikumVisualStudio\SEPraktikum\SystemAdministration\bin\Debug\SystemAdministration.dll" />
      <DeploymentItem filename="C:\Users\N3trunner.MITTELERDE\Desktop\Dropbox\HAW\Semester3\SE\Praktika\SEPraktikumVisualStudio\SEPraktikum\Database\bin\Debug\Database.dll" />
      <DeploymentItem filename="C:\Users\N3trunner.MITTELERDE\Desktop\Dropbox\HAW\Semester3\SE\Praktika\SEPraktikumVisualStudio\SEPraktikum\Anwendungskern\bin\Debug\Fassade.dll" />
      <DeploymentItem filename="C:\Users\N3trunner.MITTELERDE\Desktop\Dropbox\HAW\Semester3\SE\Praktika\SEPraktikumVisualStudio\SEPraktikum\Users\bin\Debug\Users.dll" />
      <DeploymentItem filename="C:\Users\N3trunner.MITTELERDE\Desktop\Dropbox\HAW\Semester3\SE\Praktika\SEPraktikumVisualStudio\SEPraktikum\Base\bin\Debug\Base.dll" />
      <DeploymentItem filename="C:\Users\N3trunner.MITTELERDE\Desktop\Dropbox\HAW\Semester3\SE\Praktika\SEPraktikumVisualStudio\SEPraktikum\TicketOperations\bin\Debug\Kinokarten.dll" />
    </Deployment>
    <Execution>
      <TestTypeSpecific />
      <AgentRule name="Execution Agents">
      </AgentRule>
    </Execution>
  </TestSettings>
  <Times creation="2011-06-03T00:50:20.1093254+02:00" queuing="2011-06-03T00:50:34.3177461+02:00" start="2011-06-03T00:50:34.4457589+02:00" finish="2011-06-03T00:50:36.4299573+02:00" />
  <ResultSummary outcome="Failed">
    <Counters total="8" executed="8" passed="6" error="0" failed="2" timeout="0" aborted="0" inconclusive="0" passedButRunAborted="0" notRunnable="0" notExecuted="0" disconnected="0" warning="0" completed="0" inProgress="0" pending="0" />
  </ResultSummary>
  <TestDefinitions>
    <UnitTest name="ÜberprüfeVerfügbarkeitVonSitzplatzTest" storage="c:\users\n3trunner.mittelerde\desktop\dropbox\haw\semester3\se\praktika\sepraktikumvisualstudio\sepraktikum\testanwendungskern\bin\debug\testanwendungskern.dll" id="36719f29-756a-96b5-0369-b384c1ccdcdb">
      <Execution id="95bfaa95-96fd-4102-a6d5-fdb9ab7614ca" />
      <TestMethod codeBase="C:/Users/N3trunner.MITTELERDE/Desktop/Dropbox/HAW/Semester3/SE/Praktika/SEPraktikumVisualStudio/SEPraktikum/TestAnwendungskern/bin/Debug/TestAnwendungskern.DLL" adapterTypeName="Microsoft.VisualStudio.TestTools.TestTypes.Unit.UnitTestAdapter, Microsoft.VisualStudio.QualityTools.Tips.UnitTest.Adapter, Version=10.0.0.0, Culture=neutral, PublicKeyToken=b03f5f7f11d50a3a" className="TestAnwendungskern.IBesucherTest, TestAnwendungskern, Version=1.0.0.0, Culture=neutral, PublicKeyToken=null" name="ÜberprüfeVerfügbarkeitVonSitzplatzTest" />
    </UnitTest>
    <UnitTest name="GetVerfügbareSitzplätzeFürVorstellungTest" storage="c:\users\n3trunner.mittelerde\desktop\dropbox\haw\semester3\se\praktika\sepraktikumvisualstudio\sepraktikum\testanwendungskern\bin\debug\testanwendungskern.dll" id="c198eafe-a4ed-d557-9046-342453b9c13e">
      <Execution id="195b51c2-5057-4d14-867a-94563d28e9ed" />
      <TestMethod codeBase="C:/Users/N3trunner.MITTELERDE/Desktop/Dropbox/HAW/Semester3/SE/Praktika/SEPraktikumVisualStudio/SEPraktikum/TestAnwendungskern/bin/Debug/TestAnwendungskern.DLL" adapterTypeName="Microsoft.VisualStudio.TestTools.TestTypes.Unit.UnitTestAdapter, Microsoft.VisualStudio.QualityTools.Tips.UnitTest.Adapter, Version=10.0.0.0, Culture=neutral, PublicKeyToken=b03f5f7f11d50a3a" className="TestAnwendungskern.IBesucherTest, TestAnwendungskern, Version=1.0.0.0, Culture=neutral, PublicKeyToken=null" name="GetVerfügbareSitzplätzeFürVorstellungTest" />
    </UnitTest>
    <UnitTest name="BlockiereSitzplatzTest" storage="c:\users\n3trunner.mittelerde\desktop\dropbox\haw\semester3\se\praktika\sepraktikumvisualstudio\sepraktikum\testanwendungskern\bin\debug\testanwendungskern.dll" id="4254608d-0f37-676d-9886-204339feb876">
      <Execution id="62728f19-8515-4613-9d1b-10b7938a8457" />
      <TestMethod codeBase="C:/Users/N3trunner.MITTELERDE/Desktop/Dropbox/HAW/Semester3/SE/Praktika/SEPraktikumVisualStudio/SEPraktikum/TestAnwendungskern/bin/Debug/TestAnwendungskern.DLL" adapterTypeName="Microsoft.VisualStudio.TestTools.TestTypes.Unit.UnitTestAdapter, Microsoft.VisualStudio.QualityTools.Tips.UnitTest.Adapter, Version=10.0.0.0, Culture=neutral, PublicKeyToken=b03f5f7f11d50a3a" className="TestAnwendungskern.IBesucherTest, TestAnwendungskern, Version=1.0.0.0, Culture=neutral, PublicKeyToken=null" name="BlockiereSitzplatzTest" />
    </UnitTest>
    <UnitTest name="SendeEmailMitReservierungsnummerTest" storage="c:\users\n3trunner.mittelerde\desktop\dropbox\haw\semester3\se\praktika\sepraktikumvisualstudio\sepraktikum\testanwendungskern\bin\debug\testanwendungskern.dll" id="4a7b68ff-3e8b-604f-c2e8-36fe15739554">
      <Execution id="1bed237e-b362-4de8-b663-436dc3f4ccd7" />
      <TestMethod codeBase="C:/Users/N3trunner.MITTELERDE/Desktop/Dropbox/HAW/Semester3/SE/Praktika/SEPraktikumVisualStudio/SEPraktikum/TestAnwendungskern/bin/Debug/TestAnwendungskern.DLL" adapterTypeName="Microsoft.VisualStudio.TestTools.TestTypes.Unit.UnitTestAdapter, Microsoft.VisualStudio.QualityTools.Tips.UnitTest.Adapter, Version=10.0.0.0, Culture=neutral, PublicKeyToken=b03f5f7f11d50a3a" className="TestAnwendungskern.IBesucherTest, TestAnwendungskern, Version=1.0.0.0, Culture=neutral, PublicKeyToken=null" name="SendeEmailMitReservierungsnummerTest" />
    </UnitTest>
    <UnitTest name="PrüfeAltersfreigabeTest" storage="c:\users\n3trunner.mittelerde\desktop\dropbox\haw\semester3\se\praktika\sepraktikumvisualstudio\sepraktikum\testanwendungskern\bin\debug\testanwendungskern.dll" id="52185796-2002-4825-0b6e-8e610f86417b">
      <Execution id="54eab60c-b24f-4e15-a3c6-ee13db5e74e0" />
      <TestMethod codeBase="C:/Users/N3trunner.MITTELERDE/Desktop/Dropbox/HAW/Semester3/SE/Praktika/SEPraktikumVisualStudio/SEPraktikum/TestAnwendungskern/bin/Debug/TestAnwendungskern.DLL" adapterTypeName="Microsoft.VisualStudio.TestTools.TestTypes.Unit.UnitTestAdapter, Microsoft.VisualStudio.QualityTools.Tips.UnitTest.Adapter, Version=10.0.0.0, Culture=neutral, PublicKeyToken=b03f5f7f11d50a3a" className="TestAnwendungskern.IBesucherTest, TestAnwendungskern, Version=1.0.0.0, Culture=neutral, PublicKeyToken=null" name="PrüfeAltersfreigabeTest" />
    </UnitTest>
    <UnitTest name="BlockierungFürSitzplatzAufhebenTest" storage="c:\users\n3trunner.mittelerde\desktop\dropbox\haw\semester3\se\praktika\sepraktikumvisualstudio\sepraktikum\testanwendungskern\bin\debug\testanwendungskern.dll" id="7a1b28bd-84d3-0261-67dc-3e8c3cac9985">
      <Execution id="9d9a72a6-3280-49cb-b455-699ae6159341" />
      <TestMethod codeBase="C:/Users/N3trunner.MITTELERDE/Desktop/Dropbox/HAW/Semester3/SE/Praktika/SEPraktikumVisualStudio/SEPraktikum/TestAnwendungskern/bin/Debug/TestAnwendungskern.DLL" adapterTypeName="Microsoft.VisualStudio.TestTools.TestTypes.Unit.UnitTestAdapter, Microsoft.VisualStudio.QualityTools.Tips.UnitTest.Adapter, Version=10.0.0.0, Culture=neutral, PublicKeyToken=b03f5f7f11d50a3a" className="TestAnwendungskern.IBesucherTest, TestAnwendungskern, Version=1.0.0.0, Culture=neutral, PublicKeyToken=null" name="BlockierungFürSitzplatzAufhebenTest" />
    </UnitTest>
    <UnitTest name="GetPreisFürKinokarteTest" storage="c:\users\n3trunner.mittelerde\desktop\dropbox\haw\semester3\se\praktika\sepraktikumvisualstudio\sepraktikum\testanwendungskern\bin\debug\testanwendungskern.dll" id="07667d6f-9584-b31f-7054-5d8d3aa89b45">
      <Execution id="2b1c226d-bc09-4b7b-8a80-dfbbc073df3a" />
      <TestMethod codeBase="C:/Users/N3trunner.MITTELERDE/Desktop/Dropbox/HAW/Semester3/SE/Praktika/SEPraktikumVisualStudio/SEPraktikum/TestAnwendungskern/bin/Debug/TestAnwendungskern.DLL" adapterTypeName="Microsoft.VisualStudio.TestTools.TestTypes.Unit.UnitTestAdapter, Microsoft.VisualStudio.QualityTools.Tips.UnitTest.Adapter, Version=10.0.0.0, Culture=neutral, PublicKeyToken=b03f5f7f11d50a3a" className="TestAnwendungskern.IBesucherTest, TestAnwendungskern, Version=1.0.0.0, Culture=neutral, PublicKeyToken=null" name="GetPreisFürKinokarteTest" />
    </UnitTest>
    <UnitTest name="KinokarteReservierenTest" storage="c:\users\n3trunner.mittelerde\desktop\dropbox\haw\semester3\se\praktika\sepraktikumvisualstudio\sepraktikum\testanwendungskern\bin\debug\testanwendungskern.dll" id="518cfcbf-c066-45d2-d0c8-3e54839daf71">
      <Execution id="63a3a11c-a779-4305-bbbe-7c16565540b2" />
      <TestMethod codeBase="C:/Users/N3trunner.MITTELERDE/Desktop/Dropbox/HAW/Semester3/SE/Praktika/SEPraktikumVisualStudio/SEPraktikum/TestAnwendungskern/bin/Debug/TestAnwendungskern.DLL" adapterTypeName="Microsoft.VisualStudio.TestTools.TestTypes.Unit.UnitTestAdapter, Microsoft.VisualStudio.QualityTools.Tips.UnitTest.Adapter, Version=10.0.0.0, Culture=neutral, PublicKeyToken=b03f5f7f11d50a3a" className="TestAnwendungskern.IBesucherTest, TestAnwendungskern, Version=1.0.0.0, Culture=neutral, PublicKeyToken=null" name="KinokarteReservierenTest" />
    </UnitTest>
  </TestDefinitions>
  <TestLists>
    <TestList name="Results Not in a List" id="8c84fa94-04c1-424b-9868-57a2d4851a1d" />
    <TestList name="All Loaded Results" id="19431567-8539-422a-85d7-44ee4e166bda" />
  </TestLists>
  <TestEntries>
    <TestEntry testId="07667d6f-9584-b31f-7054-5d8d3aa89b45" executionId="2b1c226d-bc09-4b7b-8a80-dfbbc073df3a" testListId="8c84fa94-04c1-424b-9868-57a2d4851a1d" />
    <TestEntry testId="36719f29-756a-96b5-0369-b384c1ccdcdb" executionId="95bfaa95-96fd-4102-a6d5-fdb9ab7614ca" testListId="8c84fa94-04c1-424b-9868-57a2d4851a1d" />
    <TestEntry testId="4254608d-0f37-676d-9886-204339feb876" executionId="62728f19-8515-4613-9d1b-10b7938a8457" testListId="8c84fa94-04c1-424b-9868-57a2d4851a1d" />
    <TestEntry testId="4a7b68ff-3e8b-604f-c2e8-36fe15739554" executionId="1bed237e-b362-4de8-b663-436dc3f4ccd7" testListId="8c84fa94-04c1-424b-9868-57a2d4851a1d" />
    <TestEntry testId="518cfcbf-c066-45d2-d0c8-3e54839daf71" executionId="63a3a11c-a779-4305-bbbe-7c16565540b2" testListId="8c84fa94-04c1-424b-9868-57a2d4851a1d" />
    <TestEntry testId="52185796-2002-4825-0b6e-8e610f86417b" executionId="54eab60c-b24f-4e15-a3c6-ee13db5e74e0" testListId="8c84fa94-04c1-424b-9868-57a2d4851a1d" />
    <TestEntry testId="7a1b28bd-84d3-0261-67dc-3e8c3cac9985" executionId="9d9a72a6-3280-49cb-b455-699ae6159341" testListId="8c84fa94-04c1-424b-9868-57a2d4851a1d" />
    <TestEntry testId="c198eafe-a4ed-d557-9046-342453b9c13e" executionId="195b51c2-5057-4d14-867a-94563d28e9ed" testListId="8c84fa94-04c1-424b-9868-57a2d4851a1d" />
  </TestEntries>
  <Results>
    <UnitTestResult executionId="2b1c226d-bc09-4b7b-8a80-dfbbc073df3a" testId="07667d6f-9584-b31f-7054-5d8d3aa89b45" testName="GetPreisFürKinokarteTest" computerName="GLOIN" duration="00:00:00.3098032" startTime="2011-06-03T00:50:34.5417685+02:00" endTime="2011-06-03T00:50:36.1349278+02:00" testType="13cdc9d9-ddb5-4fa4-a97d-d965ccfc6d4b" outcome="Passed" testListId="8c84fa94-04c1-424b-9868-57a2d4851a1d" relativeResultsDirectory="2b1c226d-bc09-4b7b-8a80-dfbbc073df3a">
      <Output>
        <StdOut>Observer notified!
Observer notified!
Observer notified!
Observer notified!
Observer notified!
Observer notified!
Observer notified!
Observer notified!
Observer notified!
Observer notified!
Observer notified!
Observer notified!
Observer notified!
Observer notified!
Observer notified!
Observer notified!
Observer notified!
Observer notified!
Observer notified!
Observer notified!
Observer notified!
Observer notified!
Observer notified!
Observer notified!
Observer notified!
Observer notified!
Observer notified!
Observer notified!
Observer notified!
Observer notified!
Observer notified!
Observer notified!
Observer notified!
Observer notified!
Observer notified!
Observer notified!
Observer notified!
Observer notified!
Observer notified!
Observer notified!
Observer notified!
Observer notified!
Observer notified!
Observer notified!
Observer notified!
Observer notified!
Observer notified!
Observer notified!
Observer notified!
Observer notified!
Observer notified!
Observer notified!
Observer notified!
Observer notified!
Observer notified!
Observer notified!
Observer notified!
Observer notified!
Observer notified!
Observer notified!
Observer notified!
Observer notified!
Observer notified!
Observer notified!
Observer notified!
Observer notified!
Observer notified!
Observer notified!
Observer notified!
Observer notified!
Observer notified!
Observer notified!
Observer notified!
Observer notified!
Observer notified!
Observer notified!
Observer notified!
Observer notified!
Observer notified!
Observer notified!
Observer notified!
Observer notified!
Observer notified!
Observer notified!
Observer notified!
Observer notified!
Observer notified!
Observer notified!
Observer notified!
Observer notified!
Observer notified!
Observer notified!
Observer notified!
Observer notified!
Observer notified!
Observer notified!
Observer notified!
Observer notified!
Observer notified!
Observer notified!
Observer notified!
Observer notified!
Observer notified!
Observer notified!
Observer notified!
Observer notified!
Observer notified!
Observer notified!
Observer notified!
Observer notified!
Observer notified!
Observer notified!
Observer notified!
Observer notified!
Observer notified!
Observer notified!
Observer notified!
Observer notified!
Observer notified!
Observer notified!
Observer notified!
Observer notified!
Observer notified!
Observer notified!
Observer notified!
Observer notified!
Observer notified!
Observer notified!
Observer notified!
Observer notified!
Observer notified!
Observer notified!
Observer notified!
Observer notified!
Observer notified!
Observer notified!
Observer notified!
Observer notified!
Observer notified!
Observer notified!
Observer notified!
Observer notified!
Observer notified!
Observer notified!
Observer notified!
Observer notified!
Observer notified!
Observer notified!
Observer notified!
Observer notified!
Observer notified!
Observer notified!
Observer notified!
Observer notified!
Observer notified!
Observer notified!
Observer notified!
Observer notified!
Observer notified!
Observer notified!
Observer notified!
Observer notified!
Observer notified!
Observer notified!
Observer notified!
Observer notified!
Observer notified!
Observer notified!
Observer notified!
Observer notified!
Observer notified!
Observer notified!
Observer notified!
Observer notified!
Observer notified!
Observer notified!
Observer notified!
Observer notified!
Observer notified!
Observer notified!
Observer notified!
Observer notified!
Observer notified!
Observer notified!
Observer notified!
Observer notified!
Observer notified!
Observer notified!
Observer notified!
Observer notified!
Observer notified!
Observer notified!
Observer notified!
Observer notified!
Observer notified!
Observer notified!
Observer notified!
Observer notified!
Observer notified!
Observer notified!
Observer notified!
Observer notified!
Observer notified!
Observer notified!
Observer notified!
Observer notified!
Observer notified!
Observer notified!
Observer notified!
Observer notified!
Observer notified!
Observer notified!
Observer notified!
Observer notified!
Observer notified!
Observer notified!
Observer notified!
Observer notified!
Observer notified!
Observer notified!
Observer notified!
Observer notified!
Observer notified!
Observer notified!
Observer notified!
Observer notified!
Observer notified!
Observer notified!
Observer notified!
Observer notified!
Observer notified!
Observer notified!
Observer notified!
Observer notified!
Observer notified!
Observer notified!
Observer notified!
Observer notified!
Observer notified!
Observer notified!
Observer notified!
Observer notified!
Observer notified!
Observer notified!
Observer notified!
Observer notified!
Observer notified!
Observer notified!
Observer notified!
Observer notified!
Observer notified!
Observer notified!
Observer notified!
Observer notified!
Observer notified!
Observer notified!
Observer notified!
Observer notified!
Observer notified!
Observer notified!
Observer notified!
Observer notified!
Observer notified!
Observer notified!
Observer notified!
Observer notified!
Observer notified!
Observer notified!
Observer notified!
Observer notified!
Observer notified!
Observer notified!
Observer notified!
Observer notified!
Observer notified!
Observer notified!
Observer notified!
Observer notified!
Observer notified!
Observer notified!
Observer notified!
Observer notified!
Observer notified!
Observer notified!
Observer notified!
Observer notified!
Observer notified!
Observer notified!
Observer notified!
Observer notified!
Observer notified!
Observer notified!
Observer notified!
Observer notified!
Observer notified!
Observer notified!
Observer notified!</StdOut>
      </Output>
    </UnitTestResult>
    <UnitTestResult executionId="95bfaa95-96fd-4102-a6d5-fdb9ab7614ca" testId="36719f29-756a-96b5-0369-b384c1ccdcdb" testName="ÜberprüfeVerfügbarkeitVonSitzplatzTest" computerName="GLOIN" duration="00:00:00.0040760" startTime="2011-06-03T00:50:36.1499293+02:00" endTime="2011-06-03T00:50:36.1609304+02:00" testType="13cdc9d9-ddb5-4fa4-a97d-d965ccfc6d4b" outcome="Passed" testListId="8c84fa94-04c1-424b-9868-57a2d4851a1d" relativeResultsDirectory="95bfaa95-96fd-4102-a6d5-fdb9ab7614ca">
      <Output>
        <StdOut>Observer notified!
Observer notified!
Observer notified!
Observer notified!
Observer notified!
Observer notified!
Observer notified!
Observer notified!
Observer notified!
Observer notified!
Observer notified!
Observer notified!
Observer notified!
Observer notified!
Observer notified!
Observer notified!
Observer notified!
Observer notified!
Observer notified!
Observer notified!
Observer notified!
Observer notified!
Observer notified!
Observer notified!
Observer notified!
Observer notified!
Observer notified!
Observer notified!
Observer notified!
Observer notified!
Observer notified!
Observer notified!
Observer notified!
Observer notified!
Observer notified!
Observer notified!
Observer notified!
Observer notified!
Observer notified!
Observer notified!
Observer notified!
Observer notified!
Observer notified!
Observer notified!
Observer notified!
Observer notified!
Observer notified!
Observer notified!
Observer notified!
Observer notified!
Observer notified!
Observer notified!
Observer notified!
Observer notified!
Observer notified!
Observer notified!
Observer notified!
Observer notified!
Observer notified!
Observer notified!
Observer notified!
Observer notified!
Observer notified!
Observer notified!
Observer notified!
Observer notified!
Observer notified!
Observer notified!
Observer notified!
Observer notified!
Observer notified!
Observer notified!
Observer notified!
Observer notified!
Observer notified!
Observer notified!
Observer notified!
Observer notified!
Observer notified!
Observer notified!
Observer notified!
Observer notified!
Observer notified!
Observer notified!
Observer notified!
Observer notified!
Observer notified!
Observer notified!
Observer notified!
Observer notified!
Observer notified!
Observer notified!
Observer notified!
Observer notified!
Observer notified!
Observer notified!
Observer notified!
Observer notified!
Observer notified!
Observer notified!
Observer notified!
Observer notified!
Observer notified!
Observer notified!
Observer notified!
Observer notified!
Observer notified!
Observer notified!
Observer notified!
Observer notified!
Observer notified!
Observer notified!
Observer notified!
Observer notified!
Observer notified!
Observer notified!
Observer notified!
Observer notified!
Observer notified!
Observer notified!
Observer notified!
Observer notified!
Observer notified!
Observer notified!
Observer notified!
Observer notified!
Observer notified!
Observer notified!
Observer notified!
Observer notified!
Observer notified!
Observer notified!
Observer notified!
Observer notified!
Observer notified!
Observer notified!
Observer notified!
Observer notified!
Observer notified!
Observer notified!
Observer notified!
Observer notified!
Observer notified!
Observer notified!
Observer notified!
Observer notified!
Observer notified!
Observer notified!
Observer notified!
Observer notified!
Observer notified!
Observer notified!
Observer notified!
Observer notified!
Observer notified!
Observer notified!
Observer notified!
Observer notified!
Observer notified!
Observer notified!
Observer notified!
Observer notified!
Observer notified!
Observer notified!
Observer notified!
Observer notified!
Observer notified!
Observer notified!
Observer notified!
Observer notified!
Observer notified!
Observer notified!
Observer notified!
Observer notified!
Observer notified!
Observer notified!
Observer notified!
Observer notified!
Observer notified!
Observer notified!
Observer notified!
Observer notified!
Observer notified!
Observer notified!
Observer notified!
Observer notified!
Observer notified!
Observer notified!
Observer notified!
Observer notified!
Observer notified!
Observer notified!
Observer notified!
Observer notified!
Observer notified!
Observer notified!
Observer notified!
Observer notified!
Observer notified!
Observer notified!
Observer notified!
Observer notified!
Observer notified!
Observer notified!
Observer notified!
Observer notified!
Observer notified!
Observer notified!
Observer notified!
Observer notified!
Observer notified!
Observer notified!
Observer notified!
Observer notified!
Observer notified!
Observer notified!
Observer notified!
Observer notified!
Observer notified!
Observer notified!
Observer notified!
Observer notified!
Observer notified!
Observer notified!
Observer notified!
Observer notified!
Observer notified!
Observer notified!
Observer notified!
Observer notified!
Observer notified!
Observer notified!
Observer notified!
Observer notified!
Observer notified!
Observer notified!
Observer notified!
Observer notified!
Observer notified!
Observer notified!
Observer notified!
Observer notified!
Observer notified!
Observer notified!
Observer notified!
Observer notified!
Observer notified!
Observer notified!
Observer notified!
Observer notified!
Observer notified!
Observer notified!
Observer notified!
Observer notified!
Observer notified!
Observer notified!
Observer notified!
Observer notified!
Observer notified!
Observer notified!
Observer notified!
Observer notified!
Observer notified!
Observer notified!
Observer notified!
Observer notified!
Observer notified!
Observer notified!
Observer notified!
Observer notified!
Observer notified!
Observer notified!
Observer notified!
Observer notified!
Observer notified!
Observer notified!
Observer notified!
Observer notified!
Observer notified!
Observer notified!
Observer notified!
Observer notified!
Observer notified!
Observer notified!
Observer notified!
Observer notified!
Observer notified!
Observer notified!
Observer notified!
Observer notified!
Observer notified!
Observer notified!
Observer notified!
Observer notified!
Observer notified!
Observer notified!
Observer notified!
Observer notified!
Observer notified!
Observer notified!
Observer notified!
Observer notified!
Observer notified!
Observer notified!
Observer notified!
Observer notified!
Observer notified!
Observer notified!
Observer notified!
Observer notified!
Observer notified!
Observer notified!
Observer notified!
Observer notified!
Observer notified!
Observer notified!
Observer notified!
Observer notified!
Observer notified!
Observer notified!
Observer notified!
Observer notified!
Observer notified!
Observer notified!
Observer notified!
Observer notified!
Observer notified!
Observer notified!
Observer notified!
Observer notified!
Observer notified!
Observer notified!
Observer notified!
Observer notified!
Observer notified!
Observer notified!
Observer notified!
Observer notified!
Observer notified!
Observer notified!
Observer notified!
Observer notified!
Observer notified!
Observer notified!
Observer notified!
Observer notified!
Observer notified!
Observer notified!
Observer notified!
Observer notified!
Observer notified!
Observer notified!
Observer notified!
Observer notified!
Observer notified!
Observer notified!
Observer notified!
Observer notified!
Observer notified!
Observer notified!
Observer notified!
Observer notified!
Observer notified!
Observer notified!
Observer notified!
Observer notified!
Observer notified!
Observer notified!
Observer notified!
Observer notified!
Observer notified!
Observer notified!
Observer notified!
Observer notified!
Observer notified!
Observer notified!
Observer notified!
Observer notified!
Observer notified!
Observer notified!
Observer notified!
Observer notified!
Observer notified!
Observer notified!
Observer notified!
Observer notified!
Observer notified!
Observer notified!
Observer notified!
Observer notified!
Observer notified!
Observer notified!
Observer notified!
Observer notified!
Observer notified!
Observer notified!
Observer notified!
Observer notified!
Observer notified!
Observer notified!
Observer notified!
Observer notified!
Observer notified!
Observer notified!
Observer notified!
Observer notified!
Observer notified!
Observer notified!
Observer notified!
Observer notified!
Observer notified!
Observer notified!
Observer notified!
Observer notified!
Observer notified!
Observer notified!
Observer notified!
Observer notified!
Observer notified!
Observer notified!
Observer notified!
Observer notified!
Observer notified!
Observer notified!
Observer notified!
Observer notified!
Observer notified!
Observer notified!
Observer notified!
Observer notified!
Observer notified!
Observer notified!
Observer notified!
Observer notified!
Observer notified!
Observer notified!
Observer notified!
Observer notified!
Observer notified!
Observer notified!
Observer notified!
Observer notified!
Observer notified!
Observer notified!
Observer notified!
Observer notified!
Observer notified!
Observer notified!
Observer notified!
Observer notified!
Observer notified!
Observer notified!
Observer notified!
Observer notified!
Observer notified!
Observer notified!
Observer notified!
Observer notified!
Observer notified!
Observer notified!
Observer notified!
Observer notified!
Observer notified!
Observer notified!
Observer notified!
Observer notified!
Observer notified!
Observer notified!
Observer notified!
Observer notified!
Observer notified!
Observer notified!
Observer notified!
Observer notified!
Observer notified!
Observer notified!
Observer notified!
Observer notified!
Observer notified!
Observer notified!
Observer notified!
Observer notified!
Observer notified!
Observer notified!
Observer notified!
Observer notified!
Observer notified!
Observer notified!
Observer notified!
Observer notified!
Observer notified!
Observer notified!
Observer notified!
Observer notified!
Observer notified!
Observer notified!
Observer notified!
Observer notified!
Observer notified!
Observer notified!
Observer notified!
Observer notified!
Observer notified!
Observer notified!
Observer notified!
Observer notified!
Observer notified!
Observer notified!
Observer notified!
Observer notified!
Observer notified!
Observer notified!
Observer notified!
Observer notified!
Observer notified!
Observer notified!
Observer notified!
Observer notified!
Observer notified!
Observer notified!
Observer notified!
Observer notified!
Observer notified!
Observer notified!
Observer notified!
Observer notified!
Observer notified!
Observer notified!
Observer notified!
Observer notified!
Observer notified!
Observer notified!
Observer notified!
Observer notified!
Observer notified!
Observer notified!
Observer notified!
Observer notified!
Observer notified!
Observer notified!
Observer notified!
Observer notified!
Observer notified!
Observer notified!
Observer notified!
Observer notified!
Observer notified!
Observer notified!
Observer notified!
Observer notified!
Observer notified!
Observer notified!
Observer notified!
Observer notified!
Observer notified!
Observer notified!
Observer notified!
Observer notified!
Observer notified!
Observer notified!
Observer notified!
Observer notified!
Observer notified!
Observer notified!
Observer notified!
Observer notified!
Observer notified!
Observer notified!
Observer notified!
Observer notified!
Observer notified!
Observer notified!
Observer notified!
Observer notified!
Observer notified!
Observer notified!
Observer notified!
Observer notified!
Observer notified!
Observer notified!
Observer notified!
Observer notified!
Observer notified!
Observer notified!
Observer notified!
Observer notified!
Observer notified!
Observer notified!
Observer notified!
Observer notified!
Observer notified!
Observer notified!
Observer notified!
Observer notified!
Observer notified!
Observer notified!
Observer notified!
Observer notified!
Observer notified!
Observer notified!
Observer notified!
Observer notified!
Observer notified!
Observer notified!
Observer notified!
Observer notified!
Observer notified!
Observer notified!
Observer notified!
Observer notified!
Observer notified!
Observer notified!
Observer notified!
Observer notified!
Observer notified!
Observer notified!
Observer notified!
Observer notified!
Observer notified!
Observer notified!
Observer notified!
Observer notified!
Observer notified!
Observer notified!
Observer notified!
Observer notified!
Observer notified!
Observer notified!
Observer notified!
Observer notified!
Observer notified!
Observer notified!
Observer notified!
Observer notified!
Observer notified!
Observer notified!
Observer notified!
Observer notified!
Observer notified!
Observer notified!
Observer notified!
Observer notified!
Observer notified!
Observer notified!
Observer notified!
Observer notified!
Observer notified!</StdOut>
      </Output>
    </UnitTestResult>
    <UnitTestResult executionId="62728f19-8515-4613-9d1b-10b7938a8457" testId="4254608d-0f37-676d-9886-204339feb876" testName="BlockiereSitzplatzTest" computerName="GLOIN" duration="00:00:00.0087648" startTime="2011-06-03T00:50:36.1739317+02:00" endTime="2011-06-03T00:50:36.1879331+02:00" testType="13cdc9d9-ddb5-4fa4-a97d-d965ccfc6d4b" outcome="Passed" testListId="8c84fa94-04c1-424b-9868-57a2d4851a1d" relativeResultsDirectory="62728f19-8515-4613-9d1b-10b7938a8457">
      <Output>
        <StdOut>Observer notified!
Observer notified!
Observer notified!
Observer notified!
Observer notified!
Observer notified!
Observer notified!
Observer notified!
Observer notified!
Observer notified!
Observer notified!
Observer notified!
Observer notified!
Observer notified!
Observer notified!
Observer notified!
Observer notified!
Observer notified!
Observer notified!
Observer notified!
Observer notified!
Observer notified!
Observer notified!
Observer notified!
Observer notified!
Observer notified!
Observer notified!
Observer notified!
Observer notified!
Observer notified!
Observer notified!
Observer notified!
Observer notified!
Observer notified!
Observer notified!
Observer notified!
Observer notified!
Observer notified!
Observer notified!
Observer notified!
Observer notified!
Observer notified!
Observer notified!
Observer notified!
Observer notified!
Observer notified!
Observer notified!
Observer notified!
Observer notified!
Observer notified!
Observer notified!
Observer notified!
Observer notified!
Observer notified!
Observer notified!
Observer notified!
Observer notified!
Observer notified!
Observer notified!
Observer notified!
Observer notified!
Observer notified!
Observer notified!
Observer notified!
Observer notified!
Observer notified!
Observer notified!
Observer notified!
Observer notified!
Observer notified!
Observer notified!
Observer notified!
Observer notified!
Observer notified!
Observer notified!
Observer notified!
Observer notified!
Observer notified!
Observer notified!
Observer notified!
Observer notified!
Observer notified!
Observer notified!
Observer notified!
Observer notified!
Observer notified!
Observer notified!
Observer notified!
Observer notified!
Observer notified!
Observer notified!
Observer notified!
Observer notified!
Observer notified!
Observer notified!
Observer notified!
Observer notified!
Observer notified!
Observer notified!
Observer notified!
Observer notified!
Observer notified!
Observer notified!
Observer notified!
Observer notified!
Observer notified!
Observer notified!
Observer notified!
Observer notified!
Observer notified!
Observer notified!
Observer notified!
Observer notified!
Observer notified!
Observer notified!
Observer notified!
Observer notified!
Observer notified!
Observer notified!
Observer notified!
Observer notified!
Observer notified!
Observer notified!
Observer notified!
Observer notified!
Observer notified!
Observer notified!
Observer notified!
Observer notified!
Observer notified!
Observer notified!
Observer notified!
Observer notified!
Observer notified!
Observer notified!
Observer notified!
Observer notified!
Observer notified!
Observer notified!
Observer notified!
Observer notified!
Observer notified!
Observer notified!
Observer notified!
Observer notified!
Observer notified!
Observer notified!
Observer notified!
Observer notified!
Observer notified!
Observer notified!
Observer notified!
Observer notified!
Observer notified!
Observer notified!
Observer notified!
Observer notified!
Observer notified!
Observer notified!
Observer notified!
Observer notified!
Observer notified!
Observer notified!
Observer notified!
Observer notified!
Observer notified!
Observer notified!
Observer notified!
Observer notified!
Observer notified!
Observer notified!
Observer notified!
Observer notified!
Observer notified!
Observer notified!
Observer notified!
Observer notified!
Observer notified!
Observer notified!
Observer notified!
Observer notified!
Observer notified!
Observer notified!
Observer notified!
Observer notified!
Observer notified!
Observer notified!
Observer notified!
Observer notified!
Observer notified!
Observer notified!
Observer notified!
Observer notified!
Observer notified!
Observer notified!
Observer notified!
Observer notified!
Observer notified!
Observer notified!
Observer notified!
Observer notified!
Observer notified!
Observer notified!
Observer notified!
Observer notified!
Observer notified!
Observer notified!
Observer notified!
Observer notified!
Observer notified!
Observer notified!
Observer notified!
Observer notified!
Observer notified!
Observer notified!
Observer notified!
Observer notified!
Observer notified!
Observer notified!
Observer notified!
Observer notified!
Observer notified!
Observer notified!
Observer notified!
Observer notified!
Observer notified!
Observer notified!
Observer notified!
Observer notified!
Observer notified!
Observer notified!
Observer notified!
Observer notified!
Observer notified!
Observer notified!
Observer notified!
Observer notified!
Observer notified!
Observer notified!
Observer notified!
Observer notified!
Observer notified!
Observer notified!
Observer notified!
Observer notified!
Observer notified!
Observer notified!
Observer notified!
Observer notified!
Observer notified!
Observer notified!
Observer notified!
Observer notified!
Observer notified!
Observer notified!
Observer notified!
Observer notified!
Observer notified!
Observer notified!
Observer notified!
Observer notified!
Observer notified!
Observer notified!
Observer notified!
Observer notified!
Observer notified!
Observer notified!
Observer notified!
Observer notified!
Observer notified!
Observer notified!
Observer notified!
Observer notified!
Observer notified!
Observer notified!
Observer notified!
Observer notified!
Observer notified!
Observer notified!
Observer notified!
Observer notified!
Observer notified!
Observer notified!
Observer notified!
Observer notified!
Observer notified!
Observer notified!
Observer notified!
Observer notified!
Observer notified!
Observer notified!
Observer notified!
Observer notified!
Observer notified!
Observer notified!
Observer notified!
Observer notified!
Observer notified!
Observer notified!
Observer notified!
Observer notified!
Observer notified!
Observer notified!
Observer notified!
Observer notified!
Observer notified!
Observer notified!
Observer notified!
Observer notified!
Observer notified!
Observer notified!
Observer notified!
Observer notified!
Observer notified!
Observer notified!
Observer notified!
Observer notified!
Observer notified!
Observer notified!
Observer notified!
Observer notified!
Observer notified!
Observer notified!
Observer notified!
Observer notified!
Observer notified!
Observer notified!
Observer notified!
Observer notified!
Observer notified!
Observer notified!
Observer notified!
Observer notified!
Observer notified!
Observer notified!
Observer notified!
Observer notified!
Observer notified!
Observer notified!
Observer notified!
Observer notified!
Observer notified!
Observer notified!
Observer notified!
Observer notified!
Observer notified!
Observer notified!
Observer notified!
Observer notified!
Observer notified!
Observer notified!
Observer notified!
Observer notified!
Observer notified!
Observer notified!
Observer notified!
Observer notified!
Observer notified!
Observer notified!
Observer notified!
Observer notified!
Observer notified!
Observer notified!
Observer notified!
Observer notified!
Observer notified!
Observer notified!
Observer notified!
Observer notified!
Observer notified!
Observer notified!
Observer notified!
Observer notified!
Observer notified!
Observer notified!
Observer notified!
Observer notified!
Observer notified!
Observer notified!
Observer notified!
Observer notified!
Observer notified!
Observer notified!
Observer notified!
Observer notified!
Observer notified!
Observer notified!
Observer notified!
Observer notified!
Observer notified!
Observer notified!
Observer notified!
Observer notified!
Observer notified!
Observer notified!
Observer notified!
Observer notified!
Observer notified!
Observer notified!
Observer notified!
Observer notified!
Observer notified!
Observer notified!
Observer notified!
Observer notified!
Observer notified!
Observer notified!
Observer notified!
Observer notified!
Observer notified!
Observer notified!
Observer notified!
Observer notified!
Observer notified!
Observer notified!
Observer notified!
Observer notified!
Observer notified!
Observer notified!
Observer notified!
Observer notified!
Observer notified!
Observer notified!
Observer notified!
Observer notified!
Observer notified!
Observer notified!
Observer notified!
Observer notified!
Observer notified!
Observer notified!
Observer notified!
Observer notified!
Observer notified!
Observer notified!
Observer notified!
Observer notified!
Observer notified!
Observer notified!
Observer notified!
Observer notified!
Observer notified!
Observer notified!
Observer notified!
Observer notified!
Observer notified!
Observer notified!
Observer notified!
Observer notified!
Observer notified!
Observer notified!
Observer notified!
Observer notified!
Observer notified!
Observer notified!
Observer notified!
Observer notified!
Observer notified!
Observer notified!
Observer notified!
Observer notified!
Observer notified!
Observer notified!
Observer notified!
Observer notified!
Observer notified!
Observer notified!
Observer notified!
Observer notified!
Observer notified!
Observer notified!
Observer notified!
Observer notified!
Observer notified!
Observer notified!
Observer notified!
Observer notified!
Observer notified!
Observer notified!
Observer notified!
Observer notified!
Observer notified!
Observer notified!
Observer notified!
Observer notified!
Observer notified!
Observer notified!
Observer notified!
Observer notified!
Observer notified!
Observer notified!
Observer notified!
Observer notified!
Observer notified!
Observer notified!
Observer notified!
Observer notified!
Observer notified!
Observer notified!
Observer notified!
Observer notified!
Observer notified!
Observer notified!
Observer notified!
Observer notified!
Observer notified!
Observer notified!
Observer notified!
Observer notified!
Observer notified!
Observer notified!
Observer notified!
Observer notified!
Observer notified!
Observer notified!
Observer notified!
Observer notified!
Observer notified!
Observer notified!
Observer notified!
Observer notified!
Observer notified!
Observer notified!
Observer notified!
Observer notified!
Observer notified!
Observer notified!
Observer notified!
Observer notified!
Observer notified!
Observer notified!
Observer notified!
Observer notified!
Observer notified!
Observer notified!
Observer notified!
Observer notified!
Observer notified!
Observer notified!
Observer notified!
Observer notified!
Observer notified!
Observer notified!
Observer notified!
Observer notified!
Observer notified!
Observer notified!
Observer notified!
Observer notified!
Observer notified!
Observer notified!
Observer notified!
Observer notified!
Observer notified!
Observer notified!
Observer notified!
Observer notified!
Observer notified!
Observer notified!
Observer notified!
Observer notified!
Observer notified!
Observer notified!
Observer notified!
Observer notified!
Observer notified!
Observer notified!
Observer notified!
Observer notified!
Observer notified!
Observer notified!
Observer notified!
Observer notified!
Observer notified!
Observer notified!
Observer notified!
Observer notified!
Observer notified!
Observer notified!
Observer notified!
Observer notified!
Observer notified!
Observer notified!
Observer notified!
Observer notified!
Observer notified!
Observer notified!
Observer notified!
Observer notified!
Observer notified!
Observer notified!
Observer notified!
Observer notified!
Observer notified!
Observer notified!
Observer notified!
Observer notified!
Observer notified!
Observer notified!
Observer notified!
Observer notified!
Observer notified!
Observer notified!
Observer notified!
Observer notified!
Observer notified!
Observer notified!
Observer notified!
Observer notified!
Observer notified!
Observer notified!
Observer notified!
Observer notified!
Observer notified!
Observer notified!
Observer notified!
Observer notified!
Observer notified!
Observer notified!
Observer notified!
Observer notified!
Observer notified!
Observer notified!
Observer notified!
Observer notified!
Observer notified!
Observer notified!
Observer notified!
Observer notified!
Observer notified!
Observer notified!
Observer notified!
Observer notified!
Observer notified!
Observer notified!
Observer notified!
Observer notified!
Observer notified!
Observer notified!
Observer notified!
Observer notified!
Observer notified!
Observer notified!
Observer notified!
Observer notified!
Observer notified!
Observer notified!
Observer notified!
Observer notified!
Observer notified!
Observer notified!
Observer notified!
Observer notified!
Observer notified!
Observer notified!
Observer notified!
Observer notified!
Observer notified!
Observer notified!
Observer notified!
Observer notified!
Observer notified!
Observer notified!
Observer notified!
Observer notified!
Observer notified!
Observer notified!
Observer notified!
Observer notified!
Observer notified!
Observer notified!
Observer notified!
Observer notified!
Observer notified!
Observer notified!
Observer notified!
Observer notified!
Observer notified!
Observer notified!
Observer notified!
Observer notified!
Observer notified!
Observer notified!
Observer notified!
Observer notified!
Observer notified!
Observer notified!
Observer notified!
Observer notified!
Observer notified!
Observer notified!
Observer notified!
Observer notified!
Observer notified!
Observer notified!
Observer notified!
Observer notified!
Observer notified!
Observer notified!
Observer notified!
Observer notified!
Observer notified!
Observer notified!
Observer notified!
Observer notified!
Observer notified!
Observer notified!
Observer notified!
Observer notified!
Observer notified!
Observer notified!
Observer notified!
Observer notified!
Observer notified!
Observer notified!
Observer notified!
Observer notified!
Observer notified!
Observer notified!
Observer notified!
Observer notified!
Observer notified!
Observer notified!
Observer notified!
Observer notified!
Observer notified!
Observer notified!
Observer notified!
Observer notified!
Observer notified!
Observer notified!
Observer notified!
Observer notified!
Observer notified!
Observer notified!
Observer notified!
Observer notified!
Observer notified!
Observer notified!
Observer notified!
Observer notified!
Observer notified!
Observer notified!
Observer notified!
Observer notified!
Observer notified!
Observer notified!
Observer notified!
Observer notified!
Observer notified!
Observer notified!
Observer notified!
Observer notified!
Observer notified!
Observer notified!
Observer notified!
Observer notified!
Observer notified!
Observer notified!
Observer notified!
Observer notified!
Observer notified!
Observer notified!
Observer notified!
Observer notified!
Observer notified!
Observer notified!
Observer notified!
Observer notified!
Observer notified!
Observer notified!
Observer notified!
Observer notified!
Observer notified!
Observer notified!
Observer notified!
Observer notified!
Observer notified!
Observer notified!
Observer notified!
Observer notified!
Observer notified!
Observer notified!
Observer notified!
Observer notified!
Observer notified!
Observer notified!
Observer notified!
Observer notified!
Observer notified!
Observer notified!
Observer notified!
Observer notified!
Observer notified!
Observer notified!
Observer notified!
Observer notified!
Observer notified!
Observer notified!
Observer notified!
Observer notified!
Observer notified!
Observer notified!
Observer notified!
Observer notified!
Observer notified!
Observer notified!
Observer notified!
Observer notified!
Observer notified!
Observer notified!
Observer notified!
Observer notified!
Observer notified!
Observer notified!
Observer notified!
Observer notified!
Observer notified!
Observer notified!
Observer notified!
Observer notified!
Observer notified!
Observer notified!
Observer notified!
Observer notified!
Observer notified!
Observer notified!
Observer notified!
Observer notified!
Observer notified!
Observer notified!
Observer notified!
Observer notified!
Observer notified!
Observer notified!
Observer notified!
Observer notified!
Observer notified!
Observer notified!
Observer notified!
Observer notified!
Observer notified!
Observer notified!
Observer notified!
Observer notified!
Observer notified!
Observer notified!
Observer notified!
Observer notified!
Observer notified!
Observer notified!
Observer notified!
Observer notified!
Observer notified!
Observer notified!
Observer notified!
Observer notified!
Observer notified!
Observer notified!
Observer notified!
Observer notified!
Observer notified!
Observer notified!
Observer notified!
Observer notified!
Observer notified!
Observer notified!
Observer notified!
Observer notified!
Observer notified!
Observer notified!
Observer notified!
Observer notified!
Observer notified!
Observer notified!
Observer notified!
Observer notified!
Observer notified!
Observer notified!
Observer notified!
Observer notified!
Observer notified!
Observer notified!
Observer notified!
Observer notified!
Observer notified!
Observer notified!
Observer notified!
Observer notified!
Observer notified!
Observer notified!
Observer notified!
Observer notified!
Observer notified!
Observer notified!
Observer notified!
Observer notified!
Observer notified!
Observer notified!
Observer notified!
Observer notified!
Observer notified!
Observer notified!
Observer notified!
Observer notified!
Observer notified!
Observer notified!
Observer notified!
Observer notified!
Observer notified!
Observer notified!
Observer notified!
Observer notified!
Observer notified!
Observer notified!
Observer notified!
Observer notified!
Observer notified!
Observer notified!
Observer notified!
Observer notified!
Observer notified!
Observer notified!
Observer notified!
Observer notified!
Observer notified!
Observer notified!
Observer notified!
Observer notified!
Observer notified!
Observer notified!
Observer notified!
Observer notified!
Observer notified!
Observer notified!
Observer notified!
Observer notified!
Observer notified!
Observer notified!
Observer notified!
Observer notified!
Observer notified!
Observer notified!
Observer notified!
Observer notified!
Observer notified!
Observer notified!
Observer notified!
Observer notified!
Observer notified!
Observer notified!
Observer notified!
Observer notified!
Observer notified!
Observer notified!
Observer notified!
Observer notified!
Observer notified!
Observer notified!
Observer notified!
Observer notified!
Observer notified!
Observer notified!
Observer notified!
Observer notified!
Observer notified!
Observer notified!
Observer notified!
Observer notified!
Observer notified!
Observer notified!
Observer notified!
Observer notified!
Observer notified!
Observer notified!
Observer notified!
Observer notified!
Observer notified!
Observer notified!
Observer notified!
Observer notified!
Observer notified!
Observer notified!
Observer notified!
Observer notified!
Observer notified!
Observer notified!
Observer notified!
Observer notified!
Observer notified!
Observer notified!
Observer notified!
Observer notified!
Observer notified!
Observer notified!
Observer notified!
Observer notified!
Blockiert!</StdOut>
      </Output>
    </UnitTestResult>
    <UnitTestResult executionId="1bed237e-b362-4de8-b663-436dc3f4ccd7" testId="4a7b68ff-3e8b-604f-c2e8-36fe15739554" testName="SendeEmailMitReservierungsnummerTest" computerName="GLOIN" duration="00:00:00.1344844" startTime="2011-06-03T00:50:36.1909334+02:00" endTime="2011-06-03T00:50:36.3449488+02:00" testType="13cdc9d9-ddb5-4fa4-a97d-d965ccfc6d4b" outcome="Failed" testListId="8c84fa94-04c1-424b-9868-57a2d4851a1d" relativeResultsDirectory="1bed237e-b362-4de8-b663-436dc3f4ccd7">
      <Output>
        <StdOut>Observer notified!
Observer notified!
Observer notified!
Observer notified!
Observer notified!
Observer notified!
Observer notified!
Observer notified!
Observer notified!
Observer notified!
Observer notified!
Observer notified!
Observer notified!
Observer notified!
Observer notified!
Observer notified!
Observer notified!
Observer notified!
Observer notified!
Observer notified!
Observer notified!
Observer notified!
Observer notified!
Observer notified!
Observer notified!
Observer notified!
Observer notified!
Observer notified!
Observer notified!
Observer notified!
Observer notified!
Observer notified!
Observer notified!
Observer notified!
Observer notified!
Observer notified!
Observer notified!
Observer notified!
Observer notified!
Observer notified!
Observer notified!
Observer notified!
Observer notified!
Observer notified!
Observer notified!
Observer notified!
Observer notified!
Observer notified!
Observer notified!
Observer notified!
Observer notified!
Observer notified!
Observer notified!
Observer notified!
Observer notified!
Observer notified!
Observer notified!
Observer notified!
Observer notified!
Observer notified!
Observer notified!
Observer notified!
Observer notified!
Observer notified!
Observer notified!
Observer notified!
Observer notified!
Observer notified!
Observer notified!
Observer notified!
Observer notified!
Observer notified!
Observer notified!
Observer notified!
Observer notified!
Observer notified!
Observer notified!
Observer notified!
Observer notified!
Observer notified!
Observer notified!
Observer notified!
Observer notified!
Observer notified!
Observer notified!
Observer notified!
Observer notified!
Observer notified!
Observer notified!
Observer notified!
Observer notified!
Observer notified!
Observer notified!
Observer notified!
Observer notified!
Observer notified!
Observer notified!
Observer notified!
Observer notified!
Observer notified!
Observer notified!
Observer notified!
Observer notified!
Observer notified!
Observer notified!
Observer notified!
Observer notified!
Observer notified!
Observer notified!
Observer notified!
Observer notified!
Observer notified!
Observer notified!
Observer notified!
Observer notified!
Observer notified!
Observer notified!
Observer notified!
Observer notified!
Observer notified!
Observer notified!
Observer notified!
Observer notified!
Observer notified!
Observer notified!
Observer notified!
Observer notified!
Observer notified!
Observer notified!
Observer notified!
Observer notified!
Observer notified!
Observer notified!
Observer notified!
Observer notified!
Observer notified!
Observer notified!
Observer notified!
Observer notified!
Observer notified!
Observer notified!
Observer notified!
Observer notified!
Observer notified!
Observer notified!
Observer notified!
Observer notified!
Observer notified!
Observer notified!
Observer notified!
Observer notified!
Observer notified!
Observer notified!
Observer notified!
Observer notified!
Observer notified!
Observer notified!
Observer notified!
Observer notified!
Observer notified!
Observer notified!
Observer notified!
Observer notified!
Observer notified!
Observer notified!
Observer notified!
Observer notified!
Observer notified!
Observer notified!
Observer notified!
Observer notified!
Observer notified!
Observer notified!
Observer notified!
Observer notified!
Observer notified!
Observer notified!
Observer notified!
Observer notified!
Observer notified!
Observer notified!
Observer notified!
Observer notified!
Observer notified!
Observer notified!
Observer notified!
Observer notified!
Observer notified!
Observer notified!
Observer notified!
Observer notified!
Observer notified!
Observer notified!
Observer notified!
Observer notified!
Observer notified!
Observer notified!
Observer notified!
Observer notified!
Observer notified!
Observer notified!
Observer notified!
Observer notified!
Observer notified!
Observer notified!
Observer notified!
Observer notified!
Observer notified!
Observer notified!
Observer notified!
Observer notified!
Observer notified!
Observer notified!
Observer notified!
Observer notified!
Observer notified!
Observer notified!
Observer notified!
Observer notified!
Observer notified!
Observer notified!
Observer notified!
Observer notified!
Observer notified!
Observer notified!
Observer notified!
Observer notified!
Observer notified!
Observer notified!
Observer notified!
Observer notified!
Observer notified!
Observer notified!
Observer notified!
Observer notified!
Observer notified!
Observer notified!
Observer notified!
Observer notified!
Observer notified!
Observer notified!
Observer notified!
Observer notified!
Observer notified!
Observer notified!
Observer notified!
Observer notified!
Observer notified!
Observer notified!
Observer notified!
Observer notified!
Observer notified!
Observer notified!
Observer notified!
Observer notified!
Observer notified!
Observer notified!
Observer notified!
Observer notified!
Observer notified!
Observer notified!
Observer notified!
Observer notified!
Observer notified!
Observer notified!
Observer notified!
Observer notified!
Observer notified!
Observer notified!
Observer notified!
Observer notified!
Observer notified!
Observer notified!
Observer notified!
Observer notified!
Observer notified!
Observer notified!
Observer notified!
Observer notified!
Observer notified!
Observer notified!
Observer notified!
Observer notified!
Observer notified!
Observer notified!
Observer notified!
Observer notified!
Observer notified!
Observer notified!
Observer notified!
Observer notified!
Observer notified!
Observer notified!
Observer notified!
Observer notified!
Observer notified!
Observer notified!
Observer notified!
Observer notified!
Observer notified!
Observer notified!
Observer notified!
Observer notified!
Observer notified!
Observer notified!
Observer notified!
Observer notified!
Observer notified!
Observer notified!
Observer notified!
Observer notified!
Observer notified!
Observer notified!
Observer notified!
Observer notified!
Observer notified!
Observer notified!
Observer notified!
Observer notified!
Observer notified!
Observer notified!
Observer notified!
Observer notified!
Observer notified!
Observer notified!
Observer notified!
Observer notified!
Observer notified!
Observer notified!
Observer notified!
Observer notified!
Observer notified!
Observer notified!
Observer notified!
Observer notified!
Observer notified!
Observer notified!
Observer notified!
Observer notified!
Observer notified!
Observer notified!
Observer notified!
Observer notified!
Observer notified!
Observer notified!
Observer notified!
Observer notified!
Observer notified!
Observer notified!
Observer notified!
Observer notified!
Observer notified!
Observer notified!
Observer notified!
Observer notified!
Observer notified!
Observer notified!
Observer notified!
Observer notified!
Observer notified!
Observer notified!
Observer notified!
Observer notified!
Observer notified!
Observer notified!
Observer notified!
Observer notified!
Observer notified!
Observer notified!
Observer notified!
Observer notified!
Observer notified!
Observer notified!
Observer notified!
Observer notified!
Observer notified!
Observer notified!
Observer notified!
Observer notified!
Observer notified!
Observer notified!
Observer notified!
Observer notified!
Observer notified!
Observer notified!
Observer notified!
Observer notified!
Observer notified!
Observer notified!
Observer notified!
Observer notified!
Observer notified!
Observer notified!
Observer notified!
Observer notified!
Observer notified!
Observer notified!
Observer notified!
Observer notified!
Observer notified!
Observer notified!
Observer notified!
Observer notified!
Observer notified!
Observer notified!
Observer notified!
Observer notified!
Observer notified!
Observer notified!
Observer notified!
Observer notified!
Observer notified!
Observer notified!
Observer notified!
Observer notified!
Observer notified!
Observer notified!
Observer notified!
Observer notified!
Observer notified!
Observer notified!
Observer notified!
Observer notified!
Observer notified!
Observer notified!
Observer notified!
Observer notified!
Observer notified!
Observer notified!
Observer notified!
Observer notified!
Observer notified!
Observer notified!
Observer notified!
Observer notified!
Observer notified!
Observer notified!
Observer notified!
Observer notified!
Observer notified!
Observer notified!
Observer notified!
Observer notified!
Observer notified!
Observer notified!
Observer notified!
Observer notified!
Observer notified!
Observer notified!
Observer notified!
Observer notified!
Observer notified!
Observer notified!
Observer notified!
Observer notified!
Observer notified!
Observer notified!
Observer notified!
Observer notified!
Observer notified!
Observer notified!
Observer notified!
Observer notified!
Observer notified!
Observer notified!
Observer notified!
Observer notified!
Observer notified!
Observer notified!
Observer notified!
Observer notified!
Observer notified!
Observer notified!
Observer notified!
Observer notified!
Observer notified!
Observer notified!
Observer notified!
Observer notified!
Observer notified!
Observer notified!
Observer notified!
Observer notified!
Observer notified!
Observer notified!
Observer notified!
Observer notified!
Observer notified!
Observer notified!
Observer notified!
Observer notified!
Observer notified!
Observer notified!
Observer notified!
Observer notified!
Observer notified!
Observer notified!
Observer notified!
Observer notified!
Observer notified!
Observer notified!
Observer notified!
Observer notified!
Observer notified!
Observer notified!
Observer notified!
Observer notified!
Observer notified!
Observer notified!
Observer notified!
Observer notified!
Observer notified!
Observer notified!
Observer notified!
Observer notified!
Observer notified!
Observer notified!
Observer notified!
Observer notified!
Observer notified!
Observer notified!
Observer notified!
Observer notified!
Observer notified!
Observer notified!
Observer notified!
Observer notified!
Observer notified!
Observer notified!
Observer notified!
Observer notified!
Observer notified!
Observer notified!
Observer notified!
Observer notified!
Observer notified!
Observer notified!
Observer notified!
Observer notified!
Observer notified!
Observer notified!
Observer notified!
Observer notified!
Observer notified!
Observer notified!
Observer notified!
Observer notified!
Observer notified!
Observer notified!
Observer notified!
Observer notified!
Observer notified!
Observer notified!
Observer notified!
Observer notified!
Observer notified!
Observer notified!
Observer notified!
Observer notified!
Observer notified!
Observer notified!
Observer notified!
Observer notified!
Observer notified!
Observer notified!
Observer notified!
Observer notified!
Observer notified!
Observer notified!
Observer notified!
Observer notified!
Observer notified!
Observer notified!
Observer notified!
Observer notified!
Observer notified!
Observer notified!
Observer notified!
Observer notified!
Observer notified!
Observer notified!
Observer notified!
Observer notified!
Observer notified!
Observer notified!
Observer notified!
Observer notified!
Observer notified!
Observer notified!
Observer notified!
Observer notified!
Observer notified!
Observer notified!
Observer notified!
Observer notified!
Observer notified!
Observer notified!
Observer notified!
Observer notified!
Observer notified!
Observer notified!
Observer notified!
Observer notified!
Observer notified!
Observer notified!
Observer notified!
Observer notified!
Observer notified!
Observer notified!
Observer notified!
Observer notified!
Observer notified!
Observer notified!
Observer notified!
Observer notified!
Observer notified!
Observer notified!
Observer notified!
Observer notified!
Observer notified!
Observer notified!
Observer notified!
Observer notified!
Observer notified!
Observer notified!
Observer notified!
Observer notified!
Observer notified!
Observer notified!
Observer notified!
Observer notified!
Observer notified!
Observer notified!
Observer notified!
Observer notified!
Observer notified!
Observer notified!
Observer notified!
Observer notified!
Observer notified!
Observer notified!
Observer notified!
Observer notified!
Observer notified!
Observer notified!
Observer notified!
Observer notified!
Observer notified!
Observer notified!
Observer notified!
Observer notified!
Observer notified!
Observer notified!
Observer notified!
Observer notified!
Observer notified!
Observer notified!
Observer notified!
Observer notified!
Observer notified!
Observer notified!
Observer notified!
Observer notified!
Observer notified!
Observer notified!
Observer notified!
Observer notified!
Observer notified!
Observer notified!
Observer notified!
Observer notified!
Observer notified!
Observer notified!
Observer notified!
Observer notified!
Observer notified!
Observer notified!
Observer notified!
Observer notified!
Observer notified!
Observer notified!
Observer notified!
Observer notified!
Observer notified!
Observer notified!
Observer notified!
Observer notified!
Observer notified!
Observer notified!
Observer notified!
Observer notified!
Observer notified!
Observer notified!
Observer notified!
Observer notified!
Observer notified!
Observer notified!
Observer notified!
Observer notified!
Observer notified!
Observer notified!
Observer notified!
Observer notified!
Observer notified!
Observer notified!
Observer notified!
Observer notified!
Observer notified!
Observer notified!
Observer notified!
Observer notified!
Observer notified!
Observer notified!
Observer notified!
Observer notified!
Observer notified!
Observer notified!
Observer notified!
Observer notified!
Observer notified!
Observer notified!
Observer notified!
Observer notified!
Observer notified!
Observer notified!
Observer notified!
Observer notified!
Observer notified!
Observer notified!
Observer notified!
Observer notified!
Observer notified!
Observer notified!
Observer notified!
Observer notified!
Observer notified!
Observer notified!
Observer notified!
Observer notified!
Observer notified!
Observer notified!
Observer notified!
Observer notified!
Observer notified!
Observer notified!
Observer notified!
Observer notified!
Observer notified!
Observer notified!
Observer notified!
Observer notified!
Observer notified!
Observer notified!
Observer notified!
Observer notified!
Observer notified!
Observer notified!
Observer notified!
Observer notified!
Observer notified!
Observer notified!
Observer notified!
Observer notified!
Observer notified!
Observer notified!
Observer notified!
Observer notified!
Observer notified!
Observer notified!
Observer notified!
Observer notified!
Observer notified!
Observer notified!
Observer notified!
Observer notified!
Observer notified!
Observer notified!
Observer notified!
Observer notified!
Observer notified!
Observer notified!
Observer notified!
Observer notified!
Observer notified!
Observer notified!
Observer notified!
Observer notified!
Observer notified!
Observer notified!
Observer notified!
Observer notified!
Observer notified!
Observer notified!
Observer notified!
Observer notified!
Observer notified!
Observer notified!
Observer notified!
Observer notified!
Observer notified!
Observer notified!
Observer notified!
Observer notified!
Observer notified!
Observer notified!
Observer notified!
Observer notified!
Observer notified!
Observer notified!
Observer notified!
Observer notified!
Observer notified!
Observer notified!
Observer notified!
Observer notified!
Observer notified!
Observer notified!
Observer notified!
Observer notified!
Observer notified!
Observer notified!
Observer notified!
Observer notified!
Observer notified!
Observer notified!
Observer notified!
Observer notified!
Observer notified!
Observer notified!
Observer notified!
Observer notified!
Observer notified!
Observer notified!
Observer notified!
Observer notified!
Observer notified!
Observer notified!
Observer notified!
Observer notified!
Observer notified!
Observer notified!
Observer notified!
Observer notified!
Observer notified!
Observer notified!
Observer notified!
Observer notified!
Observer notified!
Observer notified!
Observer notified!
Observer notified!
Observer notified!
Observer notified!
Observer notified!
Observer notified!
Observer notified!
Observer notified!
Observer notified!
Observer notified!
Observer notified!
Observer notified!
Observer notified!
Observer notified!
Observer notified!
Observer notified!
Observer notified!
Observer notified!
Observer notified!
Observer notified!
Observer notified!
Observer notified!
Observer notified!
Observer notified!
Observer notified!
Observer notified!
Observer notified!
Observer notified!
Observer notified!
Observer notified!
Observer notified!
Observer notified!
Observer notified!
Observer notified!
Observer notified!
Observer notified!
Observer notified!
Observer notified!
Observer notified!
Observer notified!
Observer notified!
Observer notified!
Observer notified!
Observer notified!
Observer notified!
Observer notified!
Observer notified!
Observer notified!
Observer notified!
Observer notified!
Observer notified!
Observer notified!
Observer notified!
Observer notified!
Observer notified!
Observer notified!
Observer notified!
Observer notified!
Observer notified!
Observer notified!
Observer notified!
Observer notified!
Observer notified!
Observer notified!
Observer notified!
Observer notified!
Observer notified!
Observer notified!
Observer notified!
Observer notified!
Observer notified!
Observer notified!
Observer notified!
Observer notified!
Observer notified!
Observer notified!
Observer notified!
Observer notified!
Observer notified!
Observer notified!
Observer notified!
Observer notified!
Observer notified!
Observer notified!
Observer notified!
Observer notified!
Observer notified!
Observer notified!
Observer notified!
Observer notified!
Observer notified!
Observer notified!
Observer notified!
Observer notified!
Observer notified!
Observer notified!
Observer notified!
Observer notified!
Observer notified!
Observer notified!
Observer notified!
Observer notified!
Observer notified!
Observer notified!
Observer notified!
Observer notified!
Observer notified!
Observer notified!
Observer notified!
Observer notified!
Observer notified!
Observer notified!
Observer notified!
Observer notified!
Observer notified!
Observer notified!
Observer notified!
Observer notified!
Observer notified!
Observer notified!
Observer notified!
Observer notified!
Observer notified!
Observer notified!
Observer notified!
Observer notified!
Observer notified!
Observer notified!
Observer notified!
Observer notified!
Observer notified!
Observer notified!
Observer notified!
Observer notified!
Observer notified!
Observer notified!
Observer notified!
Observer notified!
Observer notified!
Observer notified!
Observer notified!
Observer notified!
Observer notified!
Observer notified!
Observer notified!
Observer notified!
Observer notified!
Observer notified!
Observer notified!
Observer notified!
Observer notified!
Observer notified!
Observer notified!
Observer notified!
Observer notified!
Observer notified!
Observer notified!
Observer notified!
Observer notified!
Observer notified!
Observer notified!
Observer notified!
Observer notified!
Observer notified!
Observer notified!
Observer notified!
Observer notified!
Observer notified!
Observer notified!
Observer notified!
Observer notified!
Observer notified!
Observer notified!
Observer notified!
Observer notified!
Observer notified!
Observer notified!
Observer notified!
Observer notified!
Observer notified!
Observer notified!
Observer notified!
Observer notified!
Observer notified!
Observer notified!
Observer notified!
Observer notified!
Observer notified!
Observer notified!
Observer notified!
Observer notified!
Observer notified!
Observer notified!
Observer notified!
Observer notified!
Observer notified!
Observer notified!
Observer notified!
Observer notified!
Observer notified!
Observer notified!
Observer notified!
Observer notified!
Observer notified!
Observer notified!
Observer notified!
Observer notified!
Observer notified!
Observer notified!
Observer notified!
Observer notified!
Observer notified!
Observer notified!
Observer notified!
Observer notified!
Observer notified!
Observer notified!
Observer notified!
Observer notified!
Observer notified!
Observer notified!
Observer notified!
Observer notified!
Observer notified!
Observer notified!
Observer notified!
Observer notified!
Observer notified!
Observer notified!
Observer notified!
Observer notified!
Observer notified!
Observer notified!
Observer notified!
Observer notified!
Observer notified!
Observer notified!
Observer notified!
Observer notified!
Observer notified!
Observer notified!
Observer notified!
Observer notified!
Observer notified!
Observer notified!
Observer notified!
Observer notified!
Observer notified!
Observer notified!
Observer notified!
Observer notified!
Observer notified!
Observer notified!
Observer notified!
Observer notified!
Observer notified!
Observer notified!
Observer notified!
Observer notified!
Observer notified!
Observer notified!
Observer notified!
Observer notified!
Observer notified!
Observer notified!
Observer notified!
Observer notified!
Observer notified!
Observer notified!
Observer notified!
Observer notified!
Observer notified!
Observer notified!
Observer notified!
Observer notified!
Observer notified!
Observer notified!
Observer notified!
Observer notified!
Observer notified!
Observer notified!
Observer notified!
Observer notified!
Observer notified!
Observer notified!
Observer notified!
Observer notified!
Observer notified!
Observer notified!
Observer notified!
Observer notified!
Observer notified!
Observer notified!
Observer notified!
Observer notified!
Observer notified!
Observer notified!
Observer notified!
Observer notified!
Observer notified!
Observer notified!
Observer notified!
Observer notified!
Observer notified!
Observer notified!
Observer notified!
Observer notified!
Observer notified!
Observer notified!
Observer notified!
Observer notified!
Observer notified!
Observer notified!
Observer notified!
Observer notified!
Observer notified!
Observer notified!
Observer notified!
Observer notified!
Observer notified!
Observer notified!
Observer notified!
Observer notified!
Observer notified!
Observer notified!
Observer notified!
Observer notified!
Observer notified!
Observer notified!
Observer notified!
Observer notified!
Observer notified!
Observer notified!
Observer notified!
Observer notified!
Observer notified!
Observer notified!
Observer notified!
Observer notified!
Observer notified!
Observer notified!
Observer notified!
Observer notified!
Observer notified!
Observer notified!
Observer notified!
Observer notified!
Observer notified!
Observer notified!
Observer notified!
Observer notified!
Observer notified!
Observer notified!
Observer notified!
Observer notified!
Observer notified!
Observer notified!
Observer notified!
Observer notified!
Observer notified!
Observer notified!
Observer notified!
Observer notified!
Observer notified!
Observer notified!
Observer notified!
Observer notified!
Observer notified!
Observer notified!
Observer notified!
Observer notified!
Observer notified!
Observer notified!
Observer notified!
Observer notified!
Observer notified!
Observer notified!
Observer notified!
Observer notified!
Observer notified!
Observer notified!
Observer notified!
Observer notified!
Observer notified!
Observer notified!
Observer notified!
Observer notified!
Observer notified!
Observer notified!
Observer notified!
Observer notified!
Observer notified!
Observer notified!
Observer notified!
Observer notified!
Observer notified!
Observer notified!
Observer notified!
Observer notified!
Observer notified!
Observer notified!
Observer notified!
Observer notified!
Observer notified!
Observer notified!
Observer notified!
Observer notified!
Observer notified!
Observer notified!
Observer notified!
Observer notified!
Observer notified!
Observer notified!
Observer notified!
Observer notified!
Observer notified!
Observer notified!
Observer notified!
Observer notified!
Observer notified!
Observer notified!
Observer notified!
Observer notified!
Observer notified!
Observer notified!
Observer notified!
Observer notified!
Observer notified!
Observer notified!
Observer notified!
Observer notified!
Observer notified!
Observer notified!
Observer notified!
Observer notified!
Observer notified!
Observer notified!
Observer notified!
Observer notified!
Observer notified!
Observer notified!
Observer notified!
Observer notified!
Observer notified!
Observer notified!
Observer notified!
Observer notified!
Observer notified!
Observer notified!
Observer notified!
Observer notified!
Observer notified!
Observer notified!
Observer notified!
Observer notified!
Observer notified!
Observer notified!
Observer notified!
Observer notified!
Observer notified!
Observer notified!
Observer notified!
Observer notified!
Observer notified!
Observer notified!
Observer notified!
Observer notified!
Observer notified!
Observer notified!
Observer notified!
Observer notified!
Observer notified!
Observer notified!
Observer notified!
Observer notified!
Observer notified!
Observer notified!
Observer notified!
Observer notified!
Observer notified!
Observer notified!
Observer notified!
Observer notified!
Observer notified!
Observer notified!
Observer notified!
Observer notified!
Observer notified!
Observer notified!
Observer notified!
Observer notified!
Observer notified!
Observer notified!
Observer notified!
Observer notified!
Observer notified!
Observer notified!
Observer notified!
Blockiert!
Observer notified!
Observer notified!
Observer notified!
Observer notified!
Observer notified!
Observer notified!
Observer notified!
Observer notified!
Observer notified!
Observer notified!
Observer notified!
Observer notified!
Observer notified!
Observer notified!
Observer notified!
Observer notified!
Observer notified!
Observer notified!
Observer notified!
Observer notified!
Observer notified!
Observer notified!
Observer notified!
Observer notified!
Observer notified!
Observer notified!
Observer notified!
Observer notified!
Observer notified!
Observer notified!
Observer notified!
Observer notified!
Observer notified!
Observer notified!
Observer notified!
Observer notified!
Observer notified!
Observer notified!
Observer notified!
Observer notified!
Observer notified!
Observer notified!
Observer notified!
Observer notified!
Observer notified!
Observer notified!
Observer notified!
Observer notified!
Observer notified!
Observer notified!
Observer notified!
Observer notified!
Observer notified!
Observer notified!
Observer notified!
Observer notified!
Observer notified!</StdOut>
        <ErrorInfo>
          <Message>Test method TestAnwendungskern.IBesucherTest.SendeEmailMitReservierungsnummerTest threw exception: 
System.FormatException: The specified string is not in the form required for an e-mail address.</Message>
          <StackTrace>    at System.Net.Mail.MailAddressParser.ReadCfwsAndThrowIfIncomplete(String data, Int32 index)
   at System.Net.Mail.MailAddressParser.ParseDomain(String data, Int32&amp; index)
   at System.Net.Mail.MailAddressParser.ParseAddress(String data, Boolean expectMultipleAddresses, Int32&amp; index)
   at System.Net.Mail.MailAddressParser.ParseMultipleAddresses(String data)
   at System.Net.Mail.MailAddressCollection.ParseValue(String addresses)
   at System.Net.Mail.MailAddressCollection.Add(String addresses)
   at System.Net.Mail.Message..ctor(String from, String to)
   at System.Net.Mail.MailMessage..ctor(String from, String to)
   at System.Net.Mail.MailMessage..ctor(String from, String to, String subject, String body)
   at Fassade.Schnittstelle.FassadeBesucher.SendeEmailMitReservierungsnummer(String email_adresse, Int32 reservierungsnummer) in C:\Users\N3trunner.MITTELERDE\Desktop\Dropbox\HAW\Semester3\SE\Praktika\SEPraktikumVisualStudio\SEPraktikum\Anwendungskern\Schnittstelle\FassadeBesucher.cs:line 173
   at TestAnwendungskern.IBesucherTest.SendeEmailMitReservierungsnummerTest() in C:\Users\N3trunner.MITTELERDE\Desktop\Dropbox\HAW\Semester3\SE\Praktika\SEPraktikumVisualStudio\SEPraktikum\TestAnwendungskern\IBesucherTest.cs:line 213
</StackTrace>
        </ErrorInfo>
      </Output>
    </UnitTestResult>
    <UnitTestResult executionId="63a3a11c-a779-4305-bbbe-7c16565540b2" testId="518cfcbf-c066-45d2-d0c8-3e54839daf71" testName="KinokarteReservierenTest" computerName="GLOIN" duration="00:00:00.0048889" startTime="2011-06-03T00:50:36.3489492+02:00" endTime="2011-06-03T00:50:36.3599503+02:00" testType="13cdc9d9-ddb5-4fa4-a97d-d965ccfc6d4b" outcome="Passed" testListId="8c84fa94-04c1-424b-9868-57a2d4851a1d" relativeResultsDirectory="63a3a11c-a779-4305-bbbe-7c16565540b2">
      <Output>
        <StdOut>Observer notified!
Observer notified!
Observer notified!
Observer notified!
Observer notified!
Observer notified!
Observer notified!
Observer notified!
Observer notified!
Observer notified!
Observer notified!
Observer notified!
Observer notified!
Observer notified!
Observer notified!
Observer notified!
Observer notified!
Observer notified!
Observer notified!
Observer notified!
Observer notified!
Observer notified!
Observer notified!
Observer notified!
Observer notified!
Observer notified!
Observer notified!
Observer notified!
Observer notified!
Observer notified!
Observer notified!
Observer notified!
Observer notified!
Observer notified!
Observer notified!
Observer notified!
Observer notified!
Observer notified!
Observer notified!
Observer notified!
Observer notified!
Observer notified!
Observer notified!
Observer notified!
Observer notified!
Observer notified!
Observer notified!
Observer notified!
Observer notified!
Observer notified!
Observer notified!
Observer notified!
Observer notified!
Observer notified!
Observer notified!
Observer notified!
Observer notified!
Observer notified!
Observer notified!
Observer notified!
Observer notified!
Observer notified!
Observer notified!
Observer notified!
Observer notified!
Observer notified!
Observer notified!
Observer notified!
Observer notified!
Observer notified!
Observer notified!
Observer notified!
Observer notified!
Observer notified!
Observer notified!
Observer notified!
Observer notified!
Observer notified!
Observer notified!
Observer notified!
Observer notified!
Observer notified!
Observer notified!
Observer notified!
Observer notified!
Observer notified!
Observer notified!
Observer notified!
Observer notified!
Observer notified!
Observer notified!
Observer notified!
Observer notified!
Observer notified!
Observer notified!
Observer notified!
Observer notified!
Observer notified!
Observer notified!
Observer notified!
Observer notified!
Observer notified!
Observer notified!
Observer notified!
Observer notified!
Observer notified!
Observer notified!
Observer notified!
Observer notified!
Observer notified!
Observer notified!
Observer notified!
Observer notified!
Observer notified!
Observer notified!
Observer notified!
Observer notified!
Observer notified!
Observer notified!
Observer notified!
Observer notified!
Observer notified!
Observer notified!
Observer notified!
Observer notified!
Observer notified!
Observer notified!
Observer notified!
Observer notified!
Observer notified!
Observer notified!
Observer notified!
Observer notified!
Observer notified!
Observer notified!
Observer notified!
Observer notified!
Observer notified!
Observer notified!
Observer notified!
Observer notified!
Observer notified!
Observer notified!
Observer notified!
Observer notified!
Observer notified!
Observer notified!
Observer notified!
Observer notified!
Observer notified!
Observer notified!
Observer notified!
Observer notified!
Observer notified!
Observer notified!
Observer notified!
Observer notified!
Observer notified!
Observer notified!
Observer notified!
Observer notified!
Observer notified!
Observer notified!
Observer notified!
Observer notified!
Observer notified!
Observer notified!
Observer notified!
Observer notified!
Observer notified!
Observer notified!
Observer notified!
Observer notified!
Observer notified!
Observer notified!
Observer notified!
Observer notified!
Observer notified!
Observer notified!
Observer notified!
Observer notified!
Observer notified!
Observer notified!
Observer notified!
Observer notified!
Observer notified!
Observer notified!
Observer notified!
Observer notified!
Observer notified!
Observer notified!
Observer notified!
Observer notified!
Observer notified!
Observer notified!
Observer notified!
Observer notified!
Observer notified!
Observer notified!
Observer notified!
Observer notified!
Observer notified!
Observer notified!
Observer notified!
Observer notified!
Observer notified!
Observer notified!
Observer notified!
Observer notified!
Observer notified!
Observer notified!
Observer notified!
Observer notified!
Observer notified!
Observer notified!
Observer notified!
Observer notified!
Observer notified!
Observer notified!
Observer notified!
Observer notified!
Observer notified!
Observer notified!
Observer notified!
Observer notified!
Observer notified!
Observer notified!
Observer notified!
Observer notified!
Observer notified!
Observer notified!
Observer notified!
Observer notified!
Observer notified!
Observer notified!
Observer notified!
Observer notified!
Observer notified!
Observer notified!
Observer notified!
Observer notified!
Observer notified!
Observer notified!
Observer notified!
Observer notified!
Observer notified!
Observer notified!
Observer notified!
Observer notified!
Observer notified!
Observer notified!
Observer notified!
Observer notified!
Observer notified!
Observer notified!
Observer notified!
Observer notified!
Observer notified!
Observer notified!
Observer notified!
Observer notified!
Observer notified!
Observer notified!
Observer notified!
Observer notified!
Observer notified!
Observer notified!
Observer notified!
Observer notified!
Observer notified!
Observer notified!
Observer notified!
Observer notified!
Observer notified!
Observer notified!
Observer notified!
Observer notified!
Observer notified!
Observer notified!
Observer notified!
Observer notified!
Observer notified!
Observer notified!
Observer notified!
Observer notified!
Observer notified!
Observer notified!
Observer notified!
Observer notified!
Observer notified!
Observer notified!
Observer notified!
Observer notified!
Observer notified!
Observer notified!
Observer notified!
Observer notified!
Observer notified!
Observer notified!
Observer notified!
Observer notified!
Observer notified!
Observer notified!
Observer notified!
Observer notified!
Observer notified!
Observer notified!
Observer notified!
Observer notified!
Observer notified!
Observer notified!
Observer notified!
Observer notified!
Observer notified!
Observer notified!
Observer notified!
Observer notified!
Observer notified!
Observer notified!
Observer notified!
Observer notified!
Observer notified!
Observer notified!
Observer notified!
Observer notified!
Observer notified!
Observer notified!
Observer notified!
Observer notified!
Observer notified!
Observer notified!
Observer notified!
Observer notified!
Observer notified!
Observer notified!
Observer notified!
Observer notified!
Observer notified!
Observer notified!
Observer notified!
Observer notified!
Observer notified!
Observer notified!
Observer notified!
Observer notified!
Observer notified!
Observer notified!
Observer notified!
Observer notified!
Observer notified!
Observer notified!
Observer notified!
Observer notified!
Observer notified!
Observer notified!
Observer notified!
Observer notified!
Observer notified!
Observer notified!
Observer notified!
Observer notified!
Observer notified!
Observer notified!
Observer notified!
Observer notified!
Observer notified!
Observer notified!
Observer notified!
Observer notified!
Observer notified!
Observer notified!
Observer notified!
Observer notified!
Observer notified!
Observer notified!
Observer notified!
Observer notified!
Observer notified!
Observer notified!
Observer notified!
Observer notified!
Observer notified!
Observer notified!
Observer notified!
Observer notified!
Observer notified!
Observer notified!
Observer notified!
Observer notified!
Observer notified!
Observer notified!
Observer notified!
Observer notified!
Observer notified!
Observer notified!
Observer notified!
Observer notified!
Observer notified!
Observer notified!
Observer notified!
Observer notified!
Observer notified!
Observer notified!
Observer notified!
Observer notified!
Observer notified!
Observer notified!
Observer notified!
Observer notified!
Observer notified!
Observer notified!
Observer notified!
Observer notified!
Observer notified!
Observer notified!
Observer notified!
Observer notified!
Observer notified!
Observer notified!
Observer notified!
Observer notified!
Observer notified!
Observer notified!
Observer notified!
Observer notified!
Observer notified!
Observer notified!
Observer notified!
Observer notified!
Observer notified!
Observer notified!
Observer notified!
Observer notified!
Observer notified!
Observer notified!
Observer notified!
Observer notified!
Observer notified!
Observer notified!
Observer notified!
Observer notified!
Observer notified!
Observer notified!
Observer notified!
Observer notified!
Observer notified!
Observer notified!
Observer notified!
Observer notified!
Observer notified!
Observer notified!
Observer notified!
Observer notified!
Observer notified!
Observer notified!
Observer notified!
Observer notified!
Observer notified!
Observer notified!
Observer notified!
Observer notified!
Observer notified!
Observer notified!
Observer notified!
Observer notified!
Observer notified!
Observer notified!
Observer notified!
Observer notified!
Observer notified!
Observer notified!
Observer notified!
Observer notified!
Observer notified!
Observer notified!
Observer notified!
Observer notified!
Observer notified!
Observer notified!
Observer notified!
Observer notified!
Observer notified!
Observer notified!
Observer notified!
Observer notified!
Observer notified!
Observer notified!
Observer notified!
Observer notified!
Observer notified!
Observer notified!
Observer notified!
Observer notified!
Observer notified!
Observer notified!
Observer notified!
Observer notified!
Observer notified!
Observer notified!
Observer notified!
Observer notified!
Observer notified!
Observer notified!
Observer notified!
Observer notified!
Observer notified!
Observer notified!
Observer notified!
Observer notified!
Observer notified!
Observer notified!
Observer notified!
Observer notified!
Observer notified!
Observer notified!
Observer notified!
Observer notified!
Observer notified!
Observer notified!
Observer notified!
Observer notified!
Observer notified!
Observer notified!
Observer notified!
Observer notified!
Observer notified!
Observer notified!
Observer notified!
Observer notified!
Observer notified!
Observer notified!
Observer notified!
Observer notified!
Observer notified!
Observer notified!
Observer notified!
Observer notified!
Observer notified!
Observer notified!
Observer notified!
Observer notified!
Observer notified!
Observer notified!
Observer notified!
Observer notified!
Observer notified!
Observer notified!
Observer notified!
Observer notified!
Observer notified!
Observer notified!
Observer notified!
Observer notified!
Observer notified!
Observer notified!
Observer notified!
Observer notified!
Observer notified!
Observer notified!
Observer notified!
Observer notified!
Observer notified!
Observer notified!
Observer notified!
Observer notified!
Observer notified!
Observer notified!
Observer notified!
Observer notified!
Observer notified!
Observer notified!
Observer notified!
Observer notified!
Observer notified!
Observer notified!
Observer notified!
Observer notified!
Observer notified!
Observer notified!
Observer notified!
Observer notified!
Observer notified!
Observer notified!
Observer notified!
Observer notified!
Observer notified!
Observer notified!
Observer notified!
Observer notified!
Observer notified!
Observer notified!
Observer notified!
Observer notified!
Observer notified!
Observer notified!
Observer notified!
Observer notified!
Observer notified!
Observer notified!
Observer notified!
Observer notified!
Observer notified!
Observer notified!
Observer notified!
Observer notified!
Observer notified!
Observer notified!
Observer notified!
Observer notified!
Observer notified!
Observer notified!
Observer notified!
Observer notified!
Observer notified!
Observer notified!
Observer notified!
Observer notified!
Observer notified!
Observer notified!
Observer notified!
Observer notified!
Observer notified!
Observer notified!
Observer notified!
Observer notified!
Observer notified!
Observer notified!
Observer notified!
Observer notified!
Observer notified!
Observer notified!
Observer notified!
Observer notified!
Observer notified!
Observer notified!
Observer notified!
Observer notified!
Observer notified!
Observer notified!
Observer notified!
Observer notified!
Observer notified!
Observer notified!
Observer notified!
Observer notified!
Observer notified!
Observer notified!
Observer notified!
Observer notified!
Observer notified!
Observer notified!
Observer notified!
Observer notified!
Observer notified!
Observer notified!
Observer notified!
Observer notified!
Observer notified!
Observer notified!
Observer notified!
Observer notified!
Observer notified!
Observer notified!
Observer notified!
Observer notified!
Observer notified!
Observer notified!
Observer notified!
Observer notified!
Observer notified!
Observer notified!
Observer notified!
Observer notified!
Observer notified!
Observer notified!
Observer notified!
Observer notified!
Observer notified!
Observer notified!
Observer notified!
Observer notified!
Observer notified!
Observer notified!
Observer notified!
Observer notified!
Observer notified!
Observer notified!
Observer notified!
Observer notified!
Observer notified!
Observer notified!
Observer notified!
Observer notified!
Observer notified!
Observer notified!
Observer notified!
Observer notified!
Observer notified!
Observer notified!
Observer notified!
Observer notified!
Observer notified!
Observer notified!
Observer notified!
Observer notified!
Observer notified!
Observer notified!
Observer notified!
Observer notified!
Observer notified!
Observer notified!
Observer notified!
Observer notified!
Observer notified!
Observer notified!
Observer notified!
Observer notified!
Observer notified!
Observer notified!
Observer notified!
Observer notified!
Observer notified!
Observer notified!
Observer notified!
Observer notified!
Observer notified!
Observer notified!
Observer notified!
Observer notified!
Observer notified!
Observer notified!
Observer notified!
Observer notified!
Observer notified!
Observer notified!
Observer notified!
Observer notified!
Observer notified!
Observer notified!
Observer notified!
Observer notified!
Observer notified!
Observer notified!
Observer notified!
Observer notified!
Observer notified!
Observer notified!
Observer notified!
Observer notified!
Observer notified!
Observer notified!
Observer notified!
Observer notified!
Observer notified!
Observer notified!
Observer notified!
Observer notified!
Observer notified!
Observer notified!
Observer notified!
Observer notified!
Observer notified!
Observer notified!
Observer notified!
Observer notified!
Observer notified!
Observer notified!
Observer notified!
Observer notified!
Observer notified!
Observer notified!
Observer notified!
Observer notified!
Observer notified!
Observer notified!
Observer notified!
Observer notified!
Observer notified!
Observer notified!
Observer notified!
Observer notified!
Observer notified!
Observer notified!
Observer notified!
Observer notified!
Observer notified!
Observer notified!
Observer notified!
Observer notified!
Observer notified!
Observer notified!
Observer notified!
Observer notified!
Observer notified!
Observer notified!
Observer notified!
Observer notified!
Observer notified!
Observer notified!
Observer notified!
Observer notified!
Observer notified!
Observer notified!
Observer notified!
Observer notified!
Observer notified!
Observer notified!
Observer notified!
Observer notified!
Observer notified!
Observer notified!
Observer notified!
Observer notified!
Observer notified!
Observer notified!
Observer notified!
Observer notified!
Observer notified!
Observer notified!
Observer notified!
Observer notified!
Observer notified!
Observer notified!
Observer notified!
Observer notified!
Observer notified!
Observer notified!
Observer notified!
Observer notified!
Observer notified!
Observer notified!
Observer notified!
Observer notified!
Observer notified!
Observer notified!
Observer notified!
Observer notified!
Observer notified!
Observer notified!
Observer notified!
Observer notified!
Observer notified!
Observer notified!
Observer notified!
Observer notified!
Observer notified!
Observer notified!
Observer notified!
Observer notified!
Observer notified!
Observer notified!
Observer notified!
Observer notified!
Observer notified!
Observer notified!
Observer notified!
Observer notified!
Observer notified!
Observer notified!
Observer notified!
Observer notified!
Observer notified!
Observer notified!
Observer notified!
Observer notified!
Observer notified!
Observer notified!
Observer notified!
Observer notified!
Observer notified!
Observer notified!
Observer notified!
Observer notified!
Observer notified!
Observer notified!
Observer notified!
Observer notified!
Observer notified!
Observer notified!
Observer notified!
Observer notified!
Observer notified!
Observer notified!
Observer notified!
Observer notified!
Observer notified!
Observer notified!
Observer notified!
Observer notified!
Observer notified!
Observer notified!
Observer notified!
Observer notified!
Observer notified!
Observer notified!
Observer notified!
Observer notified!
Observer notified!
Observer notified!
Observer notified!
Observer notified!
Observer notified!
Observer notified!
Observer notified!
Observer notified!
Observer notified!
Observer notified!
Observer notified!
Observer notified!
Observer notified!
Observer notified!
Observer notified!
Observer notified!
Observer notified!
Observer notified!
Observer notified!
Observer notified!
Observer notified!
Observer notified!
Observer notified!
Observer notified!
Observer notified!
Observer notified!
Observer notified!
Observer notified!
Observer notified!
Observer notified!
Observer notified!
Observer notified!
Observer notified!
Observer notified!
Observer notified!
Observer notified!
Observer notified!
Observer notified!
Observer notified!
Observer notified!
Observer notified!
Observer notified!
Observer notified!
Observer notified!
Observer notified!
Observer notified!
Observer notified!
Observer notified!
Observer notified!
Observer notified!
Observer notified!
Observer notified!
Observer notified!
Observer notified!
Observer notified!
Observer notified!
Observer notified!
Observer notified!
Observer notified!
Observer notified!
Observer notified!
Observer notified!
Observer notified!
Observer notified!
Observer notified!
Observer notified!
Observer notified!
Observer notified!
Observer notified!
Observer notified!
Observer notified!
Observer notified!
Observer notified!
Observer notified!
Observer notified!
Observer notified!
Observer notified!
Observer notified!
Observer notified!
Observer notified!
Observer notified!
Observer notified!
Observer notified!
Observer notified!
Observer notified!
Observer notified!
Observer notified!
Observer notified!
Observer notified!
Observer notified!
Observer notified!
Observer notified!
Observer notified!
Observer notified!
Observer notified!
Observer notified!
Observer notified!
Observer notified!
Observer notified!
Observer notified!
Observer notified!
Observer notified!
Observer notified!
Observer notified!
Observer notified!
Observer notified!
Observer notified!
Observer notified!
Observer notified!
Observer notified!
Observer notified!
Observer notified!
Observer notified!
Observer notified!
Observer notified!
Observer notified!
Observer notified!
Observer notified!
Observer notified!
Observer notified!
Observer notified!
Observer notified!
Observer notified!
Observer notified!
Observer notified!
Observer notified!
Observer notified!
Observer notified!
Observer notified!
Observer notified!
Observer notified!
Observer notified!
Observer notified!
Observer notified!
Observer notified!
Observer notified!
Observer notified!
Observer notified!
Observer notified!
Observer notified!
Observer notified!
Observer notified!
Observer notified!
Observer notified!
Observer notified!
Observer notified!
Observer notified!
Observer notified!
Observer notified!
Observer notified!
Observer notified!
Observer notified!
Observer notified!
Observer notified!
Observer notified!
Observer notified!
Observer notified!
Observer notified!
Observer notified!
Observer notified!
Observer notified!
Observer notified!
Observer notified!
Observer notified!
Observer notified!
Observer notified!
Observer notified!
Observer notified!
Observer notified!
Observer notified!
Observer notified!
Observer notified!
Observer notified!
Observer notified!
Observer notified!
Observer notified!
Observer notified!
Observer notified!
Observer notified!
Observer notified!
Observer notified!
Observer notified!
Observer notified!
Observer notified!
Observer notified!
Observer notified!
Observer notified!
Observer notified!
Observer notified!
Observer notified!
Observer notified!
Observer notified!
Observer notified!
Observer notified!
Observer notified!
Observer notified!
Observer notified!
Observer notified!
Observer notified!
Observer notified!
Observer notified!
Observer notified!
Observer notified!
Observer notified!
Observer notified!
Observer notified!
Observer notified!
Observer notified!
Observer notified!
Observer notified!
Observer notified!
Observer notified!
Observer notified!
Observer notified!
Observer notified!
Observer notified!
Observer notified!
Observer notified!
Observer notified!
Observer notified!
Observer notified!
Observer notified!
Observer notified!
Observer notified!
Observer notified!
Observer notified!
Observer notified!
Observer notified!
Observer notified!
Observer notified!
Observer notified!
Observer notified!
Observer notified!
Observer notified!
Observer notified!
Observer notified!
Observer notified!
Observer notified!
Observer notified!
Observer notified!
Observer notified!
Observer notified!
Observer notified!
Observer notified!
Observer notified!
Observer notified!
Observer notified!
Observer notified!
Observer notified!
Observer notified!
Observer notified!
Observer notified!
Observer notified!
Observer notified!
Observer notified!
Observer notified!
Observer notified!
Observer notified!
Observer notified!
Observer notified!
Observer notified!
Observer notified!
Observer notified!
Observer notified!
Observer notified!
Observer notified!
Observer notified!
Observer notified!
Observer notified!
Observer notified!
Observer notified!
Observer notified!
Observer notified!
Observer notified!
Observer notified!
Observer notified!
Observer notified!
Observer notified!
Observer notified!
Observer notified!
Observer notified!
Observer notified!
Observer notified!
Observer notified!
Observer notified!
Observer notified!
Observer notified!
Observer notified!
Observer notified!
Observer notified!
Observer notified!
Observer notified!
Observer notified!
Observer notified!
Observer notified!
Observer notified!
Observer notified!
Observer notified!
Observer notified!
Observer notified!
Observer notified!
Observer notified!
Observer notified!
Observer notified!
Observer notified!
Observer notified!
Observer notified!
Observer notified!
Observer notified!
Observer notified!
Observer notified!
Observer notified!
Observer notified!
Observer notified!
Observer notified!
Observer notified!
Observer notified!
Observer notified!
Observer notified!
Observer notified!
Observer notified!
Observer notified!
Observer notified!
Observer notified!
Observer notified!
Observer notified!
Observer notified!
Observer notified!
Observer notified!
Observer notified!
Observer notified!
Observer notified!
Observer notified!
Observer notified!
Observer notified!
Observer notified!
Observer notified!
Observer notified!
Observer notified!
Observer notified!
Observer notified!
Observer notified!
Observer notified!
Observer notified!
Observer notified!
Observer notified!
Observer notified!
Observer notified!
Observer notified!
Observer notified!
Observer notified!
Observer notified!
Observer notified!
Observer notified!
Observer notified!
Observer notified!
Observer notified!
Observer notified!
Observer notified!
Observer notified!
Observer notified!
Observer notified!
Observer notified!
Observer notified!
Observer notified!
Observer notified!
Observer notified!
Observer notified!
Observer notified!
Observer notified!
Observer notified!
Observer notified!
Observer notified!
Observer notified!
Observer notified!
Observer notified!
Observer notified!
Observer notified!
Observer notified!
Observer notified!
Observer notified!
Observer notified!
Observer notified!
Observer notified!
Observer notified!
Observer notified!
Observer notified!
Observer notified!
Observer notified!
Observer notified!
Observer notified!
Observer notified!
Observer notified!
Observer notified!
Observer notified!
Observer notified!
Observer notified!
Observer notified!
Observer notified!
Observer notified!
Observer notified!
Observer notified!
Observer notified!
Observer notified!
Observer notified!
Observer notified!
Observer notified!
Observer notified!
Observer notified!
Observer notified!
Observer notified!
Observer notified!
Observer notified!
Observer notified!
Observer notified!
Observer notified!
Observer notified!
Observer notified!
Observer notified!
Observer notified!
Observer notified!
Observer notified!
Observer notified!
Observer notified!
Observer notified!
Observer notified!
Observer notified!
Observer notified!
Observer notified!
Observer notified!
Observer notified!
Observer notified!
Observer notified!
Observer notified!
Observer notified!
Observer notified!
Observer notified!
Observer notified!
Observer notified!
Observer notified!
Observer notified!
Observer notified!
Observer notified!
Observer notified!
Observer notified!
Observer notified!
Observer notified!
Observer notified!
Observer notified!
Observer notified!
Observer notified!
Observer notified!
Observer notified!
Observer notified!
Observer notified!
Observer notified!
Observer notified!
Observer notified!
Observer notified!
Observer notified!
Observer notified!
Observer notified!
Observer notified!
Observer notified!
Observer notified!
Observer notified!
Observer notified!
Observer notified!
Observer notified!
Observer notified!
Observer notified!
Observer notified!
Observer notified!
Observer notified!
Observer notified!
Observer notified!
Observer notified!
Observer notified!
Observer notified!
Observer notified!
Observer notified!
Observer notified!
Observer notified!
Observer notified!
Observer notified!
Observer notified!
Observer notified!
Observer notified!
Observer notified!
Observer notified!
Observer notified!
Observer notified!
Observer notified!
Observer notified!
Observer notified!
Observer notified!
Observer notified!
Observer notified!
Observer notified!
Observer notified!
Observer notified!
Observer notified!
Observer notified!
Observer notified!
Observer notified!
Observer notified!
Observer notified!
Observer notified!
Observer notified!
Observer notified!
Observer notified!
Observer notified!
Observer notified!
Observer notified!
Observer notified!
Observer notified!
Observer notified!
Observer notified!
Observer notified!
Observer notified!
Observer notified!
Observer notified!
Observer notified!
Observer notified!
Observer notified!
Observer notified!
Observer notified!
Observer notified!
Observer notified!
Observer notified!
Observer notified!
Observer notified!
Observer notified!
Observer notified!
Observer notified!
Observer notified!
Observer notified!
Observer notified!
Observer notified!
Observer notified!
Observer notified!
Observer notified!
Observer notified!
Observer notified!
Observer notified!
Observer notified!
Observer notified!
Observer notified!
Observer notified!
Observer notified!
Observer notified!
Observer notified!
Observer notified!
Observer notified!
Observer notified!
Observer notified!
Observer notified!
Observer notified!
Observer notified!
Observer notified!
Observer notified!
Observer notified!
Observer notified!
Observer notified!
Observer notified!
Observer notified!
Observer notified!
Observer notified!
Observer notified!
Observer notified!
Observer notified!
Observer notified!
Observer notified!
Observer notified!
Observer notified!
Observer notified!
Observer notified!
Observer notified!
Observer notified!
Observer notified!
Observer notified!
Observer notified!
Observer notified!
Observer notified!
Observer notified!
Observer notified!
Observer notified!
Observer notified!
Observer notified!
Observer notified!
Observer notified!
Observer notified!
Observer notified!
Observer notified!
Observer notified!
Observer notified!
Observer notified!
Observer notified!
Observer notified!
Observer notified!
Observer notified!
Observer notified!
Observer notified!
Observer notified!
Observer notified!
Observer notified!
Observer notified!
Observer notified!
Observer notified!
Observer notified!
Observer notified!
Observer notified!
Observer notified!
Observer notified!
Observer notified!
Observer notified!
Observer notified!
Observer notified!
Observer notified!
Observer notified!
Observer notified!
Observer notified!
Observer notified!
Observer notified!
Observer notified!
Observer notified!
Observer notified!
Observer notified!
Observer notified!
Observer notified!
Observer notified!
Observer notified!
Observer notified!
Observer notified!
Observer notified!
Observer notified!
Observer notified!
Observer notified!
Observer notified!
Observer notified!
Observer notified!
Observer notified!
Observer notified!
Observer notified!
Observer notified!
Observer notified!
Observer notified!
Observer notified!
Observer notified!
Observer notified!
Observer notified!
Observer notified!
Observer notified!
Observer notified!
Observer notified!
Observer notified!
Observer notified!
Observer notified!
Observer notified!
Observer notified!
Observer notified!
Observer notified!
Observer notified!
Observer notified!
Observer notified!
Observer notified!
Observer notified!
Observer notified!
Observer notified!
Observer notified!
Observer notified!
Observer notified!
Observer notified!
Observer notified!
Observer notified!
Observer notified!
Observer notified!
Observer notified!
Observer notified!
Observer notified!
Observer notified!
Observer notified!
Observer notified!
Observer notified!
Observer notified!
Observer notified!
Observer notified!
Observer notified!
Observer notified!
Observer notified!
Observer notified!
Observer notified!
Observer notified!
Observer notified!
Observer notified!
Observer notified!
Observer notified!
Observer notified!
Observer notified!
Observer notified!
Observer notified!
Observer notified!
Observer notified!
Observer notified!
Observer notified!
Observer notified!
Observer notified!
Observer notified!
Observer notified!
Observer notified!
Observer notified!
Observer notified!
Observer notified!
Observer notified!
Observer notified!
Observer notified!
Observer notified!
Observer notified!
Observer notified!
Observer notified!
Observer notified!
Observer notified!
Observer notified!
Observer notified!
Observer notified!
Observer notified!
Observer notified!
Observer notified!
Observer notified!
Observer notified!
Observer notified!
Observer notified!
Observer notified!
Observer notified!
Observer notified!
Observer notified!
Observer notified!
Observer notified!
Observer notified!
Observer notified!
Observer notified!
Observer notified!
Observer notified!
Observer notified!
Observer notified!
Observer notified!
Observer notified!
Observer notified!
Observer notified!
Observer notified!
Observer notified!
Observer notified!
Observer notified!
Observer notified!
Observer notified!
Observer notified!
Observer notified!
Observer notified!
Observer notified!
Observer notified!
Observer notified!
Observer notified!
Observer notified!
Observer notified!
Observer notified!
Observer notified!
Observer notified!
Observer notified!
Observer notified!
Observer notified!
Observer notified!
Observer notified!
Observer notified!
Observer notified!
Observer notified!
Observer notified!
Observer notified!
Observer notified!
Observer notified!
Observer notified!
Observer notified!
Observer notified!
Observer notified!
Observer notified!
Observer notified!
Observer notified!
Observer notified!
Observer notified!
Observer notified!
Observer notified!
Observer notified!
Observer notified!
Observer notified!
Observer notified!
Observer notified!
Observer notified!
Observer notified!
Observer notified!
Observer notified!
Observer notified!
Observer notified!
Observer notified!
Observer notified!
Observer notified!
Observer notified!
Observer notified!
Observer notified!
Observer notified!
Observer notified!
Observer notified!
Observer notified!
Observer notified!
Observer notified!
Observer notified!
Observer notified!
Observer notified!
Observer notified!
Observer notified!
Observer notified!
Observer notified!
Observer notified!
Observer notified!
Observer notified!
Observer notified!
Observer notified!
Blockiert!
Observer notified!
Observer notified!
Observer notified!
Observer notified!
Observer notified!
Observer notified!
Observer notified!
Observer notified!
Observer notified!
Observer notified!
Observer notified!
Observer notified!
Observer notified!
Observer notified!
Observer notified!
Observer notified!
Observer notified!
Observer notified!
Observer notified!
Observer notified!
Observer notified!
Observer notified!
Observer notified!
Observer notified!
Observer notified!
Observer notified!
Observer notified!
Observer notified!
Observer notified!
Observer notified!
Observer notified!
Observer notified!
Observer notified!
Observer notified!
Observer notified!
Observer notified!
Observer notified!
Observer notified!
Observer notified!
Observer notified!
Observer notified!
Observer notified!
Observer notified!
Observer notified!
Observer notified!
Observer notified!
Observer notified!
Observer notified!
Observer notified!
Observer notified!
Observer notified!
Observer notified!
Observer notified!
Observer notified!
Observer notified!
Observer notified!
Observer notified!
Observer notified!
Observer notified!
Observer notified!
Observer notified!
Observer notified!
Observer notified!
Observer notified!
Observer notified!
Observer notified!
Observer notified!
Observer notified!
Observer notified!
Observer notified!
Observer notified!
Observer notified!</StdOut>
      </Output>
    </UnitTestResult>
    <UnitTestResult executionId="54eab60c-b24f-4e15-a3c6-ee13db5e74e0" testId="52185796-2002-4825-0b6e-8e610f86417b" testName="PrüfeAltersfreigabeTest" computerName="GLOIN" duration="00:00:00.0024933" startTime="2011-06-03T00:50:36.3629506+02:00" endTime="2011-06-03T00:50:36.3719515+02:00" testType="13cdc9d9-ddb5-4fa4-a97d-d965ccfc6d4b" outcome="Passed" testListId="8c84fa94-04c1-424b-9868-57a2d4851a1d" relativeResultsDirectory="54eab60c-b24f-4e15-a3c6-ee13db5e74e0">
      <Output>
        <StdOut>Observer notified!
Observer notified!
Observer notified!
Observer notified!
Observer notified!
Observer notified!
Observer notified!
Observer notified!
Observer notified!
Observer notified!
Observer notified!
Observer notified!
Observer notified!
Observer notified!
Observer notified!
Observer notified!
Observer notified!
Observer notified!
Observer notified!
Observer notified!
Observer notified!
Observer notified!
Observer notified!
Observer notified!
Observer notified!
Observer notified!
Observer notified!
Observer notified!
Observer notified!
Observer notified!
Observer notified!
Observer notified!
Observer notified!
Observer notified!
Observer notified!
Observer notified!
Observer notified!
Observer notified!
Observer notified!
Observer notified!
Observer notified!
Observer notified!
Observer notified!
Observer notified!
Observer notified!
Observer notified!
Observer notified!
Observer notified!
Observer notified!
Observer notified!
Observer notified!
Observer notified!
Observer notified!
Observer notified!
Observer notified!
Observer notified!
Observer notified!
Observer notified!
Observer notified!
Observer notified!
Observer notified!
Observer notified!
Observer notified!
Observer notified!
Observer notified!
Observer notified!
Observer notified!
Observer notified!
Observer notified!
Observer notified!
Observer notified!
Observer notified!
Observer notified!
Observer notified!
Observer notified!
Observer notified!
Observer notified!
Observer notified!
Observer notified!
Observer notified!
Observer notified!
Observer notified!
Observer notified!
Observer notified!
Observer notified!
Observer notified!
Observer notified!
Observer notified!
Observer notified!
Observer notified!
Observer notified!
Observer notified!
Observer notified!
Observer notified!
Observer notified!
Observer notified!
Observer notified!
Observer notified!
Observer notified!
Observer notified!
Observer notified!
Observer notified!
Observer notified!
Observer notified!
Observer notified!
Observer notified!
Observer notified!
Observer notified!
Observer notified!
Observer notified!
Observer notified!
Observer notified!
Observer notified!
Observer notified!
Observer notified!
Observer notified!
Observer notified!
Observer notified!
Observer notified!
Observer notified!
Observer notified!
Observer notified!
Observer notified!
Observer notified!
Observer notified!
Observer notified!
Observer notified!
Observer notified!
Observer notified!
Observer notified!
Observer notified!
Observer notified!
Observer notified!
Observer notified!
Observer notified!
Observer notified!
Observer notified!
Observer notified!
Observer notified!
Observer notified!
Observer notified!
Observer notified!
Observer notified!
Observer notified!
Observer notified!
Observer notified!
Observer notified!
Observer notified!
Observer notified!
Observer notified!
Observer notified!
Observer notified!
Observer notified!
Observer notified!
Observer notified!
Observer notified!
Observer notified!
Observer notified!
Observer notified!
Observer notified!
Observer notified!
Observer notified!
Observer notified!
Observer notified!
Observer notified!
Observer notified!
Observer notified!
Observer notified!
Observer notified!
Observer notified!
Observer notified!
Observer notified!
Observer notified!
Observer notified!
Observer notified!
Observer notified!
Observer notified!
Observer notified!
Observer notified!
Observer notified!
Observer notified!
Observer notified!
Observer notified!
Observer notified!
Observer notified!
Observer notified!
Observer notified!
Observer notified!
Observer notified!
Observer notified!
Observer notified!
Observer notified!
Observer notified!
Observer notified!
Observer notified!
Observer notified!
Observer notified!
Observer notified!
Observer notified!
Observer notified!
Observer notified!
Observer notified!
Observer notified!
Observer notified!
Observer notified!
Observer notified!
Observer notified!
Observer notified!
Observer notified!
Observer notified!
Observer notified!
Observer notified!
Observer notified!
Observer notified!
Observer notified!
Observer notified!
Observer notified!
Observer notified!
Observer notified!
Observer notified!
Observer notified!
Observer notified!
Observer notified!
Observer notified!
Observer notified!
Observer notified!
Observer notified!
Observer notified!
Observer notified!
Observer notified!
Observer notified!
Observer notified!
Observer notified!
Observer notified!
Observer notified!
Observer notified!
Observer notified!
Observer notified!
Observer notified!
Observer notified!
Observer notified!
Observer notified!
Observer notified!
Observer notified!
Observer notified!
Observer notified!
Observer notified!
Observer notified!
Observer notified!
Observer notified!
Observer notified!
Observer notified!
Observer notified!
Observer notified!
Observer notified!
Observer notified!
Observer notified!
Observer notified!
Observer notified!
Observer notified!
Observer notified!
Observer notified!
Observer notified!
Observer notified!
Observer notified!
Observer notified!
Observer notified!
Observer notified!
Observer notified!
Observer notified!
Observer notified!
Observer notified!
Observer notified!
Observer notified!
Observer notified!
Observer notified!
Observer notified!
Observer notified!
Observer notified!
Observer notified!
Observer notified!
Observer notified!
Observer notified!
Observer notified!
Observer notified!
Observer notified!
Observer notified!
Observer notified!
Observer notified!
Observer notified!
Observer notified!
Observer notified!
Observer notified!
Observer notified!
Observer notified!
Observer notified!
Observer notified!
Observer notified!
Observer notified!
Observer notified!
Observer notified!
Observer notified!
Observer notified!
Observer notified!
Observer notified!
Observer notified!
Observer notified!
Observer notified!
Observer notified!
Observer notified!
Observer notified!
Observer notified!
Observer notified!
Observer notified!
Observer notified!
Observer notified!
Observer notified!
Observer notified!
Observer notified!
Observer notified!
Observer notified!
Observer notified!
Observer notified!
Observer notified!
Observer notified!
Observer notified!
Observer notified!
Observer notified!
Observer notified!
Observer notified!
Observer notified!
Observer notified!
Observer notified!
Observer notified!
Observer notified!
Observer notified!
Observer notified!
Observer notified!
Observer notified!
Observer notified!
Observer notified!
Observer notified!
Observer notified!
Observer notified!
Observer notified!
Observer notified!
Observer notified!
Observer notified!
Observer notified!
Observer notified!
Observer notified!
Observer notified!
Observer notified!
Observer notified!
Observer notified!
Observer notified!
Observer notified!
Observer notified!
Observer notified!
Observer notified!
Observer notified!
Observer notified!
Observer notified!
Observer notified!
Observer notified!
Observer notified!
Observer notified!
Observer notified!
Observer notified!
Observer notified!
Observer notified!
Observer notified!
Observer notified!
Observer notified!
Observer notified!
Observer notified!
Observer notified!
Observer notified!
Observer notified!
Observer notified!
Observer notified!
Observer notified!
Observer notified!
Observer notified!
Observer notified!
Observer notified!
Observer notified!
Observer notified!
Observer notified!
Observer notified!
Observer notified!
Observer notified!
Observer notified!
Observer notified!
Observer notified!
Observer notified!
Observer notified!
Observer notified!
Observer notified!
Observer notified!
Observer notified!
Observer notified!
Observer notified!
Observer notified!
Observer notified!
Observer notified!
Observer notified!
Observer notified!
Observer notified!
Observer notified!
Observer notified!
Observer notified!
Observer notified!
Observer notified!
Observer notified!
Observer notified!
Observer notified!
Observer notified!
Observer notified!
Observer notified!
Observer notified!
Observer notified!
Observer notified!
Observer notified!
Observer notified!
Observer notified!
Observer notified!
Observer notified!
Observer notified!
Observer notified!
Observer notified!
Observer notified!
Observer notified!
Observer notified!
Observer notified!
Observer notified!
Observer notified!
Observer notified!
Observer notified!
Observer notified!
Observer notified!
Observer notified!
Observer notified!
Observer notified!
Observer notified!
Observer notified!
Observer notified!
Observer notified!
Observer notified!
Observer notified!
Observer notified!
Observer notified!
Observer notified!
Observer notified!
Observer notified!
Observer notified!
Observer notified!
Observer notified!
Observer notified!
Observer notified!
Observer notified!
Observer notified!
Observer notified!
Observer notified!
Observer notified!
Observer notified!
Observer notified!
Observer notified!
Observer notified!
Observer notified!
Observer notified!
Observer notified!
Observer notified!
Observer notified!
Observer notified!
Observer notified!
Observer notified!
Observer notified!
Observer notified!
Observer notified!
Observer notified!
Observer notified!
Observer notified!
Observer notified!
Observer notified!
Observer notified!
Observer notified!
Observer notified!
Observer notified!
Observer notified!
Observer notified!
Observer notified!
Observer notified!
Observer notified!
Observer notified!
Observer notified!
Observer notified!
Observer notified!
Observer notified!
Observer notified!
Observer notified!
Observer notified!
Observer notified!
Observer notified!
Observer notified!
Observer notified!
Observer notified!
Observer notified!
Observer notified!
Observer notified!
Observer notified!
Observer notified!
Observer notified!
Observer notified!
Observer notified!
Observer notified!
Observer notified!
Observer notified!
Observer notified!
Observer notified!
Observer notified!
Observer notified!
Observer notified!
Observer notified!
Observer notified!
Observer notified!
Observer notified!
Observer notified!
Observer notified!
Observer notified!
Observer notified!
Observer notified!
Observer notified!
Observer notified!
Observer notified!
Observer notified!
Observer notified!
Observer notified!
Observer notified!
Observer notified!
Observer notified!
Observer notified!
Observer notified!
Observer notified!
Observer notified!
Observer notified!
Observer notified!
Observer notified!
Observer notified!
Observer notified!
Observer notified!
Observer notified!
Observer notified!
Observer notified!
Observer notified!
Observer notified!
Observer notified!
Observer notified!
Observer notified!
Observer notified!
Observer notified!
Observer notified!
Observer notified!
Observer notified!
Observer notified!
Observer notified!
Observer notified!
Observer notified!
Observer notified!
Observer notified!
Observer notified!
Observer notified!
Observer notified!
Observer notified!
Observer notified!
Observer notified!
Observer notified!
Observer notified!
Observer notified!
Observer notified!
Observer notified!
Observer notified!
Observer notified!
Observer notified!
Observer notified!
Observer notified!
Observer notified!
Observer notified!
Observer notified!
Observer notified!
Observer notified!
Observer notified!
Observer notified!
Observer notified!
Observer notified!
Observer notified!
Observer notified!
Observer notified!
Observer notified!
Observer notified!
Observer notified!
Observer notified!
Observer notified!
Observer notified!
Observer notified!
Observer notified!
Observer notified!
Observer notified!
Observer notified!
Observer notified!
Observer notified!
Observer notified!
Observer notified!
Observer notified!
Observer notified!
Observer notified!
Observer notified!
Observer notified!
Observer notified!
Observer notified!
Observer notified!
Observer notified!
Observer notified!
Observer notified!
Observer notified!
Observer notified!
Observer notified!
Observer notified!
Observer notified!
Observer notified!
Observer notified!
Observer notified!
Observer notified!
Observer notified!
Observer notified!
Observer notified!
Observer notified!
Observer notified!
Observer notified!
Observer notified!
Observer notified!
Observer notified!
Observer notified!
Observer notified!
Observer notified!
Observer notified!
Observer notified!
Observer notified!
Observer notified!
Observer notified!
Observer notified!
Observer notified!
Observer notified!
Observer notified!
Observer notified!
Observer notified!
Observer notified!
Observer notified!
Observer notified!
Observer notified!
Observer notified!
Observer notified!
Observer notified!
Observer notified!
Observer notified!
Observer notified!
Observer notified!
Observer notified!
Observer notified!
Observer notified!
Observer notified!
Observer notified!
Observer notified!
Observer notified!
Observer notified!
Observer notified!
Observer notified!
Observer notified!
Observer notified!
Observer notified!
Observer notified!
Observer notified!
Observer notified!
Observer notified!
Observer notified!
Observer notified!
Observer notified!
Observer notified!
Observer notified!
Observer notified!
Observer notified!
Observer notified!
Observer notified!
Observer notified!
Observer notified!
Observer notified!
Observer notified!
Observer notified!
Observer notified!
Observer notified!
Observer notified!
Observer notified!
Observer notified!
Observer notified!
Observer notified!
Observer notified!
Observer notified!
Observer notified!
Observer notified!
Observer notified!
Observer notified!
Observer notified!
Observer notified!
Observer notified!
Observer notified!
Observer notified!
Observer notified!
Observer notified!
Observer notified!
Observer notified!
Observer notified!
Observer notified!
Observer notified!
Observer notified!
Observer notified!
Observer notified!
Observer notified!
Observer notified!
Observer notified!
Observer notified!
Observer notified!
Observer notified!
Observer notified!
Observer notified!
Observer notified!
Observer notified!
Observer notified!
Observer notified!
Observer notified!
Observer notified!
Observer notified!
Observer notified!
Observer notified!
Observer notified!
Observer notified!
Observer notified!
Observer notified!
Observer notified!
Observer notified!
Observer notified!
Observer notified!
Observer notified!
Observer notified!
Observer notified!
Observer notified!
Observer notified!
Observer notified!
Observer notified!
Observer notified!
Observer notified!
Observer notified!
Observer notified!
Observer notified!
Observer notified!
Observer notified!
Observer notified!
Observer notified!
Observer notified!
Observer notified!
Observer notified!
Observer notified!
Observer notified!
Observer notified!
Observer notified!
Observer notified!
Observer notified!
Observer notified!
Observer notified!
Observer notified!
Observer notified!
Observer notified!
Observer notified!
Observer notified!
Observer notified!
Observer notified!
Observer notified!
Observer notified!
Observer notified!
Observer notified!
Observer notified!
Observer notified!
Observer notified!
Observer notified!
Observer notified!
Observer notified!
Observer notified!
Observer notified!
Observer notified!
Observer notified!
Observer notified!
Observer notified!
Observer notified!
Observer notified!
Observer notified!
Observer notified!
Observer notified!
Observer notified!
Observer notified!
Observer notified!
Observer notified!
Observer notified!
Observer notified!
Observer notified!
Observer notified!
Observer notified!
Observer notified!
Observer notified!
Observer notified!
Observer notified!
Observer notified!
Observer notified!
Observer notified!
Observer notified!
Observer notified!
Observer notified!
Observer notified!
Observer notified!
Observer notified!
Observer notified!
Observer notified!
Observer notified!
Observer notified!
Observer notified!
Observer notified!
Observer notified!
Observer notified!
Observer notified!
Observer notified!
Observer notified!
Observer notified!
Observer notified!
Observer notified!
Observer notified!
Observer notified!
Observer notified!
Observer notified!
Observer notified!
Observer notified!
Observer notified!
Observer notified!
Observer notified!
Observer notified!
Observer notified!
Observer notified!
Observer notified!
Observer notified!
Observer notified!
Observer notified!
Observer notified!
Observer notified!
Observer notified!
Observer notified!
Observer notified!
Observer notified!
Observer notified!
Observer notified!
Observer notified!
Observer notified!
Observer notified!
Observer notified!
Observer notified!
Observer notified!
Observer notified!
Observer notified!
Observer notified!
Observer notified!
Observer notified!
Observer notified!
Observer notified!
Observer notified!
Observer notified!
Observer notified!
Observer notified!
Observer notified!
Observer notified!
Observer notified!
Observer notified!
Observer notified!
Observer notified!
Observer notified!
Observer notified!
Observer notified!
Observer notified!
Observer notified!
Observer notified!
Observer notified!
Observer notified!
Observer notified!
Observer notified!
Observer notified!
Observer notified!
Observer notified!
Observer notified!
Observer notified!
Observer notified!
Observer notified!
Observer notified!
Observer notified!
Observer notified!
Observer notified!
Observer notified!
Observer notified!
Observer notified!
Observer notified!
Observer notified!
Observer notified!
Observer notified!
Observer notified!
Observer notified!
Observer notified!
Observer notified!
Observer notified!
Observer notified!
Observer notified!
Observer notified!
Observer notified!
Observer notified!
Observer notified!
Observer notified!
Observer notified!
Observer notified!
Observer notified!
Observer notified!
Observer notified!
Observer notified!
Observer notified!
Observer notified!
Observer notified!
Observer notified!
Observer notified!
Observer notified!
Observer notified!
Observer notified!
Observer notified!
Observer notified!
Observer notified!
Observer notified!
Observer notified!
Observer notified!
Observer notified!
Observer notified!
Observer notified!
Observer notified!
Observer notified!
Observer notified!
Observer notified!
Observer notified!
Observer notified!
Observer notified!
Observer notified!
Observer notified!
Observer notified!
Observer notified!
Observer notified!
Observer notified!
Observer notified!
Observer notified!
Observer notified!
Observer notified!
Observer notified!
Observer notified!
Observer notified!
Observer notified!
Observer notified!
Observer notified!
Observer notified!
Observer notified!
Observer notified!
Observer notified!
Observer notified!
Observer notified!
Observer notified!
Observer notified!
Observer notified!
Observer notified!
Observer notified!
Observer notified!
Observer notified!
Observer notified!
Observer notified!
Observer notified!
Observer notified!
Observer notified!
Observer notified!
Observer notified!
Observer notified!
Observer notified!
Observer notified!
Observer notified!
Observer notified!
Observer notified!
Observer notified!
Observer notified!
Observer notified!
Observer notified!
Observer notified!
Observer notified!
Observer notified!
Observer notified!
Observer notified!
Observer notified!
Observer notified!
Observer notified!
Observer notified!
Observer notified!
Observer notified!
Observer notified!
Observer notified!
Observer notified!
Observer notified!
Observer notified!
Observer notified!
Observer notified!
Observer notified!
Observer notified!
Observer notified!
Observer notified!
Observer notified!
Observer notified!
Observer notified!
Observer notified!
Observer notified!
Observer notified!
Observer notified!
Observer notified!
Observer notified!
Observer notified!
Observer notified!
Observer notified!
Observer notified!
Observer notified!
Observer notified!
Observer notified!
Observer notified!
Observer notified!
Observer notified!
Observer notified!
Observer notified!
Observer notified!
Observer notified!
Observer notified!
Observer notified!
Observer notified!
Observer notified!
Observer notified!
Observer notified!
Observer notified!
Observer notified!
Observer notified!
Observer notified!
Observer notified!
Observer notified!
Observer notified!
Observer notified!
Observer notified!
Observer notified!
Observer notified!
Observer notified!
Observer notified!
Observer notified!
Observer notified!
Observer notified!
Observer notified!
Observer notified!
Observer notified!
Observer notified!
Observer notified!
Observer notified!
Observer notified!
Observer notified!
Observer notified!
Observer notified!
Observer notified!
Observer notified!
Observer notified!
Observer notified!
Observer notified!
Observer notified!
Observer notified!
Observer notified!
Observer notified!
Observer notified!
Observer notified!
Observer notified!
Observer notified!
Observer notified!
Observer notified!
Observer notified!
Observer notified!
Observer notified!
Observer notified!
Observer notified!
Observer notified!
Observer notified!
Observer notified!
Observer notified!
Observer notified!
Observer notified!
Observer notified!
Observer notified!
Observer notified!
Observer notified!
Observer notified!
Observer notified!
Observer notified!
Observer notified!
Observer notified!
Observer notified!
Observer notified!
Observer notified!
Observer notified!
Observer notified!
Observer notified!
Observer notified!
Observer notified!
Observer notified!
Observer notified!
Observer notified!
Observer notified!
Observer notified!
Observer notified!
Observer notified!
Observer notified!
Observer notified!
Observer notified!
Observer notified!
Observer notified!
Observer notified!
Observer notified!
Observer notified!
Observer notified!
Observer notified!
Observer notified!
Observer notified!
Observer notified!
Observer notified!
Observer notified!
Observer notified!
Observer notified!
Observer notified!
Observer notified!
Observer notified!
Observer notified!
Observer notified!
Observer notified!
Observer notified!
Observer notified!
Observer notified!
Observer notified!
Observer notified!
Observer notified!
Observer notified!
Observer notified!
Observer notified!
Observer notified!
Observer notified!
Observer notified!
Observer notified!
Observer notified!
Observer notified!
Observer notified!
Observer notified!
Observer notified!
Observer notified!
Observer notified!
Observer notified!
Observer notified!
Observer notified!
Observer notified!
Observer notified!
Observer notified!
Observer notified!
Observer notified!
Observer notified!
Observer notified!
Observer notified!
Observer notified!
Observer notified!
Observer notified!
Observer notified!
Observer notified!
Observer notified!
Observer notified!
Observer notified!
Observer notified!
Observer notified!
Observer notified!
Observer notified!
Observer notified!
Observer notified!
Observer notified!
Observer notified!
Observer notified!
Observer notified!
Observer notified!
Observer notified!
Observer notified!
Observer notified!
Observer notified!
Observer notified!
Observer notified!
Observer notified!
Observer notified!
Observer notified!
Observer notified!
Observer notified!
Observer notified!
Observer notified!
Observer notified!
Observer notified!
Observer notified!
Observer notified!
Observer notified!
Observer notified!
Observer notified!
Observer notified!
Observer notified!
Observer notified!
Observer notified!
Observer notified!
Observer notified!
Observer notified!
Observer notified!
Observer notified!
Observer notified!
Observer notified!
Observer notified!
Observer notified!
Observer notified!
Observer notified!
Observer notified!
Observer notified!
Observer notified!
Observer notified!
Observer notified!
Observer notified!
Observer notified!
Observer notified!
Observer notified!
Observer notified!
Observer notified!
Observer notified!
Observer notified!
Observer notified!
Observer notified!
Observer notified!
Observer notified!
Observer notified!
Observer notified!
Observer notified!
Observer notified!
Observer notified!
Observer notified!
Observer notified!
Observer notified!
Observer notified!
Observer notified!
Observer notified!
Observer notified!
Observer notified!
Observer notified!
Observer notified!
Observer notified!
Observer notified!
Observer notified!
Observer notified!
Observer notified!
Observer notified!
Observer notified!
Observer notified!
Observer notified!
Observer notified!
Observer notified!
Observer notified!
Observer notified!
Observer notified!
Observer notified!
Observer notified!
Observer notified!
Observer notified!
Observer notified!
Observer notified!
Observer notified!
Observer notified!
Observer notified!
Observer notified!
Observer notified!
Observer notified!
Observer notified!
Observer notified!
Observer notified!
Observer notified!
Observer notified!
Observer notified!
Observer notified!
Observer notified!
Observer notified!
Observer notified!
Observer notified!
Observer notified!
Observer notified!
Observer notified!
Observer notified!
Observer notified!
Observer notified!
Observer notified!
Observer notified!
Observer notified!
Observer notified!
Observer notified!
Observer notified!
Observer notified!
Observer notified!
Observer notified!
Observer notified!
Observer notified!
Observer notified!
Observer notified!
Observer notified!
Observer notified!
Observer notified!
Observer notified!
Observer notified!
Observer notified!
Observer notified!
Observer notified!
Observer notified!
Observer notified!
Observer notified!
Observer notified!
Observer notified!
Observer notified!
Observer notified!
Observer notified!
Observer notified!
Observer notified!
Observer notified!
Observer notified!
Observer notified!
Observer notified!
Observer notified!
Observer notified!
Observer notified!
Observer notified!
Observer notified!
Observer notified!
Observer notified!
Observer notified!
Observer notified!
Observer notified!
Observer notified!
Observer notified!
Observer notified!
Observer notified!
Observer notified!
Observer notified!
Observer notified!
Observer notified!
Observer notified!
Observer notified!
Observer notified!
Observer notified!
Observer notified!
Observer notified!
Observer notified!
Observer notified!
Observer notified!
Observer notified!
Observer notified!
Observer notified!
Observer notified!
Observer notified!
Observer notified!
Observer notified!
Observer notified!
Observer notified!
Observer notified!
Observer notified!
Observer notified!
Observer notified!
Observer notified!
Observer notified!
Observer notified!
Observer notified!
Observer notified!
Observer notified!
Observer notified!
Observer notified!
Observer notified!
Observer notified!
Observer notified!
Observer notified!
Observer notified!
Observer notified!
Observer notified!
Observer notified!
Observer notified!
Observer notified!
Observer notified!
Observer notified!
Observer notified!
Observer notified!
Observer notified!
Observer notified!
Observer notified!
Observer notified!
Observer notified!
Observer notified!
Observer notified!
Observer notified!
Observer notified!
Observer notified!
Observer notified!
Observer notified!
Observer notified!
Observer notified!
Observer notified!
Observer notified!
Observer notified!
Observer notified!
Observer notified!
Observer notified!
Observer notified!
Observer notified!
Observer notified!
Observer notified!
Observer notified!
Observer notified!
Observer notified!
Observer notified!
Observer notified!
Observer notified!
Observer notified!
Observer notified!
Observer notified!
Observer notified!
Observer notified!
Observer notified!
Observer notified!
Observer notified!
Observer notified!
Observer notified!
Observer notified!
Observer notified!
Observer notified!
Observer notified!
Observer notified!
Observer notified!
Observer notified!
Observer notified!
Observer notified!
Observer notified!
Observer notified!
Observer notified!
Observer notified!
Observer notified!
Observer notified!
Observer notified!
Observer notified!
Observer notified!
Observer notified!
Observer notified!
Observer notified!
Observer notified!
Observer notified!
Observer notified!
Observer notified!
Observer notified!
Observer notified!
Observer notified!
Observer notified!
Observer notified!
Observer notified!
Observer notified!
Observer notified!
Observer notified!
Observer notified!
Observer notified!
Observer notified!
Observer notified!
Observer notified!
Observer notified!
Observer notified!
Observer notified!
Observer notified!
Observer notified!
Observer notified!
Observer notified!
Observer notified!
Observer notified!
Observer notified!
Observer notified!
Observer notified!
Observer notified!
Observer notified!
Observer notified!
Observer notified!
Observer notified!
Observer notified!
Observer notified!
Observer notified!
Observer notified!
Observer notified!
Observer notified!
Observer notified!
Observer notified!
Observer notified!
Observer notified!
Observer notified!
Observer notified!
Observer notified!
Observer notified!
Observer notified!
Observer notified!
Observer notified!
Observer notified!
Observer notified!
Observer notified!
Observer notified!
Observer notified!
Observer notified!
Observer notified!
Observer notified!
Observer notified!
Observer notified!
Observer notified!
Observer notified!
Observer notified!
Observer notified!
Observer notified!
Observer notified!
Observer notified!
Observer notified!
Observer notified!
Observer notified!
Observer notified!
Observer notified!
Observer notified!
Observer notified!
Observer notified!
Observer notified!
Observer notified!
Observer notified!
Observer notified!
Observer notified!
Observer notified!
Observer notified!
Observer notified!
Observer notified!
Observer notified!
Observer notified!
Observer notified!
Observer notified!
Observer notified!
Observer notified!
Observer notified!
Observer notified!
Observer notified!
Observer notified!
Observer notified!
Observer notified!
Observer notified!
Observer notified!
Observer notified!
Observer notified!
Observer notified!
Observer notified!
Observer notified!
Observer notified!
Observer notified!
Observer notified!
Observer notified!
Observer notified!
Observer notified!
Observer notified!
Observer notified!
Observer notified!
Observer notified!
Observer notified!
Observer notified!
Observer notified!
Observer notified!
Observer notified!
Observer notified!
Observer notified!
Observer notified!
Observer notified!
Observer notified!
Observer notified!
Observer notified!
Observer notified!
Observer notified!
Observer notified!
Observer notified!
Observer notified!
Observer notified!
Observer notified!
Observer notified!
Observer notified!
Observer notified!
Observer notified!
Observer notified!
Observer notified!
Observer notified!
Observer notified!
Observer notified!
Observer notified!
Observer notified!
Observer notified!
Observer notified!
Observer notified!
Observer notified!
Observer notified!
Observer notified!
Observer notified!
Observer notified!
Observer notified!
Observer notified!
Observer notified!
Observer notified!
Observer notified!
Observer notified!
Observer notified!
Observer notified!
Observer notified!
Observer notified!
Observer notified!
Observer notified!
Observer notified!
Observer notified!
Observer notified!
Observer notified!
Observer notified!
Observer notified!
Observer notified!
Observer notified!
Observer notified!
Observer notified!
Observer notified!
Observer notified!
Observer notified!
Observer notified!
Observer notified!
Observer notified!
Observer notified!
Observer notified!
Observer notified!
Observer notified!
Observer notified!
Observer notified!
Observer notified!
Observer notified!
Observer notified!
Observer notified!
Observer notified!
Observer notified!
Observer notified!
Observer notified!
Observer notified!
Observer notified!
Observer notified!
Observer notified!
Observer notified!
Observer notified!
Observer notified!
Observer notified!
Observer notified!
Observer notified!
Observer notified!
Observer notified!
Observer notified!
Observer notified!
Observer notified!
Observer notified!
Observer notified!
Observer notified!
Observer notified!
Observer notified!
Observer notified!
Observer notified!
Observer notified!
Observer notified!
Observer notified!
Observer notified!
Observer notified!
Observer notified!
Observer notified!
Observer notified!
Observer notified!
Observer notified!
Observer notified!
Observer notified!
Observer notified!
Observer notified!
Observer notified!
Observer notified!
Observer notified!
Observer notified!
Observer notified!
Observer notified!
Observer notified!
Observer notified!
Observer notified!
Observer notified!
Observer notified!
Observer notified!
Observer notified!
Observer notified!
Observer notified!
Observer notified!
Observer notified!
Observer notified!
Observer notified!
Observer notified!
Observer notified!
Observer notified!
Observer notified!
Observer notified!
Observer notified!
Observer notified!
Observer notified!
Observer notified!
Observer notified!
Observer notified!
Observer notified!
Observer notified!
Observer notified!
Observer notified!
Observer notified!
Observer notified!
Observer notified!
Observer notified!
Observer notified!
Observer notified!
Observer notified!
Observer notified!
Observer notified!
Observer notified!
Observer notified!
Observer notified!
Observer notified!
Observer notified!
Observer notified!
Observer notified!
Observer notified!
Observer notified!
Observer notified!
Observer notified!
Observer notified!
Observer notified!
Observer notified!
Observer notified!
Observer notified!
Observer notified!
Observer notified!
Observer notified!
Observer notified!
Observer notified!
Observer notified!
Observer notified!
Observer notified!
Observer notified!
Observer notified!
Observer notified!
Observer notified!
Observer notified!
Observer notified!
Observer notified!
Observer notified!
Observer notified!
Observer notified!
Observer notified!
Observer notified!
Observer notified!
Observer notified!
Observer notified!
Observer notified!
Observer notified!
Observer notified!
Observer notified!
Observer notified!
Observer notified!
Observer notified!
Observer notified!
Observer notified!
Observer notified!
Observer notified!
Observer notified!
Observer notified!
Observer notified!
Observer notified!
Observer notified!
Observer notified!
Observer notified!
Observer notified!
Observer notified!
Observer notified!
Observer notified!
Observer notified!
Observer notified!
Observer notified!
Observer notified!
Observer notified!
Observer notified!
Observer notified!
Observer notified!
Observer notified!
Observer notified!
Observer notified!
Observer notified!
Observer notified!
Observer notified!
Observer notified!
Observer notified!
Observer notified!
Observer notified!
Observer notified!
Observer notified!
Observer notified!
Observer notified!
Observer notified!
Observer notified!
Observer notified!
Observer notified!
Observer notified!
Observer notified!
Observer notified!
Observer notified!
Observer notified!
Observer notified!
Observer notified!
Observer notified!
Observer notified!
Observer notified!
Observer notified!
Observer notified!
Observer notified!
Observer notified!
Observer notified!
Observer notified!
Observer notified!
Observer notified!
Observer notified!
Observer notified!
Observer notified!
Observer notified!
Observer notified!
Observer notified!
Observer notified!
Observer notified!
Observer notified!
Observer notified!
Observer notified!
Observer notified!
Observer notified!
Observer notified!
Observer notified!
Observer notified!
Observer notified!
Observer notified!
Observer notified!
Observer notified!
Observer notified!
Observer notified!
Observer notified!
Observer notified!
Observer notified!
Observer notified!
Observer notified!
Observer notified!
Observer notified!
Observer notified!
Observer notified!
Observer notified!
Observer notified!
Observer notified!
Observer notified!
Observer notified!
Observer notified!
Observer notified!
Observer notified!
Observer notified!
Observer notified!
Observer notified!
Observer notified!
Observer notified!
Observer notified!
Observer notified!
Observer notified!
Observer notified!
Observer notified!
Observer notified!
Observer notified!
Observer notified!
Observer notified!
Observer notified!
Observer notified!
Observer notified!
Observer notified!
Observer notified!
Observer notified!
Observer notified!
Observer notified!
Observer notified!
Observer notified!
Observer notified!
Observer notified!
Observer notified!
Observer notified!
Observer notified!
Observer notified!
Observer notified!
Observer notified!
Observer notified!
Observer notified!
Observer notified!
Observer notified!
Observer notified!
Observer notified!
Observer notified!
Observer notified!
Observer notified!
Observer notified!
Observer notified!
Observer notified!
Observer notified!
Observer notified!
Observer notified!
Observer notified!
Observer notified!
Observer notified!
Observer notified!
Observer notified!
Observer notified!
Observer notified!
Observer notified!
Observer notified!
Observer notified!
Observer notified!
Observer notified!
Observer notified!
Observer notified!
Observer notified!
Observer notified!
Observer notified!
Observer notified!
Observer notified!
Observer notified!
Observer notified!
Observer notified!
Observer notified!
Observer notified!
Observer notified!
Observer notified!
Observer notified!
Observer notified!
Observer notified!
Observer notified!
Observer notified!
Observer notified!
Observer notified!
Observer notified!
Observer notified!
Observer notified!
Observer notified!
Observer notified!
Observer notified!
Observer notified!
Observer notified!
Observer notified!
Observer notified!
Observer notified!
Observer notified!
Observer notified!
Observer notified!
Observer notified!
Observer notified!
Observer notified!
Observer notified!
Observer notified!
Observer notified!
Observer notified!
Observer notified!
Observer notified!
Observer notified!
Observer notified!
Observer notified!
Observer notified!
Observer notified!
Observer notified!
Observer notified!
Observer notified!
Observer notified!
Observer notified!
Observer notified!
Observer notified!
Observer notified!
Observer notified!
Observer notified!
Observer notified!
Observer notified!
Observer notified!
Observer notified!
Observer notified!
Observer notified!
Observer notified!
Observer notified!
Observer notified!
Observer notified!
Observer notified!
Observer notified!
Observer notified!
Observer notified!
Observer notified!
Observer notified!
Observer notified!
Observer notified!
Observer notified!
Observer notified!
Observer notified!
Observer notified!
Observer notified!
Observer notified!
Observer notified!
Observer notified!
Observer notified!
Observer notified!
Observer notified!
Observer notified!
Observer notified!
Observer notified!
Observer notified!
Observer notified!
Observer notified!
Observer notified!
Observer notified!
Observer notified!
Observer notified!
Observer notified!
Observer notified!
Observer notified!
Observer notified!
Observer notified!
Observer notified!
Observer notified!
Observer notified!
Observer notified!
Observer notified!
Observer notified!
Observer notified!
Observer notified!
Observer notified!
Observer notified!
Observer notified!
Observer notified!
Observer notified!
Observer notified!
Observer notified!
Observer notified!
Observer notified!
Observer notified!
Observer notified!
Observer notified!
Observer notified!
Observer notified!
Observer notified!
Observer notified!
Observer notified!
Observer notified!
Observer notified!
Observer notified!
Observer notified!
Observer notified!
Observer notified!
Observer notified!
Observer notified!
Observer notified!
Observer notified!
Observer notified!
Observer notified!
Observer notified!
Observer notified!
Observer notified!
Observer notified!
Observer notified!
Observer notified!
Observer notified!</StdOut>
      </Output>
    </UnitTestResult>
    <UnitTestResult executionId="9d9a72a6-3280-49cb-b455-699ae6159341" testId="7a1b28bd-84d3-0261-67dc-3e8c3cac9985" testName="BlockierungFürSitzplatzAufhebenTest" computerName="GLOIN" duration="00:00:00.0066694" startTime="2011-06-03T00:50:36.3759519+02:00" endTime="2011-06-03T00:50:36.3899533+02:00" testType="13cdc9d9-ddb5-4fa4-a97d-d965ccfc6d4b" outcome="Failed" testListId="8c84fa94-04c1-424b-9868-57a2d4851a1d" relativeResultsDirectory="9d9a72a6-3280-49cb-b455-699ae6159341">
      <Output>
        <StdOut>Observer notified!
Observer notified!
Observer notified!
Observer notified!
Observer notified!
Observer notified!
Observer notified!
Observer notified!
Observer notified!
Observer notified!
Observer notified!
Observer notified!
Observer notified!
Observer notified!
Observer notified!
Observer notified!
Observer notified!
Observer notified!
Observer notified!
Observer notified!
Observer notified!
Observer notified!
Observer notified!
Observer notified!
Observer notified!
Observer notified!
Observer notified!
Observer notified!
Observer notified!
Observer notified!
Observer notified!
Observer notified!
Observer notified!
Observer notified!
Observer notified!
Observer notified!
Observer notified!
Observer notified!
Observer notified!
Observer notified!
Observer notified!
Observer notified!
Observer notified!
Observer notified!
Observer notified!
Observer notified!
Observer notified!
Observer notified!
Observer notified!
Observer notified!
Observer notified!
Observer notified!
Observer notified!
Observer notified!
Observer notified!
Observer notified!
Observer notified!
Observer notified!
Observer notified!
Observer notified!
Observer notified!
Observer notified!
Observer notified!
Observer notified!
Observer notified!
Observer notified!
Observer notified!
Observer notified!
Observer notified!
Observer notified!
Observer notified!
Observer notified!
Observer notified!
Observer notified!
Observer notified!
Observer notified!
Observer notified!
Observer notified!
Observer notified!
Observer notified!
Observer notified!
Observer notified!
Observer notified!
Observer notified!
Observer notified!
Observer notified!
Observer notified!
Observer notified!
Observer notified!
Observer notified!
Observer notified!
Observer notified!
Observer notified!
Observer notified!
Observer notified!
Observer notified!
Observer notified!
Observer notified!
Observer notified!
Observer notified!
Observer notified!
Observer notified!
Observer notified!
Observer notified!
Observer notified!
Observer notified!
Observer notified!
Observer notified!
Observer notified!
Observer notified!
Observer notified!
Observer notified!
Observer notified!
Observer notified!
Observer notified!
Observer notified!
Observer notified!
Observer notified!
Observer notified!
Observer notified!
Observer notified!
Observer notified!
Observer notified!
Observer notified!
Observer notified!
Observer notified!
Observer notified!
Observer notified!
Observer notified!
Observer notified!
Observer notified!
Observer notified!
Observer notified!
Observer notified!
Observer notified!
Observer notified!
Observer notified!
Observer notified!
Observer notified!
Observer notified!
Observer notified!
Observer notified!
Observer notified!
Observer notified!
Observer notified!
Observer notified!
Observer notified!
Observer notified!
Observer notified!
Observer notified!
Observer notified!
Observer notified!
Observer notified!
Observer notified!
Observer notified!
Observer notified!
Observer notified!
Observer notified!
Observer notified!
Observer notified!
Observer notified!
Observer notified!
Observer notified!
Observer notified!
Observer notified!
Observer notified!
Observer notified!
Observer notified!
Observer notified!
Observer notified!
Observer notified!
Observer notified!
Observer notified!
Observer notified!
Observer notified!
Observer notified!
Observer notified!
Observer notified!
Observer notified!
Observer notified!
Observer notified!
Observer notified!
Observer notified!
Observer notified!
Observer notified!
Observer notified!
Observer notified!
Observer notified!
Observer notified!
Observer notified!
Observer notified!
Observer notified!
Observer notified!
Observer notified!
Observer notified!
Observer notified!
Observer notified!
Observer notified!
Observer notified!
Observer notified!
Observer notified!
Observer notified!
Observer notified!
Observer notified!
Observer notified!
Observer notified!
Observer notified!
Observer notified!
Observer notified!
Observer notified!
Observer notified!
Observer notified!
Observer notified!
Observer notified!
Observer notified!
Observer notified!
Observer notified!
Observer notified!
Observer notified!
Observer notified!
Observer notified!
Observer notified!
Observer notified!
Observer notified!
Observer notified!
Observer notified!
Observer notified!
Observer notified!
Observer notified!
Observer notified!
Observer notified!
Observer notified!
Observer notified!
Observer notified!
Observer notified!
Observer notified!
Observer notified!
Observer notified!
Observer notified!
Observer notified!
Observer notified!
Observer notified!
Observer notified!
Observer notified!
Observer notified!
Observer notified!
Observer notified!
Observer notified!
Observer notified!
Observer notified!
Observer notified!
Observer notified!
Observer notified!
Observer notified!
Observer notified!
Observer notified!
Observer notified!
Observer notified!
Observer notified!
Observer notified!
Observer notified!
Observer notified!
Observer notified!
Observer notified!
Observer notified!
Observer notified!
Observer notified!
Observer notified!
Observer notified!
Observer notified!
Observer notified!
Observer notified!
Observer notified!
Observer notified!
Observer notified!
Observer notified!
Observer notified!
Observer notified!
Observer notified!
Observer notified!
Observer notified!
Observer notified!
Observer notified!
Observer notified!
Observer notified!
Observer notified!
Observer notified!
Observer notified!
Observer notified!
Observer notified!
Observer notified!
Observer notified!
Observer notified!
Observer notified!
Observer notified!
Observer notified!
Observer notified!
Observer notified!
Observer notified!
Observer notified!
Observer notified!
Observer notified!
Observer notified!
Observer notified!
Observer notified!
Observer notified!
Observer notified!
Observer notified!
Observer notified!
Observer notified!
Observer notified!
Observer notified!
Observer notified!
Observer notified!
Observer notified!
Observer notified!
Observer notified!
Observer notified!
Observer notified!
Observer notified!
Observer notified!
Observer notified!
Observer notified!
Observer notified!
Observer notified!
Observer notified!
Observer notified!
Observer notified!
Observer notified!
Observer notified!
Observer notified!
Observer notified!
Observer notified!
Observer notified!
Observer notified!
Observer notified!
Observer notified!
Observer notified!
Observer notified!
Observer notified!
Observer notified!
Observer notified!
Observer notified!
Observer notified!
Observer notified!
Observer notified!
Observer notified!
Observer notified!
Observer notified!
Observer notified!
Observer notified!
Observer notified!
Observer notified!
Observer notified!
Observer notified!
Observer notified!
Observer notified!
Observer notified!
Observer notified!
Observer notified!
Observer notified!
Observer notified!
Observer notified!
Observer notified!
Observer notified!
Observer notified!
Observer notified!
Observer notified!
Observer notified!
Observer notified!
Observer notified!
Observer notified!
Observer notified!
Observer notified!
Observer notified!
Observer notified!
Observer notified!
Observer notified!
Observer notified!
Observer notified!
Observer notified!
Observer notified!
Observer notified!
Observer notified!
Observer notified!
Observer notified!
Observer notified!
Observer notified!
Observer notified!
Observer notified!
Observer notified!
Observer notified!
Observer notified!
Observer notified!
Observer notified!
Observer notified!
Observer notified!
Observer notified!
Observer notified!
Observer notified!
Observer notified!
Observer notified!
Observer notified!
Observer notified!
Observer notified!
Observer notified!
Observer notified!
Observer notified!
Observer notified!
Observer notified!
Observer notified!
Observer notified!
Observer notified!
Observer notified!
Observer notified!
Observer notified!
Observer notified!
Observer notified!
Observer notified!
Observer notified!
Observer notified!
Observer notified!
Observer notified!
Observer notified!
Observer notified!
Observer notified!
Observer notified!
Observer notified!
Observer notified!
Observer notified!
Observer notified!
Observer notified!
Observer notified!
Observer notified!
Observer notified!
Observer notified!
Observer notified!
Observer notified!
Observer notified!
Observer notified!
Observer notified!
Observer notified!
Observer notified!
Observer notified!
Observer notified!
Observer notified!
Observer notified!
Observer notified!
Observer notified!
Observer notified!
Observer notified!
Observer notified!
Observer notified!
Observer notified!
Observer notified!
Observer notified!
Observer notified!
Observer notified!
Observer notified!
Observer notified!
Observer notified!
Observer notified!
Observer notified!
Observer notified!
Observer notified!
Observer notified!
Observer notified!
Observer notified!
Observer notified!
Observer notified!
Observer notified!
Observer notified!
Observer notified!
Observer notified!
Observer notified!
Observer notified!
Observer notified!
Observer notified!
Observer notified!
Observer notified!
Observer notified!
Observer notified!
Observer notified!
Observer notified!
Observer notified!
Observer notified!
Observer notified!
Observer notified!
Observer notified!
Observer notified!
Observer notified!
Observer notified!
Observer notified!
Observer notified!
Observer notified!
Observer notified!
Observer notified!
Observer notified!
Observer notified!
Observer notified!
Observer notified!
Observer notified!
Observer notified!
Observer notified!
Observer notified!
Observer notified!
Observer notified!
Observer notified!
Observer notified!
Observer notified!
Observer notified!
Observer notified!
Observer notified!
Observer notified!
Observer notified!
Observer notified!
Observer notified!
Observer notified!
Observer notified!
Observer notified!
Observer notified!
Observer notified!
Observer notified!
Observer notified!
Observer notified!
Observer notified!
Observer notified!
Observer notified!
Observer notified!
Observer notified!
Observer notified!
Observer notified!
Observer notified!
Observer notified!
Observer notified!
Observer notified!
Observer notified!
Observer notified!
Observer notified!
Observer notified!
Observer notified!
Observer notified!
Observer notified!
Observer notified!
Observer notified!
Observer notified!
Observer notified!
Observer notified!
Observer notified!
Observer notified!
Observer notified!
Observer notified!
Observer notified!
Observer notified!
Observer notified!
Observer notified!
Observer notified!
Observer notified!
Observer notified!
Observer notified!
Observer notified!
Observer notified!
Observer notified!
Observer notified!
Observer notified!
Observer notified!
Observer notified!
Observer notified!
Observer notified!
Observer notified!
Observer notified!
Observer notified!
Observer notified!
Observer notified!
Observer notified!
Observer notified!
Observer notified!
Observer notified!
Observer notified!
Observer notified!
Observer notified!
Observer notified!
Observer notified!
Observer notified!
Observer notified!
Observer notified!
Observer notified!
Observer notified!
Observer notified!
Observer notified!
Observer notified!
Observer notified!
Observer notified!
Observer notified!
Observer notified!
Observer notified!
Observer notified!
Observer notified!
Observer notified!
Observer notified!
Observer notified!
Observer notified!
Observer notified!
Observer notified!
Observer notified!
Observer notified!
Observer notified!
Observer notified!
Observer notified!
Observer notified!
Observer notified!
Observer notified!
Observer notified!
Observer notified!
Observer notified!
Observer notified!
Observer notified!
Observer notified!
Observer notified!
Observer notified!
Observer notified!
Observer notified!
Observer notified!
Observer notified!
Observer notified!
Observer notified!
Observer notified!
Observer notified!
Observer notified!
Observer notified!
Observer notified!
Observer notified!
Observer notified!
Observer notified!
Observer notified!
Observer notified!
Observer notified!
Observer notified!
Observer notified!
Observer notified!
Observer notified!
Observer notified!
Observer notified!
Observer notified!
Observer notified!
Observer notified!
Observer notified!
Observer notified!
Observer notified!
Observer notified!
Observer notified!
Observer notified!
Observer notified!
Observer notified!
Observer notified!
Observer notified!
Observer notified!
Observer notified!
Observer notified!
Observer notified!
Observer notified!
Observer notified!
Observer notified!
Observer notified!
Observer notified!
Observer notified!
Observer notified!
Observer notified!
Observer notified!
Observer notified!
Observer notified!
Observer notified!
Observer notified!
Observer notified!
Observer notified!
Observer notified!
Observer notified!
Observer notified!
Observer notified!
Observer notified!
Observer notified!
Observer notified!
Observer notified!
Observer notified!
Observer notified!
Observer notified!
Observer notified!
Observer notified!
Observer notified!
Observer notified!
Observer notified!
Observer notified!
Observer notified!
Observer notified!
Observer notified!
Observer notified!
Observer notified!
Observer notified!
Observer notified!
Observer notified!
Observer notified!
Observer notified!
Observer notified!
Observer notified!
Observer notified!
Observer notified!
Observer notified!
Observer notified!
Observer notified!
Observer notified!
Observer notified!
Observer notified!
Observer notified!
Observer notified!
Observer notified!
Observer notified!
Observer notified!
Observer notified!
Observer notified!
Observer notified!
Observer notified!
Observer notified!
Observer notified!
Observer notified!
Observer notified!
Observer notified!
Observer notified!
Observer notified!
Observer notified!
Observer notified!
Observer notified!
Observer notified!
Observer notified!
Observer notified!
Observer notified!
Observer notified!
Observer notified!
Observer notified!
Observer notified!
Observer notified!
Observer notified!
Observer notified!
Observer notified!
Observer notified!
Observer notified!
Observer notified!
Observer notified!
Observer notified!
Observer notified!
Observer notified!
Observer notified!
Observer notified!
Observer notified!
Observer notified!
Observer notified!
Observer notified!
Observer notified!
Observer notified!
Observer notified!
Observer notified!
Observer notified!
Observer notified!
Observer notified!
Observer notified!
Observer notified!
Observer notified!
Observer notified!
Observer notified!
Observer notified!
Observer notified!
Observer notified!
Observer notified!
Observer notified!
Observer notified!
Observer notified!
Observer notified!
Observer notified!
Observer notified!
Observer notified!
Observer notified!
Observer notified!
Observer notified!
Observer notified!
Observer notified!
Observer notified!
Observer notified!
Observer notified!
Observer notified!
Observer notified!
Observer notified!
Observer notified!
Observer notified!
Observer notified!
Observer notified!
Observer notified!
Observer notified!
Observer notified!
Observer notified!
Observer notified!
Observer notified!
Observer notified!
Observer notified!
Observer notified!
Observer notified!
Observer notified!
Observer notified!
Observer notified!
Observer notified!
Observer notified!
Observer notified!
Observer notified!
Observer notified!
Observer notified!
Observer notified!
Observer notified!
Observer notified!
Observer notified!
Observer notified!
Observer notified!
Observer notified!
Observer notified!
Observer notified!
Observer notified!
Observer notified!
Observer notified!
Observer notified!
Observer notified!
Observer notified!
Observer notified!
Observer notified!
Observer notified!
Observer notified!
Observer notified!
Observer notified!
Observer notified!
Observer notified!
Observer notified!
Observer notified!
Observer notified!
Observer notified!
Observer notified!
Observer notified!
Observer notified!
Observer notified!
Observer notified!
Observer notified!
Observer notified!
Observer notified!
Observer notified!
Observer notified!
Observer notified!
Observer notified!
Observer notified!
Observer notified!
Observer notified!
Observer notified!
Observer notified!
Observer notified!
Observer notified!
Observer notified!
Observer notified!
Observer notified!
Observer notified!
Observer notified!
Observer notified!
Observer notified!
Observer notified!
Observer notified!
Observer notified!
Observer notified!
Observer notified!
Observer notified!
Observer notified!
Observer notified!
Observer notified!
Observer notified!
Observer notified!
Observer notified!
Observer notified!
Observer notified!
Observer notified!
Observer notified!
Observer notified!
Observer notified!
Observer notified!
Observer notified!
Observer notified!
Observer notified!
Observer notified!
Observer notified!
Observer notified!
Observer notified!
Observer notified!
Observer notified!
Observer notified!
Observer notified!
Observer notified!
Observer notified!
Observer notified!
Observer notified!
Observer notified!
Observer notified!
Observer notified!
Observer notified!
Observer notified!
Observer notified!
Observer notified!
Observer notified!
Observer notified!
Observer notified!
Observer notified!
Observer notified!
Observer notified!
Observer notified!
Observer notified!
Observer notified!
Observer notified!
Observer notified!
Observer notified!
Observer notified!
Observer notified!
Observer notified!
Observer notified!
Observer notified!
Observer notified!
Observer notified!
Observer notified!
Observer notified!
Observer notified!
Observer notified!
Observer notified!
Observer notified!
Observer notified!
Observer notified!
Observer notified!
Observer notified!
Observer notified!
Observer notified!
Observer notified!
Observer notified!
Observer notified!
Observer notified!
Observer notified!
Observer notified!
Observer notified!
Observer notified!
Observer notified!
Observer notified!
Observer notified!
Observer notified!
Observer notified!
Observer notified!
Observer notified!
Observer notified!
Observer notified!
Observer notified!
Observer notified!
Observer notified!
Observer notified!
Observer notified!
Observer notified!
Observer notified!
Observer notified!
Observer notified!
Observer notified!
Observer notified!
Observer notified!
Observer notified!
Observer notified!
Observer notified!
Observer notified!
Observer notified!
Observer notified!
Observer notified!
Observer notified!
Observer notified!
Observer notified!
Observer notified!
Observer notified!
Observer notified!
Observer notified!
Observer notified!
Observer notified!
Observer notified!
Observer notified!
Observer notified!
Observer notified!
Observer notified!
Observer notified!
Observer notified!
Observer notified!
Observer notified!
Observer notified!
Observer notified!
Observer notified!
Observer notified!
Observer notified!
Observer notified!
Observer notified!
Observer notified!
Observer notified!
Observer notified!
Observer notified!
Observer notified!
Observer notified!
Observer notified!
Observer notified!
Observer notified!
Observer notified!
Observer notified!
Observer notified!
Observer notified!
Observer notified!
Observer notified!
Observer notified!
Observer notified!
Observer notified!
Observer notified!
Observer notified!
Observer notified!
Observer notified!
Observer notified!
Observer notified!
Observer notified!
Observer notified!
Observer notified!
Observer notified!
Observer notified!
Observer notified!
Observer notified!
Observer notified!
Observer notified!
Observer notified!
Observer notified!
Observer notified!
Observer notified!
Observer notified!
Observer notified!
Observer notified!
Observer notified!
Observer notified!
Observer notified!
Observer notified!
Observer notified!
Observer notified!
Observer notified!
Observer notified!
Observer notified!
Observer notified!
Observer notified!
Observer notified!
Observer notified!
Observer notified!
Observer notified!
Observer notified!
Observer notified!
Observer notified!
Observer notified!
Observer notified!
Observer notified!
Observer notified!
Observer notified!
Observer notified!
Observer notified!
Observer notified!
Observer notified!
Observer notified!
Observer notified!
Observer notified!
Observer notified!
Observer notified!
Observer notified!
Observer notified!
Observer notified!
Observer notified!
Observer notified!
Observer notified!
Observer notified!
Observer notified!
Observer notified!
Observer notified!
Observer notified!
Observer notified!
Observer notified!
Observer notified!
Observer notified!
Observer notified!
Observer notified!
Observer notified!
Observer notified!
Observer notified!
Observer notified!
Observer notified!
Observer notified!
Observer notified!
Observer notified!
Observer notified!
Observer notified!
Observer notified!
Observer notified!
Observer notified!
Observer notified!
Observer notified!
Observer notified!
Observer notified!
Observer notified!
Observer notified!
Observer notified!
Observer notified!
Observer notified!
Observer notified!
Observer notified!
Observer notified!
Observer notified!
Observer notified!
Observer notified!
Observer notified!
Observer notified!
Observer notified!
Observer notified!
Observer notified!
Observer notified!
Observer notified!
Observer notified!
Observer notified!
Observer notified!
Observer notified!
Observer notified!
Observer notified!
Observer notified!
Observer notified!
Observer notified!
Observer notified!
Observer notified!
Observer notified!
Observer notified!
Observer notified!
Observer notified!
Observer notified!
Observer notified!
Observer notified!
Observer notified!
Observer notified!
Observer notified!
Observer notified!
Observer notified!
Observer notified!
Observer notified!
Observer notified!
Observer notified!
Observer notified!
Observer notified!
Observer notified!
Observer notified!
Observer notified!
Observer notified!
Observer notified!
Observer notified!
Observer notified!
Observer notified!
Observer notified!
Observer notified!
Observer notified!
Observer notified!
Observer notified!
Observer notified!
Observer notified!
Observer notified!
Observer notified!
Observer notified!
Observer notified!
Observer notified!
Observer notified!
Observer notified!
Observer notified!
Observer notified!
Observer notified!
Observer notified!
Observer notified!
Observer notified!
Observer notified!
Observer notified!
Observer notified!
Observer notified!
Observer notified!
Observer notified!
Observer notified!
Observer notified!
Observer notified!
Observer notified!
Observer notified!
Observer notified!
Observer notified!
Observer notified!
Observer notified!
Observer notified!
Observer notified!
Observer notified!
Observer notified!
Observer notified!
Observer notified!
Observer notified!
Observer notified!
Observer notified!
Observer notified!
Observer notified!
Observer notified!
Observer notified!
Observer notified!
Observer notified!
Observer notified!
Observer notified!
Observer notified!
Observer notified!
Observer notified!
Observer notified!
Observer notified!
Observer notified!
Observer notified!
Observer notified!
Observer notified!
Observer notified!
Observer notified!
Observer notified!
Observer notified!
Observer notified!
Observer notified!
Observer notified!
Observer notified!
Observer notified!
Observer notified!
Observer notified!
Observer notified!
Observer notified!
Observer notified!
Observer notified!
Observer notified!
Observer notified!
Observer notified!
Observer notified!
Observer notified!
Observer notified!
Observer notified!
Observer notified!
Observer notified!
Observer notified!
Observer notified!
Observer notified!
Observer notified!
Observer notified!
Observer notified!
Observer notified!
Observer notified!
Observer notified!
Observer notified!
Observer notified!
Observer notified!
Observer notified!
Observer notified!
Observer notified!
Observer notified!
Observer notified!
Observer notified!
Observer notified!
Observer notified!
Observer notified!
Observer notified!
Observer notified!
Observer notified!
Observer notified!
Observer notified!
Observer notified!
Observer notified!
Observer notified!
Observer notified!
Observer notified!
Observer notified!
Observer notified!
Observer notified!
Observer notified!
Observer notified!
Observer notified!
Observer notified!
Observer notified!
Observer notified!
Observer notified!
Observer notified!
Observer notified!
Observer notified!
Observer notified!
Observer notified!
Observer notified!
Observer notified!
Observer notified!
Observer notified!
Observer notified!
Observer notified!
Observer notified!
Observer notified!
Observer notified!
Observer notified!
Observer notified!
Observer notified!
Observer notified!
Observer notified!
Observer notified!
Observer notified!
Observer notified!
Observer notified!
Observer notified!
Observer notified!
Observer notified!
Observer notified!
Observer notified!
Observer notified!
Observer notified!
Observer notified!
Observer notified!
Observer notified!
Observer notified!
Observer notified!
Observer notified!
Observer notified!
Observer notified!
Observer notified!
Observer notified!
Observer notified!
Observer notified!
Observer notified!
Observer notified!
Observer notified!
Observer notified!
Observer notified!
Observer notified!
Observer notified!
Observer notified!
Observer notified!
Observer notified!
Observer notified!
Observer notified!
Observer notified!
Observer notified!
Observer notified!
Observer notified!
Observer notified!
Observer notified!
Observer notified!
Observer notified!
Observer notified!
Observer notified!
Observer notified!
Observer notified!
Observer notified!
Observer notified!
Observer notified!
Observer notified!
Observer notified!
Observer notified!
Observer notified!
Observer notified!
Observer notified!
Observer notified!
Observer notified!
Observer notified!
Observer notified!
Observer notified!
Observer notified!
Observer notified!
Observer notified!
Observer notified!
Observer notified!
Observer notified!
Observer notified!
Observer notified!
Observer notified!
Observer notified!
Observer notified!
Observer notified!
Observer notified!
Observer notified!
Observer notified!
Observer notified!
Observer notified!
Observer notified!
Observer notified!
Observer notified!
Observer notified!
Observer notified!
Observer notified!
Observer notified!
Observer notified!
Observer notified!
Observer notified!
Observer notified!
Observer notified!
Observer notified!
Observer notified!
Observer notified!
Observer notified!
Observer notified!
Observer notified!
Observer notified!
Observer notified!
Observer notified!
Observer notified!
Observer notified!
Observer notified!
Observer notified!
Observer notified!
Observer notified!
Observer notified!
Observer notified!
Observer notified!
Observer notified!
Observer notified!
Observer notified!
Observer notified!
Observer notified!
Observer notified!
Observer notified!
Observer notified!
Observer notified!
Observer notified!
Observer notified!
Observer notified!
Observer notified!
Observer notified!
Observer notified!
Observer notified!
Observer notified!
Observer notified!
Observer notified!
Observer notified!
Observer notified!
Observer notified!
Observer notified!
Observer notified!
Observer notified!
Observer notified!
Observer notified!
Observer notified!
Observer notified!
Observer notified!
Observer notified!
Observer notified!
Observer notified!
Observer notified!
Observer notified!
Observer notified!
Observer notified!
Observer notified!
Observer notified!
Observer notified!
Observer notified!
Observer notified!
Observer notified!
Observer notified!
Observer notified!
Observer notified!
Observer notified!
Observer notified!
Observer notified!
Observer notified!
Observer notified!
Observer notified!
Observer notified!
Observer notified!
Observer notified!
Observer notified!
Observer notified!
Observer notified!
Observer notified!
Observer notified!
Observer notified!
Observer notified!
Observer notified!
Observer notified!
Observer notified!
Observer notified!
Observer notified!
Observer notified!
Observer notified!
Observer notified!
Observer notified!
Observer notified!
Observer notified!
Observer notified!
Observer notified!
Observer notified!
Observer notified!
Observer notified!
Observer notified!
Observer notified!
Observer notified!
Observer notified!
Observer notified!
Observer notified!
Observer notified!
Observer notified!
Observer notified!
Observer notified!
Observer notified!
Observer notified!
Observer notified!
Observer notified!
Observer notified!
Observer notified!
Observer notified!
Observer notified!
Observer notified!
Observer notified!
Observer notified!
Observer notified!
Observer notified!
Observer notified!
Observer notified!
Observer notified!
Observer notified!
Observer notified!
Observer notified!
Observer notified!
Observer notified!
Observer notified!
Observer notified!
Observer notified!
Observer notified!
Observer notified!
Observer notified!
Observer notified!
Observer notified!
Observer notified!
Observer notified!
Observer notified!
Observer notified!
Observer notified!
Observer notified!
Observer notified!
Observer notified!
Observer notified!
Observer notified!
Observer notified!
Observer notified!
Observer notified!
Observer notified!
Observer notified!
Observer notified!
Observer notified!
Observer notified!
Observer notified!
Observer notified!
Observer notified!
Observer notified!
Observer notified!
Observer notified!
Observer notified!
Observer notified!
Observer notified!
Observer notified!
Observer notified!
Observer notified!
Observer notified!
Observer notified!
Observer notified!
Observer notified!
Observer notified!
Observer notified!
Observer notified!
Observer notified!
Observer notified!
Observer notified!
Observer notified!
Observer notified!
Observer notified!
Observer notified!
Observer notified!
Observer notified!
Observer notified!
Observer notified!
Observer notified!
Observer notified!
Observer notified!
Observer notified!
Observer notified!
Observer notified!
Observer notified!
Observer notified!
Observer notified!
Observer notified!
Observer notified!
Observer notified!
Observer notified!
Observer notified!
Observer notified!
Observer notified!
Observer notified!
Observer notified!
Observer notified!
Observer notified!
Observer notified!
Observer notified!
Observer notified!
Observer notified!
Observer notified!
Observer notified!
Observer notified!
Observer notified!
Observer notified!
Observer notified!
Observer notified!
Observer notified!
Observer notified!
Observer notified!
Observer notified!
Observer notified!
Observer notified!
Observer notified!
Observer notified!
Observer notified!
Observer notified!
Observer notified!
Observer notified!
Observer notified!
Observer notified!
Observer notified!
Observer notified!
Observer notified!
Observer notified!
Observer notified!
Observer notified!
Observer notified!
Observer notified!
Observer notified!
Observer notified!
Observer notified!
Observer notified!
Observer notified!
Observer notified!
Observer notified!
Observer notified!
Observer notified!
Observer notified!
Observer notified!
Observer notified!
Observer notified!
Observer notified!
Observer notified!
Observer notified!
Observer notified!
Observer notified!
Observer notified!
Observer notified!
Observer notified!
Observer notified!
Observer notified!
Observer notified!
Observer notified!
Observer notified!
Observer notified!
Observer notified!
Observer notified!
Observer notified!
Observer notified!
Observer notified!
Observer notified!
Observer notified!
Observer notified!
Observer notified!
Observer notified!
Observer notified!
Observer notified!
Observer notified!
Observer notified!
Observer notified!
Observer notified!
Observer notified!
Observer notified!
Observer notified!
Observer notified!
Observer notified!
Observer notified!
Observer notified!
Observer notified!
Observer notified!
Observer notified!
Observer notified!
Observer notified!
Observer notified!
Observer notified!
Observer notified!
Observer notified!
Observer notified!
Observer notified!
Observer notified!
Observer notified!
Observer notified!
Observer notified!
Observer notified!
Observer notified!
Observer notified!
Observer notified!
Observer notified!
Observer notified!
Observer notified!
Observer notified!
Observer notified!
Observer notified!
Observer notified!
Observer notified!
Observer notified!
Observer notified!
Observer notified!
Observer notified!
Observer notified!
Observer notified!
Observer notified!
Observer notified!
Observer notified!
Observer notified!
Observer notified!
Observer notified!
Observer notified!
Observer notified!
Observer notified!
Observer notified!
Observer notified!
Observer notified!
Observer notified!
Observer notified!
Observer notified!
Observer notified!
Observer notified!
Observer notified!
Observer notified!
Observer notified!
Observer notified!
Observer notified!
Observer notified!
Observer notified!
Observer notified!
Observer notified!
Observer notified!
Observer notified!
Observer notified!
Observer notified!
Observer notified!
Observer notified!
Observer notified!
Observer notified!
Observer notified!
Observer notified!
Observer notified!
Observer notified!
Observer notified!
Observer notified!
Observer notified!
Observer notified!
Observer notified!
Observer notified!
Observer notified!
Observer notified!
Observer notified!
Observer notified!
Observer notified!
Observer notified!
Observer notified!
Observer notified!
Observer notified!
Observer notified!
Observer notified!
Observer notified!
Observer notified!
Observer notified!
Observer notified!
Observer notified!
Observer notified!
Observer notified!
Observer notified!
Observer notified!
Observer notified!
Observer notified!
Observer notified!
Observer notified!
Observer notified!
Observer notified!
Observer notified!
Observer notified!
Observer notified!
Observer notified!
Observer notified!
Observer notified!
Observer notified!
Observer notified!
Observer notified!
Observer notified!
Observer notified!
Observer notified!
Observer notified!
Observer notified!
Observer notified!
Observer notified!
Observer notified!
Observer notified!
Observer notified!
Observer notified!
Observer notified!
Observer notified!
Observer notified!
Observer notified!
Observer notified!
Observer notified!
Observer notified!
Observer notified!
Observer notified!
Observer notified!
Observer notified!
Observer notified!
Observer notified!
Observer notified!
Observer notified!
Observer notified!
Observer notified!
Observer notified!
Observer notified!
Observer notified!
Observer notified!
Observer notified!
Observer notified!
Observer notified!
Observer notified!
Observer notified!
Observer notified!
Observer notified!
Observer notified!
Observer notified!
Observer notified!
Observer notified!
Observer notified!
Observer notified!
Observer notified!
Observer notified!
Observer notified!
Observer notified!
Observer notified!
Observer notified!
Observer notified!
Observer notified!
Observer notified!
Observer notified!
Observer notified!
Observer notified!
Observer notified!
Observer notified!
Observer notified!
Observer notified!
Observer notified!
Observer notified!
Observer notified!
Observer notified!
Observer notified!
Observer notified!
Observer notified!
Observer notified!
Observer notified!
Observer notified!
Observer notified!
Observer notified!
Observer notified!
Observer notified!
Observer notified!
Observer notified!
Observer notified!
Observer notified!
Observer notified!
Observer notified!
Observer notified!
Observer notified!
Observer notified!
Observer notified!
Observer notified!
Observer notified!
Observer notified!
Observer notified!
Observer notified!
Observer notified!
Observer notified!
Observer notified!
Observer notified!
Observer notified!
Observer notified!
Observer notified!
Observer notified!
Observer notified!
Observer notified!
Observer notified!
Observer notified!
Observer notified!
Observer notified!
Observer notified!
Observer notified!
Observer notified!
Observer notified!
Observer notified!
Observer notified!
Observer notified!
Observer notified!
Observer notified!
Observer notified!
Observer notified!
Observer notified!
Observer notified!
Observer notified!
Observer notified!
Observer notified!
Observer notified!
Observer notified!
Observer notified!
Observer notified!
Observer notified!
Observer notified!
Observer notified!
Observer notified!
Observer notified!
Observer notified!
Observer notified!
Observer notified!
Observer notified!
Observer notified!
Observer notified!
Observer notified!
Observer notified!
Observer notified!
Observer notified!
Observer notified!
Observer notified!
Observer notified!
Observer notified!
Observer notified!
Observer notified!
Observer notified!
Observer notified!
Observer notified!
Observer notified!
Observer notified!
Observer notified!
Observer notified!
Observer notified!
Observer notified!
Observer notified!
Observer notified!
Observer notified!
Observer notified!
Observer notified!
Observer notified!
Observer notified!
Observer notified!
Observer notified!
Observer notified!
Observer notified!
Observer notified!
Observer notified!
Observer notified!
Observer notified!
Observer notified!
Observer notified!
Observer notified!
Observer notified!
Observer notified!
Observer notified!
Observer notified!
Observer notified!
Observer notified!
Observer notified!
Observer notified!
Observer notified!
Observer notified!
Observer notified!
Observer notified!
Observer notified!
Observer notified!
Observer notified!
Observer notified!
Observer notified!
Observer notified!
Observer notified!
Observer notified!
Observer notified!
Observer notified!
Observer notified!
Observer notified!
Observer notified!
Observer notified!
Observer notified!
Observer notified!
Observer notified!
Observer notified!
Observer notified!
Observer notified!
Observer notified!
Observer notified!
Observer notified!
Observer notified!
Observer notified!
Observer notified!
Observer notified!
Observer notified!
Observer notified!
Observer notified!
Observer notified!
Observer notified!
Observer notified!
Observer notified!
Observer notified!
Observer notified!
Observer notified!
Observer notified!
Observer notified!
Observer notified!
Observer notified!
Observer notified!
Observer notified!
Observer notified!
Observer notified!
Observer notified!
Observer notified!
Observer notified!
Observer notified!
Observer notified!
Observer notified!
Observer notified!
Observer notified!
Observer notified!
Observer notified!
Observer notified!
Observer notified!
Observer notified!
Observer notified!
Observer notified!
Observer notified!
Observer notified!
Observer notified!
Observer notified!
Observer notified!
Observer notified!
Observer notified!
Observer notified!
Observer notified!
Observer notified!
Observer notified!
Observer notified!
Observer notified!
Observer notified!
Observer notified!
Observer notified!
Observer notified!
Observer notified!
Observer notified!
Observer notified!
Observer notified!
Observer notified!
Observer notified!
Observer notified!
Observer notified!
Observer notified!
Observer notified!
Observer notified!
Observer notified!
Observer notified!
Observer notified!
Observer notified!
Observer notified!
Observer notified!
Observer notified!
Observer notified!
Observer notified!
Observer notified!
Observer notified!
Observer notified!
Observer notified!
Observer notified!
Observer notified!
Observer notified!
Observer notified!
Observer notified!
Observer notified!
Observer notified!
Observer notified!
Observer notified!
Observer notified!
Observer notified!
Observer notified!
Observer notified!
Observer notified!
Observer notified!
Observer notified!
Observer notified!
Observer notified!
Observer notified!
Observer notified!
Observer notified!
Observer notified!
Observer notified!
Observer notified!
Observer notified!
Observer notified!
Observer notified!
Observer notified!
Observer notified!
Observer notified!
Observer notified!
Observer notified!
Observer notified!
Observer notified!
Observer notified!
Observer notified!
Observer notified!
Observer notified!
Observer notified!
Observer notified!
Observer notified!
Observer notified!
Observer notified!
Observer notified!
Observer notified!
Observer notified!
Observer notified!
Observer notified!
Observer notified!
Observer notified!
Observer notified!
Observer notified!
Observer notified!
Observer notified!
Observer notified!
Observer notified!
Observer notified!
Observer notified!
Observer notified!
Observer notified!
Observer notified!
Observer notified!
Observer notified!
Observer notified!
Observer notified!
Observer notified!
Observer notified!
Observer notified!
Observer notified!
Observer notified!
Observer notified!
Observer notified!
Observer notified!
Observer notified!
Observer notified!
Observer notified!
Observer notified!
Observer notified!
Observer notified!
Observer notified!
Observer notified!
Observer notified!
Observer notified!
Observer notified!
Observer notified!
Observer notified!
Observer notified!
Observer notified!
Observer notified!
Observer notified!
Observer notified!
Observer notified!
Observer notified!
Observer notified!
Observer notified!
Observer notified!
Observer notified!
Observer notified!
Observer notified!
Observer notified!
Observer notified!
Observer notified!
Observer notified!
Observer notified!
Observer notified!
Observer notified!
Observer notified!
Observer notified!
Observer notified!
Observer notified!
Observer notified!
Observer notified!
Observer notified!
Observer notified!
Observer notified!
Observer notified!
Observer notified!
Observer notified!
Observer notified!
Observer notified!
Observer notified!
Observer notified!
Observer notified!
Observer notified!
Observer notified!
Observer notified!
Observer notified!
Observer notified!
Observer notified!
Observer notified!
Observer notified!
Observer notified!
Observer notified!
Observer notified!
Observer notified!
Observer notified!
Observer notified!
Observer notified!
Observer notified!
Observer notified!
Observer notified!
Observer notified!
Observer notified!
Observer notified!
Observer notified!
Observer notified!
Observer notified!
Observer notified!
Observer notified!
Observer notified!
Observer notified!
Observer notified!
Observer notified!
Observer notified!
Observer notified!
Observer notified!
Observer notified!
Observer notified!
Observer notified!
Observer notified!
Observer notified!
Observer notified!
Observer notified!
Observer notified!
Observer notified!
Observer notified!
Observer notified!
Observer notified!
Observer notified!
Observer notified!
Observer notified!
Observer notified!
Observer notified!
Observer notified!
Observer notified!
Observer notified!
Observer notified!
Observer notified!
Observer notified!
Observer notified!
Observer notified!
Observer notified!
Observer notified!
Observer notified!
Observer notified!
Observer notified!
Observer notified!
Observer notified!
Observer notified!
Observer notified!
Observer notified!
Observer notified!
Observer notified!
Observer notified!
Observer notified!
Observer notified!
Observer notified!
Observer notified!
Observer notified!
Observer notified!
Observer notified!
Observer notified!
Observer notified!
Observer notified!
Observer notified!
Observer notified!
Observer notified!
Observer notified!
Observer notified!
Observer notified!
Observer notified!
Observer notified!
Observer notified!
Observer notified!
Observer notified!
Observer notified!
Observer notified!
Observer notified!
Observer notified!
Observer notified!
Observer notified!
Observer notified!
Observer notified!
Observer notified!
Observer notified!
Observer notified!
Observer notified!
Observer notified!
Observer notified!
Observer notified!
Observer notified!
Observer notified!
Observer notified!
Observer notified!
Observer notified!
Observer notified!
Observer notified!
Observer notified!
Observer notified!
Observer notified!
Observer notified!
Observer notified!
Observer notified!
Observer notified!
Observer notified!
Observer notified!
Observer notified!
Observer notified!
Observer notified!
Observer notified!
Observer notified!
Observer notified!
Observer notified!
Observer notified!
Observer notified!
Observer notified!
Observer notified!
Observer notified!
Observer notified!
Observer notified!
Observer notified!
Observer notified!
Observer notified!
Observer notified!
Observer notified!
Observer notified!
Observer notified!
Observer notified!
Observer notified!
Observer notified!
Observer notified!
Observer notified!
Observer notified!
Observer notified!
Observer notified!
Observer notified!
Observer notified!
Observer notified!
Observer notified!
Observer notified!
Observer notified!
Observer notified!
Observer notified!
Observer notified!
Observer notified!
Observer notified!
Observer notified!
Observer notified!
Observer notified!
Observer notified!
Observer notified!
Observer notified!
Observer notified!
Observer notified!
Observer notified!
Observer notified!
Observer notified!
Observer notified!
Observer notified!
Observer notified!
Observer notified!
Observer notified!
Observer notified!
Observer notified!
Observer notified!
Observer notified!
Observer notified!
Observer notified!
Observer notified!
Observer notified!
Observer notified!
Observer notified!
Observer notified!
Observer notified!
Observer notified!
Observer notified!
Observer notified!
Observer notified!
Observer notified!
Observer notified!
Observer notified!
Observer notified!
Observer notified!
Observer notified!
Observer notified!
Observer notified!
Observer notified!
Observer notified!
Observer notified!
Observer notified!
Observer notified!
Observer notified!
Observer notified!
Observer notified!
Observer notified!
Observer notified!
Observer notified!
Observer notified!
Observer notified!
Observer notified!
Observer notified!
Observer notified!
Observer notified!
Observer notified!
Observer notified!
Observer notified!
Observer notified!
Observer notified!
Observer notified!
Observer notified!
Observer notified!
Observer notified!
Observer notified!
Observer notified!
Observer notified!
Observer notified!
Observer notified!
Observer notified!
Observer notified!
Observer notified!
Observer notified!
Observer notified!
Observer notified!
Observer notified!
Observer notified!
Observer notified!
Observer notified!
Observer notified!
Observer notified!
Blockiert!</StdOut>
        <ErrorInfo>
          <Message>Test method TestAnwendungskern.IBesucherTest.BlockierungFürSitzplatzAufhebenTest threw exception: 
System.NotImplementedException: The method or operation is not implemented.</Message>
          <StackTrace>    at Kinokarten.Schnittstelle.KinokartenAdministration.IsTicketBlocked(IPublicVorstellung vorstellung, ISitz sitz) in C:\Users\André\Documents\SePraktikum\SEPraktikum\TicketOperations\Schnittstelle\KinokartenAdministration.cs:line 85
   at SystemAdministration.Interfaces.Administration.IsTicketBlocked(IPublicVorstellung vorstellung, ISitz sitz) in C:\Users\André\Documents\SePraktikum\SEPraktikum\SystemAdministration\Interfaces\Administration.cs:line 35
   at TestAnwendungskern.IBesucherTest.BlockierungFürSitzplatzAufhebenTest() in C:\Users\N3trunner.MITTELERDE\Desktop\Dropbox\HAW\Semester3\SE\Praktika\SEPraktikumVisualStudio\SEPraktikum\TestAnwendungskern\IBesucherTest.cs:line 135
</StackTrace>
        </ErrorInfo>
      </Output>
    </UnitTestResult>
    <UnitTestResult executionId="195b51c2-5057-4d14-867a-94563d28e9ed" testId="c198eafe-a4ed-d557-9046-342453b9c13e" testName="GetVerfügbareSitzplätzeFürVorstellungTest" computerName="GLOIN" duration="00:00:00.0057954" startTime="2011-06-03T00:50:36.3919535+02:00" endTime="2011-06-03T00:50:36.4019545+02:00" testType="13cdc9d9-ddb5-4fa4-a97d-d965ccfc6d4b" outcome="Passed" testListId="8c84fa94-04c1-424b-9868-57a2d4851a1d" relativeResultsDirectory="195b51c2-5057-4d14-867a-94563d28e9ed">
      <Output>
        <StdOut>Observer notified!
Observer notified!
Observer notified!
Observer notified!
Observer notified!
Observer notified!
Observer notified!
Observer notified!
Observer notified!
Observer notified!
Observer notified!
Observer notified!
Observer notified!
Observer notified!
Observer notified!
Observer notified!
Observer notified!
Observer notified!
Observer notified!
Observer notified!
Observer notified!
Observer notified!
Observer notified!
Observer notified!
Observer notified!
Observer notified!
Observer notified!
Observer notified!
Observer notified!
Observer notified!
Observer notified!
Observer notified!
Observer notified!
Observer notified!
Observer notified!
Observer notified!
Observer notified!
Observer notified!
Observer notified!
Observer notified!
Observer notified!
Observer notified!
Observer notified!
Observer notified!
Observer notified!
Observer notified!
Observer notified!
Observer notified!
Observer notified!
Observer notified!
Observer notified!
Observer notified!
Observer notified!
Observer notified!
Observer notified!
Observer notified!
Observer notified!
Observer notified!
Observer notified!
Observer notified!
Observer notified!
Observer notified!
Observer notified!
Observer notified!
Observer notified!
Observer notified!
Observer notified!
Observer notified!
Observer notified!
Observer notified!
Observer notified!
Observer notified!
Observer notified!
Observer notified!
Observer notified!
Observer notified!
Observer notified!
Observer notified!
Observer notified!
Observer notified!
Observer notified!
Observer notified!
Observer notified!
Observer notified!
Observer notified!
Observer notified!
Observer notified!
Observer notified!
Observer notified!
Observer notified!
Observer notified!
Observer notified!
Observer notified!
Observer notified!
Observer notified!
Observer notified!
Observer notified!
Observer notified!
Observer notified!
Observer notified!
Observer notified!
Observer notified!
Observer notified!
Observer notified!
Observer notified!
Observer notified!
Observer notified!
Observer notified!
Observer notified!
Observer notified!
Observer notified!
Observer notified!
Observer notified!
Observer notified!
Observer notified!
Observer notified!
Observer notified!
Observer notified!
Observer notified!
Observer notified!
Observer notified!
Observer notified!
Observer notified!
Observer notified!
Observer notified!
Observer notified!
Observer notified!
Observer notified!
Observer notified!
Observer notified!
Observer notified!
Observer notified!
Observer notified!
Observer notified!
Observer notified!
Observer notified!
Observer notified!
Observer notified!
Observer notified!
Observer notified!
Observer notified!
Observer notified!
Observer notified!
Observer notified!
Observer notified!
Observer notified!
Observer notified!
Observer notified!
Observer notified!
Observer notified!
Observer notified!
Observer notified!
Observer notified!
Observer notified!
Observer notified!
Observer notified!
Observer notified!
Observer notified!
Observer notified!
Observer notified!
Observer notified!
Observer notified!
Observer notified!
Observer notified!
Observer notified!
Observer notified!
Observer notified!
Observer notified!
Observer notified!
Observer notified!
Observer notified!
Observer notified!
Observer notified!
Observer notified!
Observer notified!
Observer notified!
Observer notified!
Observer notified!
Observer notified!
Observer notified!
Observer notified!
Observer notified!
Observer notified!
Observer notified!
Observer notified!
Observer notified!
Observer notified!
Observer notified!
Observer notified!
Observer notified!
Observer notified!
Observer notified!
Observer notified!
Observer notified!
Observer notified!
Observer notified!
Observer notified!
Observer notified!
Observer notified!
Observer notified!
Observer notified!
Observer notified!
Observer notified!
Observer notified!
Observer notified!
Observer notified!
Observer notified!
Observer notified!
Observer notified!
Observer notified!
Observer notified!
Observer notified!
Observer notified!
Observer notified!
Observer notified!
Observer notified!
Observer notified!
Observer notified!
Observer notified!
Observer notified!
Observer notified!
Observer notified!
Observer notified!
Observer notified!
Observer notified!
Observer notified!
Observer notified!
Observer notified!
Observer notified!
Observer notified!
Observer notified!
Observer notified!
Observer notified!
Observer notified!
Observer notified!
Observer notified!
Observer notified!
Observer notified!
Observer notified!
Observer notified!
Observer notified!
Observer notified!
Observer notified!
Observer notified!
Observer notified!
Observer notified!
Observer notified!
Observer notified!
Observer notified!
Observer notified!
Observer notified!
Observer notified!
Observer notified!
Observer notified!
Observer notified!
Observer notified!
Observer notified!
Observer notified!
Observer notified!
Observer notified!
Observer notified!
Observer notified!
Observer notified!
Observer notified!
Observer notified!
Observer notified!
Observer notified!
Observer notified!
Observer notified!
Observer notified!
Observer notified!
Observer notified!
Observer notified!
Observer notified!
Observer notified!
Observer notified!
Observer notified!
Observer notified!
Observer notified!
Observer notified!
Observer notified!
Observer notified!
Observer notified!
Observer notified!
Observer notified!
Observer notified!
Observer notified!
Observer notified!
Observer notified!
Observer notified!
Observer notified!
Observer notified!
Observer notified!
Observer notified!
Observer notified!
Observer notified!
Observer notified!
Observer notified!
Observer notified!
Observer notified!
Observer notified!
Observer notified!
Observer notified!
Observer notified!
Observer notified!
Observer notified!
Observer notified!
Observer notified!
Observer notified!
Observer notified!
Observer notified!
Observer notified!
Observer notified!
Observer notified!
Observer notified!
Observer notified!
Observer notified!
Observer notified!
Observer notified!
Observer notified!
Observer notified!
Observer notified!
Observer notified!
Observer notified!
Observer notified!
Observer notified!
Observer notified!
Observer notified!
Observer notified!
Observer notified!
Observer notified!
Observer notified!
Observer notified!
Observer notified!
Observer notified!
Observer notified!
Observer notified!
Observer notified!
Observer notified!
Observer notified!
Observer notified!
Observer notified!
Observer notified!
Observer notified!
Observer notified!
Observer notified!
Observer notified!
Observer notified!
Observer notified!
Observer notified!
Observer notified!
Observer notified!
Observer notified!
Observer notified!
Observer notified!
Observer notified!
Observer notified!
Observer notified!
Observer notified!
Observer notified!
Observer notified!
Observer notified!
Observer notified!
Observer notified!
Observer notified!
Observer notified!
Observer notified!
Observer notified!
Observer notified!
Observer notified!
Observer notified!
Observer notified!
Observer notified!
Observer notified!
Observer notified!
Observer notified!
Observer notified!
Observer notified!
Observer notified!
Observer notified!
Observer notified!
Observer notified!
Observer notified!
Observer notified!
Observer notified!
Observer notified!
Observer notified!
Observer notified!
Observer notified!
Observer notified!
Observer notified!
Observer notified!
Observer notified!
Observer notified!
Observer notified!
Observer notified!
Observer notified!
Observer notified!
Observer notified!
Observer notified!
Observer notified!
Observer notified!
Observer notified!
Observer notified!
Observer notified!
Observer notified!
Observer notified!
Observer notified!
Observer notified!
Observer notified!
Observer notified!
Observer notified!
Observer notified!
Observer notified!
Observer notified!
Observer notified!
Observer notified!
Observer notified!
Observer notified!
Observer notified!
Observer notified!
Observer notified!
Observer notified!
Observer notified!
Observer notified!
Observer notified!
Observer notified!
Observer notified!
Observer notified!
Observer notified!
Observer notified!
Observer notified!
Observer notified!
Observer notified!
Observer notified!
Observer notified!
Observer notified!
Observer notified!
Observer notified!
Observer notified!
Observer notified!
Observer notified!
Observer notified!
Observer notified!
Observer notified!
Observer notified!
Observer notified!
Observer notified!
Observer notified!
Observer notified!
Observer notified!
Observer notified!
Observer notified!
Observer notified!
Observer notified!
Observer notified!
Observer notified!
Observer notified!
Observer notified!
Observer notified!
Observer notified!
Observer notified!
Observer notified!
Observer notified!
Observer notified!
Observer notified!
Observer notified!
Observer notified!
Observer notified!
Observer notified!
Observer notified!
Observer notified!
Observer notified!
Observer notified!
Observer notified!
Observer notified!
Observer notified!
Observer notified!
Observer notified!
Observer notified!
Observer notified!
Observer notified!
Observer notified!
Observer notified!
Observer notified!
Observer notified!
Observer notified!
Observer notified!
Observer notified!
Observer notified!
Observer notified!
Observer notified!
Observer notified!
Observer notified!
Observer notified!
Observer notified!
Observer notified!
Observer notified!
Observer notified!
Observer notified!
Observer notified!
Observer notified!
Observer notified!
Observer notified!
Observer notified!
Observer notified!
Observer notified!
Observer notified!
Observer notified!
Observer notified!
Observer notified!
Observer notified!
Observer notified!
Observer notified!
Observer notified!
Observer notified!
Observer notified!
Observer notified!
Observer notified!
Observer notified!
Observer notified!
Observer notified!
Observer notified!
Observer notified!
Observer notified!
Observer notified!
Observer notified!
Observer notified!
Observer notified!
Observer notified!
Observer notified!
Observer notified!
Observer notified!
Observer notified!
Observer notified!
Observer notified!
Observer notified!
Observer notified!
Observer notified!
Observer notified!
Observer notified!
Observer notified!
Observer notified!
Observer notified!
Observer notified!
Observer notified!
Observer notified!
Observer notified!
Observer notified!
Observer notified!
Observer notified!
Observer notified!
Observer notified!
Observer notified!
Observer notified!
Observer notified!
Observer notified!
Observer notified!
Observer notified!
Observer notified!
Observer notified!
Observer notified!
Observer notified!
Observer notified!
Observer notified!
Observer notified!
Observer notified!
Observer notified!
Observer notified!
Observer notified!
Observer notified!
Observer notified!
Observer notified!
Observer notified!
Observer notified!
Observer notified!
Observer notified!
Observer notified!
Observer notified!
Observer notified!
Observer notified!
Observer notified!
Observer notified!
Observer notified!
Observer notified!
Observer notified!
Observer notified!
Observer notified!
Observer notified!
Observer notified!
Observer notified!
Observer notified!
Observer notified!
Observer notified!
Observer notified!
Observer notified!
Observer notified!
Observer notified!
Observer notified!
Observer notified!
Observer notified!
Observer notified!
Observer notified!
Observer notified!
Observer notified!
Observer notified!
Observer notified!
Observer notified!
Observer notified!
Observer notified!
Observer notified!
Observer notified!
Observer notified!
Observer notified!
Observer notified!
Observer notified!
Observer notified!
Observer notified!
Observer notified!
Observer notified!
Observer notified!
Observer notified!
Observer notified!
Observer notified!
Observer notified!
Observer notified!
Observer notified!
Observer notified!
Observer notified!
Observer notified!
Observer notified!
Observer notified!
Observer notified!
Observer notified!
Observer notified!
Observer notified!
Observer notified!
Observer notified!
Observer notified!
Observer notified!
Observer notified!
Observer notified!
Observer notified!
Observer notified!
Observer notified!
Observer notified!
Observer notified!
Observer notified!
Observer notified!
Observer notified!
Observer notified!
Observer notified!
Observer notified!
Observer notified!
Observer notified!
Observer notified!
Observer notified!
Observer notified!
Observer notified!
Observer notified!
Observer notified!
Observer notified!
Observer notified!
Observer notified!
Observer notified!
Observer notified!
Observer notified!
Observer notified!
Observer notified!
Observer notified!
Observer notified!
Observer notified!
Observer notified!
Observer notified!
Observer notified!
Observer notified!
Observer notified!
Observer notified!
Observer notified!
Observer notified!
Observer notified!
Observer notified!
Observer notified!
Observer notified!
Observer notified!
Observer notified!
Observer notified!
Observer notified!
Observer notified!
Observer notified!
Observer notified!
Observer notified!
Observer notified!
Observer notified!
Observer notified!
Observer notified!
Observer notified!
Observer notified!
Observer notified!
Observer notified!
Observer notified!
Observer notified!
Observer notified!
Observer notified!
Observer notified!
Observer notified!
Observer notified!
Observer notified!
Observer notified!
Observer notified!
Observer notified!
Observer notified!
Observer notified!
Observer notified!
Observer notified!
Observer notified!
Observer notified!
Observer notified!
Observer notified!
Observer notified!
Observer notified!
Observer notified!
Observer notified!
Observer notified!
Observer notified!
Observer notified!
Observer notified!
Observer notified!
Observer notified!
Observer notified!
Observer notified!
Observer notified!
Observer notified!
Observer notified!
Observer notified!
Observer notified!
Observer notified!
Observer notified!
Observer notified!
Observer notified!
Observer notified!
Observer notified!
Observer notified!
Observer notified!
Observer notified!
Observer notified!
Observer notified!
Observer notified!
Observer notified!
Observer notified!
Observer notified!
Observer notified!
Observer notified!
Observer notified!
Observer notified!
Observer notified!
Observer notified!
Observer notified!
Observer notified!
Observer notified!
Observer notified!
Observer notified!
Observer notified!
Observer notified!
Observer notified!
Observer notified!
Observer notified!
Observer notified!
Observer notified!
Observer notified!
Observer notified!
Observer notified!
Observer notified!
Observer notified!
Observer notified!
Observer notified!
Observer notified!
Observer notified!
Observer notified!
Observer notified!
Observer notified!
Observer notified!
Observer notified!
Observer notified!
Observer notified!
Observer notified!
Observer notified!
Observer notified!
Observer notified!
Observer notified!
Observer notified!
Observer notified!
Observer notified!
Observer notified!
Observer notified!
Observer notified!
Observer notified!
Observer notified!
Observer notified!
Observer notified!
Observer notified!
Observer notified!
Observer notified!
Observer notified!
Observer notified!
Observer notified!
Observer notified!
Observer notified!
Observer notified!
Observer notified!
Observer notified!
Observer notified!
Observer notified!
Observer notified!
Observer notified!
Observer notified!
Observer notified!
Observer notified!
Observer notified!
Observer notified!
Observer notified!
Observer notified!
Observer notified!
Observer notified!
Observer notified!
Observer notified!
Observer notified!
Observer notified!
Observer notified!
Observer notified!
Observer notified!
Observer notified!
Observer notified!
Observer notified!
Observer notified!
Observer notified!
Observer notified!
Observer notified!
Observer notified!
Observer notified!
Observer notified!
Observer notified!
Observer notified!
Observer notified!
Observer notified!
Observer notified!
Observer notified!
Observer notified!
Observer notified!
Observer notified!
Observer notified!
Observer notified!
Observer notified!
Observer notified!
Observer notified!
Observer notified!
Observer notified!
Observer notified!
Observer notified!
Observer notified!
Observer notified!
Observer notified!
Observer notified!
Observer notified!
Observer notified!
Observer notified!
Observer notified!
Observer notified!
Observer notified!
Observer notified!
Observer notified!
Observer notified!
Observer notified!
Observer notified!
Observer notified!
Observer notified!
Observer notified!
Observer notified!
Observer notified!
Observer notified!
Observer notified!
Observer notified!
Observer notified!
Observer notified!
Observer notified!
Observer notified!
Observer notified!
Observer notified!
Observer notified!
Observer notified!
Observer notified!
Observer notified!
Observer notified!
Observer notified!
Observer notified!
Observer notified!
Observer notified!
Observer notified!
Observer notified!
Observer notified!
Observer notified!
Observer notified!
Observer notified!
Observer notified!
Observer notified!
Observer notified!
Observer notified!
Observer notified!
Observer notified!
Observer notified!
Observer notified!
Observer notified!
Observer notified!
Observer notified!
Observer notified!
Observer notified!
Observer notified!
Observer notified!
Observer notified!
Observer notified!
Observer notified!
Observer notified!
Observer notified!
Observer notified!
Observer notified!
Observer notified!
Observer notified!
Observer notified!
Observer notified!
Observer notified!
Observer notified!
Observer notified!
Observer notified!
Observer notified!
Observer notified!
Observer notified!
Observer notified!
Observer notified!
Observer notified!
Observer notified!
Observer notified!
Observer notified!
Observer notified!
Observer notified!
Observer notified!
Observer notified!
Observer notified!
Observer notified!
Observer notified!
Observer notified!
Observer notified!
Observer notified!
Observer notified!
Observer notified!
Observer notified!
Observer notified!
Observer notified!
Observer notified!
Observer notified!
Observer notified!
Observer notified!
Observer notified!
Observer notified!
Observer notified!
Observer notified!
Observer notified!
Observer notified!
Observer notified!
Observer notified!
Observer notified!
Observer notified!
Observer notified!
Observer notified!
Observer notified!
Observer notified!
Observer notified!
Observer notified!
Observer notified!
Observer notified!
Observer notified!
Observer notified!
Observer notified!
Observer notified!
Observer notified!
Observer notified!
Observer notified!
Observer notified!
Observer notified!
Observer notified!
Observer notified!
Observer notified!
Observer notified!
Observer notified!
Observer notified!
Observer notified!
Observer notified!
Observer notified!
Observer notified!
Observer notified!
Observer notified!
Observer notified!
Observer notified!
Observer notified!
Observer notified!
Observer notified!
Observer notified!
Observer notified!
Observer notified!
Observer notified!
Observer notified!
Observer notified!
Observer notified!
Observer notified!
Observer notified!
Observer notified!
Observer notified!
Observer notified!
Observer notified!
Observer notified!
Observer notified!
Observer notified!
Observer notified!
Observer notified!
Observer notified!
Observer notified!
Observer notified!
Observer notified!
Observer notified!
Observer notified!
Observer notified!
Observer notified!
Observer notified!
Observer notified!
Observer notified!
Observer notified!
Observer notified!
Observer notified!
Observer notified!
Observer notified!
Observer notified!
Observer notified!
Observer notified!
Observer notified!
Observer notified!
Observer notified!
Observer notified!
Observer notified!
Observer notified!
Observer notified!
Observer notified!
Observer notified!
Observer notified!
Observer notified!
Observer notified!
Observer notified!
Observer notified!
Observer notified!
Observer notified!
Observer notified!
Observer notified!
Observer notified!
Observer notified!
Observer notified!
Observer notified!
Observer notified!
Observer notified!
Observer notified!
Observer notified!
Observer notified!
Observer notified!
Observer notified!
Observer notified!
Observer notified!
Observer notified!
Observer notified!
Observer notified!
Observer notified!
Observer notified!
Observer notified!
Observer notified!
Observer notified!
Observer notified!
Observer notified!
Observer notified!
Observer notified!
Observer notified!
Observer notified!
Observer notified!
Observer notified!
Observer notified!
Observer notified!
Observer notified!
Observer notified!
Observer notified!
Observer notified!
Observer notified!
Observer notified!
Observer notified!
Observer notified!
Observer notified!
Observer notified!
Observer notified!
Observer notified!
Observer notified!
Observer notified!
Observer notified!
Observer notified!
Observer notified!
Observer notified!
Observer notified!
Observer notified!
Observer notified!
Observer notified!
Observer notified!
Observer notified!
Observer notified!
Observer notified!
Observer notified!
Observer notified!
Observer notified!
Observer notified!
Observer notified!
Observer notified!
Observer notified!
Observer notified!
Observer notified!
Observer notified!
Observer notified!
Observer notified!
Observer notified!
Observer notified!
Observer notified!
Observer notified!
Observer notified!
Observer notified!
Observer notified!
Observer notified!
Observer notified!
Observer notified!
Observer notified!
Observer notified!
Observer notified!
Observer notified!
Observer notified!
Observer notified!
Observer notified!
Observer notified!
Observer notified!
Observer notified!
Observer notified!
Observer notified!
Observer notified!
Observer notified!
Observer notified!
Observer notified!
Observer notified!
Observer notified!
Observer notified!
Observer notified!
Observer notified!
Observer notified!
Observer notified!
Observer notified!
Observer notified!
Observer notified!
Observer notified!
Observer notified!
Observer notified!
Observer notified!
Observer notified!
Observer notified!
Observer notified!
Observer notified!
Observer notified!
Observer notified!
Observer notified!
Observer notified!
Observer notified!
Observer notified!
Observer notified!
Observer notified!
Observer notified!
Observer notified!
Observer notified!
Observer notified!
Observer notified!
Observer notified!
Observer notified!
Observer notified!
Observer notified!
Observer notified!
Observer notified!
Observer notified!
Observer notified!
Observer notified!
Observer notified!
Observer notified!
Observer notified!
Observer notified!
Observer notified!
Observer notified!
Observer notified!
Observer notified!
Observer notified!
Observer notified!
Observer notified!
Observer notified!
Observer notified!
Observer notified!
Observer notified!
Observer notified!
Observer notified!
Observer notified!
Observer notified!
Observer notified!
Observer notified!
Observer notified!
Observer notified!
Observer notified!
Observer notified!
Observer notified!
Observer notified!
Observer notified!
Observer notified!
Observer notified!
Observer notified!
Observer notified!
Observer notified!
Observer notified!
Observer notified!
Observer notified!
Observer notified!
Observer notified!
Observer notified!
Observer notified!
Observer notified!
Observer notified!
Observer notified!
Observer notified!
Observer notified!
Observer notified!
Observer notified!
Observer notified!
Observer notified!
Observer notified!
Observer notified!
Observer notified!
Observer notified!
Observer notified!
Observer notified!
Observer notified!
Observer notified!
Observer notified!
Observer notified!
Observer notified!
Observer notified!
Observer notified!
Observer notified!
Observer notified!
Observer notified!
Observer notified!
Observer notified!
Observer notified!
Observer notified!
Observer notified!
Observer notified!
Observer notified!
Observer notified!
Observer notified!
Observer notified!
Observer notified!
Observer notified!
Observer notified!
Observer notified!
Observer notified!
Observer notified!
Observer notified!
Observer notified!
Observer notified!
Observer notified!
Observer notified!
Observer notified!
Observer notified!
Observer notified!
Observer notified!
Observer notified!
Observer notified!
Observer notified!
Observer notified!
Observer notified!
Observer notified!
Observer notified!
Observer notified!
Observer notified!
Observer notified!
Observer notified!
Observer notified!
Observer notified!
Observer notified!
Observer notified!
Observer notified!
Observer notified!
Observer notified!
Observer notified!
Observer notified!
Observer notified!
Observer notified!
Observer notified!
Observer notified!
Observer notified!
Observer notified!
Observer notified!
Observer notified!
Observer notified!
Observer notified!
Observer notified!
Observer notified!
Observer notified!
Observer notified!
Observer notified!
Observer notified!
Observer notified!
Observer notified!
Observer notified!
Observer notified!
Observer notified!
Observer notified!
Observer notified!
Observer notified!
Observer notified!
Observer notified!
Observer notified!
Observer notified!
Observer notified!
Observer notified!
Observer notified!
Observer notified!
Observer notified!
Observer notified!
Observer notified!
Observer notified!
Observer notified!
Observer notified!
Observer notified!
Observer notified!
Observer notified!
Observer notified!
Observer notified!
Observer notified!
Observer notified!
Observer notified!
Observer notified!
Observer notified!
Observer notified!
Observer notified!
Observer notified!
Observer notified!
Observer notified!
Observer notified!
Observer notified!
Observer notified!
Observer notified!
Observer notified!
Observer notified!
Observer notified!
Observer notified!
Observer notified!
Observer notified!
Observer notified!
Observer notified!
Observer notified!
Observer notified!
Observer notified!
Observer notified!
Observer notified!
Observer notified!
Observer notified!
Observer notified!
Observer notified!
Observer notified!
Observer notified!
Observer notified!
Observer notified!
Observer notified!
Observer notified!
Observer notified!
Observer notified!
Observer notified!
Observer notified!
Observer notified!
Observer notified!
Observer notified!
Observer notified!
Observer notified!
Observer notified!
Observer notified!
Observer notified!
Observer notified!
Observer notified!
Observer notified!
Observer notified!
Observer notified!
Observer notified!
Observer notified!
Observer notified!
Observer notified!
Observer notified!
Observer notified!
Observer notified!
Observer notified!
Observer notified!
Observer notified!
Observer notified!
Observer notified!
Observer notified!
Observer notified!
Observer notified!
Observer notified!
Observer notified!
Observer notified!
Observer notified!
Observer notified!
Observer notified!
Observer notified!
Observer notified!
Observer notified!
Observer notified!
Observer notified!
Observer notified!
Observer notified!
Observer notified!
Observer notified!
Observer notified!
Observer notified!
Observer notified!
Observer notified!
Observer notified!
Observer notified!
Observer notified!
Observer notified!
Observer notified!
Observer notified!
Observer notified!
Observer notified!
Observer notified!
Observer notified!
Observer notified!
Observer notified!
Observer notified!
Observer notified!
Observer notified!
Observer notified!
Observer notified!
Observer notified!
Observer notified!
Observer notified!
Observer notified!
Observer notified!
Observer notified!
Observer notified!
Observer notified!
Observer notified!
Observer notified!
Observer notified!
Observer notified!
Observer notified!
Observer notified!
Observer notified!
Observer notified!
Observer notified!
Observer notified!
Observer notified!
Observer notified!
Observer notified!
Observer notified!
Observer notified!
Observer notified!
Observer notified!
Observer notified!
Observer notified!
Observer notified!
Observer notified!
Observer notified!
Observer notified!
Observer notified!
Observer notified!
Observer notified!
Observer notified!
Observer notified!
Observer notified!
Observer notified!
Observer notified!
Observer notified!
Observer notified!
Observer notified!
Observer notified!
Observer notified!
Observer notified!
Observer notified!
Observer notified!
Observer notified!
Observer notified!
Observer notified!
Observer notified!
Observer notified!
Observer notified!
Observer notified!
Observer notified!
Observer notified!
Observer notified!
Observer notified!
Observer notified!
Observer notified!
Observer notified!
Observer notified!
Observer notified!
Observer notified!
Observer notified!
Observer notified!
Observer notified!
Observer notified!
Observer notified!
Observer notified!
Observer notified!
Observer notified!
Observer notified!
Observer notified!
Observer notified!
Observer notified!
Observer notified!
Observer notified!
Observer notified!
Observer notified!
Observer notified!
Observer notified!
Observer notified!
Observer notified!
Observer notified!
Observer notified!
Observer notified!
Observer notified!
Observer notified!
Observer notified!
Observer notified!
Observer notified!
Observer notified!
Observer notified!
Observer notified!
Observer notified!
Observer notified!
Observer notified!
Observer notified!
Observer notified!
Observer notified!
Observer notified!
Observer notified!
Observer notified!
Observer notified!
Observer notified!
Observer notified!
Observer notified!
Observer notified!
Observer notified!
Observer notified!
Observer notified!
Observer notified!
Observer notified!
Observer notified!
Observer notified!
Observer notified!
Observer notified!
Observer notified!
Observer notified!
Observer notified!
Observer notified!
Observer notified!
Observer notified!
Observer notified!
Observer notified!
Observer notified!
Observer notified!
Observer notified!
Observer notified!
Observer notified!
Observer notified!
Observer notified!
Observer notified!
Observer notified!
Observer notified!
Observer notified!
Observer notified!
Observer notified!
Observer notified!
Observer notified!
Observer notified!
Observer notified!
Observer notified!
Observer notified!
Observer notified!
Observer notified!
Observer notified!
Observer notified!
Observer notified!
Observer notified!
Observer notified!
Observer notified!
Observer notified!
Observer notified!
Observer notified!
Observer notified!
Observer notified!
Observer notified!
Observer notified!
Observer notified!
Observer notified!
Observer notified!
Observer notified!
Observer notified!
Observer notified!
Observer notified!
Observer notified!
Observer notified!
Observer notified!
Observer notified!
Observer notified!
Observer notified!
Observer notified!
Observer notified!
Observer notified!
Observer notified!
Observer notified!
Observer notified!
Observer notified!
Observer notified!
Observer notified!
Observer notified!
Observer notified!
Observer notified!
Observer notified!
Observer notified!
Observer notified!
Observer notified!
Observer notified!
Observer notified!
Observer notified!
Observer notified!
Observer notified!
Observer notified!
Observer notified!
Observer notified!
Observer notified!
Observer notified!
Observer notified!
Observer notified!
Observer notified!
Observer notified!
Observer notified!
Observer notified!
Observer notified!
Observer notified!
Observer notified!
Observer notified!
Observer notified!
Observer notified!
Observer notified!
Observer notified!
Observer notified!
Observer notified!
Observer notified!
Observer notified!
Observer notified!
Observer notified!
Observer notified!
Observer notified!
Observer notified!
Observer notified!
Observer notified!
Observer notified!
Observer notified!
Observer notified!
Observer notified!
Observer notified!
Observer notified!
Observer notified!
Observer notified!
Observer notified!
Observer notified!
Observer notified!
Observer notified!
Observer notified!
Observer notified!
Observer notified!
Observer notified!
Observer notified!
Observer notified!
Observer notified!
Observer notified!
Observer notified!
Observer notified!
Observer notified!
Observer notified!
Observer notified!
Observer notified!
Observer notified!
Observer notified!
Observer notified!
Observer notified!
Observer notified!
Observer notified!
Observer notified!
Observer notified!
Observer notified!
Observer notified!
Observer notified!
Observer notified!
Observer notified!
Observer notified!
Observer notified!
Observer notified!
Observer notified!
Observer notified!
Observer notified!
Observer notified!
Observer notified!
Observer notified!
Observer notified!
Observer notified!
Observer notified!
Observer notified!
Observer notified!
Observer notified!
Observer notified!
Observer notified!
Observer notified!
Observer notified!
Observer notified!
Observer notified!
Observer notified!
Observer notified!
Observer notified!
Observer notified!
Observer notified!
Observer notified!
Observer notified!
Observer notified!
Observer notified!
Observer notified!
Observer notified!
Observer notified!
Observer notified!
Observer notified!
Observer notified!
Observer notified!
Observer notified!
Observer notified!
Observer notified!
Observer notified!
Observer notified!
Observer notified!
Observer notified!
Observer notified!
Observer notified!
Observer notified!
Observer notified!
Observer notified!
Observer notified!
Observer notified!
Observer notified!
Observer notified!
Observer notified!
Observer notified!
Observer notified!
Observer notified!
Observer notified!
Observer notified!
Observer notified!
Observer notified!
Observer notified!
Observer notified!
Observer notified!
Observer notified!
Observer notified!
Observer notified!
Observer notified!
Observer notified!
Observer notified!
Observer notified!
Observer notified!
Observer notified!
Observer notified!
Observer notified!
Observer notified!
Observer notified!
Observer notified!
Observer notified!
Observer notified!
Observer notified!
Observer notified!
Observer notified!
Observer notified!
Observer notified!
Observer notified!
Observer notified!
Observer notified!
Observer notified!
Observer notified!
Observer notified!
Observer notified!
Observer notified!
Observer notified!
Observer notified!
Observer notified!
Observer notified!
Observer notified!
Observer notified!
Observer notified!
Observer notified!
Observer notified!
Observer notified!
Observer notified!
Observer notified!
Observer notified!
Observer notified!
Observer notified!
Observer notified!
Observer notified!
Observer notified!
Observer notified!
Observer notified!
Observer notified!
Observer notified!
Observer notified!
Observer notified!
Observer notified!
Observer notified!
Observer notified!
Observer notified!
Observer notified!
Observer notified!
Observer notified!
Observer notified!
Observer notified!
Observer notified!
Observer notified!
Observer notified!
Observer notified!
Observer notified!
Observer notified!
Observer notified!
Observer notified!
Observer notified!
Observer notified!
Observer notified!
Observer notified!
Observer notified!
Observer notified!
Observer notified!
Observer notified!
Observer notified!
Observer notified!
Observer notified!
Observer notified!
Observer notified!
Observer notified!
Observer notified!
Observer notified!
Observer notified!
Observer notified!
Observer notified!
Observer notified!
Observer notified!
Observer notified!
Observer notified!
Observer notified!
Observer notified!
Observer notified!
Observer notified!
Observer notified!
Observer notified!
Observer notified!
Observer notified!
Observer notified!
Observer notified!
Observer notified!
Observer notified!
Observer notified!
Observer notified!
Observer notified!
Observer notified!
Observer notified!
Observer notified!
Observer notified!
Observer notified!
Observer notified!
Observer notified!
Observer notified!
Observer notified!
Observer notified!
Observer notified!
Observer notified!
Observer notified!
Observer notified!
Observer notified!
Observer notified!
Observer notified!
Observer notified!
Observer notified!
Observer notified!
Observer notified!
Observer notified!
Observer notified!
Observer notified!
Observer notified!
Observer notified!
Observer notified!
Observer notified!
Observer notified!
Observer notified!
Observer notified!
Observer notified!
Observer notified!
Observer notified!
Observer notified!
Observer notified!
Observer notified!
Observer notified!
Observer notified!
Observer notified!
Observer notified!
Observer notified!
Observer notified!
Observer notified!
Observer notified!
Observer notified!
Observer notified!
Observer notified!
Observer notified!
Observer notified!
Observer notified!
Observer notified!
Observer notified!
Observer notified!
Observer notified!
Observer notified!
Observer notified!
Observer notified!
Observer notified!
Observer notified!
Observer notified!
Observer notified!
Observer notified!
Observer notified!
Observer notified!
Observer notified!
Observer notified!
Observer notified!
Observer notified!
Observer notified!
Observer notified!
Observer notified!
Observer notified!
Observer notified!
Observer notified!
Observer notified!
Observer notified!
Observer notified!
Observer notified!
Observer notified!
Observer notified!
Observer notified!
Observer notified!
Observer notified!
Observer notified!
Observer notified!
Observer notified!
Observer notified!
Observer notified!
Observer notified!
Observer notified!
Observer notified!
Observer notified!
Observer notified!
Observer notified!
Observer notified!
Observer notified!
Observer notified!
Observer notified!
Observer notified!
Observer notified!
Observer notified!
Observer notified!
Observer notified!
Observer notified!
Observer notified!
Observer notified!
Observer notified!
Observer notified!
Observer notified!
Observer notified!
Observer notified!
Observer notified!
Observer notified!
Observer notified!
Observer notified!
Observer notified!
Observer notified!
Observer notified!
Observer notified!
Observer notified!
Observer notified!
Observer notified!
Observer notified!
Observer notified!
Observer notified!
Observer notified!
Observer notified!
Observer notified!
Observer notified!
Observer notified!
Observer notified!
Observer notified!
Observer notified!
Observer notified!
Observer notified!
Observer notified!
Observer notified!
Observer notified!
Observer notified!
Observer notified!
Observer notified!
Observer notified!
Observer notified!
Observer notified!
Observer notified!
Observer notified!
Observer notified!
Observer notified!
Observer notified!
Observer notified!
Observer notified!
Observer notified!
Observer notified!
Observer notified!
Observer notified!
Observer notified!
Observer notified!
Observer notified!
Observer notified!
Observer notified!
Observer notified!
Observer notified!
Observer notified!
Observer notified!
Observer notified!
Observer notified!
Observer notified!
Observer notified!
Observer notified!
Observer notified!
Observer notified!
Observer notified!
Observer notified!
Observer notified!
Observer notified!
Observer notified!
Observer notified!
Observer notified!
Observer notified!
Observer notified!
Observer notified!
Observer notified!
Observer notified!
Observer notified!
Observer notified!
Observer notified!
Observer notified!
Observer notified!
Observer notified!
Observer notified!
Observer notified!
Observer notified!
Observer notified!
Observer notified!
Observer notified!
Observer notified!
Observer notified!
Observer notified!
Observer notified!
Observer notified!
Observer notified!
Observer notified!
Observer notified!
Observer notified!
Observer notified!
Observer notified!
Observer notified!
Observer notified!
Observer notified!
Observer notified!
Observer notified!
Observer notified!
Observer notified!
Observer notified!
Observer notified!
Observer notified!
Observer notified!
Observer notified!
Observer notified!
Observer notified!
Observer notified!
Observer notified!
Observer notified!
Observer notified!
Observer notified!
Observer notified!
Observer notified!
Observer notified!
Observer notified!
Observer notified!
Observer notified!
Observer notified!
Observer notified!
Observer notified!
Observer notified!
Observer notified!
Observer notified!
Observer notified!
Observer notified!
Observer notified!
Observer notified!
Observer notified!
Observer notified!
Observer notified!
Observer notified!
Observer notified!
Observer notified!
Observer notified!
Observer notified!
Observer notified!
Observer notified!
Observer notified!
Observer notified!
Observer notified!
Observer notified!
Observer notified!
Observer notified!
Observer notified!
Observer notified!
Observer notified!
Observer notified!
Observer notified!
Observer notified!
Observer notified!
Observer notified!
Observer notified!
Observer notified!
Observer notified!
Observer notified!
Observer notified!
Observer notified!
Observer notified!
Observer notified!
Observer notified!
Observer notified!
Observer notified!
Observer notified!
Observer notified!
Observer notified!
Observer notified!
Observer notified!
Observer notified!
Observer notified!
Observer notified!
Observer notified!
Observer notified!
Observer notified!
Observer notified!
Observer notified!
Observer notified!
Observer notified!
Observer notified!
Observer notified!
Observer notified!
Observer notified!
Observer notified!
Observer notified!
Observer notified!
Observer notified!
Observer notified!
Observer notified!
Observer notified!
Observer notified!
Observer notified!
Observer notified!
Observer notified!
Observer notified!
Observer notified!
Observer notified!
Observer notified!
Observer notified!
Observer notified!
Observer notified!
Observer notified!
Observer notified!
Observer notified!
Observer notified!
Observer notified!
Observer notified!
Observer notified!
Observer notified!
Observer notified!
Observer notified!
Observer notified!
Observer notified!
Observer notified!
Observer notified!
Observer notified!
Observer notified!
Observer notified!
Observer notified!
Observer notified!
Observer notified!
Observer notified!
Observer notified!
Observer notified!
Observer notified!
Observer notified!
Observer notified!
Observer notified!
Observer notified!
Observer notified!
Observer notified!
Observer notified!
Observer notified!
Observer notified!
Observer notified!
Observer notified!
Observer notified!
Observer notified!
Observer notified!
Observer notified!
Observer notified!
Observer notified!
Observer notified!
Observer notified!
Observer notified!
Observer notified!
Observer notified!
Observer notified!
Observer notified!
Observer notified!
Observer notified!
Observer notified!
Observer notified!
Observer notified!
Observer notified!
Observer notified!
Observer notified!
Observer notified!
Observer notified!
Observer notified!
Observer notified!
Observer notified!
Observer notified!
Observer notified!
Observer notified!
Observer notified!
Observer notified!
Observer notified!
Observer notified!
Observer notified!
Observer notified!
Observer notified!
Observer notified!
Observer notified!
Observer notified!
Observer notified!
Observer notified!
Observer notified!
Observer notified!
Observer notified!
Observer notified!
Observer notified!
Observer notified!
Observer notified!
Observer notified!
Observer notified!
Observer notified!
Observer notified!
Observer notified!
Observer notified!
Observer notified!
Observer notified!
Observer notified!
Observer notified!
Observer notified!
Observer notified!
Observer notified!
Observer notified!
Observer notified!
Observer notified!
Observer notified!
Observer notified!
Observer notified!
Observer notified!
Observer notified!
Observer notified!
Observer notified!
Observer notified!
Observer notified!
Observer notified!
Observer notified!
Observer notified!
Observer notified!
Observer notified!
Observer notified!
Observer notified!
Observer notified!
Observer notified!
Observer notified!
Observer notified!
Observer notified!
Observer notified!
Observer notified!
Observer notified!
Observer notified!
Observer notified!
Observer notified!
Observer notified!
Observer notified!
Observer notified!
Observer notified!
Observer notified!
Observer notified!
Observer notified!
Observer notified!
Observer notified!
Observer notified!
Observer notified!
Observer notified!
Observer notified!
Observer notified!
Observer notified!
Observer notified!
Observer notified!
Observer notified!
Observer notified!
Observer notified!
Observer notified!
Observer notified!
Observer notified!
Observer notified!
Observer notified!
Observer notified!
Observer notified!
Observer notified!
Observer notified!
Observer notified!
Observer notified!
Observer notified!
Observer notified!
Observer notified!
Observer notified!
Observer notified!
Observer notified!
Observer notified!
Observer notified!
Observer notified!
Observer notified!
Observer notified!
Observer notified!
Observer notified!
Observer notified!
Observer notified!
Observer notified!
Observer notified!
Observer notified!
Observer notified!
Observer notified!
Observer notified!
Observer notified!
Observer notified!
Observer notified!
Observer notified!
Observer notified!
Observer notified!
Observer notified!
Observer notified!
Observer notified!
Observer notified!
Observer notified!
Observer notified!
Observer notified!
Observer notified!
Observer notified!
Observer notified!
Observer notified!
Observer notified!
Observer notified!
Observer notified!
Observer notified!
Observer notified!
Observer notified!
Observer notified!
Observer notified!
Observer notified!
Observer notified!
Observer notified!
Observer notified!
Observer notified!
Observer notified!
Observer notified!
Observer notified!
Observer notified!
Observer notified!
Observer notified!
Observer notified!
Observer notified!
Observer notified!
Observer notified!
Observer notified!
Observer notified!
Observer notified!
Observer notified!
Observer notified!
Observer notified!
Observer notified!
Observer notified!
Observer notified!
Observer notified!
Observer notified!
Observer notified!
Observer notified!
Observer notified!
Observer notified!
Observer notified!
Observer notified!
Observer notified!
Observer notified!
Observer notified!
Observer notified!
Observer notified!
Observer notified!
Observer notified!
Observer notified!
Observer notified!
Observer notified!
Observer notified!
Observer notified!
Observer notified!
Observer notified!
Observer notified!
Observer notified!
Observer notified!
Observer notified!
Observer notified!
Observer notified!
Observer notified!
Observer notified!
Observer notified!
Observer notified!
Observer notified!
Observer notified!
Observer notified!
Observer notified!
Observer notified!
Observer notified!
Observer notified!
Observer notified!
Observer notified!
Observer notified!
Observer notified!
Observer notified!
Observer notified!
Observer notified!
Observer notified!
Observer notified!
Observer notified!
Observer notified!
Observer notified!
Observer notified!
Observer notified!
Observer notified!
Observer notified!
Observer notified!
Observer notified!
Observer notified!
Observer notified!
Observer notified!
Observer notified!
Observer notified!
Observer notified!
Observer notified!
Observer notified!
Observer notified!
Observer notified!
Observer notified!
Observer notified!
Observer notified!
Observer notified!
Observer notified!
Observer notified!
Observer notified!
Observer notified!
Observer notified!
Observer notified!
Observer notified!
Observer notified!
Observer notified!
Observer notified!
Observer notified!
Observer notified!
Observer notified!
Observer notified!
Observer notified!
Observer notified!
Observer notified!
Observer notified!
Observer notified!
Observer notified!
Observer notified!
Observer notified!
Observer notified!
Observer notified!
Observer notified!
Observer notified!
Observer notified!
Observer notified!
Observer notified!
Observer notified!
Observer notified!
Observer notified!
Observer notified!
Observer notified!
Observer notified!
Observer notified!
Observer notified!
Observer notified!
Observer notified!
Observer notified!
Observer notified!
Observer notified!
Observer notified!
Observer notified!
Observer notified!
Observer notified!
Observer notified!
Observer notified!
Observer notified!
Observer notified!
Observer notified!
Observer notified!
Observer notified!
Observer notified!
Observer notified!
Observer notified!
Observer notified!
Observer notified!
Observer notified!
Observer notified!
Observer notified!
Observer notified!
Observer notified!
Observer notified!
Observer notified!
Observer notified!
Observer notified!
Observer notified!
Observer notified!
Observer notified!
Observer notified!
Observer notified!
Observer notified!
Observer notified!
Observer notified!
Observer notified!
Observer notified!
Observer notified!
Observer notified!
Observer notified!
Observer notified!
Observer notified!
Observer notified!
Observer notified!
Observer notified!
Observer notified!
Observer notified!
Observer notified!
Observer notified!
Observer notified!
Observer notified!
Observer notified!
Observer notified!
Observer notified!
Observer notified!
Observer notified!
Observer notified!
Observer notified!
Observer notified!
Observer notified!
Observer notified!
Observer notified!
Observer notified!
Observer notified!
Observer notified!
Observer notified!
Observer notified!
Observer notified!
Observer notified!
Observer notified!
Observer notified!
Observer notified!
Observer notified!
Observer notified!
Observer notified!
Observer notified!
Observer notified!
Observer notified!
Observer notified!
Observer notified!
Observer notified!
Observer notified!
Observer notified!
Observer notified!
Observer notified!
Observer notified!
Observer notified!
Observer notified!
Observer notified!
Observer notified!
Observer notified!
Observer notified!
Observer notified!
Observer notified!
Observer notified!
Observer notified!
Observer notified!
Observer notified!
Observer notified!
Observer notified!
Observer notified!
Observer notified!
Observer notified!
Observer notified!
Observer notified!
Observer notified!
Observer notified!
Observer notified!
Observer notified!
Observer notified!
Observer notified!
Observer notified!
Observer notified!
Observer notified!
Observer notified!
Observer notified!
Observer notified!
Observer notified!
Observer notified!
Observer notified!
Observer notified!
Observer notified!
Observer notified!
Observer notified!
Observer notified!
Observer notified!
Observer notified!
Observer notified!
Observer notified!
Observer notified!
Observer notified!
Observer notified!
Observer notified!
Observer notified!
Observer notified!
Observer notified!
Observer notified!
Observer notified!
Observer notified!
Observer notified!
Observer notified!
Observer notified!
Observer notified!
Observer notified!
Observer notified!
Observer notified!
Observer notified!
Observer notified!
Observer notified!
Observer notified!
Observer notified!
Observer notified!
Observer notified!
Observer notified!
Observer notified!
Observer notified!
Observer notified!
Observer notified!
Observer notified!
Observer notified!
Observer notified!
Observer notified!
Observer notified!
Observer notified!
Observer notified!
Observer notified!
Observer notified!
Observer notified!
Observer notified!
Observer notified!
Observer notified!
Observer notified!
Observer notified!
Observer notified!
Observer notified!
Observer notified!
Observer notified!
Observer notified!
Observer notified!
Observer notified!
Observer notified!
Observer notified!
Observer notified!
Observer notified!
Observer notified!
Observer notified!
Observer notified!
Observer notified!
Observer notified!
Observer notified!
Observer notified!
Observer notified!
Observer notified!
Observer notified!
Observer notified!
Observer notified!
Observer notified!
Observer notified!
Observer notified!
Observer notified!
Observer notified!
Observer notified!
Observer notified!
Observer notified!
Observer notified!
Observer notified!
Observer notified!
Observer notified!
Observer notified!
Observer notified!
Observer notified!
Observer notified!
Observer notified!
Observer notified!
Observer notified!
Observer notified!
Observer notified!
Observer notified!
Observer notified!
Observer notified!
Observer notified!
Observer notified!
Observer notified!
Observer notified!
Observer notified!
Observer notified!
Observer notified!
Observer notified!
Observer notified!
Observer notified!
Observer notified!
Observer notified!
Observer notified!
Observer notified!
Observer notified!
Observer notified!
Observer notified!
Observer notified!
Observer notified!
Observer notified!
Observer notified!
Observer notified!
Observer notified!
Observer notified!
Observer notified!
Observer notified!
Observer notified!
Observer notified!
Observer notified!
Observer notified!
Observer notified!
Observer notified!
Observer notified!
Observer notified!
Observer notified!
Observer notified!
Observer notified!</StdOut>
      </Output>
    </UnitTestResult>
  </Results>
</TestRun>