<?xml version="1.0" encoding="UTF-8"?>
<TestRun id="224f002d-8126-45c7-857b-4e117ad30846" name="N3trunner@GLOIN 2011-06-18 22:49:02" runUser="MITTELERDE\N3trunner" xmlns="http://microsoft.com/schemas/VisualStudio/TeamTest/2010">
  <TestSettings name="Default Test Settings" id="21edd148-a353-495e-bc08-5f0e0e38b0d4">
    <Execution>
      <TestTypeSpecific />
      <AgentRule name="Execution Agents">
      </AgentRule>
    </Execution>
    <Deployment runDeploymentRoot="N3trunner_GLOIN 2011-06-18 22_49_02" />
  </TestSettings>
  <Times creation="2011-06-18T22:49:02.5114229+02:00" queuing="2011-06-18T22:49:03.2104229+02:00" start="2011-06-18T22:49:03.4464229+02:00" finish="2011-06-18T22:49:04.4784229+02:00" />
  <ResultSummary outcome="Failed">
    <Counters total="5" executed="5" error="0" failed="4" timeout="0" aborted="0" inconclusive="1" passedButRunAborted="0" notRunnable="0" notExecuted="0" disconnected="0" warning="0" passed="0" completed="0" inProgress="0" pending="0" />
  </ResultSummary>
  <TestDefinitions>
    <UnitTest name="KinokarteReservierenTest" storage="c:\users\n3trunner.mittelerde\desktop\c#\sepraktikum\testfassade\bin\debug\testanwendungskern.dll" id="9cfaa090-abb5-e5d7-df9a-c512584520af">
      <Execution timeOut="1800000" id="80e847d5-b655-4a2a-9438-3131bf1237a4" />
      <TestMethod codeBase="C:/Users/N3trunner.MITTELERDE/Desktop/C#/SEPraktikum/TestFassade/bin/Debug/TestAnwendungskern.DLL" adapterTypeName="Microsoft.VisualStudio.TestTools.TestTypes.Unit.UnitTestAdapter, Microsoft.VisualStudio.QualityTools.Tips.UnitTest.Adapter, Version=10.0.0.0, Culture=neutral, PublicKeyToken=b03f5f7f11d50a3a" className="TestAnwendungskern.KinokartenOperationenTest, TestAnwendungskern, Version=1.0.0.0, Culture=neutral, PublicKeyToken=null" name="KinokarteReservierenTest" />
    </UnitTest>
    <UnitTest name="KinokarteReservierenTest1" storage="c:\users\n3trunner.mittelerde\desktop\c#\sepraktikum\testfassade\bin\debug\testanwendungskern.dll" id="f4bb9cbd-c53d-35fa-bd64-9faa1b1f65b7">
      <Execution timeOut="1800000" id="51406036-07ec-46bb-8c0a-ad8f434bfc8a" />
      <TestMethod codeBase="C:/Users/N3trunner.MITTELERDE/Desktop/C#/SEPraktikum/TestFassade/bin/Debug/TestAnwendungskern.DLL" adapterTypeName="Microsoft.VisualStudio.TestTools.TestTypes.Unit.UnitTestAdapter, Microsoft.VisualStudio.QualityTools.Tips.UnitTest.Adapter, Version=10.0.0.0, Culture=neutral, PublicKeyToken=b03f5f7f11d50a3a" className="TestAnwendungskern.KinokartenOperationenTest, TestAnwendungskern, Version=1.0.0.0, Culture=neutral, PublicKeyToken=null" name="KinokarteReservierenTest1" />
    </UnitTest>
    <UnitTest name="BlockiereKinokarteTest" storage="c:\users\n3trunner.mittelerde\desktop\c#\sepraktikum\testfassade\bin\debug\testanwendungskern.dll" id="6aceb497-0b28-384f-ddee-226843f30c84">
      <Execution timeOut="1800000" id="922b69af-82e4-4cf7-8260-347674014346" />
      <TestMethod codeBase="C:/Users/N3trunner.MITTELERDE/Desktop/C#/SEPraktikum/TestFassade/bin/Debug/TestAnwendungskern.DLL" adapterTypeName="Microsoft.VisualStudio.TestTools.TestTypes.Unit.UnitTestAdapter, Microsoft.VisualStudio.QualityTools.Tips.UnitTest.Adapter, Version=10.0.0.0, Culture=neutral, PublicKeyToken=b03f5f7f11d50a3a" className="TestAnwendungskern.KinokartenOperationenTest, TestAnwendungskern, Version=1.0.0.0, Culture=neutral, PublicKeyToken=null" name="BlockiereKinokarteTest" />
    </UnitTest>
    <UnitTest name="BlockierungFürSitzplatzAufhebenTest" storage="c:\users\n3trunner.mittelerde\desktop\c#\sepraktikum\testfassade\bin\debug\testanwendungskern.dll" id="143a27b6-8d80-7c80-1b76-67aa8932100c">
      <Execution timeOut="1800000" id="0ee5c5b6-b2a8-4a6a-b79e-15956a815105" />
      <TestMethod codeBase="C:/Users/N3trunner.MITTELERDE/Desktop/C#/SEPraktikum/TestFassade/bin/Debug/TestAnwendungskern.DLL" adapterTypeName="Microsoft.VisualStudio.TestTools.TestTypes.Unit.UnitTestAdapter, Microsoft.VisualStudio.QualityTools.Tips.UnitTest.Adapter, Version=10.0.0.0, Culture=neutral, PublicKeyToken=b03f5f7f11d50a3a" className="TestAnwendungskern.KinokartenOperationenTest, TestAnwendungskern, Version=1.0.0.0, Culture=neutral, PublicKeyToken=null" name="BlockierungFürSitzplatzAufhebenTest" />
    </UnitTest>
    <UnitTest name="KinokartenOperationenConstructorTest" storage="c:\users\n3trunner.mittelerde\desktop\c#\sepraktikum\testfassade\bin\debug\testanwendungskern.dll" id="3c1ce53e-2130-8289-cedc-5f1df29f1523">
      <Execution timeOut="1800000" id="ab9643e1-9f6d-430d-9603-9dc0fdae2f98" />
      <TestMethod codeBase="C:/Users/N3trunner.MITTELERDE/Desktop/C#/SEPraktikum/TestFassade/bin/Debug/TestAnwendungskern.DLL" adapterTypeName="Microsoft.VisualStudio.TestTools.TestTypes.Unit.UnitTestAdapter, Microsoft.VisualStudio.QualityTools.Tips.UnitTest.Adapter, Version=10.0.0.0, Culture=neutral, PublicKeyToken=b03f5f7f11d50a3a" className="TestAnwendungskern.KinokartenOperationenTest, TestAnwendungskern, Version=1.0.0.0, Culture=neutral, PublicKeyToken=null" name="KinokartenOperationenConstructorTest" />
    </UnitTest>
  </TestDefinitions>
  <TestLists>
    <TestList name="Results Not in a List" id="8c84fa94-04c1-424b-9868-57a2d4851a1d" />
    <TestList name="All Loaded Results" id="19431567-8539-422a-85d7-44ee4e166bda" />
  </TestLists>
  <TestEntries>
    <TestEntry testId="6aceb497-0b28-384f-ddee-226843f30c84" executionId="922b69af-82e4-4cf7-8260-347674014346" testListId="8c84fa94-04c1-424b-9868-57a2d4851a1d" />
    <TestEntry testId="143a27b6-8d80-7c80-1b76-67aa8932100c" executionId="0ee5c5b6-b2a8-4a6a-b79e-15956a815105" testListId="8c84fa94-04c1-424b-9868-57a2d4851a1d" />
    <TestEntry testId="3c1ce53e-2130-8289-cedc-5f1df29f1523" executionId="ab9643e1-9f6d-430d-9603-9dc0fdae2f98" testListId="8c84fa94-04c1-424b-9868-57a2d4851a1d" />
    <TestEntry testId="9cfaa090-abb5-e5d7-df9a-c512584520af" executionId="80e847d5-b655-4a2a-9438-3131bf1237a4" testListId="8c84fa94-04c1-424b-9868-57a2d4851a1d" />
    <TestEntry testId="f4bb9cbd-c53d-35fa-bd64-9faa1b1f65b7" executionId="51406036-07ec-46bb-8c0a-ad8f434bfc8a" testListId="8c84fa94-04c1-424b-9868-57a2d4851a1d" />
  </TestEntries>
  <Results>
    <UnitTestResult executionId="922b69af-82e4-4cf7-8260-347674014346" testId="6aceb497-0b28-384f-ddee-226843f30c84" testName="BlockiereKinokarteTest" computerName="GLOIN" duration="00:00:00.4277817" startTime="2011-06-18T22:49:03.5754229+02:00" endTime="2011-06-18T22:49:04.0944229+02:00" testType="13cdc9d9-ddb5-4fa4-a97d-d965ccfc6d4b" outcome="Failed" testListId="8c84fa94-04c1-424b-9868-57a2d4851a1d" relativeResultsDirectory="922b69af-82e4-4cf7-8260-347674014346">
      <Output>
        <ErrorInfo>
          <Message>Test method TestAnwendungskern.KinokartenOperationenTest.BlockiereKinokarteTest threw exception: 
System.NullReferenceException: Object reference not set to an instance of an object.</Message>
          <StackTrace>    at Kinokarten.Schnittstelle.KinokartenOperationen.BlockiereKinokarte(IPublicVorstellung vorstellung, ISitz sitz) in C:\Users\N3trunner.MITTELERDE\Desktop\C#\SEPraktikum\Kinokarten\Schnittstelle\KinokartenOperationen.cs:line 32
   at TestAnwendungskern.KinokartenOperationenTest.BlockiereKinokarteTest() in C:\Users\N3trunner.MITTELERDE\Desktop\C#\SEPraktikum\TestFassade\KinokartenOperationenTest.cs:line 93
</StackTrace>
        </ErrorInfo>
      </Output>
    </UnitTestResult>
    <UnitTestResult executionId="0ee5c5b6-b2a8-4a6a-b79e-15956a815105" testId="143a27b6-8d80-7c80-1b76-67aa8932100c" testName="BlockierungFürSitzplatzAufhebenTest" computerName="GLOIN" duration="00:00:00.0013550" startTime="2011-06-18T22:49:04.1044229+02:00" endTime="2011-06-18T22:49:04.1064229+02:00" testType="13cdc9d9-ddb5-4fa4-a97d-d965ccfc6d4b" outcome="Failed" testListId="8c84fa94-04c1-424b-9868-57a2d4851a1d" relativeResultsDirectory="0ee5c5b6-b2a8-4a6a-b79e-15956a815105">
      <Output>
        <ErrorInfo>
          <Message>Test method TestAnwendungskern.KinokartenOperationenTest.BlockierungFürSitzplatzAufhebenTest threw exception: 
System.NullReferenceException: Object reference not set to an instance of an object.</Message>
          <StackTrace>    at Kinokarten.Schnittstelle.KinokartenOperationen.BlockierungFürSitzplatzAufheben(IPublicVorstellung vorstellung, ISitz sitz, IKinokarteBlockierungZugangsSchlüssel zugangsSchlüssel) in C:\Users\N3trunner.MITTELERDE\Desktop\C#\SEPraktikum\Kinokarten\Schnittstelle\KinokartenOperationen.cs:line 67
   at TestAnwendungskern.KinokartenOperationenTest.BlockierungFürSitzplatzAufhebenTest() in C:\Users\N3trunner.MITTELERDE\Desktop\C#\SEPraktikum\TestFassade\KinokartenOperationenTest.cs:line 109
</StackTrace>
        </ErrorInfo>
      </Output>
    </UnitTestResult>
    <UnitTestResult executionId="ab9643e1-9f6d-430d-9603-9dc0fdae2f98" testId="3c1ce53e-2130-8289-cedc-5f1df29f1523" testName="KinokartenOperationenConstructorTest" computerName="GLOIN" duration="00:00:00.2869614" startTime="2011-06-18T22:49:04.1084229+02:00" endTime="2011-06-18T22:49:04.3964229+02:00" testType="13cdc9d9-ddb5-4fa4-a97d-d965ccfc6d4b" outcome="Inconclusive" testListId="8c84fa94-04c1-424b-9868-57a2d4851a1d" relativeResultsDirectory="ab9643e1-9f6d-430d-9603-9dc0fdae2f98">
      <Output>
        <ErrorInfo>
          <Message>Assert.Inconclusive failed. TODO: Implement code to verify target</Message>
          <StackTrace>   at TestAnwendungskern.KinokartenOperationenTest.KinokartenOperationenConstructorTest() in C:\Users\N3trunner.MITTELERDE\Desktop\C#\SEPraktikum\TestFassade\KinokartenOperationenTest.cs:line 78
</StackTrace>
        </ErrorInfo>
      </Output>
    </UnitTestResult>
    <UnitTestResult executionId="80e847d5-b655-4a2a-9438-3131bf1237a4" testId="9cfaa090-abb5-e5d7-df9a-c512584520af" testName="KinokarteReservierenTest" computerName="GLOIN" duration="00:00:00.0017233" startTime="2011-06-18T22:49:04.3984229+02:00" endTime="2011-06-18T22:49:04.4014229+02:00" testType="13cdc9d9-ddb5-4fa4-a97d-d965ccfc6d4b" outcome="Failed" testListId="8c84fa94-04c1-424b-9868-57a2d4851a1d" relativeResultsDirectory="80e847d5-b655-4a2a-9438-3131bf1237a4">
      <Output>
        <ErrorInfo>
          <Message>Test method TestAnwendungskern.KinokartenOperationenTest.KinokarteReservierenTest threw exception: 
System.NullReferenceException: Object reference not set to an instance of an object.</Message>
          <StackTrace>    at Kinokarten.Schnittstelle.KinokartenOperationen.KinokarteReservieren(IPublicVorstellung vorstellung, ISitz sitz, Boolean rabatt, IKinokarteBlockierungZugangsSchlüssel zugangsSchlüssel) in C:\Users\N3trunner.MITTELERDE\Desktop\C#\SEPraktikum\Kinokarten\Schnittstelle\KinokartenOperationen.cs:line 42
   at TestAnwendungskern.KinokartenOperationenTest.KinokarteReservierenTest() in C:\Users\N3trunner.MITTELERDE\Desktop\C#\SEPraktikum\TestFassade\KinokartenOperationenTest.cs:line 127
</StackTrace>
        </ErrorInfo>
      </Output>
    </UnitTestResult>
    <UnitTestResult executionId="51406036-07ec-46bb-8c0a-ad8f434bfc8a" testId="f4bb9cbd-c53d-35fa-bd64-9faa1b1f65b7" testName="KinokarteReservierenTest1" computerName="GLOIN" duration="00:00:00.0011949" startTime="2011-06-18T22:49:04.4034229+02:00" endTime="2011-06-18T22:49:04.4054229+02:00" testType="13cdc9d9-ddb5-4fa4-a97d-d965ccfc6d4b" outcome="Failed" testListId="8c84fa94-04c1-424b-9868-57a2d4851a1d" relativeResultsDirectory="51406036-07ec-46bb-8c0a-ad8f434bfc8a">
      <Output>
        <ErrorInfo>
          <Message>Test method TestAnwendungskern.KinokartenOperationenTest.KinokarteReservierenTest1 threw exception: 
System.NullReferenceException: Object reference not set to an instance of an object.</Message>
          <StackTrace>    at Kinokarten.Schnittstelle.KinokartenOperationen.KinokarteReservieren(Int32 kundennummer, IPublicVorstellung vorstellung, ISitz sitz, Boolean rabatt, IKinokarteBlockierungZugangsSchlüssel zugangsSchlüssel) in C:\Users\N3trunner.MITTELERDE\Desktop\C#\SEPraktikum\Kinokarten\Schnittstelle\KinokartenOperationen.cs:line 54
   at TestAnwendungskern.KinokartenOperationenTest.KinokarteReservierenTest1() in C:\Users\N3trunner.MITTELERDE\Desktop\C#\SEPraktikum\TestFassade\KinokartenOperationenTest.cs:line 147
</StackTrace>
        </ErrorInfo>
      </Output>
    </UnitTestResult>
  </Results>
</TestRun>